========================================
 RESUMEN DE EJECUCIÓN 
========================================
Algoritmo:      Memetico
Archivo:        ford02.dat
Semilla:        77645037
----------------------------------------
Población:      100
kBest:          2
kWorst:         3
Elite:          1
Cruce:          OX2
----------------------------------------
PARAMETROS MEMÉTICO (BT):
Evaluaciones BT: 1000 evaluaciones
Iteraciones BT: 100 iteraciones (Profundidad)
----------------------------------------
RESULTADOS FINALES:
Evaluaciones Max: 10000
Generaciones:     8794
Tiempo (ms):    152
Costo Final:    29902
Solución:       [9, 1, 2, 10, 13, 0, 7, 6, 0, 18, 3, 8, 5, 4, 14, 15, 19, 9, 12, 16]
========================================
