========================================
 RESUMEN DE EJECUCIÓN 
========================================
Algoritmo:      Memetico
Archivo:        ford03.dat
Semilla:        77645037
----------------------------------------
Población:      100
kBest:          2
kWorst:         3
Elite:          1
Cruce:          OX2
----------------------------------------
PARAMETROS MEMÉTICO (BT):
Evaluaciones BT: 1000 evaluaciones
Iteraciones BT: 50 iteraciones (Profundidad)
----------------------------------------
RESULTADOS FINALES:
Evaluaciones Max: 10000
Generaciones:     8579
Tiempo (ms):    211
Costo Final:    13210
Solución:       [14, 0, 25, 20, 27, 16, 9, 11, 28, 9, 27, 12, 10, 26, 3, 29, 4, 24, 7, 15, 21, 1, 8, 19, 23, 13, 4, 5, 18, 6]
========================================
