========================================
 RESUMEN DE EJECUCIÓN 
========================================
Algoritmo:      Memetico
Archivo:        ford01.dat
Semilla:        53054673
----------------------------------------
Población:      100
kBest:          2
kWorst:         3
Elite:          1
Cruce:          OX2
----------------------------------------
PARAMETROS MEMÉTICO (BT):
Evaluaciones BT: 1000 evaluaciones
Iteraciones BT: 10 iteraciones (Profundidad)
----------------------------------------
RESULTADOS FINALES:
Evaluaciones Max: 10000
Generaciones:     9010
Tiempo (ms):    162
Costo Final:    3092
Solución:       [1, 3, 6, 13, 17, 4, 13, 18, 1, 15, 14, 13, 12, 11, 6, 7, 8, 9, 15, 1]
========================================
