========================================
 RESUMEN DE EJECUCIÓN 
========================================
Algoritmo:      Memetico
Archivo:        ford04.dat
Semilla:        35470364
----------------------------------------
Población:      100
kBest:          2
kWorst:         3
Elite:          1
Cruce:          OX2
----------------------------------------
PARAMETROS MEMÉTICO (BT):
Evaluaciones BT: 5000 evaluaciones
Iteraciones BT: 100 iteraciones (Profundidad)
----------------------------------------
RESULTADOS FINALES:
Evaluaciones Max: 10000
Generaciones:     9147
Tiempo (ms):    169
Costo Final:    178638
Solución:       [11, 10, 2, 7, 25, 22, 19, 20, 8, 21, 5, 6, 26, 1, 27, 4, 19, 24, 18, 3, 15, 29, 13, 28, 17, 3, 12, 14, 16, 9]
========================================
