========================================
 RESUMEN DE EJECUCIÓN 
========================================
Algoritmo:      Memetico
Archivo:        ford04.dat
Semilla:        40753067
----------------------------------------
Población:      100
kBest:          2
kWorst:         3
Elite:          1
Cruce:          OX2
----------------------------------------
PARAMETROS MEMÉTICO (BT):
Evaluaciones BT: 5000 evaluaciones
Iteraciones BT: 100 iteraciones (Profundidad)
----------------------------------------
RESULTADOS FINALES:
Evaluaciones Max: 10000
Generaciones:     8831
Tiempo (ms):    144
Costo Final:    180182
Solución:       [24, 29, 2, 0, 18, 25, 27, 5, 20, 11, 6, 4, 17, 26, 13, 19, 21, 15, 9, 28, 14, 1, 8, 10, 22, 23, 16, 3, 7, 12]
========================================
