========================================
 RESUMEN DE EJECUCIÓN 
========================================
Algoritmo:      Memetico
Archivo:        ford02.dat
Semilla:        77645037
----------------------------------------
Población:      100
kBest:          2
kWorst:         3
Elite:          1
Cruce:          OX2
----------------------------------------
PARAMETROS MEMÉTICO (BT):
Evaluaciones BT: 5000 evaluaciones
Iteraciones BT: 100 iteraciones (Profundidad)
----------------------------------------
RESULTADOS FINALES:
Evaluaciones Max: 10000
Generaciones:     9032
Tiempo (ms):    132
Costo Final:    29616
Solución:       [9, 9, 2, 9, 3, 15, 1, 6, 0, 18, 13, 16, 9, 12, 10, 7, 19, 8, 14, 4]
========================================
