========================================
 RESUMEN DE EJECUCIÓN 
========================================
Algoritmo:      Memetico
Archivo:        ford04.dat
Semilla:        77645037
----------------------------------------
Población:      100
kBest:          2
kWorst:         3
Elite:          1
Cruce:          OX2
----------------------------------------
PARAMETROS MEMÉTICO (BT):
Evaluaciones BT: 1000 evaluaciones
Iteraciones BT: 10 iteraciones (Profundidad)
----------------------------------------
RESULTADOS FINALES:
Evaluaciones Max: 10000
Generaciones:     8777
Tiempo (ms):    160
Costo Final:    156684
Solución:       [0, 1, 2, 3, 4, 5, 22, 7, 8, 9, 10, 11, 12, 13, 14, 15, 16, 17, 18, 19, 20, 6, 21, 23, 24, 25, 26, 27, 28, 29]
========================================
