Parámetros del algoritmo
------------------------
Algoritmo: BusquedaLocal
Dataset: ford02.dat
Semilla: 40753067

Solución inicial y su coste
---------------------------
[12, 10, 14, 15, 0, 7, 1, 5, 9, 11, 6, 3, 8, 18, 4, 19, 2, 17, 13, 16]
Coste: 34620

Evolución de la búsqueda
------------------------
Intercambio (0, 5) -> Nueva solución con coste 34300
Intercambio (1, 4) -> Nueva solución con coste 34082
Intercambio (2, 5) -> Nueva solución con coste 34034
Intercambio (3, 9) -> Nueva solución con coste 33696
Intercambio (4, 6) -> Nueva solución con coste 33282
Intercambio (5, 15) -> Nueva solución con coste 33180
Intercambio (6, 12) -> Nueva solución con coste 33024
Intercambio (7, 19) -> Nueva solución con coste 32758
Intercambio (8, 17) -> Nueva solución con coste 32500
Intercambio (10, 19) -> Nueva solución con coste 32342
Intercambio (12, 2) -> Nueva solución con coste 32130
Intercambio (13, 7) -> Nueva solución con coste 32014
Intercambio (15, 16) -> Nueva solución con coste 31984
Intercambio (16, 19) -> Nueva solución con coste 31960
Intercambio (1, 4) -> Nueva solución con coste 31948
Intercambio (3, 11) -> Nueva solución con coste 31946
Intercambio (4, 5) -> Nueva solución con coste 31942
Intercambio (13, 15) -> Nueva solución con coste 31792
Intercambio (3, 11) -> Nueva solución con coste 31728

Solución final
--------------
[7, 1, 10, 11, 19, 0, 8, 18, 17, 15, 5, 3, 12, 2, 4, 16, 6, 9, 13, 14]
Coste final: 31728
Duración: 0.0 segundos
