Parámetros del algoritmo
------------------------
Algoritmo: BusquedaTabu
Dataset: ford01.dat
Semilla: 5430765

Solución inicial y su coste
---------------------------
[15, 1, 12, 17, 16, 10, 8, 7, 19, 11, 6, 4, 9, 18, 3, 14, 2, 13, 0, 5]
Coste: 3646

Evolución de la búsqueda
------------------------
Intercambio (6, 10) -> Nueva solución con coste 3796
Intercambio (7, 13) -> Nueva solución con coste 3754
Intercambio (17, 18) -> Nueva solución con coste 3734
Intercambio (5, 9) -> Nueva solución con coste 3716
Intercambio (4, 11) -> Nueva solución con coste 3702
Intercambio (8, 12) -> Nueva solución con coste 3688
Intercambio (8, 19) -> Nueva solución con coste 3680
Intercambio (2, 4) -> Nueva solución con coste 3674
Intercambio (17, 19) -> Nueva solución con coste 3668
Intercambio (0, 15) -> Nueva solución con coste 3664
Intercambio (1, 15) -> Nueva solución con coste 3660
Intercambio (8, 15) -> Nueva solución con coste 3658
Intercambio (9, 12) -> Peor solución (coste 3658) — no aceptada
Intercambio (8, 12) -> Peor solución (coste 3658) — no aceptada
Intercambio (1, 12) -> Nueva solución con coste 3646
Intercambio (15, 19) -> Peor solución (coste 3646) — no aceptada
Intercambio (1, 3) -> Peor solución (coste 3646) — no aceptada
Intercambio (3, 15) -> Nueva solución con coste 3642
Intercambio (3, 14) -> Nueva solución con coste 3636
Intercambio (12, 14) -> Nueva solución con coste 3632
Intercambio (6, 12) -> Nueva solución con coste 3624
Intercambio (6, 15) -> Nueva solución con coste 3620
Intercambio (6, 18) -> Nueva solución con coste 3612
Intercambio (11, 18) -> Peor solución (coste 3612) — no aceptada
Intercambio (12, 17) -> Peor solución (coste 3614) — no aceptada
Intercambio (12, 15) -> Peor solución (coste 3614) — no aceptada
Intercambio (12, 14) -> Peor solución (coste 3618) — no aceptada
Intercambio (11, 18) -> Peor solución (coste 3618) — no aceptada
Intercambio (14, 15) -> Peor solución (coste 3622) — no aceptada
Intercambio (1, 15) -> Peor solución (coste 3628) — no aceptada
Intercambio (12, 14) -> Nueva solución con coste 3620
Intercambio (12, 17) -> Nueva solución con coste 3618
Intercambio (11, 18) -> Peor solución (coste 3618) — no aceptada
Intercambio (1, 15) -> Nueva solución con coste 3612
Intercambio (15, 17) -> Peor solución (coste 3616) — no aceptada
Intercambio (12, 17) -> Nueva solución con coste 3614
Intercambio (11, 18) -> Peor solución (coste 3614) — no aceptada
Intercambio (10, 12) -> Peor solución (coste 3614) — no aceptada
Intercambio (10, 15) -> Peor solución (coste 3614) — no aceptada
Intercambio (1, 15) -> Peor solución (coste 3620) — no aceptada
Intercambio (1, 10) -> Peor solución (coste 3620) — no aceptada
Intercambio (4, 9) -> Peor solución (coste 3626) — no aceptada
Intercambio (1, 18) -> Peor solución (coste 3634) — no aceptada
Intercambio (10, 18) -> Nueva solución con coste 3632
Intercambio (10, 12) -> Peor solución (coste 3632) — no aceptada
Intercambio (4, 9) -> Nueva solución con coste 3626
Intercambio (1, 18) -> Nueva solución con coste 3620
Intercambio (1, 15) -> Nueva solución con coste 3614
Intercambio (12, 17) -> Nueva solución con coste 3612
Intercambio (11, 18) -> Peor solución (coste 3612) — no aceptada
Intercambio (15, 17) -> Peor solución (coste 3616) — no aceptada
Intercambio (7, 15) -> Peor solución (coste 3620) — no aceptada
Intercambio (7, 17) -> Peor solución (coste 3620) — no aceptada
Intercambio (11, 18) -> Peor solución (coste 3620) — no aceptada
Intercambio (11, 15) -> Peor solución (coste 3622) — no aceptada
Intercambio (7, 11) -> Peor solución (coste 3624) — no aceptada
Intercambio (12, 17) -> Peor solución (coste 3626) — no aceptada
Intercambio (11, 18) -> Nueva solución con coste 3620
Intercambio (15, 18) -> Nueva solución con coste 3614
Intercambio (12, 15) -> Peor solución (coste 3614) — no aceptada
Intercambio (12, 17) -> Peor solución (coste 3616) — no aceptada
Intercambio (15, 17) -> Nueva solución con coste 3612
Intercambio (11, 18) -> Peor solución (coste 3612) — no aceptada
Intercambio (1, 15) -> Peor solución (coste 3618) — no aceptada
Intercambio (12, 17) -> Peor solución (coste 3620) — no aceptada
Intercambio (10, 12) -> Peor solución (coste 3620) — no aceptada
Intercambio (1, 10) -> Peor solución (coste 3620) — no aceptada
Intercambio (1, 15) -> Nueva solución con coste 3614
Intercambio (10, 15) -> Peor solución (coste 3614) — no aceptada
Intercambio (10, 12) -> Peor solución (coste 3614) — no aceptada
Intercambio (12, 17) -> Nueva solución con coste 3612
Intercambio (11, 18) -> Peor solución (coste 3612) — no aceptada
Intercambio (15, 17) -> Peor solución (coste 3616) — no aceptada
Intercambio (7, 15) -> Peor solución (coste 3620) — no aceptada
Intercambio (12, 17) -> Nueva solución con coste 3614
Intercambio (11, 18) -> Peor solución (coste 3614) — no aceptada
Intercambio (10, 12) -> Peor solución (coste 3614) — no aceptada
Intercambio (10, 15) -> Peor solución (coste 3614) — no aceptada
Intercambio (1, 15) -> Peor solución (coste 3620) — no aceptada
Intercambio (1, 10) -> Peor solución (coste 3620) — no aceptada
Intercambio (4, 9) -> Peor solución (coste 3626) — no aceptada
Intercambio (1, 18) -> Peor solución (coste 3634) — no aceptada
Intercambio (10, 18) -> Nueva solución con coste 3632
Intercambio (10, 12) -> Peor solución (coste 3632) — no aceptada
Intercambio (4, 9) -> Nueva solución con coste 3626
Intercambio (1, 18) -> Nueva solución con coste 3620
Intercambio (1, 15) -> Nueva solución con coste 3614
Intercambio (12, 17) -> Nueva solución con coste 3612
Intercambio (11, 18) -> Peor solución (coste 3612) — no aceptada
Intercambio (15, 17) -> Peor solución (coste 3616) — no aceptada
Intercambio (7, 15) -> Peor solución (coste 3620) — no aceptada
Intercambio (7, 17) -> Peor solución (coste 3620) — no aceptada
Intercambio (11, 18) -> Peor solución (coste 3620) — no aceptada
Intercambio (11, 15) -> Peor solución (coste 3622) — no aceptada
Intercambio (7, 11) -> Peor solución (coste 3624) — no aceptada
Intercambio (12, 17) -> Peor solución (coste 3626) — no aceptada
Intercambio (11, 18) -> Nueva solución con coste 3620
Intercambio (15, 18) -> Nueva solución con coste 3614
Intercambio (12, 15) -> Peor solución (coste 3614) — no aceptada
Intercambio (12, 17) -> Peor solución (coste 3616) — no aceptada
Intercambio (15, 17) -> Nueva solución con coste 3612
Intercambio (11, 18) -> Peor solución (coste 3612) — no aceptada
Intercambio (1, 15) -> Peor solución (coste 3618) — no aceptada
Intercambio (12, 17) -> Peor solución (coste 3620) — no aceptada
Intercambio (10, 12) -> Peor solución (coste 3620) — no aceptada
Intercambio (1, 10) -> Peor solución (coste 3620) — no aceptada
Intercambio (1, 15) -> Nueva solución con coste 3614
Intercambio (10, 15) -> Peor solución (coste 3614) — no aceptada
Intercambio (10, 12) -> Peor solución (coste 3614) — no aceptada
Intercambio (12, 17) -> Nueva solución con coste 3612
Intercambio (11, 18) -> Peor solución (coste 3612) — no aceptada
Intercambio (15, 17) -> Peor solución (coste 3616) — no aceptada
Intercambio (7, 15) -> Peor solución (coste 3620) — no aceptada
Intercambio (7, 17) -> Peor solución (coste 3620) — no aceptada
Intercambio (11, 18) -> Peor solución (coste 3620) — no aceptada
Intercambio (11, 15) -> Peor solución (coste 3622) — no aceptada
Intercambio (7, 11) -> Peor solución (coste 3624) — no aceptada
Intercambio (12, 17) -> Peor solución (coste 3626) — no aceptada
Intercambio (11, 18) -> Nueva solución con coste 3620
Intercambio (15, 18) -> Nueva solución con coste 3614
Intercambio (12, 15) -> Peor solución (coste 3614) — no aceptada
Intercambio (12, 17) -> Peor solución (coste 3616) — no aceptada
Intercambio (15, 17) -> Nueva solución con coste 3612
Intercambio (11, 18) -> Peor solución (coste 3612) — no aceptada
Intercambio (1, 15) -> Peor solución (coste 3618) — no aceptada
Intercambio (12, 17) -> Nueva solución con coste 3614
Intercambio (10, 12) -> Peor solución (coste 3614) — no aceptada
Intercambio (10, 15) -> Peor solución (coste 3614) — no aceptada
Intercambio (1, 15) -> Peor solución (coste 3620) — no aceptada
Intercambio (1, 10) -> Peor solución (coste 3620) — no aceptada
Intercambio (10, 12) -> Peor solución (coste 3620) — no aceptada
Intercambio (12, 17) -> Nueva solución con coste 3618
Intercambio (1, 15) -> Nueva solución con coste 3612
Intercambio (11, 18) -> Peor solución (coste 3612) — no aceptada
Intercambio (15, 17) -> Peor solución (coste 3616) — no aceptada
Intercambio (12, 17) -> Nueva solución con coste 3614
Intercambio (12, 15) -> Peor solución (coste 3614) — no aceptada
Intercambio (11, 18) -> Peor solución (coste 3614) — no aceptada
Intercambio (10, 12) -> Peor solución (coste 3614) — no aceptada
Intercambio (10, 15) -> Peor solución (coste 3614) — no aceptada
Intercambio (1, 15) -> Peor solución (coste 3620) — no aceptada
Intercambio (1, 10) -> Peor solución (coste 3620) — no aceptada
Intercambio (10, 12) -> Peor solución (coste 3620) — no aceptada
Intercambio (12, 17) -> Nueva solución con coste 3618
Intercambio (1, 15) -> Nueva solución con coste 3612
Intercambio (11, 18) -> Peor solución (coste 3612) — no aceptada
Intercambio (15, 17) -> Peor solución (coste 3616) — no aceptada
Intercambio (12, 17) -> Nueva solución con coste 3614
Intercambio (12, 15) -> Peor solución (coste 3614) — no aceptada
Intercambio (11, 18) -> Peor solución (coste 3614) — no aceptada
Intercambio (10, 12) -> Peor solución (coste 3614) — no aceptada
Intercambio (10, 15) -> Peor solución (coste 3614) — no aceptada
Intercambio (1, 15) -> Peor solución (coste 3620) — no aceptada
Intercambio (1, 10) -> Peor solución (coste 3620) — no aceptada
Intercambio (10, 12) -> Peor solución (coste 3620) — no aceptada
Intercambio (12, 17) -> Nueva solución con coste 3618
Intercambio (1, 15) -> Nueva solución con coste 3612
Intercambio (11, 18) -> Peor solución (coste 3612) — no aceptada
Intercambio (15, 17) -> Peor solución (coste 3616) — no aceptada
Intercambio (12, 17) -> Nueva solución con coste 3614
Intercambio (12, 15) -> Peor solución (coste 3614) — no aceptada
Intercambio (11, 18) -> Peor solución (coste 3614) — no aceptada
Intercambio (10, 12) -> Peor solución (coste 3614) — no aceptada
Intercambio (10, 15) -> Peor solución (coste 3614) — no aceptada
Intercambio (1, 15) -> Peor solución (coste 3620) — no aceptada
Intercambio (1, 10) -> Peor solución (coste 3620) — no aceptada
Intercambio (10, 12) -> Peor solución (coste 3620) — no aceptada
Intercambio (12, 17) -> Nueva solución con coste 3618
Intercambio (1, 15) -> Nueva solución con coste 3612
Intercambio (11, 18) -> Peor solución (coste 3612) — no aceptada
Intercambio (15, 17) -> Peor solución (coste 3616) — no aceptada
Intercambio (12, 17) -> Nueva solución con coste 3614
Intercambio (12, 15) -> Peor solución (coste 3614) — no aceptada
Intercambio (11, 18) -> Peor solución (coste 3614) — no aceptada
Intercambio (10, 12) -> Peor solución (coste 3614) — no aceptada
Intercambio (10, 15) -> Peor solución (coste 3614) — no aceptada
Intercambio (12, 15) -> Peor solución (coste 3614) — no aceptada
Intercambio (12, 17) -> Nueva solución con coste 3612
Intercambio (11, 18) -> Peor solución (coste 3612) — no aceptada
Intercambio (15, 17) -> Peor solución (coste 3616) — no aceptada
Intercambio (7, 15) -> Peor solución (coste 3620) — no aceptada
Intercambio (7, 17) -> Peor solución (coste 3620) — no aceptada
Intercambio (11, 18) -> Peor solución (coste 3620) — no aceptada
Intercambio (11, 15) -> Peor solución (coste 3622) — no aceptada
Intercambio (7, 11) -> Peor solución (coste 3624) — no aceptada
Intercambio (12, 17) -> Peor solución (coste 3626) — no aceptada
Intercambio (11, 18) -> Nueva solución con coste 3620
Intercambio (15, 18) -> Nueva solución con coste 3614
Intercambio (12, 15) -> Peor solución (coste 3614) — no aceptada
Intercambio (12, 17) -> Peor solución (coste 3616) — no aceptada
Intercambio (15, 17) -> Nueva solución con coste 3612
Intercambio (11, 18) -> Peor solución (coste 3612) — no aceptada
Intercambio (1, 15) -> Peor solución (coste 3618) — no aceptada
Intercambio (12, 17) -> Peor solución (coste 3620) — no aceptada
Intercambio (10, 12) -> Peor solución (coste 3620) — no aceptada
Intercambio (1, 10) -> Peor solución (coste 3620) — no aceptada
Intercambio (1, 15) -> Nueva solución con coste 3614
Intercambio (10, 15) -> Peor solución (coste 3614) — no aceptada
Intercambio (10, 12) -> Peor solución (coste 3614) — no aceptada
Intercambio (12, 17) -> Nueva solución con coste 3612
Intercambio (11, 18) -> Peor solución (coste 3612) — no aceptada
Intercambio (15, 17) -> Peor solución (coste 3616) — no aceptada
Intercambio (7, 15) -> Peor solución (coste 3620) — no aceptada
Intercambio (7, 17) -> Peor solución (coste 3620) — no aceptada
Intercambio (11, 18) -> Peor solución (coste 3620) — no aceptada
Intercambio (11, 15) -> Peor solución (coste 3622) — no aceptada
Intercambio (7, 11) -> Peor solución (coste 3624) — no aceptada
Intercambio (12, 17) -> Peor solución (coste 3626) — no aceptada
Intercambio (11, 18) -> Nueva solución con coste 3620
Intercambio (15, 18) -> Nueva solución con coste 3614
Intercambio (12, 15) -> Peor solución (coste 3614) — no aceptada
Intercambio (12, 17) -> Peor solución (coste 3616) — no aceptada
Intercambio (15, 17) -> Nueva solución con coste 3612
Intercambio (11, 18) -> Peor solución (coste 3612) — no aceptada
Intercambio (1, 15) -> Peor solución (coste 3618) — no aceptada
Intercambio (12, 17) -> Peor solución (coste 3620) — no aceptada
Intercambio (10, 12) -> Peor solución (coste 3620) — no aceptada
Intercambio (1, 10) -> Peor solución (coste 3620) — no aceptada
Intercambio (1, 15) -> Nueva solución con coste 3614
Intercambio (10, 15) -> Peor solución (coste 3614) — no aceptada
Intercambio (10, 12) -> Peor solución (coste 3614) — no aceptada
Intercambio (12, 17) -> Nueva solución con coste 3612
Intercambio (11, 18) -> Peor solución (coste 3612) — no aceptada
Intercambio (15, 17) -> Peor solución (coste 3616) — no aceptada
Intercambio (7, 15) -> Peor solución (coste 3620) — no aceptada
Intercambio (7, 17) -> Peor solución (coste 3620) — no aceptada
Intercambio (11, 18) -> Peor solución (coste 3620) — no aceptada
Intercambio (12, 17) -> Nueva solución con coste 3614
Intercambio (10, 12) -> Peor solución (coste 3614) — no aceptada
Intercambio (10, 15) -> Peor solución (coste 3614) — no aceptada
Intercambio (1, 15) -> Peor solución (coste 3620) — no aceptada
Intercambio (1, 10) -> Peor solución (coste 3620) — no aceptada
Intercambio (10, 12) -> Peor solución (coste 3620) — no aceptada
Intercambio (12, 17) -> Nueva solución con coste 3618
Intercambio (1, 15) -> Nueva solución con coste 3612
Intercambio (11, 18) -> Peor solución (coste 3612) — no aceptada
Intercambio (15, 17) -> Peor solución (coste 3616) — no aceptada
Intercambio (12, 17) -> Nueva solución con coste 3614
Intercambio (12, 15) -> Peor solución (coste 3614) — no aceptada
Intercambio (11, 18) -> Peor solución (coste 3614) — no aceptada
Intercambio (10, 12) -> Peor solución (coste 3614) — no aceptada
Intercambio (10, 15) -> Peor solución (coste 3614) — no aceptada
Intercambio (1, 15) -> Peor solución (coste 3620) — no aceptada
Intercambio (1, 10) -> Peor solución (coste 3620) — no aceptada
Intercambio (10, 12) -> Peor solución (coste 3620) — no aceptada
Intercambio (12, 17) -> Nueva solución con coste 3618
Intercambio (1, 15) -> Nueva solución con coste 3612
Intercambio (11, 18) -> Peor solución (coste 3612) — no aceptada
Intercambio (15, 17) -> Peor solución (coste 3616) — no aceptada
Intercambio (12, 17) -> Nueva solución con coste 3614
Intercambio (12, 15) -> Peor solución (coste 3614) — no aceptada
Intercambio (11, 18) -> Peor solución (coste 3614) — no aceptada
Intercambio (10, 12) -> Peor solución (coste 3614) — no aceptada
Intercambio (10, 15) -> Peor solución (coste 3614) — no aceptada
Intercambio (1, 15) -> Peor solución (coste 3620) — no aceptada
Intercambio (1, 10) -> Peor solución (coste 3620) — no aceptada
Intercambio (10, 12) -> Peor solución (coste 3620) — no aceptada
Intercambio (12, 17) -> Nueva solución con coste 3618
Intercambio (1, 15) -> Nueva solución con coste 3612
Intercambio (11, 18) -> Peor solución (coste 3612) — no aceptada
Intercambio (15, 17) -> Peor solución (coste 3616) — no aceptada
Intercambio (12, 17) -> Nueva solución con coste 3614
Intercambio (12, 15) -> Peor solución (coste 3614) — no aceptada
Intercambio (11, 18) -> Peor solución (coste 3614) — no aceptada
Intercambio (10, 12) -> Peor solución (coste 3614) — no aceptada
Intercambio (10, 15) -> Peor solución (coste 3614) — no aceptada
Intercambio (1, 15) -> Peor solución (coste 3620) — no aceptada
Intercambio (1, 10) -> Peor solución (coste 3620) — no aceptada
Intercambio (10, 12) -> Peor solución (coste 3620) — no aceptada
Intercambio (12, 17) -> Nueva solución con coste 3618
Intercambio (1, 15) -> Nueva solución con coste 3612
Intercambio (11, 18) -> Peor solución (coste 3612) — no aceptada
Intercambio (15, 17) -> Peor solución (coste 3616) — no aceptada
Intercambio (12, 17) -> Nueva solución con coste 3614
Intercambio (12, 15) -> Peor solución (coste 3614) — no aceptada
Intercambio (11, 18) -> Peor solución (coste 3614) — no aceptada
Intercambio (10, 12) -> Peor solución (coste 3614) — no aceptada
Intercambio (10, 15) -> Peor solución (coste 3614) — no aceptada
Intercambio (13, 16) -> Peor solución (coste 3614) — no aceptada
Intercambio (1, 15) -> Peor solución (coste 3620) — no aceptada
Intercambio (1, 10) -> Peor solución (coste 3620) — no aceptada
Intercambio (10, 12) -> Peor solución (coste 3620) — no aceptada
Intercambio (12, 17) -> Nueva solución con coste 3618
Intercambio (1, 15) -> Nueva solución con coste 3612
Intercambio (11, 18) -> Peor solución (coste 3612) — no aceptada
Intercambio (15, 17) -> Peor solución (coste 3616) — no aceptada
Intercambio (12, 17) -> Nueva solución con coste 3614
Intercambio (12, 15) -> Peor solución (coste 3614) — no aceptada
Intercambio (11, 18) -> Peor solución (coste 3614) — no aceptada
Intercambio (10, 12) -> Peor solución (coste 3614) — no aceptada
Intercambio (10, 15) -> Peor solución (coste 3614) — no aceptada
Intercambio (1, 15) -> Peor solución (coste 3620) — no aceptada
Intercambio (1, 10) -> Peor solución (coste 3620) — no aceptada
Intercambio (10, 12) -> Peor solución (coste 3620) — no aceptada
Intercambio (12, 17) -> Nueva solución con coste 3618
Intercambio (1, 15) -> Nueva solución con coste 3612
Intercambio (11, 18) -> Peor solución (coste 3612) — no aceptada
Intercambio (15, 17) -> Peor solución (coste 3616) — no aceptada
Intercambio (12, 17) -> Nueva solución con coste 3614
Intercambio (12, 15) -> Peor solución (coste 3614) — no aceptada
Intercambio (11, 18) -> Peor solución (coste 3614) — no aceptada
Intercambio (10, 12) -> Peor solución (coste 3614) — no aceptada
Intercambio (10, 15) -> Peor solución (coste 3614) — no aceptada
Intercambio (1, 15) -> Peor solución (coste 3620) — no aceptada
Intercambio (1, 10) -> Peor solución (coste 3620) — no aceptada
Intercambio (10, 12) -> Peor solución (coste 3620) — no aceptada
Intercambio (12, 17) -> Nueva solución con coste 3618
Intercambio (1, 15) -> Nueva solución con coste 3612
Intercambio (11, 18) -> Peor solución (coste 3612) — no aceptada
Intercambio (15, 17) -> Peor solución (coste 3616) — no aceptada
Intercambio (12, 17) -> Nueva solución con coste 3614
Intercambio (12, 15) -> Peor solución (coste 3614) — no aceptada
Intercambio (11, 18) -> Peor solución (coste 3614) — no aceptada
Intercambio (10, 12) -> Peor solución (coste 3614) — no aceptada
Intercambio (10, 15) -> Peor solución (coste 3614) — no aceptada
Intercambio (1, 15) -> Peor solución (coste 3620) — no aceptada
Intercambio (1, 10) -> Peor solución (coste 3620) — no aceptada
Intercambio (10, 12) -> Peor solución (coste 3620) — no aceptada
Intercambio (12, 17) -> Nueva solución con coste 3618
Intercambio (1, 15) -> Nueva solución con coste 3612
Intercambio (11, 18) -> Peor solución (coste 3612) — no aceptada
Intercambio (15, 17) -> Peor solución (coste 3616) — no aceptada
Intercambio (12, 17) -> Nueva solución con coste 3614
Intercambio (12, 15) -> Peor solución (coste 3614) — no aceptada
Intercambio (11, 18) -> Peor solución (coste 3614) — no aceptada
Intercambio (10, 12) -> Peor solución (coste 3614) — no aceptada
Intercambio (10, 15) -> Peor solución (coste 3614) — no aceptada
Intercambio (1, 15) -> Peor solución (coste 3620) — no aceptada
Intercambio (1, 10) -> Peor solución (coste 3620) — no aceptada
Intercambio (13, 16) -> Peor solución (coste 3620) — no aceptada
Intercambio (10, 12) -> Peor solución (coste 3620) — no aceptada
Intercambio (1, 15) -> Nueva solución con coste 3614
Intercambio (12, 17) -> Nueva solución con coste 3612
Intercambio (11, 18) -> Peor solución (coste 3612) — no aceptada
Intercambio (15, 17) -> Peor solución (coste 3616) — no aceptada
Intercambio (7, 15) -> Peor solución (coste 3620) — no aceptada
Intercambio (7, 17) -> Peor solución (coste 3620) — no aceptada
Intercambio (11, 18) -> Peor solución (coste 3620) — no aceptada
Intercambio (11, 15) -> Peor solución (coste 3622) — no aceptada
Intercambio (7, 11) -> Peor solución (coste 3624) — no aceptada
Intercambio (12, 17) -> Peor solución (coste 3626) — no aceptada
Intercambio (11, 18) -> Nueva solución con coste 3620
Intercambio (15, 18) -> Nueva solución con coste 3614
Intercambio (12, 15) -> Peor solución (coste 3614) — no aceptada
Intercambio (12, 17) -> Peor solución (coste 3616) — no aceptada
Intercambio (15, 17) -> Nueva solución con coste 3612
Intercambio (11, 18) -> Peor solución (coste 3612) — no aceptada
Intercambio (1, 15) -> Peor solución (coste 3618) — no aceptada
Intercambio (12, 17) -> Peor solución (coste 3620) — no aceptada
Intercambio (10, 12) -> Peor solución (coste 3620) — no aceptada
Intercambio (1, 10) -> Peor solución (coste 3620) — no aceptada
Intercambio (1, 15) -> Nueva solución con coste 3614
Intercambio (10, 15) -> Peor solución (coste 3614) — no aceptada
Intercambio (10, 12) -> Peor solución (coste 3614) — no aceptada
Intercambio (12, 17) -> Nueva solución con coste 3612
Intercambio (11, 18) -> Peor solución (coste 3612) — no aceptada
Intercambio (15, 17) -> Peor solución (coste 3616) — no aceptada
Intercambio (7, 15) -> Peor solución (coste 3620) — no aceptada
Intercambio (7, 17) -> Peor solución (coste 3620) — no aceptada
Intercambio (11, 18) -> Peor solución (coste 3620) — no aceptada
Intercambio (11, 15) -> Peor solución (coste 3622) — no aceptada
Intercambio (7, 11) -> Peor solución (coste 3624) — no aceptada
Intercambio (12, 17) -> Peor solución (coste 3626) — no aceptada
Intercambio (11, 18) -> Nueva solución con coste 3620
Intercambio (15, 18) -> Nueva solución con coste 3614
Intercambio (12, 15) -> Peor solución (coste 3614) — no aceptada
Intercambio (12, 17) -> Peor solución (coste 3616) — no aceptada
Intercambio (15, 17) -> Nueva solución con coste 3612
Intercambio (11, 18) -> Peor solución (coste 3612) — no aceptada
Intercambio (1, 15) -> Peor solución (coste 3618) — no aceptada
Intercambio (12, 17) -> Peor solución (coste 3620) — no aceptada
Intercambio (10, 12) -> Peor solución (coste 3620) — no aceptada
Intercambio (1, 10) -> Peor solución (coste 3620) — no aceptada
Intercambio (1, 15) -> Nueva solución con coste 3614
Intercambio (10, 15) -> Peor solución (coste 3614) — no aceptada
Intercambio (10, 12) -> Peor solución (coste 3614) — no aceptada
Intercambio (12, 17) -> Nueva solución con coste 3612
Intercambio (11, 18) -> Peor solución (coste 3612) — no aceptada
Intercambio (15, 17) -> Peor solución (coste 3616) — no aceptada
Intercambio (7, 15) -> Peor solución (coste 3620) — no aceptada
Intercambio (13, 16) -> Peor solución (coste 3620) — no aceptada
Intercambio (7, 17) -> Peor solución (coste 3620) — no aceptada
Intercambio (11, 18) -> Peor solución (coste 3620) — no aceptada
Intercambio (7, 15) -> Nueva solución con coste 3612
Intercambio (12, 17) -> Peor solución (coste 3614) — no aceptada
Intercambio (10, 12) -> Peor solución (coste 3614) — no aceptada
Intercambio (10, 15) -> Peor solución (coste 3614) — no aceptada
Intercambio (1, 15) -> Peor solución (coste 3620) — no aceptada
Intercambio (1, 10) -> Peor solución (coste 3620) — no aceptada
Intercambio (10, 12) -> Peor solución (coste 3620) — no aceptada
Intercambio (12, 17) -> Nueva solución con coste 3618
Intercambio (1, 15) -> Nueva solución con coste 3612
Intercambio (11, 18) -> Peor solución (coste 3612) — no aceptada
Intercambio (15, 17) -> Peor solución (coste 3616) — no aceptada
Intercambio (12, 17) -> Nueva solución con coste 3614
Intercambio (12, 15) -> Peor solución (coste 3614) — no aceptada
Intercambio (11, 18) -> Peor solución (coste 3614) — no aceptada
Intercambio (10, 12) -> Peor solución (coste 3614) — no aceptada
Intercambio (10, 15) -> Peor solución (coste 3614) — no aceptada
Intercambio (1, 15) -> Peor solución (coste 3620) — no aceptada
Intercambio (1, 10) -> Peor solución (coste 3620) — no aceptada
Intercambio (10, 12) -> Peor solución (coste 3620) — no aceptada
Intercambio (12, 17) -> Nueva solución con coste 3618
Intercambio (1, 15) -> Nueva solución con coste 3612
Intercambio (11, 18) -> Peor solución (coste 3612) — no aceptada
Intercambio (15, 17) -> Peor solución (coste 3616) — no aceptada
Intercambio (12, 17) -> Nueva solución con coste 3614
Intercambio (12, 15) -> Peor solución (coste 3614) — no aceptada
Intercambio (11, 18) -> Peor solución (coste 3614) — no aceptada
Intercambio (10, 12) -> Peor solución (coste 3614) — no aceptada
Intercambio (10, 15) -> Peor solución (coste 3614) — no aceptada
Intercambio (1, 15) -> Peor solución (coste 3620) — no aceptada
Intercambio (1, 10) -> Peor solución (coste 3620) — no aceptada
Intercambio (10, 12) -> Peor solución (coste 3620) — no aceptada
Intercambio (12, 17) -> Nueva solución con coste 3618
Intercambio (1, 15) -> Nueva solución con coste 3612
Intercambio (11, 18) -> Peor solución (coste 3612) — no aceptada
Intercambio (15, 17) -> Peor solución (coste 3616) — no aceptada
Intercambio (12, 17) -> Nueva solución con coste 3614
Intercambio (12, 15) -> Peor solución (coste 3614) — no aceptada
Intercambio (11, 18) -> Peor solución (coste 3614) — no aceptada
Intercambio (10, 12) -> Peor solución (coste 3614) — no aceptada
Intercambio (10, 15) -> Peor solución (coste 3614) — no aceptada
Intercambio (1, 15) -> Peor solución (coste 3620) — no aceptada
Intercambio (1, 10) -> Peor solución (coste 3620) — no aceptada
Intercambio (10, 12) -> Peor solución (coste 3620) — no aceptada
Intercambio (12, 17) -> Nueva solución con coste 3618
Intercambio (1, 15) -> Nueva solución con coste 3612
Intercambio (11, 18) -> Peor solución (coste 3612) — no aceptada
Intercambio (15, 17) -> Peor solución (coste 3616) — no aceptada
Intercambio (12, 17) -> Nueva solución con coste 3614
Intercambio (10, 12) -> Peor solución (coste 3614) — no aceptada
Intercambio (10, 15) -> Peor solución (coste 3614) — no aceptada
Intercambio (1, 15) -> Peor solución (coste 3620) — no aceptada
Intercambio (1, 10) -> Peor solución (coste 3620) — no aceptada
Intercambio (4, 9) -> Peor solución (coste 3626) — no aceptada
Intercambio (1, 18) -> Peor solución (coste 3634) — no aceptada
Intercambio (10, 18) -> Nueva solución con coste 3632
Intercambio (10, 12) -> Peor solución (coste 3632) — no aceptada
Intercambio (4, 9) -> Nueva solución con coste 3626
Intercambio (1, 18) -> Nueva solución con coste 3620
Intercambio (1, 15) -> Nueva solución con coste 3614
Intercambio (12, 17) -> Nueva solución con coste 3612
Intercambio (11, 18) -> Peor solución (coste 3612) — no aceptada
Intercambio (15, 17) -> Peor solución (coste 3616) — no aceptada
Intercambio (7, 15) -> Peor solución (coste 3620) — no aceptada
Intercambio (7, 17) -> Peor solución (coste 3620) — no aceptada
Intercambio (11, 18) -> Peor solución (coste 3620) — no aceptada
Intercambio (11, 15) -> Peor solución (coste 3622) — no aceptada
Intercambio (7, 11) -> Peor solución (coste 3624) — no aceptada
Intercambio (12, 17) -> Peor solución (coste 3626) — no aceptada
Intercambio (11, 18) -> Nueva solución con coste 3620
Intercambio (15, 18) -> Nueva solución con coste 3614
Intercambio (12, 15) -> Peor solución (coste 3614) — no aceptada
Intercambio (12, 17) -> Peor solución (coste 3616) — no aceptada
Intercambio (15, 17) -> Nueva solución con coste 3612
Intercambio (11, 18) -> Peor solución (coste 3612) — no aceptada
Intercambio (1, 15) -> Peor solución (coste 3618) — no aceptada
Intercambio (12, 17) -> Peor solución (coste 3620) — no aceptada
Intercambio (10, 12) -> Peor solución (coste 3620) — no aceptada
Intercambio (1, 10) -> Peor solución (coste 3620) — no aceptada
Intercambio (1, 15) -> Nueva solución con coste 3614
Intercambio (10, 15) -> Peor solución (coste 3614) — no aceptada
Intercambio (10, 12) -> Peor solución (coste 3614) — no aceptada
Intercambio (12, 17) -> Nueva solución con coste 3612
Intercambio (11, 18) -> Peor solución (coste 3612) — no aceptada
Intercambio (15, 17) -> Peor solución (coste 3616) — no aceptada
Intercambio (7, 15) -> Peor solución (coste 3620) — no aceptada
Intercambio (7, 17) -> Peor solución (coste 3620) — no aceptada
Intercambio (11, 18) -> Peor solución (coste 3620) — no aceptada
Intercambio (11, 15) -> Peor solución (coste 3622) — no aceptada
Intercambio (7, 11) -> Peor solución (coste 3624) — no aceptada
Intercambio (12, 17) -> Peor solución (coste 3626) — no aceptada
Intercambio (11, 18) -> Nueva solución con coste 3620
Intercambio (15, 18) -> Nueva solución con coste 3614
Intercambio (12, 15) -> Peor solución (coste 3614) — no aceptada
Intercambio (12, 17) -> Peor solución (coste 3616) — no aceptada
Intercambio (15, 17) -> Nueva solución con coste 3612
Intercambio (11, 18) -> Peor solución (coste 3612) — no aceptada
Intercambio (1, 15) -> Peor solución (coste 3618) — no aceptada
Intercambio (12, 17) -> Peor solución (coste 3620) — no aceptada
Intercambio (10, 12) -> Peor solución (coste 3620) — no aceptada
Intercambio (13, 16) -> Peor solución (coste 3620) — no aceptada
Intercambio (1, 15) -> Nueva solución con coste 3614
Intercambio (10, 15) -> Peor solución (coste 3614) — no aceptada
Intercambio (10, 12) -> Peor solución (coste 3614) — no aceptada
Intercambio (11, 18) -> Peor solución (coste 3614) — no aceptada
Intercambio (12, 15) -> Peor solución (coste 3614) — no aceptada
Intercambio (12, 17) -> Nueva solución con coste 3612
Intercambio (15, 17) -> Peor solución (coste 3616) — no aceptada
Intercambio (11, 18) -> Peor solución (coste 3616) — no aceptada
Intercambio (7, 15) -> Peor solución (coste 3620) — no aceptada
Intercambio (7, 10) -> Nueva solución con coste 3614
Intercambio (8, 17) -> Peor solución (coste 3616) — no aceptada
Intercambio (8, 10) -> Nueva solución con coste 3606
Intercambio (14, 15) -> Nueva solución con coste 3600
Intercambio (1, 15) -> Peor solución (coste 3600) — no aceptada
Intercambio (10, 16) -> Peor solución (coste 3604) — no aceptada
Intercambio (8, 10) -> Peor solución (coste 3606) — no aceptada
Intercambio (16, 18) -> Peor solución (coste 3608) — no aceptada
Intercambio (8, 16) -> Peor solución (coste 3608) — no aceptada
Intercambio (1, 15) -> Peor solución (coste 3608) — no aceptada
Intercambio (8, 13) -> Nueva solución con coste 3606
Intercambio (15, 18) -> Peor solución (coste 3606) — no aceptada
Intercambio (13, 18) -> Peor solución (coste 3610) — no aceptada
Intercambio (13, 15) -> Nueva solución con coste 3608
Intercambio (8, 13) -> Peor solución (coste 3610) — no aceptada
Intercambio (8, 10) -> Nueva solución con coste 3600
Intercambio (1, 15) -> Peor solución (coste 3600) — no aceptada
Intercambio (10, 16) -> Peor solución (coste 3604) — no aceptada
Intercambio (16, 18) -> Peor solución (coste 3606) — no aceptada
Intercambio (0, 18) -> Nueva solución con coste 3602
Intercambio (0, 15) -> Peor solución (coste 3602) — no aceptada
Intercambio (6, 18) -> Peor solución (coste 3606) — no aceptada
Intercambio (15, 16) -> Peor solución (coste 3606) — no aceptada
Intercambio (0, 1) -> Peor solución (coste 3612) — no aceptada
Intercambio (0, 6) -> Peor solución (coste 3612) — no aceptada
Intercambio (6, 18) -> Peor solución (coste 3612) — no aceptada
Intercambio (15, 16) -> Nueva solución con coste 3602
Intercambio (0, 18) -> Peor solución (coste 3608) — no aceptada
Intercambio (0, 1) -> Nueva solución con coste 3602
Intercambio (0, 15) -> Peor solución (coste 3602) — no aceptada
Intercambio (0, 9) -> Peor solución (coste 3606) — no aceptada
Intercambio (1, 15) -> Peor solución (coste 3610) — no aceptada
Intercambio (6, 15) -> Peor solución (coste 3610) — no aceptada
Intercambio (8, 16) -> Peor solución (coste 3612) — no aceptada
Intercambio (9, 16) -> Nueva solución con coste 3606
Intercambio (15, 16) -> Nueva solución con coste 3602
Intercambio (6, 18) -> Peor solución (coste 3602) — no aceptada
Intercambio (0, 9) -> Peor solución (coste 3604) — no aceptada
Intercambio (0, 7) -> Nueva solución con coste 3600
Intercambio (7, 10) -> Peor solución (coste 3604) — no aceptada
Intercambio (6, 18) -> Peor solución (coste 3604) — no aceptada
Intercambio (15, 18) -> Peor solución (coste 3604) — no aceptada
Intercambio (10, 18) -> Nueva solución con coste 3598
Intercambio (6, 15) -> Peor solución (coste 3598) — no aceptada
Intercambio (6, 18) -> Peor solución (coste 3600) — no aceptada
Intercambio (7, 10) -> Peor solución (coste 3600) — no aceptada
Intercambio (1, 15) -> Nueva solución con coste 3596
Intercambio (7, 13) -> Nueva solución con coste 3594
Intercambio (6, 18) -> Peor solución (coste 3596) — no aceptada
Intercambio (1, 6) -> Peor solución (coste 3602) — no aceptada
Intercambio (1, 15) -> Peor solución (coste 3606) — no aceptada
Intercambio (7, 13) -> Nueva solución con coste 3602
Intercambio (7, 10) -> Nueva solución con coste 3598
Intercambio (6, 15) -> Peor solución (coste 3598) — no aceptada
Intercambio (6, 18) -> Peor solución (coste 3600) — no aceptada
Intercambio (15, 18) -> Peor solución (coste 3600) — no aceptada
Intercambio (7, 10) -> Peor solución (coste 3600) — no aceptada
Intercambio (1, 15) -> Peor solución (coste 3602) — no aceptada
Intercambio (1, 18) -> Nueva solución con coste 3596
Intercambio (7, 13) -> Nueva solución con coste 3594
Intercambio (6, 18) -> Peor solución (coste 3596) — no aceptada
Intercambio (1, 6) -> Peor solución (coste 3602) — no aceptada
Intercambio (1, 15) -> Peor solución (coste 3606) — no aceptada
Intercambio (7, 13) -> Nueva solución con coste 3602
Intercambio (7, 10) -> Nueva solución con coste 3598
Intercambio (6, 15) -> Peor solución (coste 3598) — no aceptada
Intercambio (6, 18) -> Peor solución (coste 3600) — no aceptada
Intercambio (15, 18) -> Peor solución (coste 3600) — no aceptada
Intercambio (7, 10) -> Peor solución (coste 3600) — no aceptada
Intercambio (1, 15) -> Peor solución (coste 3602) — no aceptada
Intercambio (1, 18) -> Nueva solución con coste 3596
Intercambio (7, 13) -> Nueva solución con coste 3594
Intercambio (6, 18) -> Peor solución (coste 3596) — no aceptada
Intercambio (1, 6) -> Peor solución (coste 3602) — no aceptada
Intercambio (1, 15) -> Peor solución (coste 3606) — no aceptada
Intercambio (7, 13) -> Nueva solución con coste 3602
Intercambio (7, 10) -> Nueva solución con coste 3598
Intercambio (6, 15) -> Peor solución (coste 3598) — no aceptada
Intercambio (6, 18) -> Peor solución (coste 3600) — no aceptada
Intercambio (15, 18) -> Peor solución (coste 3600) — no aceptada
Intercambio (7, 10) -> Peor solución (coste 3600) — no aceptada
Intercambio (1, 15) -> Peor solución (coste 3602) — no aceptada
Intercambio (1, 18) -> Nueva solución con coste 3596
Intercambio (7, 13) -> Nueva solución con coste 3594
Intercambio (6, 18) -> Peor solución (coste 3596) — no aceptada
Intercambio (1, 6) -> Peor solución (coste 3602) — no aceptada
Intercambio (1, 15) -> Peor solución (coste 3606) — no aceptada
Intercambio (7, 13) -> Nueva solución con coste 3602
Intercambio (7, 10) -> Nueva solución con coste 3598
Intercambio (6, 15) -> Peor solución (coste 3598) — no aceptada
Intercambio (6, 18) -> Peor solución (coste 3600) — no aceptada
Intercambio (15, 18) -> Peor solución (coste 3600) — no aceptada
Intercambio (7, 10) -> Peor solución (coste 3600) — no aceptada
Intercambio (1, 15) -> Peor solución (coste 3602) — no aceptada
Intercambio (1, 18) -> Nueva solución con coste 3596
Intercambio (7, 13) -> Nueva solución con coste 3594
Intercambio (6, 18) -> Peor solución (coste 3596) — no aceptada
Intercambio (1, 6) -> Peor solución (coste 3602) — no aceptada
Intercambio (1, 15) -> Peor solución (coste 3606) — no aceptada
Intercambio (7, 10) -> Nueva solución con coste 3598
Intercambio (6, 15) -> Peor solución (coste 3598) — no aceptada
Intercambio (6, 18) -> Peor solución (coste 3600) — no aceptada
Intercambio (15, 18) -> Peor solución (coste 3600) — no aceptada
Intercambio (7, 10) -> Peor solución (coste 3600) — no aceptada
Intercambio (1, 15) -> Peor solución (coste 3602) — no aceptada
Intercambio (1, 18) -> Nueva solución con coste 3596
Intercambio (7, 13) -> Nueva solución con coste 3594
Intercambio (6, 18) -> Peor solución (coste 3596) — no aceptada
Intercambio (1, 6) -> Peor solución (coste 3602) — no aceptada
Intercambio (1, 15) -> Peor solución (coste 3606) — no aceptada
Intercambio (7, 13) -> Nueva solución con coste 3602
Intercambio (7, 10) -> Nueva solución con coste 3598
Intercambio (6, 15) -> Peor solución (coste 3598) — no aceptada
Intercambio (6, 18) -> Peor solución (coste 3600) — no aceptada
Intercambio (15, 18) -> Peor solución (coste 3600) — no aceptada
Intercambio (7, 10) -> Peor solución (coste 3600) — no aceptada
Intercambio (1, 15) -> Peor solución (coste 3602) — no aceptada
Intercambio (1, 18) -> Nueva solución con coste 3596
Intercambio (7, 13) -> Nueva solución con coste 3594
Intercambio (6, 18) -> Peor solución (coste 3596) — no aceptada
Intercambio (1, 6) -> Peor solución (coste 3602) — no aceptada
Intercambio (1, 15) -> Peor solución (coste 3606) — no aceptada
Intercambio (7, 13) -> Nueva solución con coste 3602
Intercambio (7, 10) -> Nueva solución con coste 3598
Intercambio (6, 15) -> Peor solución (coste 3598) — no aceptada
Intercambio (6, 18) -> Peor solución (coste 3600) — no aceptada
Intercambio (15, 18) -> Peor solución (coste 3600) — no aceptada
Intercambio (7, 10) -> Peor solución (coste 3600) — no aceptada
Intercambio (1, 15) -> Peor solución (coste 3602) — no aceptada
Intercambio (1, 18) -> Nueva solución con coste 3596
Intercambio (7, 13) -> Nueva solución con coste 3594
Intercambio (6, 18) -> Peor solución (coste 3596) — no aceptada
Intercambio (1, 6) -> Peor solución (coste 3602) — no aceptada
Intercambio (1, 15) -> Peor solución (coste 3606) — no aceptada
Intercambio (7, 13) -> Nueva solución con coste 3602
Intercambio (7, 10) -> Nueva solución con coste 3598
Intercambio (6, 15) -> Peor solución (coste 3598) — no aceptada
Intercambio (6, 18) -> Peor solución (coste 3600) — no aceptada
Intercambio (15, 18) -> Peor solución (coste 3600) — no aceptada
Intercambio (7, 10) -> Peor solución (coste 3600) — no aceptada
Intercambio (1, 15) -> Peor solución (coste 3602) — no aceptada
Intercambio (1, 18) -> Nueva solución con coste 3596
Intercambio (7, 13) -> Nueva solución con coste 3594
Intercambio (6, 18) -> Peor solución (coste 3596) — no aceptada
Intercambio (1, 6) -> Peor solución (coste 3602) — no aceptada
Intercambio (1, 15) -> Peor solución (coste 3606) — no aceptada
Intercambio (7, 13) -> Nueva solución con coste 3602
Intercambio (7, 10) -> Nueva solución con coste 3598
Intercambio (6, 15) -> Peor solución (coste 3598) — no aceptada
Intercambio (6, 18) -> Peor solución (coste 3600) — no aceptada
Intercambio (0, 18) -> Peor solución (coste 3600) — no aceptada
Intercambio (7, 10) -> Peor solución (coste 3600) — no aceptada
Intercambio (1, 15) -> Nueva solución con coste 3596
Intercambio (7, 13) -> Nueva solución con coste 3594
Intercambio (6, 18) -> Peor solución (coste 3596) — no aceptada
Intercambio (1, 6) -> Peor solución (coste 3602) — no aceptada
Intercambio (1, 15) -> Peor solución (coste 3606) — no aceptada
Intercambio (7, 13) -> Nueva solución con coste 3602
Intercambio (7, 10) -> Nueva solución con coste 3598
Intercambio (6, 15) -> Peor solución (coste 3598) — no aceptada
Intercambio (6, 18) -> Peor solución (coste 3600) — no aceptada
Intercambio (15, 18) -> Peor solución (coste 3600) — no aceptada
Intercambio (7, 10) -> Peor solución (coste 3600) — no aceptada
Intercambio (1, 15) -> Peor solución (coste 3602) — no aceptada
Intercambio (1, 18) -> Nueva solución con coste 3596
Intercambio (7, 13) -> Nueva solución con coste 3594
Intercambio (6, 18) -> Peor solución (coste 3596) — no aceptada
Intercambio (1, 6) -> Peor solución (coste 3602) — no aceptada
Intercambio (1, 15) -> Peor solución (coste 3606) — no aceptada
Intercambio (7, 13) -> Nueva solución con coste 3602
Intercambio (7, 10) -> Nueva solución con coste 3598
Intercambio (6, 15) -> Peor solución (coste 3598) — no aceptada
Intercambio (6, 18) -> Peor solución (coste 3600) — no aceptada
Intercambio (15, 18) -> Peor solución (coste 3600) — no aceptada
Intercambio (7, 10) -> Peor solución (coste 3600) — no aceptada
Intercambio (1, 15) -> Peor solución (coste 3602) — no aceptada
Intercambio (1, 18) -> Nueva solución con coste 3596
Intercambio (7, 13) -> Nueva solución con coste 3594
Intercambio (6, 18) -> Peor solución (coste 3596) — no aceptada
Intercambio (1, 6) -> Peor solución (coste 3602) — no aceptada
Intercambio (1, 15) -> Peor solución (coste 3606) — no aceptada
Intercambio (7, 13) -> Nueva solución con coste 3602
Intercambio (7, 10) -> Nueva solución con coste 3598
Intercambio (6, 15) -> Peor solución (coste 3598) — no aceptada
Intercambio (6, 18) -> Peor solución (coste 3600) — no aceptada
Intercambio (15, 18) -> Peor solución (coste 3600) — no aceptada
Intercambio (7, 10) -> Peor solución (coste 3600) — no aceptada
Intercambio (1, 15) -> Peor solución (coste 3602) — no aceptada
Intercambio (1, 18) -> Nueva solución con coste 3596
Intercambio (7, 13) -> Nueva solución con coste 3594
Intercambio (6, 18) -> Peor solución (coste 3596) — no aceptada
Intercambio (1, 6) -> Peor solución (coste 3602) — no aceptada
Intercambio (1, 15) -> Peor solución (coste 3606) — no aceptada
Intercambio (7, 13) -> Nueva solución con coste 3602
Intercambio (7, 10) -> Nueva solución con coste 3598
Intercambio (6, 15) -> Peor solución (coste 3598) — no aceptada
Intercambio (6, 18) -> Peor solución (coste 3600) — no aceptada
Intercambio (15, 18) -> Peor solución (coste 3600) — no aceptada
Intercambio (7, 10) -> Peor solución (coste 3600) — no aceptada
Intercambio (1, 15) -> Peor solución (coste 3602) — no aceptada
Intercambio (1, 18) -> Nueva solución con coste 3596
Intercambio (0, 18) -> Peor solución (coste 3596) — no aceptada
Intercambio (7, 13) -> Nueva solución con coste 3594
Intercambio (6, 18) -> Peor solución (coste 3596) — no aceptada
Intercambio (1, 6) -> Peor solución (coste 3602) — no aceptada
Intercambio (1, 15) -> Peor solución (coste 3606) — no aceptada
Intercambio (7, 13) -> Nueva solución con coste 3602
Intercambio (7, 10) -> Nueva solución con coste 3598
Intercambio (6, 15) -> Peor solución (coste 3598) — no aceptada
Intercambio (6, 18) -> Peor solución (coste 3600) — no aceptada
Intercambio (15, 18) -> Peor solución (coste 3600) — no aceptada
Intercambio (7, 10) -> Peor solución (coste 3600) — no aceptada
Intercambio (1, 15) -> Peor solución (coste 3602) — no aceptada
Intercambio (1, 18) -> Nueva solución con coste 3596
Intercambio (7, 13) -> Nueva solución con coste 3594
Intercambio (6, 18) -> Peor solución (coste 3596) — no aceptada
Intercambio (1, 6) -> Peor solución (coste 3602) — no aceptada
Intercambio (1, 15) -> Peor solución (coste 3606) — no aceptada
Intercambio (7, 13) -> Nueva solución con coste 3602
Intercambio (7, 10) -> Nueva solución con coste 3598
Intercambio (6, 15) -> Peor solución (coste 3598) — no aceptada
Intercambio (6, 18) -> Peor solución (coste 3600) — no aceptada
Intercambio (15, 18) -> Peor solución (coste 3600) — no aceptada
Intercambio (7, 10) -> Peor solución (coste 3600) — no aceptada
Intercambio (1, 15) -> Peor solución (coste 3602) — no aceptada
Intercambio (1, 18) -> Nueva solución con coste 3596
Intercambio (7, 13) -> Nueva solución con coste 3594
Intercambio (6, 18) -> Peor solución (coste 3596) — no aceptada
Intercambio (1, 6) -> Peor solución (coste 3602) — no aceptada
Intercambio (1, 15) -> Peor solución (coste 3606) — no aceptada
Intercambio (7, 13) -> Nueva solución con coste 3602
Intercambio (7, 10) -> Nueva solución con coste 3598
Intercambio (6, 15) -> Peor solución (coste 3598) — no aceptada
Intercambio (6, 18) -> Peor solución (coste 3600) — no aceptada
Intercambio (15, 18) -> Peor solución (coste 3600) — no aceptada
Intercambio (7, 10) -> Peor solución (coste 3600) — no aceptada
Intercambio (1, 15) -> Peor solución (coste 3602) — no aceptada
Intercambio (1, 18) -> Nueva solución con coste 3596
Intercambio (7, 13) -> Nueva solución con coste 3594
Intercambio (6, 18) -> Peor solución (coste 3596) — no aceptada
Intercambio (1, 6) -> Peor solución (coste 3602) — no aceptada
Intercambio (1, 15) -> Peor solución (coste 3606) — no aceptada
Intercambio (7, 13) -> Nueva solución con coste 3602
Intercambio (7, 10) -> Nueva solución con coste 3598
Intercambio (6, 15) -> Peor solución (coste 3598) — no aceptada
Intercambio (6, 18) -> Peor solución (coste 3600) — no aceptada
Intercambio (15, 18) -> Peor solución (coste 3600) — no aceptada
Intercambio (7, 10) -> Peor solución (coste 3600) — no aceptada
Intercambio (1, 15) -> Peor solución (coste 3602) — no aceptada
Intercambio (1, 18) -> Nueva solución con coste 3596
Intercambio (7, 13) -> Nueva solución con coste 3594
Intercambio (6, 18) -> Peor solución (coste 3596) — no aceptada
Intercambio (2, 5) -> Peor solución (coste 3596) — no aceptada
Intercambio (1, 6) -> Peor solución (coste 3602) — no aceptada
Intercambio (7, 13) -> Peor solución (coste 3604) — no aceptada
Intercambio (1, 15) -> Nueva solución con coste 3602
Intercambio (7, 10) -> Nueva solución con coste 3598
Intercambio (6, 15) -> Peor solución (coste 3598) — no aceptada
Intercambio (6, 18) -> Peor solución (coste 3600) — no aceptada
Intercambio (15, 18) -> Peor solución (coste 3600) — no aceptada
Intercambio (7, 10) -> Peor solución (coste 3600) — no aceptada
Intercambio (1, 15) -> Peor solución (coste 3602) — no aceptada
Intercambio (1, 18) -> Nueva solución con coste 3596
Intercambio (7, 13) -> Nueva solución con coste 3594
Intercambio (6, 18) -> Peor solución (coste 3596) — no aceptada
Intercambio (1, 6) -> Peor solución (coste 3602) — no aceptada
Intercambio (1, 15) -> Peor solución (coste 3606) — no aceptada
Intercambio (7, 13) -> Nueva solución con coste 3602
Intercambio (7, 10) -> Nueva solución con coste 3598
Intercambio (6, 15) -> Peor solución (coste 3598) — no aceptada
Intercambio (6, 18) -> Peor solución (coste 3600) — no aceptada
Intercambio (15, 18) -> Peor solución (coste 3600) — no aceptada
Intercambio (7, 10) -> Peor solución (coste 3600) — no aceptada
Intercambio (1, 15) -> Peor solución (coste 3602) — no aceptada
Intercambio (1, 18) -> Nueva solución con coste 3596
Intercambio (7, 13) -> Nueva solución con coste 3594
Intercambio (6, 18) -> Peor solución (coste 3596) — no aceptada
Intercambio (1, 6) -> Peor solución (coste 3602) — no aceptada
Intercambio (1, 15) -> Peor solución (coste 3606) — no aceptada
Intercambio (7, 13) -> Nueva solución con coste 3602
Intercambio (7, 10) -> Nueva solución con coste 3598
Intercambio (6, 15) -> Peor solución (coste 3598) — no aceptada
Intercambio (6, 18) -> Peor solución (coste 3600) — no aceptada
Intercambio (15, 18) -> Peor solución (coste 3600) — no aceptada
Intercambio (7, 10) -> Peor solución (coste 3600) — no aceptada
Intercambio (1, 15) -> Peor solución (coste 3602) — no aceptada
Intercambio (1, 18) -> Nueva solución con coste 3596
Intercambio (7, 13) -> Nueva solución con coste 3594
Intercambio (6, 18) -> Peor solución (coste 3596) — no aceptada
Intercambio (1, 6) -> Peor solución (coste 3602) — no aceptada
Intercambio (1, 15) -> Peor solución (coste 3606) — no aceptada
Intercambio (7, 13) -> Nueva solución con coste 3602
Intercambio (7, 10) -> Nueva solución con coste 3598
Intercambio (6, 15) -> Peor solución (coste 3598) — no aceptada
Intercambio (6, 18) -> Peor solución (coste 3600) — no aceptada
Intercambio (15, 18) -> Peor solución (coste 3600) — no aceptada
Intercambio (7, 10) -> Peor solución (coste 3600) — no aceptada
Intercambio (1, 15) -> Peor solución (coste 3602) — no aceptada
Intercambio (1, 18) -> Nueva solución con coste 3596
Intercambio (7, 13) -> Nueva solución con coste 3594
Intercambio (6, 18) -> Peor solución (coste 3596) — no aceptada
Intercambio (1, 6) -> Peor solución (coste 3602) — no aceptada
Intercambio (1, 15) -> Peor solución (coste 3606) — no aceptada
Intercambio (7, 10) -> Nueva solución con coste 3598
Intercambio (6, 15) -> Peor solución (coste 3598) — no aceptada
Intercambio (6, 18) -> Peor solución (coste 3600) — no aceptada
Intercambio (15, 18) -> Peor solución (coste 3600) — no aceptada
Intercambio (7, 10) -> Peor solución (coste 3600) — no aceptada
Intercambio (1, 15) -> Peor solución (coste 3602) — no aceptada
Intercambio (1, 18) -> Nueva solución con coste 3596
Intercambio (7, 13) -> Nueva solución con coste 3594
Intercambio (6, 18) -> Peor solución (coste 3596) — no aceptada
Intercambio (1, 6) -> Peor solución (coste 3602) — no aceptada
Intercambio (1, 15) -> Peor solución (coste 3606) — no aceptada
Intercambio (7, 13) -> Nueva solución con coste 3602
Intercambio (7, 10) -> Nueva solución con coste 3598
Intercambio (6, 15) -> Peor solución (coste 3598) — no aceptada
Intercambio (6, 18) -> Peor solución (coste 3600) — no aceptada
Intercambio (15, 18) -> Peor solución (coste 3600) — no aceptada
Intercambio (7, 10) -> Peor solución (coste 3600) — no aceptada
Intercambio (1, 15) -> Peor solución (coste 3602) — no aceptada
Intercambio (1, 18) -> Nueva solución con coste 3596
Intercambio (7, 13) -> Nueva solución con coste 3594
Intercambio (6, 18) -> Peor solución (coste 3596) — no aceptada
Intercambio (1, 6) -> Peor solución (coste 3602) — no aceptada
Intercambio (1, 15) -> Peor solución (coste 3606) — no aceptada
Intercambio (7, 13) -> Nueva solución con coste 3602
Intercambio (7, 10) -> Nueva solución con coste 3598
Intercambio (6, 15) -> Peor solución (coste 3598) — no aceptada
Intercambio (6, 18) -> Peor solución (coste 3600) — no aceptada
Intercambio (15, 18) -> Peor solución (coste 3600) — no aceptada
Intercambio (7, 10) -> Peor solución (coste 3600) — no aceptada
Intercambio (1, 15) -> Peor solución (coste 3602) — no aceptada
Intercambio (1, 18) -> Nueva solución con coste 3596
Intercambio (7, 13) -> Nueva solución con coste 3594
Intercambio (6, 18) -> Peor solución (coste 3596) — no aceptada
Intercambio (1, 6) -> Peor solución (coste 3602) — no aceptada
Intercambio (1, 15) -> Peor solución (coste 3606) — no aceptada
Intercambio (7, 13) -> Nueva solución con coste 3602
Intercambio (7, 10) -> Nueva solución con coste 3598
Intercambio (6, 15) -> Peor solución (coste 3598) — no aceptada
Intercambio (6, 18) -> Peor solución (coste 3600) — no aceptada
Intercambio (15, 18) -> Peor solución (coste 3600) — no aceptada
Intercambio (7, 10) -> Peor solución (coste 3600) — no aceptada
Intercambio (1, 15) -> Peor solución (coste 3602) — no aceptada
Intercambio (1, 18) -> Nueva solución con coste 3596
Intercambio (7, 13) -> Nueva solución con coste 3594
Intercambio (6, 18) -> Peor solución (coste 3596) — no aceptada
Intercambio (1, 6) -> Peor solución (coste 3602) — no aceptada
Intercambio (1, 15) -> Peor solución (coste 3606) — no aceptada
Intercambio (7, 13) -> Nueva solución con coste 3602
Intercambio (7, 10) -> Nueva solución con coste 3598
Intercambio (6, 15) -> Peor solución (coste 3598) — no aceptada
Intercambio (6, 18) -> Peor solución (coste 3600) — no aceptada
Intercambio (14, 15) -> Peor solución (coste 3600) — no aceptada
Intercambio (7, 10) -> Peor solución (coste 3600) — no aceptada
Intercambio (1, 15) -> Nueva solución con coste 3596
Intercambio (7, 13) -> Nueva solución con coste 3594
Intercambio (6, 18) -> Peor solución (coste 3596) — no aceptada
Intercambio (1, 6) -> Peor solución (coste 3602) — no aceptada
Intercambio (1, 15) -> Peor solución (coste 3606) — no aceptada
Intercambio (7, 13) -> Nueva solución con coste 3602
Intercambio (7, 10) -> Nueva solución con coste 3598
Intercambio (6, 15) -> Peor solución (coste 3598) — no aceptada
Intercambio (6, 18) -> Peor solución (coste 3600) — no aceptada
Intercambio (15, 18) -> Peor solución (coste 3600) — no aceptada
Intercambio (7, 10) -> Peor solución (coste 3600) — no aceptada
Intercambio (1, 15) -> Peor solución (coste 3602) — no aceptada
Intercambio (1, 18) -> Nueva solución con coste 3596
Intercambio (7, 13) -> Nueva solución con coste 3594
Intercambio (6, 18) -> Peor solución (coste 3596) — no aceptada
Intercambio (1, 6) -> Peor solución (coste 3602) — no aceptada
Intercambio (1, 15) -> Peor solución (coste 3606) — no aceptada
Intercambio (7, 13) -> Nueva solución con coste 3602
Intercambio (7, 10) -> Nueva solución con coste 3598
Intercambio (6, 15) -> Peor solución (coste 3598) — no aceptada
Intercambio (6, 18) -> Peor solución (coste 3600) — no aceptada
Intercambio (15, 18) -> Peor solución (coste 3600) — no aceptada
Intercambio (7, 10) -> Peor solución (coste 3600) — no aceptada
Intercambio (1, 15) -> Peor solución (coste 3602) — no aceptada
Intercambio (1, 18) -> Nueva solución con coste 3596
Intercambio (7, 13) -> Nueva solución con coste 3594
Intercambio (6, 18) -> Peor solución (coste 3596) — no aceptada
Intercambio (1, 6) -> Peor solución (coste 3602) — no aceptada
Intercambio (1, 15) -> Peor solución (coste 3606) — no aceptada
Intercambio (7, 13) -> Nueva solución con coste 3602
Intercambio (7, 10) -> Nueva solución con coste 3598
Intercambio (6, 15) -> Peor solución (coste 3598) — no aceptada
Intercambio (6, 18) -> Peor solución (coste 3600) — no aceptada
Intercambio (15, 18) -> Peor solución (coste 3600) — no aceptada
Intercambio (7, 10) -> Peor solución (coste 3600) — no aceptada
Intercambio (1, 15) -> Peor solución (coste 3602) — no aceptada
Intercambio (1, 18) -> Nueva solución con coste 3596
Intercambio (7, 13) -> Nueva solución con coste 3594
Intercambio (6, 18) -> Peor solución (coste 3596) — no aceptada
Intercambio (1, 6) -> Peor solución (coste 3602) — no aceptada
Intercambio (1, 15) -> Peor solución (coste 3606) — no aceptada
Intercambio (7, 13) -> Nueva solución con coste 3602
Intercambio (7, 10) -> Nueva solución con coste 3598
Intercambio (6, 15) -> Peor solución (coste 3598) — no aceptada
Intercambio (6, 18) -> Peor solución (coste 3600) — no aceptada
Intercambio (15, 18) -> Peor solución (coste 3600) — no aceptada
Intercambio (7, 10) -> Peor solución (coste 3600) — no aceptada
Intercambio (1, 15) -> Peor solución (coste 3602) — no aceptada
Intercambio (1, 18) -> Nueva solución con coste 3596
Intercambio (15, 18) -> Peor solución (coste 3600) — no aceptada
Intercambio (7, 10) -> Peor solución (coste 3600) — no aceptada
Intercambio (6, 18) -> Nueva solución con coste 3598
Intercambio (6, 15) -> Peor solución (coste 3598) — no aceptada
Intercambio (12, 13) -> Peor solución (coste 3602) — no aceptada
Intercambio (10, 18) -> Peor solución (coste 3608) — no aceptada
Intercambio (15, 18) -> Peor solución (coste 3608) — no aceptada
Intercambio (6, 18) -> Peor solución (coste 3608) — no aceptada
Intercambio (12, 13) -> Nueva solución con coste 3604
Intercambio (7, 10) -> Nueva solución con coste 3600
Intercambio (0, 7) -> Peor solución (coste 3604) — no aceptada
Intercambio (0, 9) -> Nueva solución con coste 3602
Intercambio (6, 18) -> Peor solución (coste 3602) — no aceptada
Intercambio (1, 15) -> Peor solución (coste 3608) — no aceptada
Intercambio (1, 18) -> Nueva solución con coste 3606
Intercambio (16, 18) -> Peor solución (coste 3606) — no aceptada
Intercambio (0, 9) -> Peor solución (coste 3608) — no aceptada
Intercambio (0, 16) -> Peor solución (coste 3608) — no aceptada
Intercambio (8, 16) -> Nueva solución con coste 3606
Intercambio (6, 18) -> Nueva solución con coste 3602
Intercambio (0, 15) -> Peor solución (coste 3602) — no aceptada
Intercambio (0, 1) -> Peor solución (coste 3608) — no aceptada
Intercambio (0, 18) -> Nueva solución con coste 3602
Intercambio (1, 15) -> Peor solución (coste 3608) — no aceptada
Intercambio (1, 18) -> Nueva solución con coste 3606
Intercambio (16, 18) -> Nueva solución con coste 3604
Intercambio (10, 16) -> Nueva solución con coste 3600
Intercambio (1, 15) -> Peor solución (coste 3600) — no aceptada
Intercambio (10, 15) -> Peor solución (coste 3600) — no aceptada
Intercambio (10, 14) -> Peor solución (coste 3604) — no aceptada
Intercambio (4, 9) -> Peor solución (coste 3612) — no aceptada
Intercambio (1, 15) -> Peor solución (coste 3616) — no aceptada
Intercambio (1, 14) -> Peor solución (coste 3622) — no aceptada
Intercambio (10, 14) -> Nueva solución con coste 3606
Intercambio (4, 9) -> Nueva solución con coste 3600
Intercambio (1, 15) -> Peor solución (coste 3600) — no aceptada
Intercambio (10, 15) -> Peor solución (coste 3600) — no aceptada
Intercambio (10, 14) -> Peor solución (coste 3604) — no aceptada
Intercambio (4, 9) -> Peor solución (coste 3612) — no aceptada
Intercambio (1, 15) -> Peor solución (coste 3616) — no aceptada
Intercambio (1, 14) -> Peor solución (coste 3622) — no aceptada
Intercambio (10, 14) -> Nueva solución con coste 3606
Intercambio (4, 9) -> Nueva solución con coste 3600
Intercambio (1, 15) -> Peor solución (coste 3600) — no aceptada
Intercambio (10, 15) -> Peor solución (coste 3600) — no aceptada
Intercambio (10, 14) -> Peor solución (coste 3604) — no aceptada
Intercambio (4, 9) -> Peor solución (coste 3612) — no aceptada
Intercambio (1, 15) -> Peor solución (coste 3616) — no aceptada
Intercambio (1, 14) -> Peor solución (coste 3622) — no aceptada
Intercambio (10, 14) -> Nueva solución con coste 3606
Intercambio (4, 9) -> Nueva solución con coste 3600
Intercambio (1, 15) -> Peor solución (coste 3600) — no aceptada
Intercambio (10, 16) -> Peor solución (coste 3604) — no aceptada
Intercambio (8, 10) -> Peor solución (coste 3606) — no aceptada
Intercambio (16, 18) -> Peor solución (coste 3608) — no aceptada
Intercambio (8, 16) -> Peor solución (coste 3608) — no aceptada
Intercambio (1, 15) -> Peor solución (coste 3608) — no aceptada
Intercambio (8, 13) -> Nueva solución con coste 3606
Intercambio (15, 18) -> Peor solución (coste 3606) — no aceptada
Intercambio (13, 18) -> Peor solución (coste 3610) — no aceptada
Intercambio (13, 15) -> Nueva solución con coste 3608
Intercambio (8, 13) -> Peor solución (coste 3610) — no aceptada
Intercambio (8, 10) -> Nueva solución con coste 3600
Intercambio (1, 15) -> Peor solución (coste 3600) — no aceptada
Intercambio (10, 16) -> Peor solución (coste 3604) — no aceptada
Intercambio (16, 18) -> Peor solución (coste 3606) — no aceptada
Intercambio (0, 18) -> Nueva solución con coste 3602
Intercambio (0, 15) -> Peor solución (coste 3602) — no aceptada
Intercambio (6, 18) -> Peor solución (coste 3606) — no aceptada
Intercambio (15, 16) -> Peor solución (coste 3606) — no aceptada
Intercambio (0, 1) -> Peor solución (coste 3612) — no aceptada
Intercambio (0, 6) -> Peor solución (coste 3612) — no aceptada
Intercambio (6, 18) -> Peor solución (coste 3612) — no aceptada
Intercambio (15, 16) -> Nueva solución con coste 3602
Intercambio (0, 18) -> Peor solución (coste 3608) — no aceptada
Intercambio (0, 1) -> Nueva solución con coste 3602
Intercambio (0, 15) -> Peor solución (coste 3602) — no aceptada
Intercambio (0, 9) -> Peor solución (coste 3606) — no aceptada
Intercambio (1, 15) -> Peor solución (coste 3610) — no aceptada
Intercambio (6, 15) -> Peor solución (coste 3610) — no aceptada
Intercambio (8, 16) -> Peor solución (coste 3612) — no aceptada
Intercambio (9, 16) -> Nueva solución con coste 3606
Intercambio (15, 16) -> Nueva solución con coste 3602
Intercambio (6, 18) -> Peor solución (coste 3602) — no aceptada
Intercambio (0, 9) -> Peor solución (coste 3604) — no aceptada
Intercambio (0, 7) -> Nueva solución con coste 3600
Intercambio (7, 10) -> Peor solución (coste 3604) — no aceptada
Intercambio (6, 18) -> Peor solución (coste 3604) — no aceptada
Intercambio (15, 18) -> Peor solución (coste 3604) — no aceptada
Intercambio (10, 18) -> Nueva solución con coste 3598
Intercambio (6, 15) -> Peor solución (coste 3598) — no aceptada
Intercambio (6, 18) -> Peor solución (coste 3600) — no aceptada
Intercambio (7, 10) -> Peor solución (coste 3600) — no aceptada
Intercambio (1, 15) -> Nueva solución con coste 3596
Intercambio (7, 13) -> Nueva solución con coste 3594
Intercambio (6, 18) -> Peor solución (coste 3596) — no aceptada
Intercambio (1, 6) -> Peor solución (coste 3602) — no aceptada
Intercambio (1, 15) -> Peor solución (coste 3606) — no aceptada
Intercambio (7, 13) -> Nueva solución con coste 3602
Intercambio (7, 10) -> Nueva solución con coste 3598
Intercambio (6, 15) -> Peor solución (coste 3598) — no aceptada
Intercambio (6, 18) -> Peor solución (coste 3600) — no aceptada
Intercambio (2, 5) -> Peor solución (coste 3600) — no aceptada

Solución final
--------------
[8, 15, 4, 3, 12, 11, 9, 7, 1, 19, 2, 16, 6, 0, 18, 17, 13, 10, 14, 5]
Coste final: 3840
Duración: 0.106 segundos
