========================================
 RESUMEN DE EJECUCIÓN 
========================================
Algoritmo:      Memetico
Archivo:        ford04.dat
Semilla:        53054673
----------------------------------------
Población:      100
kBest:          2
kWorst:         3
Elite:          1
Cruce:          OX2
----------------------------------------
PARAMETROS MEMÉTICO (BT):
Evaluaciones BT: 5000 evaluaciones
Iteraciones BT: 100 iteraciones (Profundidad)
----------------------------------------
RESULTADOS FINALES:
Evaluaciones Max: 10000
Generaciones:     8861
Tiempo (ms):    224
Costo Final:    156770
Solución:       [0, 1, 2, 3, 4, 5, 6, 7, 8, 9, 10, 11, 20, 13, 18, 15, 16, 17, 18, 18, 20, 21, 22, 18, 24, 25, 26, 27, 28, 29]
========================================
