========================================
 RESUMEN DE EJECUCIÓN 
========================================
Algoritmo:      Memetico
Archivo:        ford02.dat
Semilla:        35470364
----------------------------------------
Población:      100
kBest:          2
kWorst:         3
Elite:          1
Cruce:          OX2
----------------------------------------
PARAMETROS MEMÉTICO (BT):
Evaluaciones BT: 5000 evaluaciones
Iteraciones BT: 50 iteraciones (Profundidad)
----------------------------------------
RESULTADOS FINALES:
Evaluaciones Max: 10000
Generaciones:     9070
Tiempo (ms):    137
Costo Final:    31238
Solución:       [12, 1, 2, 8, 7, 12, 5, 19, 3, 10, 11, 9, 0, 4, 13, 6, 16, 17, 15, 18]
========================================
