========================================
 RESUMEN DE EJECUCIÓN 
========================================
Algoritmo:      Memetico
Archivo:        ford04.dat
Semilla:        40753067
----------------------------------------
Población:      100
kBest:          2
kWorst:         3
Elite:          1
Cruce:          OX2
----------------------------------------
PARAMETROS MEMÉTICO (BT):
Evaluaciones BT: 2000 evaluaciones
Iteraciones BT: 10 iteraciones (Profundidad)
----------------------------------------
RESULTADOS FINALES:
Evaluaciones Max: 10000
Generaciones:     8867
Tiempo (ms):    154
Costo Final:    177022
Solución:       [24, 20, 16, 4, 18, 25, 12, 5, 29, 27, 8, 0, 21, 2, 13, 19, 17, 15, 9, 28, 14, 1, 6, 11, 22, 23, 26, 3, 7, 10]
========================================
