========================================
 RESUMEN DE EJECUCIÓN 
========================================
Algoritmo:      Memetico
Archivo:        ford04.dat
Semilla:        5430765
----------------------------------------
Población:      100
kBest:          2
kWorst:         3
Elite:          1
Cruce:          OX2
----------------------------------------
PARAMETROS MEMÉTICO (BT):
Evaluaciones BT: 5000 evaluaciones
Iteraciones BT: 50 iteraciones (Profundidad)
----------------------------------------
RESULTADOS FINALES:
Evaluaciones Max: 10000
Generaciones:     8798
Tiempo (ms):    168
Costo Final:    173218
Solución:       [5, 1, 27, 20, 12, 9, 3, 17, 19, 14, 16, 25, 21, 2, 29, 10, 22, 26, 7, 11, 23, 24, 15, 4, 18, 28, 6, 0, 8, 13]
========================================
