Parámetros del algoritmo
------------------------
Algoritmo: BusquedaTabu
Dataset: ford02.dat
Semilla: 5430765

Solución inicial y su coste
---------------------------
[16, 3, 19, 17, 1, 14, 18, 5, 4, 7, 9, 0, 8, 12, 10, 11, 2, 13, 15, 6]
Coste: 31358

Evolución de la búsqueda
------------------------
Intercambio (6, 19) -> Peor solución (coste 31534) — no aceptada
Intercambio (15, 18) -> Nueva solución con coste 31138
Intercambio (10, 13) -> Nueva solución con coste 30958
Intercambio (10, 14) -> Peor solución (coste 31054) — no aceptada
Intercambio (1, 4) -> Peor solución (coste 31094) — no aceptada
Intercambio (4, 15) -> Nueva solución con coste 30936
Intercambio (10, 14) -> Nueva solución con coste 30902
Intercambio (9, 13) -> Nueva solución con coste 30898
Intercambio (10, 13) -> Peor solución (coste 31030) — no aceptada
Intercambio (9, 10) -> Nueva solución con coste 31010
Intercambio (7, 10) -> Nueva solución con coste 30984
Intercambio (3, 15) -> Peor solución (coste 31024) — no aceptada
Intercambio (4, 12) -> Nueva solución con coste 30872
Intercambio (12, 17) -> Nueva solución con coste 30628
Intercambio (14, 17) -> Nueva solución con coste 30450
Intercambio (5, 17) -> Peor solución (coste 30496) — no aceptada
Intercambio (15, 17) -> Nueva solución con coste 30368
Intercambio (14, 15) -> Nueva solución con coste 30362
Intercambio (5, 14) -> Peor solución (coste 30496) — no aceptada
Intercambio (5, 15) -> Peor solución (coste 30564) — no aceptada
Intercambio (7, 9) -> Peor solución (coste 30734) — no aceptada
Intercambio (10, 14) -> Peor solución (coste 30870) — no aceptada
Intercambio (14, 15) -> Nueva solución con coste 30606
Intercambio (2, 16) -> Peor solución (coste 30610) — no aceptada
Intercambio (5, 15) -> Nueva solución con coste 30554
Intercambio (4, 8) -> Nueva solución con coste 29812
Intercambio (16, 19) -> Nueva solución con coste 29524
Intercambio (0, 18) -> Nueva solución con coste 29212
Intercambio (16, 18) -> Nueva solución con coste 28940
Intercambio (0, 11) -> Nueva solución con coste 27766
Intercambio (12, 13) -> Nueva solución con coste 26876
Intercambio (14, 15) -> Peor solución (coste 27650) — no aceptada
Intercambio (3, 15) -> Peor solución (coste 28098) — no aceptada
Intercambio (3, 14) -> Nueva solución con coste 27656
Intercambio (10, 12) -> Peor solución (coste 28106) — no aceptada
Intercambio (12, 13) -> Peor solución (coste 28620) — no aceptada
Intercambio (3, 15) -> Nueva solución con coste 28116
Intercambio (10, 13) -> Nueva solución con coste 27766
Intercambio (10, 12) -> Peor solución (coste 28130) — no aceptada
Intercambio (12, 13) -> Nueva solución con coste 27670
Intercambio (3, 6) -> Peor solución (coste 28262) — no aceptada
Intercambio (10, 13) -> Peor solución (coste 28284) — no aceptada
Intercambio (10, 12) -> Peor solución (coste 28524) — no aceptada
Intercambio (6, 15) -> Peor solución (coste 28856) — no aceptada
Intercambio (3, 6) -> Nueva solución con coste 28106
Intercambio (3, 15) -> Nueva solución con coste 27686
Intercambio (10, 12) -> Nueva solución con coste 26876
Intercambio (14, 15) -> Peor solución (coste 27650) — no aceptada
Intercambio (3, 14) -> Peor solución (coste 28150) — no aceptada
Intercambio (3, 15) -> Nueva solución con coste 27818
Intercambio (10, 13) -> Peor solución (coste 28396) — no aceptada
Intercambio (14, 15) -> Peor solución (coste 28724) — no aceptada
Intercambio (3, 14) -> Nueva solución con coste 28390
Intercambio (3, 15) -> Nueva solución con coste 27670
Intercambio (10, 13) -> Nueva solución con coste 26876
Intercambio (14, 15) -> Peor solución (coste 27650) — no aceptada
Intercambio (3, 14) -> Peor solución (coste 28150) — no aceptada
Intercambio (3, 15) -> Nueva solución con coste 27818
Intercambio (10, 13) -> Peor solución (coste 28396) — no aceptada
Intercambio (14, 15) -> Peor solución (coste 28724) — no aceptada
Intercambio (3, 14) -> Nueva solución con coste 28390
Intercambio (3, 15) -> Nueva solución con coste 27670
Intercambio (10, 13) -> Nueva solución con coste 26876
Intercambio (14, 15) -> Peor solución (coste 27650) — no aceptada
Intercambio (3, 14) -> Peor solución (coste 28150) — no aceptada
Intercambio (3, 15) -> Nueva solución con coste 27818
Intercambio (10, 13) -> Peor solución (coste 28396) — no aceptada
Intercambio (14, 15) -> Peor solución (coste 28724) — no aceptada
Intercambio (3, 14) -> Nueva solución con coste 28390
Intercambio (3, 15) -> Nueva solución con coste 27670
Intercambio (10, 13) -> Nueva solución con coste 26876
Intercambio (14, 15) -> Peor solución (coste 27650) — no aceptada
Intercambio (3, 14) -> Peor solución (coste 28150) — no aceptada
Intercambio (3, 15) -> Nueva solución con coste 27818
Intercambio (10, 13) -> Peor solución (coste 28396) — no aceptada
Intercambio (14, 15) -> Peor solución (coste 28724) — no aceptada
Intercambio (3, 14) -> Nueva solución con coste 28390
Intercambio (3, 15) -> Nueva solución con coste 27670
Intercambio (10, 13) -> Nueva solución con coste 26876
Intercambio (14, 15) -> Peor solución (coste 27650) — no aceptada
Intercambio (3, 14) -> Peor solución (coste 28150) — no aceptada
Intercambio (3, 15) -> Nueva solución con coste 27818
Intercambio (10, 13) -> Nueva solución con coste 27670
Intercambio (10, 12) -> Peor solución (coste 28116) — no aceptada
Intercambio (12, 13) -> Nueva solución con coste 27686
Intercambio (3, 15) -> Peor solución (coste 28106) — no aceptada
Intercambio (3, 14) -> Peor solución (coste 28628) — no aceptada
Intercambio (10, 12) -> Nueva solución con coste 28098
Intercambio (14, 15) -> Nueva solución con coste 27818
Intercambio (3, 15) -> Peor solución (coste 28150) — no aceptada
Intercambio (3, 14) -> Nueva solución con coste 27650
Intercambio (10, 15) -> Peor solución (coste 28234) — no aceptada
Intercambio (14, 15) -> Nueva solución con coste 27826
Intercambio (10, 14) -> Nueva solución con coste 26876
Intercambio (3, 15) -> Peor solución (coste 27656) — no aceptada
Intercambio (3, 14) -> Peor solución (coste 28098) — no aceptada
Intercambio (14, 15) -> Nueva solución con coste 27818
Intercambio (10, 13) -> Peor solución (coste 28396) — no aceptada
Intercambio (3, 15) -> Peor solución (coste 28788) — no aceptada
Intercambio (3, 14) -> Nueva solución con coste 28396
Intercambio (14, 15) -> Nueva solución con coste 27670
Intercambio (10, 13) -> Nueva solución con coste 26876
Intercambio (3, 15) -> Peor solución (coste 27656) — no aceptada
Intercambio (3, 14) -> Peor solución (coste 28098) — no aceptada
Intercambio (14, 15) -> Nueva solución con coste 27818
Intercambio (10, 13) -> Peor solución (coste 28396) — no aceptada
Intercambio (3, 15) -> Peor solución (coste 28788) — no aceptada
Intercambio (3, 14) -> Nueva solución con coste 28396
Intercambio (14, 15) -> Nueva solución con coste 27670
Intercambio (10, 13) -> Nueva solución con coste 26876
Intercambio (3, 15) -> Peor solución (coste 27656) — no aceptada
Intercambio (3, 14) -> Peor solución (coste 28098) — no aceptada
Intercambio (14, 15) -> Nueva solución con coste 27818
Intercambio (10, 13) -> Peor solución (coste 28396) — no aceptada
Intercambio (3, 15) -> Peor solución (coste 28788) — no aceptada
Intercambio (3, 14) -> Nueva solución con coste 28396
Intercambio (14, 15) -> Nueva solución con coste 27670
Intercambio (10, 13) -> Nueva solución con coste 26876
Intercambio (3, 15) -> Peor solución (coste 27656) — no aceptada
Intercambio (3, 14) -> Peor solución (coste 28098) — no aceptada
Intercambio (14, 15) -> Nueva solución con coste 27818
Intercambio (10, 13) -> Peor solución (coste 28396) — no aceptada
Intercambio (3, 15) -> Peor solución (coste 28788) — no aceptada
Intercambio (3, 14) -> Nueva solución con coste 28396
Intercambio (14, 15) -> Nueva solución con coste 27670
Intercambio (10, 13) -> Nueva solución con coste 26876
Intercambio (3, 15) -> Peor solución (coste 27656) — no aceptada
Intercambio (3, 14) -> Peor solución (coste 28098) — no aceptada
Intercambio (14, 15) -> Nueva solución con coste 27818
Intercambio (10, 13) -> Peor solución (coste 28396) — no aceptada
Intercambio (3, 15) -> Peor solución (coste 28788) — no aceptada
Intercambio (3, 14) -> Nueva solución con coste 28396
Intercambio (14, 15) -> Nueva solución con coste 27670
Intercambio (1, 6) -> Peor solución (coste 27670) — no aceptada
Intercambio (10, 13) -> Nueva solución con coste 26876
Intercambio (3, 15) -> Peor solución (coste 27656) — no aceptada
Intercambio (3, 14) -> Peor solución (coste 28098) — no aceptada
Intercambio (14, 15) -> Nueva solución con coste 27818
Intercambio (10, 13) -> Peor solución (coste 28396) — no aceptada
Intercambio (3, 15) -> Peor solución (coste 28788) — no aceptada
Intercambio (3, 14) -> Nueva solución con coste 28396
Intercambio (14, 15) -> Nueva solución con coste 27670
Intercambio (10, 13) -> Nueva solución con coste 26876
Intercambio (3, 15) -> Peor solución (coste 27656) — no aceptada
Intercambio (3, 14) -> Peor solución (coste 28098) — no aceptada
Intercambio (14, 15) -> Nueva solución con coste 27818
Intercambio (10, 13) -> Peor solución (coste 28396) — no aceptada
Intercambio (3, 15) -> Peor solución (coste 28788) — no aceptada
Intercambio (3, 14) -> Nueva solución con coste 28396
Intercambio (14, 15) -> Nueva solución con coste 27670
Intercambio (10, 13) -> Nueva solución con coste 26876
Intercambio (3, 15) -> Peor solución (coste 27656) — no aceptada
Intercambio (3, 14) -> Peor solución (coste 28098) — no aceptada
Intercambio (14, 15) -> Nueva solución con coste 27818
Intercambio (10, 13) -> Peor solución (coste 28396) — no aceptada
Intercambio (3, 15) -> Peor solución (coste 28788) — no aceptada
Intercambio (3, 14) -> Nueva solución con coste 28396
Intercambio (14, 15) -> Nueva solución con coste 27670
Intercambio (10, 13) -> Nueva solución con coste 26876
Intercambio (3, 15) -> Peor solución (coste 27656) — no aceptada
Intercambio (3, 14) -> Peor solución (coste 28098) — no aceptada
Intercambio (14, 15) -> Nueva solución con coste 27818
Intercambio (10, 13) -> Peor solución (coste 28396) — no aceptada
Intercambio (3, 15) -> Peor solución (coste 28788) — no aceptada
Intercambio (3, 14) -> Nueva solución con coste 28396
Intercambio (14, 15) -> Nueva solución con coste 27670
Intercambio (10, 13) -> Nueva solución con coste 26876
Intercambio (3, 15) -> Peor solución (coste 27656) — no aceptada
Intercambio (3, 14) -> Peor solución (coste 28098) — no aceptada
Intercambio (14, 15) -> Nueva solución con coste 27818
Intercambio (10, 13) -> Peor solución (coste 28396) — no aceptada
Intercambio (3, 15) -> Peor solución (coste 28788) — no aceptada
Intercambio (3, 14) -> Nueva solución con coste 28396
Intercambio (14, 15) -> Nueva solución con coste 27670
Intercambio (10, 13) -> Nueva solución con coste 26876
Intercambio (3, 15) -> Peor solución (coste 27656) — no aceptada
Intercambio (3, 14) -> Peor solución (coste 28098) — no aceptada
Intercambio (14, 15) -> Nueva solución con coste 27818
Intercambio (10, 13) -> Peor solución (coste 28396) — no aceptada
Intercambio (3, 15) -> Peor solución (coste 28788) — no aceptada
Intercambio (3, 14) -> Nueva solución con coste 28396
Intercambio (14, 15) -> Nueva solución con coste 27670
Intercambio (10, 13) -> Nueva solución con coste 26876
Intercambio (3, 15) -> Peor solución (coste 27656) — no aceptada
Intercambio (1, 6) -> Peor solución (coste 27656) — no aceptada
Intercambio (3, 14) -> Peor solución (coste 28098) — no aceptada
Intercambio (14, 15) -> Nueva solución con coste 27818
Intercambio (3, 15) -> Peor solución (coste 28150) — no aceptada
Intercambio (10, 12) -> Peor solución (coste 28644) — no aceptada
Intercambio (3, 14) -> Nueva solución con coste 28444
Intercambio (14, 15) -> Nueva solución con coste 27686
Intercambio (3, 15) -> Peor solución (coste 28106) — no aceptada
Intercambio (10, 12) -> Nueva solución con coste 27656
Intercambio (3, 14) -> Peor solución (coste 28098) — no aceptada
Intercambio (14, 15) -> Nueva solución con coste 27818
Intercambio (3, 15) -> Peor solución (coste 28150) — no aceptada
Intercambio (10, 12) -> Peor solución (coste 28644) — no aceptada
Intercambio (3, 14) -> Nueva solución con coste 28444
Intercambio (14, 15) -> Nueva solución con coste 27686
Intercambio (3, 15) -> Peor solución (coste 28106) — no aceptada
Intercambio (10, 12) -> Nueva solución con coste 27656
Intercambio (3, 14) -> Peor solución (coste 28098) — no aceptada
Intercambio (14, 15) -> Nueva solución con coste 27818
Intercambio (3, 15) -> Peor solución (coste 28150) — no aceptada
Intercambio (10, 12) -> Peor solución (coste 28644) — no aceptada
Intercambio (3, 14) -> Nueva solución con coste 28444
Intercambio (14, 15) -> Nueva solución con coste 27686
Intercambio (3, 15) -> Peor solución (coste 28106) — no aceptada
Intercambio (10, 12) -> Nueva solución con coste 27656
Intercambio (3, 14) -> Peor solución (coste 28098) — no aceptada
Intercambio (14, 15) -> Nueva solución con coste 27818
Intercambio (3, 15) -> Peor solución (coste 28150) — no aceptada
Intercambio (10, 12) -> Peor solución (coste 28644) — no aceptada
Intercambio (3, 14) -> Nueva solución con coste 28444
Intercambio (14, 15) -> Nueva solución con coste 27686
Intercambio (3, 15) -> Peor solución (coste 28106) — no aceptada
Intercambio (10, 12) -> Nueva solución con coste 27656
Intercambio (3, 14) -> Peor solución (coste 28098) — no aceptada
Intercambio (14, 15) -> Nueva solución con coste 27818
Intercambio (3, 15) -> Peor solución (coste 28150) — no aceptada
Intercambio (10, 12) -> Peor solución (coste 28644) — no aceptada
Intercambio (3, 14) -> Nueva solución con coste 28444
Intercambio (14, 15) -> Nueva solución con coste 27686
Intercambio (3, 15) -> Peor solución (coste 28106) — no aceptada
Intercambio (10, 12) -> Nueva solución con coste 27656
Intercambio (3, 14) -> Peor solución (coste 28098) — no aceptada
Intercambio (14, 15) -> Nueva solución con coste 27818
Intercambio (3, 15) -> Peor solución (coste 28150) — no aceptada
Intercambio (10, 12) -> Peor solución (coste 28644) — no aceptada
Intercambio (3, 14) -> Nueva solución con coste 28444
Intercambio (14, 15) -> Nueva solución con coste 27686
Intercambio (3, 15) -> Peor solución (coste 28106) — no aceptada
Intercambio (10, 12) -> Nueva solución con coste 27656
Intercambio (3, 14) -> Peor solución (coste 28098) — no aceptada
Intercambio (14, 15) -> Nueva solución con coste 27818
Intercambio (1, 6) -> Peor solución (coste 27818) — no aceptada
Intercambio (3, 15) -> Peor solución (coste 28150) — no aceptada
Intercambio (3, 14) -> Nueva solución con coste 27650
Intercambio (14, 15) -> Nueva solución con coste 26876
Intercambio (10, 13) -> Peor solución (coste 27670) — no aceptada
Intercambio (10, 12) -> Peor solución (coste 28116) — no aceptada
Intercambio (12, 13) -> Nueva solución con coste 27686
Intercambio (3, 15) -> Peor solución (coste 28106) — no aceptada
Intercambio (3, 14) -> Peor solución (coste 28628) — no aceptada
Intercambio (10, 12) -> Nueva solución con coste 28098
Intercambio (14, 15) -> Nueva solución con coste 27818
Intercambio (3, 15) -> Peor solución (coste 28150) — no aceptada
Intercambio (3, 14) -> Nueva solución con coste 27650
Intercambio (10, 15) -> Peor solución (coste 28234) — no aceptada
Intercambio (14, 15) -> Nueva solución con coste 27826
Intercambio (10, 14) -> Nueva solución con coste 26876
Intercambio (3, 15) -> Peor solución (coste 27656) — no aceptada
Intercambio (3, 14) -> Peor solución (coste 28098) — no aceptada
Intercambio (14, 15) -> Nueva solución con coste 27818
Intercambio (10, 13) -> Peor solución (coste 28396) — no aceptada
Intercambio (3, 15) -> Peor solución (coste 28788) — no aceptada
Intercambio (3, 14) -> Nueva solución con coste 28396
Intercambio (14, 15) -> Nueva solución con coste 27670
Intercambio (10, 13) -> Nueva solución con coste 26876
Intercambio (3, 15) -> Peor solución (coste 27656) — no aceptada
Intercambio (3, 14) -> Peor solución (coste 28098) — no aceptada
Intercambio (14, 15) -> Nueva solución con coste 27818
Intercambio (10, 13) -> Peor solución (coste 28396) — no aceptada
Intercambio (3, 15) -> Peor solución (coste 28788) — no aceptada
Intercambio (3, 14) -> Nueva solución con coste 28396
Intercambio (14, 15) -> Nueva solución con coste 27670
Intercambio (10, 13) -> Nueva solución con coste 26876
Intercambio (3, 15) -> Peor solución (coste 27656) — no aceptada
Intercambio (3, 14) -> Peor solución (coste 28098) — no aceptada
Intercambio (14, 15) -> Nueva solución con coste 27818
Intercambio (10, 13) -> Peor solución (coste 28396) — no aceptada
Intercambio (3, 15) -> Peor solución (coste 28788) — no aceptada
Intercambio (3, 14) -> Nueva solución con coste 28396
Intercambio (14, 15) -> Nueva solución con coste 27670
Intercambio (10, 13) -> Nueva solución con coste 26876
Intercambio (3, 15) -> Peor solución (coste 27656) — no aceptada
Intercambio (3, 14) -> Peor solución (coste 28098) — no aceptada
Intercambio (14, 15) -> Nueva solución con coste 27818
Intercambio (10, 13) -> Peor solución (coste 28396) — no aceptada
Intercambio (3, 15) -> Peor solución (coste 28788) — no aceptada
Intercambio (3, 14) -> Nueva solución con coste 28396
Intercambio (14, 15) -> Nueva solución con coste 27670
Intercambio (10, 13) -> Nueva solución con coste 26876
Intercambio (3, 15) -> Peor solución (coste 27656) — no aceptada
Intercambio (3, 14) -> Peor solución (coste 28098) — no aceptada
Intercambio (14, 15) -> Nueva solución con coste 27818
Intercambio (10, 13) -> Nueva solución con coste 27670
Intercambio (10, 12) -> Peor solución (coste 28116) — no aceptada
Intercambio (12, 13) -> Nueva solución con coste 27686
Intercambio (3, 15) -> Peor solución (coste 28106) — no aceptada
Intercambio (3, 14) -> Peor solución (coste 28628) — no aceptada
Intercambio (10, 12) -> Nueva solución con coste 28098
Intercambio (14, 15) -> Nueva solución con coste 27818
Intercambio (3, 15) -> Peor solución (coste 28150) — no aceptada
Intercambio (3, 14) -> Nueva solución con coste 27650
Intercambio (10, 15) -> Peor solución (coste 28234) — no aceptada
Intercambio (14, 15) -> Nueva solución con coste 27826
Intercambio (10, 14) -> Nueva solución con coste 26876
Intercambio (3, 15) -> Peor solución (coste 27656) — no aceptada
Intercambio (3, 14) -> Peor solución (coste 28098) — no aceptada
Intercambio (14, 15) -> Nueva solución con coste 27818
Intercambio (10, 13) -> Peor solución (coste 28396) — no aceptada
Intercambio (3, 15) -> Peor solución (coste 28788) — no aceptada
Intercambio (3, 14) -> Nueva solución con coste 28396
Intercambio (14, 15) -> Nueva solución con coste 27670
Intercambio (10, 13) -> Nueva solución con coste 26876
Intercambio (3, 15) -> Peor solución (coste 27656) — no aceptada
Intercambio (3, 14) -> Peor solución (coste 28098) — no aceptada
Intercambio (14, 15) -> Nueva solución con coste 27818
Intercambio (10, 13) -> Peor solución (coste 28396) — no aceptada
Intercambio (3, 15) -> Peor solución (coste 28788) — no aceptada
Intercambio (3, 14) -> Nueva solución con coste 28396
Intercambio (14, 15) -> Nueva solución con coste 27670
Intercambio (10, 13) -> Nueva solución con coste 26876
Intercambio (3, 15) -> Peor solución (coste 27656) — no aceptada
Intercambio (3, 14) -> Peor solución (coste 28098) — no aceptada
Intercambio (14, 15) -> Nueva solución con coste 27818
Intercambio (10, 13) -> Peor solución (coste 28396) — no aceptada
Intercambio (3, 15) -> Peor solución (coste 28788) — no aceptada
Intercambio (3, 14) -> Nueva solución con coste 28396
Intercambio (14, 15) -> Nueva solución con coste 27670
Intercambio (10, 13) -> Nueva solución con coste 26876
Intercambio (3, 15) -> Peor solución (coste 27656) — no aceptada
Intercambio (3, 14) -> Peor solución (coste 28098) — no aceptada
Intercambio (14, 15) -> Nueva solución con coste 27818
Intercambio (10, 13) -> Peor solución (coste 28396) — no aceptada
Intercambio (3, 15) -> Peor solución (coste 28788) — no aceptada
Intercambio (3, 14) -> Nueva solución con coste 28396
Intercambio (14, 15) -> Nueva solución con coste 27670
Intercambio (10, 13) -> Nueva solución con coste 26876
Intercambio (3, 15) -> Peor solución (coste 27656) — no aceptada
Intercambio (3, 14) -> Peor solución (coste 28098) — no aceptada
Intercambio (14, 15) -> Nueva solución con coste 27818
Intercambio (10, 13) -> Peor solución (coste 28396) — no aceptada
Intercambio (3, 15) -> Peor solución (coste 28788) — no aceptada
Intercambio (3, 14) -> Nueva solución con coste 28396
Intercambio (14, 15) -> Nueva solución con coste 27670
Intercambio (10, 13) -> Peor solución (coste 27670) — no aceptada
Intercambio (10, 12) -> Peor solución (coste 28116) — no aceptada
Intercambio (12, 13) -> Nueva solución con coste 27686
Intercambio (3, 15) -> Peor solución (coste 28106) — no aceptada
Intercambio (3, 14) -> Peor solución (coste 28628) — no aceptada
Intercambio (10, 12) -> Nueva solución con coste 28098
Intercambio (14, 15) -> Nueva solución con coste 27818
Intercambio (3, 15) -> Peor solución (coste 28150) — no aceptada
Intercambio (3, 14) -> Nueva solución con coste 27650
Intercambio (10, 15) -> Peor solución (coste 28234) — no aceptada
Intercambio (14, 15) -> Nueva solución con coste 27826
Intercambio (10, 14) -> Nueva solución con coste 26876
Intercambio (3, 15) -> Peor solución (coste 27656) — no aceptada
Intercambio (3, 14) -> Peor solución (coste 28098) — no aceptada
Intercambio (14, 15) -> Nueva solución con coste 27818
Intercambio (10, 13) -> Peor solución (coste 28396) — no aceptada
Intercambio (3, 15) -> Peor solución (coste 28788) — no aceptada
Intercambio (3, 14) -> Nueva solución con coste 28396
Intercambio (14, 15) -> Nueva solución con coste 27670
Intercambio (10, 13) -> Nueva solución con coste 26876
Intercambio (3, 15) -> Peor solución (coste 27656) — no aceptada
Intercambio (3, 14) -> Peor solución (coste 28098) — no aceptada
Intercambio (14, 15) -> Nueva solución con coste 27818
Intercambio (10, 13) -> Peor solución (coste 28396) — no aceptada
Intercambio (3, 15) -> Peor solución (coste 28788) — no aceptada
Intercambio (3, 14) -> Nueva solución con coste 28396
Intercambio (14, 15) -> Nueva solución con coste 27670
Intercambio (10, 13) -> Nueva solución con coste 26876
Intercambio (3, 15) -> Peor solución (coste 27656) — no aceptada
Intercambio (3, 14) -> Peor solución (coste 28098) — no aceptada
Intercambio (14, 15) -> Nueva solución con coste 27818
Intercambio (10, 13) -> Peor solución (coste 28396) — no aceptada
Intercambio (3, 15) -> Peor solución (coste 28788) — no aceptada
Intercambio (3, 14) -> Nueva solución con coste 28396
Intercambio (14, 15) -> Nueva solución con coste 27670
Intercambio (10, 13) -> Nueva solución con coste 26876
Intercambio (3, 15) -> Peor solución (coste 27656) — no aceptada
Intercambio (3, 14) -> Peor solución (coste 28098) — no aceptada
Intercambio (14, 15) -> Nueva solución con coste 27818
Intercambio (10, 13) -> Peor solución (coste 28396) — no aceptada
Intercambio (3, 15) -> Peor solución (coste 28788) — no aceptada
Intercambio (3, 14) -> Nueva solución con coste 28396
Intercambio (14, 15) -> Nueva solución con coste 27670
Intercambio (10, 13) -> Nueva solución con coste 26876
Intercambio (3, 15) -> Peor solución (coste 27656) — no aceptada
Intercambio (3, 14) -> Peor solución (coste 28098) — no aceptada
Intercambio (14, 15) -> Nueva solución con coste 27818
Intercambio (10, 13) -> Peor solución (coste 28396) — no aceptada
Intercambio (3, 15) -> Peor solución (coste 28788) — no aceptada
Intercambio (3, 14) -> Nueva solución con coste 28396
Intercambio (14, 15) -> Nueva solución con coste 27670
Intercambio (10, 13) -> Peor solución (coste 27670) — no aceptada
Intercambio (10, 12) -> Peor solución (coste 28116) — no aceptada
Intercambio (12, 13) -> Nueva solución con coste 27686
Intercambio (3, 15) -> Peor solución (coste 28106) — no aceptada
Intercambio (3, 14) -> Peor solución (coste 28628) — no aceptada
Intercambio (10, 12) -> Nueva solución con coste 28098
Intercambio (14, 15) -> Nueva solución con coste 27818
Intercambio (3, 15) -> Peor solución (coste 28150) — no aceptada
Intercambio (3, 14) -> Nueva solución con coste 27650
Intercambio (10, 15) -> Peor solución (coste 28234) — no aceptada
Intercambio (14, 15) -> Nueva solución con coste 27826
Intercambio (10, 14) -> Nueva solución con coste 26876
Intercambio (3, 15) -> Peor solución (coste 27656) — no aceptada
Intercambio (3, 14) -> Peor solución (coste 28098) — no aceptada
Intercambio (14, 15) -> Nueva solución con coste 27818
Intercambio (10, 13) -> Peor solución (coste 28396) — no aceptada
Intercambio (3, 15) -> Peor solución (coste 28788) — no aceptada
Intercambio (3, 14) -> Nueva solución con coste 28396
Intercambio (14, 15) -> Nueva solución con coste 27670
Intercambio (10, 13) -> Nueva solución con coste 26876
Intercambio (3, 15) -> Peor solución (coste 27656) — no aceptada
Intercambio (3, 14) -> Peor solución (coste 28098) — no aceptada
Intercambio (14, 15) -> Nueva solución con coste 27818
Intercambio (10, 13) -> Peor solución (coste 28396) — no aceptada
Intercambio (3, 15) -> Peor solución (coste 28788) — no aceptada
Intercambio (3, 14) -> Nueva solución con coste 28396
Intercambio (14, 15) -> Nueva solución con coste 27670
Intercambio (10, 13) -> Nueva solución con coste 26876
Intercambio (3, 15) -> Peor solución (coste 27656) — no aceptada
Intercambio (3, 14) -> Peor solución (coste 28098) — no aceptada
Intercambio (14, 15) -> Nueva solución con coste 27818
Intercambio (10, 13) -> Peor solución (coste 28396) — no aceptada
Intercambio (3, 15) -> Peor solución (coste 28788) — no aceptada
Intercambio (3, 14) -> Nueva solución con coste 28396
Intercambio (14, 15) -> Nueva solución con coste 27670
Intercambio (10, 13) -> Nueva solución con coste 26876
Intercambio (3, 15) -> Peor solución (coste 27656) — no aceptada
Intercambio (3, 14) -> Peor solución (coste 28098) — no aceptada
Intercambio (14, 15) -> Nueva solución con coste 27818
Intercambio (10, 13) -> Peor solución (coste 28396) — no aceptada
Intercambio (3, 15) -> Peor solución (coste 28788) — no aceptada
Intercambio (3, 14) -> Nueva solución con coste 28396
Intercambio (14, 15) -> Nueva solución con coste 27670
Intercambio (10, 13) -> Nueva solución con coste 26876
Intercambio (3, 15) -> Peor solución (coste 27656) — no aceptada
Intercambio (3, 14) -> Peor solución (coste 28098) — no aceptada
Intercambio (14, 15) -> Nueva solución con coste 27818
Intercambio (10, 13) -> Peor solución (coste 28396) — no aceptada
Intercambio (3, 15) -> Peor solución (coste 28788) — no aceptada
Intercambio (3, 14) -> Nueva solución con coste 28396
Intercambio (14, 15) -> Nueva solución con coste 27670
Intercambio (10, 13) -> Peor solución (coste 27670) — no aceptada
Intercambio (10, 12) -> Peor solución (coste 28116) — no aceptada
Intercambio (12, 13) -> Nueva solución con coste 27686
Intercambio (3, 15) -> Peor solución (coste 28106) — no aceptada
Intercambio (3, 14) -> Peor solución (coste 28628) — no aceptada
Intercambio (10, 12) -> Nueva solución con coste 28098
Intercambio (14, 15) -> Nueva solución con coste 27818
Intercambio (3, 15) -> Peor solución (coste 28150) — no aceptada
Intercambio (3, 14) -> Nueva solución con coste 27650
Intercambio (10, 15) -> Peor solución (coste 28234) — no aceptada
Intercambio (14, 15) -> Nueva solución con coste 27826
Intercambio (10, 14) -> Nueva solución con coste 26876
Intercambio (3, 15) -> Peor solución (coste 27656) — no aceptada
Intercambio (3, 14) -> Peor solución (coste 28098) — no aceptada
Intercambio (14, 15) -> Nueva solución con coste 27818
Intercambio (10, 13) -> Peor solución (coste 28396) — no aceptada
Intercambio (3, 15) -> Peor solución (coste 28788) — no aceptada
Intercambio (3, 14) -> Nueva solución con coste 28396
Intercambio (14, 15) -> Nueva solución con coste 27670
Intercambio (10, 13) -> Nueva solución con coste 26876
Intercambio (3, 15) -> Peor solución (coste 27656) — no aceptada
Intercambio (3, 14) -> Peor solución (coste 28098) — no aceptada
Intercambio (14, 15) -> Nueva solución con coste 27818
Intercambio (10, 13) -> Peor solución (coste 28396) — no aceptada
Intercambio (3, 15) -> Peor solución (coste 28788) — no aceptada
Intercambio (3, 14) -> Nueva solución con coste 28396
Intercambio (14, 15) -> Nueva solución con coste 27670
Intercambio (10, 13) -> Nueva solución con coste 26876
Intercambio (3, 15) -> Peor solución (coste 27656) — no aceptada
Intercambio (3, 14) -> Peor solución (coste 28098) — no aceptada
Intercambio (14, 15) -> Nueva solución con coste 27818
Intercambio (10, 13) -> Peor solución (coste 28396) — no aceptada
Intercambio (3, 15) -> Peor solución (coste 28788) — no aceptada
Intercambio (3, 14) -> Nueva solución con coste 28396
Intercambio (14, 15) -> Nueva solución con coste 27670
Intercambio (10, 13) -> Nueva solución con coste 26876
Intercambio (3, 15) -> Peor solución (coste 27656) — no aceptada
Intercambio (3, 14) -> Peor solución (coste 28098) — no aceptada
Intercambio (14, 15) -> Nueva solución con coste 27818
Intercambio (10, 13) -> Peor solución (coste 28396) — no aceptada
Intercambio (3, 15) -> Peor solución (coste 28788) — no aceptada
Intercambio (3, 14) -> Nueva solución con coste 28396
Intercambio (14, 15) -> Nueva solución con coste 27670
Intercambio (10, 13) -> Nueva solución con coste 26876
Intercambio (3, 15) -> Peor solución (coste 27656) — no aceptada
Intercambio (3, 14) -> Peor solución (coste 28098) — no aceptada
Intercambio (14, 15) -> Nueva solución con coste 27818
Intercambio (10, 13) -> Peor solución (coste 28396) — no aceptada
Intercambio (3, 15) -> Peor solución (coste 28788) — no aceptada
Intercambio (3, 14) -> Nueva solución con coste 28396
Intercambio (14, 15) -> Nueva solución con coste 27670
Intercambio (10, 13) -> Peor solución (coste 27670) — no aceptada
Intercambio (10, 12) -> Peor solución (coste 28116) — no aceptada
Intercambio (12, 13) -> Nueva solución con coste 27686
Intercambio (3, 15) -> Peor solución (coste 28106) — no aceptada
Intercambio (3, 14) -> Peor solución (coste 28628) — no aceptada
Intercambio (10, 12) -> Nueva solución con coste 28098
Intercambio (14, 15) -> Nueva solución con coste 27818
Intercambio (3, 15) -> Peor solución (coste 28150) — no aceptada
Intercambio (3, 14) -> Nueva solución con coste 27650
Intercambio (10, 15) -> Peor solución (coste 28234) — no aceptada
Intercambio (14, 15) -> Nueva solución con coste 27826
Intercambio (10, 14) -> Nueva solución con coste 26876
Intercambio (3, 15) -> Peor solución (coste 27656) — no aceptada
Intercambio (3, 14) -> Peor solución (coste 28098) — no aceptada
Intercambio (14, 15) -> Nueva solución con coste 27818
Intercambio (10, 13) -> Peor solución (coste 28396) — no aceptada
Intercambio (3, 15) -> Peor solución (coste 28788) — no aceptada
Intercambio (3, 14) -> Nueva solución con coste 28396
Intercambio (14, 15) -> Nueva solución con coste 27670
Intercambio (10, 13) -> Nueva solución con coste 26876
Intercambio (3, 15) -> Peor solución (coste 27656) — no aceptada
Intercambio (3, 14) -> Peor solución (coste 28098) — no aceptada
Intercambio (14, 15) -> Nueva solución con coste 27818
Intercambio (10, 13) -> Peor solución (coste 28396) — no aceptada
Intercambio (3, 15) -> Peor solución (coste 28788) — no aceptada
Intercambio (3, 14) -> Nueva solución con coste 28396
Intercambio (14, 15) -> Nueva solución con coste 27670
Intercambio (10, 13) -> Nueva solución con coste 26876
Intercambio (3, 15) -> Peor solución (coste 27656) — no aceptada
Intercambio (3, 14) -> Peor solución (coste 28098) — no aceptada
Intercambio (14, 15) -> Nueva solución con coste 27818
Intercambio (10, 13) -> Peor solución (coste 28396) — no aceptada
Intercambio (3, 15) -> Peor solución (coste 28788) — no aceptada
Intercambio (3, 14) -> Nueva solución con coste 28396
Intercambio (14, 15) -> Nueva solución con coste 27670
Intercambio (10, 13) -> Nueva solución con coste 26876
Intercambio (3, 15) -> Peor solución (coste 27656) — no aceptada
Intercambio (3, 14) -> Peor solución (coste 28098) — no aceptada
Intercambio (14, 15) -> Nueva solución con coste 27818
Intercambio (10, 13) -> Peor solución (coste 28396) — no aceptada
Intercambio (3, 15) -> Peor solución (coste 28788) — no aceptada
Intercambio (3, 14) -> Nueva solución con coste 28396
Intercambio (14, 15) -> Nueva solución con coste 27670
Intercambio (10, 13) -> Nueva solución con coste 26876
Intercambio (3, 15) -> Peor solución (coste 27656) — no aceptada
Intercambio (3, 14) -> Peor solución (coste 28098) — no aceptada
Intercambio (14, 15) -> Nueva solución con coste 27818
Intercambio (10, 13) -> Peor solución (coste 28396) — no aceptada
Intercambio (3, 15) -> Peor solución (coste 28788) — no aceptada
Intercambio (3, 14) -> Nueva solución con coste 28396
Intercambio (14, 15) -> Nueva solución con coste 27670
Intercambio (10, 13) -> Peor solución (coste 27670) — no aceptada
Intercambio (10, 12) -> Peor solución (coste 28116) — no aceptada
Intercambio (12, 13) -> Nueva solución con coste 27686
Intercambio (3, 15) -> Peor solución (coste 28106) — no aceptada
Intercambio (3, 14) -> Peor solución (coste 28628) — no aceptada
Intercambio (10, 12) -> Nueva solución con coste 28098
Intercambio (14, 15) -> Nueva solución con coste 27818
Intercambio (3, 15) -> Peor solución (coste 28150) — no aceptada
Intercambio (3, 14) -> Nueva solución con coste 27650
Intercambio (10, 15) -> Peor solución (coste 28234) — no aceptada
Intercambio (14, 15) -> Nueva solución con coste 27826
Intercambio (10, 14) -> Nueva solución con coste 26876
Intercambio (3, 15) -> Peor solución (coste 27656) — no aceptada
Intercambio (3, 14) -> Peor solución (coste 28098) — no aceptada
Intercambio (14, 15) -> Nueva solución con coste 27818
Intercambio (10, 13) -> Peor solución (coste 28396) — no aceptada
Intercambio (3, 15) -> Peor solución (coste 28788) — no aceptada
Intercambio (3, 14) -> Nueva solución con coste 28396
Intercambio (14, 15) -> Nueva solución con coste 27670
Intercambio (10, 13) -> Nueva solución con coste 26876
Intercambio (3, 15) -> Peor solución (coste 27656) — no aceptada
Intercambio (3, 14) -> Peor solución (coste 28098) — no aceptada
Intercambio (14, 15) -> Nueva solución con coste 27818
Intercambio (10, 13) -> Peor solución (coste 28396) — no aceptada
Intercambio (3, 15) -> Peor solución (coste 28788) — no aceptada
Intercambio (3, 14) -> Nueva solución con coste 28396
Intercambio (14, 15) -> Nueva solución con coste 27670
Intercambio (10, 13) -> Nueva solución con coste 26876
Intercambio (3, 15) -> Peor solución (coste 27656) — no aceptada
Intercambio (3, 14) -> Peor solución (coste 28098) — no aceptada
Intercambio (14, 15) -> Nueva solución con coste 27818
Intercambio (10, 13) -> Peor solución (coste 28396) — no aceptada
Intercambio (3, 15) -> Peor solución (coste 28788) — no aceptada
Intercambio (3, 14) -> Nueva solución con coste 28396
Intercambio (14, 15) -> Nueva solución con coste 27670
Intercambio (10, 13) -> Nueva solución con coste 26876
Intercambio (3, 15) -> Peor solución (coste 27656) — no aceptada
Intercambio (3, 14) -> Peor solución (coste 28098) — no aceptada
Intercambio (14, 15) -> Nueva solución con coste 27818
Intercambio (10, 13) -> Peor solución (coste 28396) — no aceptada
Intercambio (3, 15) -> Peor solución (coste 28788) — no aceptada
Intercambio (3, 14) -> Nueva solución con coste 28396
Intercambio (14, 15) -> Nueva solución con coste 27670
Intercambio (10, 13) -> Nueva solución con coste 26876
Intercambio (3, 15) -> Peor solución (coste 27656) — no aceptada
Intercambio (3, 14) -> Peor solución (coste 28098) — no aceptada
Intercambio (14, 15) -> Nueva solución con coste 27818
Intercambio (10, 13) -> Peor solución (coste 28396) — no aceptada
Intercambio (3, 15) -> Peor solución (coste 28788) — no aceptada
Intercambio (3, 14) -> Nueva solución con coste 28396
Intercambio (14, 15) -> Nueva solución con coste 27670
Intercambio (1, 6) -> Peor solución (coste 27670) — no aceptada
Intercambio (10, 13) -> Nueva solución con coste 26876
Intercambio (3, 15) -> Peor solución (coste 27656) — no aceptada
Intercambio (3, 14) -> Peor solución (coste 28098) — no aceptada
Intercambio (14, 15) -> Nueva solución con coste 27818
Intercambio (10, 13) -> Peor solución (coste 28396) — no aceptada
Intercambio (3, 15) -> Peor solución (coste 28788) — no aceptada
Intercambio (3, 14) -> Nueva solución con coste 28396
Intercambio (14, 15) -> Nueva solución con coste 27670
Intercambio (10, 13) -> Nueva solución con coste 26876
Intercambio (3, 15) -> Peor solución (coste 27656) — no aceptada
Intercambio (3, 14) -> Peor solución (coste 28098) — no aceptada
Intercambio (14, 15) -> Nueva solución con coste 27818
Intercambio (10, 13) -> Peor solución (coste 28396) — no aceptada
Intercambio (3, 15) -> Peor solución (coste 28788) — no aceptada
Intercambio (3, 14) -> Nueva solución con coste 28396
Intercambio (14, 15) -> Nueva solución con coste 27670
Intercambio (10, 13) -> Nueva solución con coste 26876
Intercambio (3, 15) -> Peor solución (coste 27656) — no aceptada
Intercambio (3, 14) -> Peor solución (coste 28098) — no aceptada
Intercambio (14, 15) -> Nueva solución con coste 27818
Intercambio (10, 13) -> Peor solución (coste 28396) — no aceptada
Intercambio (3, 15) -> Peor solución (coste 28788) — no aceptada
Intercambio (3, 14) -> Nueva solución con coste 28396
Intercambio (14, 15) -> Nueva solución con coste 27670
Intercambio (10, 13) -> Nueva solución con coste 26876
Intercambio (3, 15) -> Peor solución (coste 27656) — no aceptada
Intercambio (3, 14) -> Peor solución (coste 28098) — no aceptada
Intercambio (14, 15) -> Nueva solución con coste 27818
Intercambio (10, 13) -> Peor solución (coste 28396) — no aceptada
Intercambio (3, 15) -> Peor solución (coste 28788) — no aceptada
Intercambio (3, 14) -> Nueva solución con coste 28396
Intercambio (14, 15) -> Nueva solución con coste 27670
Intercambio (10, 13) -> Nueva solución con coste 26876
Intercambio (3, 15) -> Peor solución (coste 27656) — no aceptada
Intercambio (3, 14) -> Peor solución (coste 28098) — no aceptada
Intercambio (14, 15) -> Nueva solución con coste 27818
Intercambio (10, 13) -> Peor solución (coste 28396) — no aceptada
Intercambio (3, 15) -> Peor solución (coste 28788) — no aceptada
Intercambio (3, 14) -> Nueva solución con coste 28396
Intercambio (14, 15) -> Nueva solución con coste 27670
Intercambio (10, 13) -> Nueva solución con coste 26876
Intercambio (3, 15) -> Peor solución (coste 27656) — no aceptada
Intercambio (3, 14) -> Peor solución (coste 28098) — no aceptada
Intercambio (14, 15) -> Nueva solución con coste 27818
Intercambio (10, 13) -> Peor solución (coste 28396) — no aceptada
Intercambio (3, 15) -> Peor solución (coste 28788) — no aceptada
Intercambio (3, 14) -> Nueva solución con coste 28396
Intercambio (14, 15) -> Nueva solución con coste 27670
Intercambio (10, 13) -> Nueva solución con coste 26876
Intercambio (3, 15) -> Peor solución (coste 27656) — no aceptada
Intercambio (4, 5) -> Peor solución (coste 27672) — no aceptada
Intercambio (16, 19) -> Peor solución (coste 28272) — no aceptada
Intercambio (0, 18) -> Peor solución (coste 28538) — no aceptada
Intercambio (14, 15) -> Peor solución (coste 29038) — no aceptada
Intercambio (4, 5) -> Peor solución (coste 29192) — no aceptada
Intercambio (16, 19) -> Nueva solución con coste 28818
Intercambio (0, 18) -> Nueva solución con coste 27650
Intercambio (14, 15) -> Nueva solución con coste 26876
Intercambio (3, 15) -> Peor solución (coste 27656) — no aceptada
Intercambio (3, 14) -> Peor solución (coste 28098) — no aceptada
Intercambio (14, 18) -> Peor solución (coste 28618) — no aceptada
Intercambio (15, 18) -> Nueva solución con coste 28564
Intercambio (3, 18) -> Nueva solución con coste 27942
Intercambio (14, 15) -> Peor solución (coste 28242) — no aceptada
Intercambio (14, 18) -> Nueva solución con coste 27762
Intercambio (15, 18) -> Nueva solución con coste 26876
Intercambio (3, 15) -> Peor solución (coste 27656) — no aceptada
Intercambio (3, 14) -> Peor solución (coste 28098) — no aceptada
Intercambio (14, 15) -> Nueva solución con coste 27818
Intercambio (10, 13) -> Peor solución (coste 28396) — no aceptada
Intercambio (3, 15) -> Peor solución (coste 28788) — no aceptada
Intercambio (3, 14) -> Nueva solución con coste 28396
Intercambio (14, 15) -> Nueva solución con coste 27670
Intercambio (10, 13) -> Nueva solución con coste 26876
Intercambio (3, 15) -> Peor solución (coste 27656) — no aceptada
Intercambio (3, 14) -> Peor solución (coste 28098) — no aceptada
Intercambio (14, 15) -> Nueva solución con coste 27818
Intercambio (10, 13) -> Peor solución (coste 28396) — no aceptada
Intercambio (3, 15) -> Peor solución (coste 28788) — no aceptada
Intercambio (3, 14) -> Nueva solución con coste 28396
Intercambio (14, 15) -> Nueva solución con coste 27670
Intercambio (10, 13) -> Nueva solución con coste 26876
Intercambio (3, 15) -> Peor solución (coste 27656) — no aceptada
Intercambio (3, 14) -> Peor solución (coste 28098) — no aceptada
Intercambio (14, 15) -> Nueva solución con coste 27818
Intercambio (10, 13) -> Peor solución (coste 28396) — no aceptada
Intercambio (3, 15) -> Peor solución (coste 28788) — no aceptada
Intercambio (3, 14) -> Nueva solución con coste 28396
Intercambio (14, 15) -> Nueva solución con coste 27670
Intercambio (10, 13) -> Nueva solución con coste 26876
Intercambio (3, 15) -> Peor solución (coste 27656) — no aceptada
Intercambio (3, 14) -> Peor solución (coste 28098) — no aceptada
Intercambio (14, 15) -> Nueva solución con coste 27818
Intercambio (10, 13) -> Peor solución (coste 28396) — no aceptada
Intercambio (3, 15) -> Peor solución (coste 28788) — no aceptada
Intercambio (3, 14) -> Nueva solución con coste 28396
Intercambio (14, 15) -> Nueva solución con coste 27670
Intercambio (10, 13) -> Nueva solución con coste 26876
Intercambio (3, 15) -> Peor solución (coste 27656) — no aceptada
Intercambio (3, 14) -> Peor solución (coste 28098) — no aceptada
Intercambio (14, 15) -> Nueva solución con coste 27818
Intercambio (10, 13) -> Nueva solución con coste 27670
Intercambio (10, 12) -> Peor solución (coste 28116) — no aceptada
Intercambio (12, 13) -> Nueva solución con coste 27686
Intercambio (3, 15) -> Peor solución (coste 28106) — no aceptada
Intercambio (3, 14) -> Peor solución (coste 28628) — no aceptada
Intercambio (10, 12) -> Nueva solución con coste 28098
Intercambio (14, 15) -> Nueva solución con coste 27818
Intercambio (3, 15) -> Peor solución (coste 28150) — no aceptada
Intercambio (3, 14) -> Nueva solución con coste 27650
Intercambio (10, 15) -> Peor solución (coste 28234) — no aceptada
Intercambio (14, 15) -> Nueva solución con coste 27826
Intercambio (10, 14) -> Nueva solución con coste 26876
Intercambio (3, 15) -> Peor solución (coste 27656) — no aceptada
Intercambio (3, 14) -> Peor solución (coste 28098) — no aceptada
Intercambio (14, 15) -> Nueva solución con coste 27818
Intercambio (10, 13) -> Peor solución (coste 28396) — no aceptada
Intercambio (3, 15) -> Peor solución (coste 28788) — no aceptada
Intercambio (3, 14) -> Nueva solución con coste 28396
Intercambio (14, 15) -> Nueva solución con coste 27670
Intercambio (10, 13) -> Nueva solución con coste 26876
Intercambio (3, 15) -> Peor solución (coste 27656) — no aceptada
Intercambio (3, 14) -> Peor solución (coste 28098) — no aceptada
Intercambio (14, 15) -> Nueva solución con coste 27818
Intercambio (10, 13) -> Peor solución (coste 28396) — no aceptada
Intercambio (3, 15) -> Peor solución (coste 28788) — no aceptada
Intercambio (3, 14) -> Nueva solución con coste 28396
Intercambio (14, 15) -> Nueva solución con coste 27670
Intercambio (10, 13) -> Nueva solución con coste 26876
Intercambio (3, 15) -> Peor solución (coste 27656) — no aceptada
Intercambio (3, 14) -> Peor solución (coste 28098) — no aceptada
Intercambio (14, 15) -> Nueva solución con coste 27818
Intercambio (10, 13) -> Peor solución (coste 28396) — no aceptada
Intercambio (3, 15) -> Peor solución (coste 28788) — no aceptada
Intercambio (3, 14) -> Nueva solución con coste 28396
Intercambio (14, 15) -> Nueva solución con coste 27670
Intercambio (10, 13) -> Nueva solución con coste 26876
Intercambio (3, 15) -> Peor solución (coste 27656) — no aceptada
Intercambio (3, 14) -> Peor solución (coste 28098) — no aceptada
Intercambio (14, 15) -> Nueva solución con coste 27818
Intercambio (10, 13) -> Peor solución (coste 28396) — no aceptada
Intercambio (3, 15) -> Peor solución (coste 28788) — no aceptada
Intercambio (3, 14) -> Nueva solución con coste 28396
Intercambio (14, 15) -> Nueva solución con coste 27670
Intercambio (10, 13) -> Nueva solución con coste 26876
Intercambio (3, 15) -> Peor solución (coste 27656) — no aceptada
Intercambio (3, 14) -> Peor solución (coste 28098) — no aceptada
Intercambio (14, 15) -> Nueva solución con coste 27818
Intercambio (10, 13) -> Peor solución (coste 28396) — no aceptada
Intercambio (3, 15) -> Peor solución (coste 28788) — no aceptada
Intercambio (3, 14) -> Nueva solución con coste 28396
Intercambio (14, 15) -> Nueva solución con coste 27670
Intercambio (10, 13) -> Peor solución (coste 27670) — no aceptada
Intercambio (10, 12) -> Peor solución (coste 28116) — no aceptada
Intercambio (12, 13) -> Nueva solución con coste 27686
Intercambio (3, 15) -> Peor solución (coste 28106) — no aceptada
Intercambio (3, 14) -> Peor solución (coste 28628) — no aceptada
Intercambio (10, 12) -> Nueva solución con coste 28098
Intercambio (14, 15) -> Nueva solución con coste 27818
Intercambio (3, 15) -> Peor solución (coste 28150) — no aceptada
Intercambio (3, 14) -> Nueva solución con coste 27650
Intercambio (10, 15) -> Peor solución (coste 28234) — no aceptada
Intercambio (14, 15) -> Nueva solución con coste 27826
Intercambio (10, 14) -> Nueva solución con coste 26876
Intercambio (3, 15) -> Peor solución (coste 27656) — no aceptada
Intercambio (3, 14) -> Peor solución (coste 28098) — no aceptada
Intercambio (14, 15) -> Nueva solución con coste 27818
Intercambio (10, 13) -> Peor solución (coste 28396) — no aceptada
Intercambio (3, 15) -> Peor solución (coste 28788) — no aceptada
Intercambio (3, 14) -> Nueva solución con coste 28396
Intercambio (14, 15) -> Nueva solución con coste 27670
Intercambio (10, 13) -> Nueva solución con coste 26876
Intercambio (3, 15) -> Peor solución (coste 27656) — no aceptada
Intercambio (3, 14) -> Peor solución (coste 28098) — no aceptada
Intercambio (14, 15) -> Nueva solución con coste 27818
Intercambio (10, 13) -> Peor solución (coste 28396) — no aceptada
Intercambio (3, 15) -> Peor solución (coste 28788) — no aceptada
Intercambio (3, 14) -> Nueva solución con coste 28396
Intercambio (14, 15) -> Nueva solución con coste 27670
Intercambio (10, 13) -> Nueva solución con coste 26876
Intercambio (3, 15) -> Peor solución (coste 27656) — no aceptada
Intercambio (3, 14) -> Peor solución (coste 28098) — no aceptada
Intercambio (14, 15) -> Nueva solución con coste 27818
Intercambio (10, 13) -> Peor solución (coste 28396) — no aceptada
Intercambio (3, 15) -> Peor solución (coste 28788) — no aceptada
Intercambio (3, 14) -> Nueva solución con coste 28396
Intercambio (14, 15) -> Nueva solución con coste 27670
Intercambio (10, 13) -> Nueva solución con coste 26876
Intercambio (3, 15) -> Peor solución (coste 27656) — no aceptada
Intercambio (3, 14) -> Peor solución (coste 28098) — no aceptada
Intercambio (14, 15) -> Nueva solución con coste 27818
Intercambio (10, 13) -> Peor solución (coste 28396) — no aceptada
Intercambio (3, 15) -> Peor solución (coste 28788) — no aceptada
Intercambio (3, 14) -> Nueva solución con coste 28396
Intercambio (14, 15) -> Nueva solución con coste 27670
Intercambio (10, 13) -> Nueva solución con coste 26876
Intercambio (3, 15) -> Peor solución (coste 27656) — no aceptada
Intercambio (3, 14) -> Peor solución (coste 28098) — no aceptada
Intercambio (14, 15) -> Nueva solución con coste 27818
Intercambio (10, 13) -> Peor solución (coste 28396) — no aceptada
Intercambio (3, 15) -> Peor solución (coste 28788) — no aceptada
Intercambio (3, 14) -> Nueva solución con coste 28396
Intercambio (14, 15) -> Nueva solución con coste 27670
Intercambio (10, 13) -> Peor solución (coste 27670) — no aceptada
Intercambio (10, 12) -> Peor solución (coste 28116) — no aceptada
Intercambio (12, 13) -> Nueva solución con coste 27686
Intercambio (3, 15) -> Peor solución (coste 28106) — no aceptada
Intercambio (3, 14) -> Peor solución (coste 28628) — no aceptada
Intercambio (10, 12) -> Nueva solución con coste 28098
Intercambio (14, 15) -> Nueva solución con coste 27818
Intercambio (3, 15) -> Peor solución (coste 28150) — no aceptada
Intercambio (3, 14) -> Nueva solución con coste 27650
Intercambio (10, 15) -> Peor solución (coste 28234) — no aceptada
Intercambio (14, 15) -> Nueva solución con coste 27826
Intercambio (10, 14) -> Nueva solución con coste 26876
Intercambio (3, 15) -> Peor solución (coste 27656) — no aceptada
Intercambio (3, 14) -> Peor solución (coste 28098) — no aceptada
Intercambio (14, 15) -> Nueva solución con coste 27818
Intercambio (10, 13) -> Peor solución (coste 28396) — no aceptada
Intercambio (3, 15) -> Peor solución (coste 28788) — no aceptada
Intercambio (3, 14) -> Nueva solución con coste 28396
Intercambio (14, 15) -> Nueva solución con coste 27670
Intercambio (10, 13) -> Nueva solución con coste 26876
Intercambio (3, 15) -> Peor solución (coste 27656) — no aceptada
Intercambio (3, 14) -> Peor solución (coste 28098) — no aceptada
Intercambio (14, 15) -> Nueva solución con coste 27818
Intercambio (10, 13) -> Peor solución (coste 28396) — no aceptada
Intercambio (3, 15) -> Peor solución (coste 28788) — no aceptada
Intercambio (3, 14) -> Nueva solución con coste 28396
Intercambio (14, 15) -> Nueva solución con coste 27670
Intercambio (10, 13) -> Nueva solución con coste 26876
Intercambio (3, 15) -> Peor solución (coste 27656) — no aceptada
Intercambio (3, 14) -> Peor solución (coste 28098) — no aceptada
Intercambio (14, 15) -> Nueva solución con coste 27818
Intercambio (10, 13) -> Peor solución (coste 28396) — no aceptada
Intercambio (3, 15) -> Peor solución (coste 28788) — no aceptada
Intercambio (3, 14) -> Nueva solución con coste 28396
Intercambio (14, 15) -> Nueva solución con coste 27670
Intercambio (10, 13) -> Nueva solución con coste 26876
Intercambio (3, 15) -> Peor solución (coste 27656) — no aceptada
Intercambio (3, 14) -> Peor solución (coste 28098) — no aceptada
Intercambio (14, 15) -> Nueva solución con coste 27818
Intercambio (10, 13) -> Peor solución (coste 28396) — no aceptada
Intercambio (3, 15) -> Peor solución (coste 28788) — no aceptada
Intercambio (3, 14) -> Nueva solución con coste 28396
Intercambio (14, 15) -> Nueva solución con coste 27670
Intercambio (10, 13) -> Nueva solución con coste 26876
Intercambio (3, 15) -> Peor solución (coste 27656) — no aceptada
Intercambio (3, 14) -> Peor solución (coste 28098) — no aceptada
Intercambio (14, 15) -> Nueva solución con coste 27818
Intercambio (10, 13) -> Peor solución (coste 28396) — no aceptada
Intercambio (3, 15) -> Peor solución (coste 28788) — no aceptada
Intercambio (3, 14) -> Nueva solución con coste 28396
Intercambio (14, 15) -> Nueva solución con coste 27670
Intercambio (1, 6) -> Peor solución (coste 27670) — no aceptada
Intercambio (10, 13) -> Nueva solución con coste 26876
Intercambio (3, 15) -> Peor solución (coste 27656) — no aceptada
Intercambio (3, 14) -> Peor solución (coste 28098) — no aceptada
Intercambio (14, 15) -> Nueva solución con coste 27818
Intercambio (10, 13) -> Peor solución (coste 28396) — no aceptada
Intercambio (3, 15) -> Peor solución (coste 28788) — no aceptada
Intercambio (3, 14) -> Nueva solución con coste 28396
Intercambio (14, 15) -> Nueva solución con coste 27670
Intercambio (10, 13) -> Nueva solución con coste 26876
Intercambio (3, 15) -> Peor solución (coste 27656) — no aceptada
Intercambio (3, 14) -> Peor solución (coste 28098) — no aceptada
Intercambio (14, 15) -> Nueva solución con coste 27818
Intercambio (10, 13) -> Peor solución (coste 28396) — no aceptada
Intercambio (3, 15) -> Peor solución (coste 28788) — no aceptada
Intercambio (3, 14) -> Nueva solución con coste 28396
Intercambio (14, 15) -> Nueva solución con coste 27670
Intercambio (10, 13) -> Nueva solución con coste 26876
Intercambio (3, 15) -> Peor solución (coste 27656) — no aceptada
Intercambio (3, 14) -> Peor solución (coste 28098) — no aceptada
Intercambio (14, 15) -> Nueva solución con coste 27818
Intercambio (10, 13) -> Peor solución (coste 28396) — no aceptada
Intercambio (3, 15) -> Peor solución (coste 28788) — no aceptada
Intercambio (3, 14) -> Nueva solución con coste 28396
Intercambio (14, 15) -> Nueva solución con coste 27670
Intercambio (10, 13) -> Nueva solución con coste 26876
Intercambio (3, 15) -> Peor solución (coste 27656) — no aceptada
Intercambio (3, 14) -> Peor solución (coste 28098) — no aceptada
Intercambio (14, 15) -> Nueva solución con coste 27818
Intercambio (10, 13) -> Peor solución (coste 28396) — no aceptada
Intercambio (3, 15) -> Peor solución (coste 28788) — no aceptada
Intercambio (3, 14) -> Nueva solución con coste 28396
Intercambio (14, 15) -> Nueva solución con coste 27670
Intercambio (10, 13) -> Nueva solución con coste 26876
Intercambio (3, 15) -> Peor solución (coste 27656) — no aceptada
Intercambio (3, 14) -> Peor solución (coste 28098) — no aceptada
Intercambio (14, 15) -> Nueva solución con coste 27818
Intercambio (10, 13) -> Peor solución (coste 28396) — no aceptada
Intercambio (3, 15) -> Peor solución (coste 28788) — no aceptada
Intercambio (3, 14) -> Nueva solución con coste 28396
Intercambio (14, 15) -> Nueva solución con coste 27670
Intercambio (10, 13) -> Nueva solución con coste 26876
Intercambio (3, 15) -> Peor solución (coste 27656) — no aceptada
Intercambio (3, 14) -> Peor solución (coste 28098) — no aceptada
Intercambio (14, 15) -> Nueva solución con coste 27818
Intercambio (10, 13) -> Peor solución (coste 28396) — no aceptada
Intercambio (3, 15) -> Peor solución (coste 28788) — no aceptada
Intercambio (3, 14) -> Nueva solución con coste 28396
Intercambio (14, 15) -> Nueva solución con coste 27670
Intercambio (10, 13) -> Nueva solución con coste 26876
Intercambio (3, 15) -> Peor solución (coste 27656) — no aceptada
Intercambio (4, 5) -> Peor solución (coste 27672) — no aceptada
Intercambio (16, 19) -> Peor solución (coste 28272) — no aceptada
Intercambio (0, 18) -> Peor solución (coste 28538) — no aceptada
Intercambio (14, 15) -> Peor solución (coste 29038) — no aceptada
Intercambio (4, 5) -> Peor solución (coste 29192) — no aceptada
Intercambio (16, 19) -> Nueva solución con coste 28818
Intercambio (0, 18) -> Nueva solución con coste 27650
Intercambio (14, 15) -> Nueva solución con coste 26876
Intercambio (3, 15) -> Peor solución (coste 27656) — no aceptada
Intercambio (3, 14) -> Peor solución (coste 28098) — no aceptada
Intercambio (14, 18) -> Peor solución (coste 28618) — no aceptada
Intercambio (15, 18) -> Nueva solución con coste 28564
Intercambio (3, 18) -> Nueva solución con coste 27942
Intercambio (14, 15) -> Peor solución (coste 28242) — no aceptada
Intercambio (14, 18) -> Nueva solución con coste 27762
Intercambio (15, 18) -> Nueva solución con coste 26876
Intercambio (3, 15) -> Peor solución (coste 27656) — no aceptada
Intercambio (3, 14) -> Peor solución (coste 28098) — no aceptada
Intercambio (14, 15) -> Nueva solución con coste 27818
Intercambio (10, 13) -> Peor solución (coste 28396) — no aceptada
Intercambio (3, 15) -> Peor solución (coste 28788) — no aceptada
Intercambio (3, 14) -> Nueva solución con coste 28396
Intercambio (14, 15) -> Nueva solución con coste 27670
Intercambio (10, 13) -> Nueva solución con coste 26876
Intercambio (3, 15) -> Peor solución (coste 27656) — no aceptada
Intercambio (3, 14) -> Peor solución (coste 28098) — no aceptada
Intercambio (14, 15) -> Nueva solución con coste 27818
Intercambio (10, 13) -> Peor solución (coste 28396) — no aceptada
Intercambio (3, 15) -> Peor solución (coste 28788) — no aceptada
Intercambio (3, 14) -> Nueva solución con coste 28396
Intercambio (14, 15) -> Nueva solución con coste 27670
Intercambio (10, 13) -> Nueva solución con coste 26876
Intercambio (3, 15) -> Peor solución (coste 27656) — no aceptada
Intercambio (3, 14) -> Peor solución (coste 28098) — no aceptada
Intercambio (14, 15) -> Nueva solución con coste 27818
Intercambio (10, 13) -> Peor solución (coste 28396) — no aceptada
Intercambio (3, 15) -> Peor solución (coste 28788) — no aceptada
Intercambio (3, 14) -> Nueva solución con coste 28396
Intercambio (14, 15) -> Nueva solución con coste 27670
Intercambio (10, 13) -> Nueva solución con coste 26876
Intercambio (3, 15) -> Peor solución (coste 27656) — no aceptada
Intercambio (3, 14) -> Peor solución (coste 28098) — no aceptada
Intercambio (14, 15) -> Nueva solución con coste 27818
Intercambio (10, 13) -> Peor solución (coste 28396) — no aceptada
Intercambio (3, 15) -> Peor solución (coste 28788) — no aceptada
Intercambio (3, 14) -> Nueva solución con coste 28396
Intercambio (14, 15) -> Nueva solución con coste 27670
Intercambio (10, 13) -> Nueva solución con coste 26876
Intercambio (3, 15) -> Peor solución (coste 27656) — no aceptada
Intercambio (3, 14) -> Peor solución (coste 28098) — no aceptada
Intercambio (14, 15) -> Nueva solución con coste 27818
Intercambio (10, 13) -> Nueva solución con coste 27670
Intercambio (10, 12) -> Peor solución (coste 28116) — no aceptada
Intercambio (12, 13) -> Nueva solución con coste 27686
Intercambio (3, 15) -> Peor solución (coste 28106) — no aceptada
Intercambio (3, 14) -> Peor solución (coste 28628) — no aceptada
Intercambio (10, 12) -> Nueva solución con coste 28098
Intercambio (14, 15) -> Nueva solución con coste 27818
Intercambio (3, 15) -> Peor solución (coste 28150) — no aceptada
Intercambio (3, 14) -> Nueva solución con coste 27650
Intercambio (10, 15) -> Peor solución (coste 28234) — no aceptada
Intercambio (14, 15) -> Nueva solución con coste 27826
Intercambio (10, 14) -> Nueva solución con coste 26876
Intercambio (3, 15) -> Peor solución (coste 27656) — no aceptada
Intercambio (3, 14) -> Peor solución (coste 28098) — no aceptada
Intercambio (14, 15) -> Nueva solución con coste 27818
Intercambio (10, 13) -> Peor solución (coste 28396) — no aceptada
Intercambio (3, 15) -> Peor solución (coste 28788) — no aceptada
Intercambio (3, 14) -> Nueva solución con coste 28396
Intercambio (14, 15) -> Nueva solución con coste 27670
Intercambio (10, 13) -> Nueva solución con coste 26876
Intercambio (3, 15) -> Peor solución (coste 27656) — no aceptada
Intercambio (3, 14) -> Peor solución (coste 28098) — no aceptada
Intercambio (14, 15) -> Nueva solución con coste 27818
Intercambio (10, 13) -> Peor solución (coste 28396) — no aceptada
Intercambio (3, 15) -> Peor solución (coste 28788) — no aceptada
Intercambio (3, 14) -> Nueva solución con coste 28396
Intercambio (14, 15) -> Nueva solución con coste 27670
Intercambio (10, 13) -> Nueva solución con coste 26876
Intercambio (3, 15) -> Peor solución (coste 27656) — no aceptada
Intercambio (3, 14) -> Peor solución (coste 28098) — no aceptada
Intercambio (14, 15) -> Nueva solución con coste 27818
Intercambio (10, 13) -> Peor solución (coste 28396) — no aceptada
Intercambio (3, 15) -> Peor solución (coste 28788) — no aceptada
Intercambio (3, 14) -> Nueva solución con coste 28396
Intercambio (14, 15) -> Nueva solución con coste 27670
Intercambio (10, 13) -> Nueva solución con coste 26876
Intercambio (3, 15) -> Peor solución (coste 27656) — no aceptada
Intercambio (3, 14) -> Peor solución (coste 28098) — no aceptada
Intercambio (14, 15) -> Nueva solución con coste 27818
Intercambio (10, 13) -> Peor solución (coste 28396) — no aceptada
Intercambio (3, 15) -> Peor solución (coste 28788) — no aceptada
Intercambio (3, 14) -> Nueva solución con coste 28396
Intercambio (14, 15) -> Nueva solución con coste 27670
Intercambio (10, 13) -> Nueva solución con coste 26876
Intercambio (3, 15) -> Peor solución (coste 27656) — no aceptada
Intercambio (3, 14) -> Peor solución (coste 28098) — no aceptada
Intercambio (14, 15) -> Nueva solución con coste 27818
Intercambio (10, 13) -> Peor solución (coste 28396) — no aceptada
Intercambio (3, 15) -> Peor solución (coste 28788) — no aceptada
Intercambio (3, 14) -> Nueva solución con coste 28396
Intercambio (14, 15) -> Nueva solución con coste 27670

Solución final
--------------
[0, 1, 2, 3, 4, 5, 6, 7, 8, 9, 10, 11, 12, 13, 14, 15, 16, 17, 18, 19]
Coste final: 26876
Duración: 0.087 segundos
