Parámetros del algoritmo
------------------------
Algoritmo: BusquedaLocal
Dataset: ford02.dat
Semilla: 5430765

Solución inicial y su coste
---------------------------
[13, 6, 17, 4, 7, 10, 3, 9, 19, 2, 11, 1, 0, 12, 16, 14, 18, 8, 5, 15]
Coste: 36446

Evolución de la búsqueda
------------------------
Intercambio (0, 2) -> Nueva solución con coste 35914
Intercambio (1, 3) -> Nueva solución con coste 35784
Intercambio (2, 4) -> Nueva solución con coste 35656
Intercambio (3, 6) -> Nueva solución con coste 35076
Intercambio (4, 5) -> Nueva solución con coste 35004
Intercambio (5, 7) -> Nueva solución con coste 34416
Intercambio (6, 7) -> Nueva solución con coste 34336
Intercambio (7, 13) -> Nueva solución con coste 34164
Intercambio (8, 9) -> Nueva solución con coste 34020
Intercambio (9, 11) -> Nueva solución con coste 33686
Intercambio (10, 11) -> Nueva solución con coste 33590
Intercambio (11, 14) -> Nueva solución con coste 33586
Intercambio (12, 8) -> Nueva solución con coste 33400
Intercambio (13, 16) -> Nueva solución con coste 33382
Intercambio (14, 15) -> Nueva solución con coste 33114
Intercambio (15, 3) -> Nueva solución con coste 32916
Intercambio (18, 1) -> Nueva solución con coste 32612
Intercambio (3, 10) -> Nueva solución con coste 32544
Intercambio (4, 14) -> Nueva solución con coste 32450
Intercambio (5, 6) -> Nueva solución con coste 32426
Intercambio (6, 1) -> Nueva solución con coste 32300
Intercambio (7, 4) -> Nueva solución con coste 32198
Intercambio (8, 6) -> Nueva solución con coste 32190
Intercambio (9, 1) -> Nueva solución con coste 31968
Intercambio (10, 15) -> Nueva solución con coste 31922
Intercambio (11, 14) -> Nueva solución con coste 31838
Intercambio (12, 7) -> Nueva solución con coste 31774
Intercambio (18, 11) -> Nueva solución con coste 31664
Intercambio (4, 18) -> Nueva solución con coste 31610
Intercambio (7, 13) -> Nueva solución con coste 31588
Intercambio (8, 17) -> Nueva solución con coste 31320
Intercambio (7, 15) -> Nueva solución con coste 31140

Solución final
--------------
[17, 1, 7, 19, 10, 13, 0, 11, 8, 9, 3, 4, 14, 2, 16, 18, 6, 5, 12, 15]
Coste final: 31140
Duración: 0.0 segundos
