========================================
 RESUMEN DE EJECUCIÓN 
========================================
Algoritmo:      Memetico
Archivo:        ford04.dat
Semilla:        40753067
----------------------------------------
Población:      100
kBest:          2
kWorst:         3
Elite:          1
Cruce:          OX2
----------------------------------------
PARAMETROS MEMÉTICO (BT):
Evaluaciones BT: 2000 evaluaciones
Iteraciones BT: 100 iteraciones (Profundidad)
----------------------------------------
RESULTADOS FINALES:
Evaluaciones Max: 10000
Generaciones:     8664
Tiempo (ms):    259
Costo Final:    173894
Solución:       [9, 4, 2, 7, 5, 25, 29, 8, 0, 20, 16, 27, 6, 13, 24, 14, 23, 22, 11, 19, 17, 21, 18, 28, 1, 12, 26, 3, 15, 10]
========================================
