========================================
 RESUMEN DE EJECUCIÓN 
========================================
Algoritmo:      Memetico
Archivo:        ford03.dat
Semilla:        53054673
----------------------------------------
Población:      100
kBest:          2
kWorst:         3
Elite:          1
Cruce:          OX2
----------------------------------------
PARAMETROS MEMÉTICO (BT):
Evaluaciones BT: 1000 evaluaciones
Iteraciones BT: 10 iteraciones (Profundidad)
----------------------------------------
RESULTADOS FINALES:
Evaluaciones Max: 10000
Generaciones:     9071
Tiempo (ms):    157
Costo Final:    12804
Solución:       [6, 1, 13, 16, 27, 22, 23, 7, 7, 17, 14, 2, 10, 25, 0, 8, 29, 20, 18, 15, 24, 11, 21, 3, 5, 3, 14, 4, 26, 22]
========================================
