========================================
 RESUMEN DE EJECUCIÓN 
========================================
Algoritmo:      Memetico
Archivo:        ford04.dat
Semilla:        53054673
----------------------------------------
Población:      100
kBest:          2
kWorst:         3
Elite:          1
Cruce:          OX2
----------------------------------------
PARAMETROS MEMÉTICO (BT):
Evaluaciones BT: 5000 evaluaciones
Iteraciones BT: 50 iteraciones (Profundidad)
----------------------------------------
RESULTADOS FINALES:
Evaluaciones Max: 10000
Generaciones:     8895
Tiempo (ms):    171
Costo Final:    167264
Solución:       [0, 24, 10, 11, 4, 20, 6, 7, 5, 8, 9, 18, 2, 13, 3, 15, 16, 17, 18, 28, 20, 21, 22, 18, 1, 25, 26, 27, 18, 29]
========================================
