Parámetros del algoritmo
------------------------
Algoritmo: BusquedaTabu
Dataset: ford03.dat
Semilla: 35470364

Solución inicial y su coste
---------------------------
[23, 28, 29, 17, 11, 12, 18, 10, 1, 16, 26, 13, 2, 8, 20, 15, 24, 19, 0, 21, 7, 3, 25, 6, 9, 5, 27, 22, 14, 4]
Coste: 13332

Evolución de la búsqueda
------------------------
Intercambio (5, 7) -> Nueva solución con coste 13660
Intercambio (12, 24) -> Nueva solución con coste 13610
Intercambio (6, 8) -> Nueva solución con coste 13572
Intercambio (1, 2) -> Nueva solución con coste 13542
Intercambio (2, 13) -> Nueva solución con coste 13494
Intercambio (0, 4) -> Nueva solución con coste 13468
Intercambio (6, 23) -> Nueva solución con coste 13450
Intercambio (13, 27) -> Nueva solución con coste 13436
Intercambio (22, 29) -> Nueva solución con coste 13426
Intercambio (5, 12) -> Nueva solución con coste 13422
Intercambio (5, 26) -> Nueva solución con coste 13418
Intercambio (0, 28) -> Peor solución (coste 13418) — no aceptada
Intercambio (0, 16) -> Peor solución (coste 13418) — no aceptada
Intercambio (4, 6) -> Peor solución (coste 13418) — no aceptada
Intercambio (4, 26) -> Peor solución (coste 13418) — no aceptada
Intercambio (0, 28) -> Peor solución (coste 13418) — no aceptada
Intercambio (6, 26) -> Peor solución (coste 13418) — no aceptada
Intercambio (4, 6) -> Peor solución (coste 13418) — no aceptada
Intercambio (4, 26) -> Peor solución (coste 13418) — no aceptada
Intercambio (0, 28) -> Peor solución (coste 13418) — no aceptada
Intercambio (0, 16) -> Peor solución (coste 13418) — no aceptada
Intercambio (4, 6) -> Peor solución (coste 13418) — no aceptada
Intercambio (4, 26) -> Peor solución (coste 13418) — no aceptada
Intercambio (0, 28) -> Peor solución (coste 13418) — no aceptada
Intercambio (6, 26) -> Peor solución (coste 13418) — no aceptada
Intercambio (4, 6) -> Peor solución (coste 13418) — no aceptada
Intercambio (4, 26) -> Peor solución (coste 13418) — no aceptada
Intercambio (0, 28) -> Peor solución (coste 13418) — no aceptada
Intercambio (0, 16) -> Peor solución (coste 13418) — no aceptada
Intercambio (4, 6) -> Peor solución (coste 13418) — no aceptada
Intercambio (4, 26) -> Peor solución (coste 13418) — no aceptada
Intercambio (0, 28) -> Peor solución (coste 13418) — no aceptada
Intercambio (6, 26) -> Peor solución (coste 13418) — no aceptada
Intercambio (4, 6) -> Peor solución (coste 13418) — no aceptada
Intercambio (4, 26) -> Peor solución (coste 13418) — no aceptada
Intercambio (0, 28) -> Peor solución (coste 13418) — no aceptada
Intercambio (0, 16) -> Peor solución (coste 13418) — no aceptada
Intercambio (4, 6) -> Peor solución (coste 13418) — no aceptada
Intercambio (4, 26) -> Peor solución (coste 13418) — no aceptada
Intercambio (0, 28) -> Peor solución (coste 13418) — no aceptada
Intercambio (6, 26) -> Peor solución (coste 13418) — no aceptada
Intercambio (4, 6) -> Peor solución (coste 13418) — no aceptada
Intercambio (4, 26) -> Peor solución (coste 13418) — no aceptada
Intercambio (0, 28) -> Peor solución (coste 13418) — no aceptada
Intercambio (0, 16) -> Peor solución (coste 13418) — no aceptada
Intercambio (4, 6) -> Peor solución (coste 13418) — no aceptada
Intercambio (4, 26) -> Peor solución (coste 13418) — no aceptada
Intercambio (0, 28) -> Peor solución (coste 13418) — no aceptada
Intercambio (6, 26) -> Peor solución (coste 13418) — no aceptada
Intercambio (4, 6) -> Peor solución (coste 13418) — no aceptada
Intercambio (4, 26) -> Peor solución (coste 13418) — no aceptada
Intercambio (0, 28) -> Peor solución (coste 13418) — no aceptada
Intercambio (0, 16) -> Peor solución (coste 13418) — no aceptada
Intercambio (4, 6) -> Peor solución (coste 13418) — no aceptada
Intercambio (4, 26) -> Peor solución (coste 13418) — no aceptada
Intercambio (0, 28) -> Peor solución (coste 13418) — no aceptada
Intercambio (6, 26) -> Peor solución (coste 13418) — no aceptada
Intercambio (4, 6) -> Peor solución (coste 13418) — no aceptada
Intercambio (4, 26) -> Peor solución (coste 13418) — no aceptada
Intercambio (0, 28) -> Peor solución (coste 13418) — no aceptada
Intercambio (0, 16) -> Peor solución (coste 13418) — no aceptada
Intercambio (4, 6) -> Peor solución (coste 13418) — no aceptada
Intercambio (4, 26) -> Peor solución (coste 13418) — no aceptada
Intercambio (0, 28) -> Peor solución (coste 13418) — no aceptada
Intercambio (6, 26) -> Peor solución (coste 13418) — no aceptada
Intercambio (4, 6) -> Peor solución (coste 13418) — no aceptada
Intercambio (4, 26) -> Peor solución (coste 13418) — no aceptada
Intercambio (0, 28) -> Peor solución (coste 13418) — no aceptada
Intercambio (0, 16) -> Peor solución (coste 13418) — no aceptada
Intercambio (4, 6) -> Peor solución (coste 13418) — no aceptada
Intercambio (4, 26) -> Peor solución (coste 13418) — no aceptada
Intercambio (0, 28) -> Peor solución (coste 13418) — no aceptada
Intercambio (6, 26) -> Peor solución (coste 13418) — no aceptada
Intercambio (4, 6) -> Peor solución (coste 13418) — no aceptada
Intercambio (4, 26) -> Peor solución (coste 13418) — no aceptada
Intercambio (0, 28) -> Peor solución (coste 13418) — no aceptada
Intercambio (0, 16) -> Peor solución (coste 13418) — no aceptada
Intercambio (4, 6) -> Peor solución (coste 13418) — no aceptada
Intercambio (4, 26) -> Peor solución (coste 13418) — no aceptada
Intercambio (0, 28) -> Peor solución (coste 13418) — no aceptada
Intercambio (6, 26) -> Peor solución (coste 13418) — no aceptada
Intercambio (4, 6) -> Peor solución (coste 13418) — no aceptada
Intercambio (4, 26) -> Peor solución (coste 13418) — no aceptada
Intercambio (0, 28) -> Peor solución (coste 13418) — no aceptada
Intercambio (0, 16) -> Peor solución (coste 13418) — no aceptada
Intercambio (4, 6) -> Peor solución (coste 13418) — no aceptada
Intercambio (4, 26) -> Peor solución (coste 13418) — no aceptada
Intercambio (0, 28) -> Peor solución (coste 13418) — no aceptada
Intercambio (6, 26) -> Peor solución (coste 13418) — no aceptada
Intercambio (4, 6) -> Peor solución (coste 13418) — no aceptada
Intercambio (4, 26) -> Peor solución (coste 13418) — no aceptada
Intercambio (0, 28) -> Peor solución (coste 13418) — no aceptada
Intercambio (0, 16) -> Peor solución (coste 13418) — no aceptada
Intercambio (4, 6) -> Peor solución (coste 13418) — no aceptada
Intercambio (4, 26) -> Peor solución (coste 13418) — no aceptada
Intercambio (0, 28) -> Peor solución (coste 13418) — no aceptada
Intercambio (6, 26) -> Peor solución (coste 13418) — no aceptada
Intercambio (4, 6) -> Peor solución (coste 13418) — no aceptada
Intercambio (4, 26) -> Peor solución (coste 13418) — no aceptada
Intercambio (0, 28) -> Peor solución (coste 13418) — no aceptada
Intercambio (0, 16) -> Peor solución (coste 13418) — no aceptada
Intercambio (4, 6) -> Peor solución (coste 13418) — no aceptada
Intercambio (4, 26) -> Peor solución (coste 13418) — no aceptada
Intercambio (0, 28) -> Peor solución (coste 13418) — no aceptada
Intercambio (6, 26) -> Peor solución (coste 13418) — no aceptada
Intercambio (4, 6) -> Peor solución (coste 13418) — no aceptada
Intercambio (4, 26) -> Peor solución (coste 13418) — no aceptada
Intercambio (0, 28) -> Peor solución (coste 13418) — no aceptada
Intercambio (0, 16) -> Peor solución (coste 13418) — no aceptada
Intercambio (4, 6) -> Peor solución (coste 13418) — no aceptada
Intercambio (4, 26) -> Peor solución (coste 13418) — no aceptada
Intercambio (0, 28) -> Peor solución (coste 13418) — no aceptada
Intercambio (6, 26) -> Peor solución (coste 13418) — no aceptada
Intercambio (3, 7) -> Peor solución (coste 13418) — no aceptada
Intercambio (4, 6) -> Peor solución (coste 13418) — no aceptada
Intercambio (0, 28) -> Peor solución (coste 13418) — no aceptada
Intercambio (0, 16) -> Peor solución (coste 13418) — no aceptada
Intercambio (4, 26) -> Peor solución (coste 13418) — no aceptada
Intercambio (4, 6) -> Peor solución (coste 13418) — no aceptada
Intercambio (0, 28) -> Peor solución (coste 13418) — no aceptada
Intercambio (6, 26) -> Peor solución (coste 13418) — no aceptada
Intercambio (4, 26) -> Peor solución (coste 13418) — no aceptada
Intercambio (4, 6) -> Peor solución (coste 13418) — no aceptada
Intercambio (0, 28) -> Peor solución (coste 13418) — no aceptada
Intercambio (0, 16) -> Peor solución (coste 13418) — no aceptada
Intercambio (4, 26) -> Peor solución (coste 13418) — no aceptada
Intercambio (4, 6) -> Peor solución (coste 13418) — no aceptada
Intercambio (0, 28) -> Peor solución (coste 13418) — no aceptada
Intercambio (6, 26) -> Peor solución (coste 13418) — no aceptada
Intercambio (4, 26) -> Peor solución (coste 13418) — no aceptada
Intercambio (4, 6) -> Peor solución (coste 13418) — no aceptada
Intercambio (0, 28) -> Peor solución (coste 13418) — no aceptada
Intercambio (0, 16) -> Peor solución (coste 13418) — no aceptada
Intercambio (4, 26) -> Peor solución (coste 13418) — no aceptada
Intercambio (4, 6) -> Peor solución (coste 13418) — no aceptada
Intercambio (0, 28) -> Peor solución (coste 13418) — no aceptada
Intercambio (6, 26) -> Peor solución (coste 13418) — no aceptada
Intercambio (4, 26) -> Peor solución (coste 13418) — no aceptada
Intercambio (4, 6) -> Peor solución (coste 13418) — no aceptada
Intercambio (0, 28) -> Peor solución (coste 13418) — no aceptada
Intercambio (0, 16) -> Peor solución (coste 13418) — no aceptada
Intercambio (4, 26) -> Peor solución (coste 13418) — no aceptada
Intercambio (4, 6) -> Peor solución (coste 13418) — no aceptada
Intercambio (0, 28) -> Peor solución (coste 13418) — no aceptada
Intercambio (6, 26) -> Peor solución (coste 13418) — no aceptada
Intercambio (4, 26) -> Peor solución (coste 13418) — no aceptada
Intercambio (4, 6) -> Peor solución (coste 13418) — no aceptada
Intercambio (0, 28) -> Peor solución (coste 13418) — no aceptada
Intercambio (0, 16) -> Peor solución (coste 13418) — no aceptada
Intercambio (4, 26) -> Peor solución (coste 13418) — no aceptada
Intercambio (4, 6) -> Peor solución (coste 13418) — no aceptada
Intercambio (0, 28) -> Peor solución (coste 13418) — no aceptada
Intercambio (6, 26) -> Peor solución (coste 13418) — no aceptada
Intercambio (4, 26) -> Peor solución (coste 13418) — no aceptada
Intercambio (4, 6) -> Peor solución (coste 13418) — no aceptada
Intercambio (0, 28) -> Peor solución (coste 13418) — no aceptada
Intercambio (0, 16) -> Peor solución (coste 13418) — no aceptada
Intercambio (4, 26) -> Peor solución (coste 13418) — no aceptada
Intercambio (4, 6) -> Peor solución (coste 13418) — no aceptada
Intercambio (0, 28) -> Peor solución (coste 13418) — no aceptada
Intercambio (6, 26) -> Peor solución (coste 13418) — no aceptada
Intercambio (4, 26) -> Peor solución (coste 13418) — no aceptada
Intercambio (4, 6) -> Peor solución (coste 13418) — no aceptada
Intercambio (0, 28) -> Peor solución (coste 13418) — no aceptada
Intercambio (3, 7) -> Peor solución (coste 13418) — no aceptada
Intercambio (0, 16) -> Peor solución (coste 13418) — no aceptada
Intercambio (4, 6) -> Peor solución (coste 13418) — no aceptada
Intercambio (0, 28) -> Peor solución (coste 13418) — no aceptada
Intercambio (4, 26) -> Peor solución (coste 13418) — no aceptada
Intercambio (6, 26) -> Peor solución (coste 13418) — no aceptada
Intercambio (4, 6) -> Peor solución (coste 13418) — no aceptada
Intercambio (0, 28) -> Peor solución (coste 13418) — no aceptada
Intercambio (0, 16) -> Peor solución (coste 13418) — no aceptada
Intercambio (4, 26) -> Peor solución (coste 13418) — no aceptada
Intercambio (4, 6) -> Peor solución (coste 13418) — no aceptada
Intercambio (0, 28) -> Peor solución (coste 13418) — no aceptada
Intercambio (6, 26) -> Peor solución (coste 13418) — no aceptada
Intercambio (4, 26) -> Peor solución (coste 13418) — no aceptada
Intercambio (4, 6) -> Peor solución (coste 13418) — no aceptada
Intercambio (0, 28) -> Peor solución (coste 13418) — no aceptada
Intercambio (0, 16) -> Peor solución (coste 13418) — no aceptada
Intercambio (4, 26) -> Peor solución (coste 13418) — no aceptada
Intercambio (4, 6) -> Peor solución (coste 13418) — no aceptada
Intercambio (0, 28) -> Peor solución (coste 13418) — no aceptada
Intercambio (6, 26) -> Peor solución (coste 13418) — no aceptada
Intercambio (4, 26) -> Peor solución (coste 13418) — no aceptada
Intercambio (4, 6) -> Peor solución (coste 13418) — no aceptada
Intercambio (0, 28) -> Peor solución (coste 13418) — no aceptada
Intercambio (0, 16) -> Peor solución (coste 13418) — no aceptada
Intercambio (4, 26) -> Peor solución (coste 13418) — no aceptada
Intercambio (4, 6) -> Peor solución (coste 13418) — no aceptada
Intercambio (0, 28) -> Peor solución (coste 13418) — no aceptada
Intercambio (6, 26) -> Peor solución (coste 13418) — no aceptada
Intercambio (4, 26) -> Peor solución (coste 13418) — no aceptada
Intercambio (4, 6) -> Peor solución (coste 13418) — no aceptada
Intercambio (0, 28) -> Peor solución (coste 13418) — no aceptada
Intercambio (0, 16) -> Peor solución (coste 13418) — no aceptada
Intercambio (4, 26) -> Peor solución (coste 13418) — no aceptada
Intercambio (4, 6) -> Peor solución (coste 13418) — no aceptada
Intercambio (0, 28) -> Peor solución (coste 13418) — no aceptada
Intercambio (6, 26) -> Peor solución (coste 13418) — no aceptada
Intercambio (4, 26) -> Peor solución (coste 13418) — no aceptada
Intercambio (4, 6) -> Peor solución (coste 13418) — no aceptada
Intercambio (0, 28) -> Peor solución (coste 13418) — no aceptada
Intercambio (0, 16) -> Peor solución (coste 13418) — no aceptada
Intercambio (4, 26) -> Peor solución (coste 13418) — no aceptada
Intercambio (4, 6) -> Peor solución (coste 13418) — no aceptada
Intercambio (0, 28) -> Peor solución (coste 13418) — no aceptada
Intercambio (6, 26) -> Peor solución (coste 13418) — no aceptada
Intercambio (4, 26) -> Peor solución (coste 13418) — no aceptada
Intercambio (4, 6) -> Peor solución (coste 13418) — no aceptada
Intercambio (0, 28) -> Peor solución (coste 13418) — no aceptada
Intercambio (0, 16) -> Peor solución (coste 13418) — no aceptada
Intercambio (4, 26) -> Peor solución (coste 13418) — no aceptada
Intercambio (4, 6) -> Peor solución (coste 13418) — no aceptada
Intercambio (3, 7) -> Peor solución (coste 13418) — no aceptada
Intercambio (0, 16) -> Peor solución (coste 13418) — no aceptada
Intercambio (0, 28) -> Peor solución (coste 13418) — no aceptada
Intercambio (4, 6) -> Peor solución (coste 13418) — no aceptada
Intercambio (4, 26) -> Peor solución (coste 13418) — no aceptada
Intercambio (6, 26) -> Peor solución (coste 13418) — no aceptada
Intercambio (0, 28) -> Peor solución (coste 13418) — no aceptada
Intercambio (0, 16) -> Peor solución (coste 13418) — no aceptada
Intercambio (4, 6) -> Peor solución (coste 13418) — no aceptada
Intercambio (4, 26) -> Peor solución (coste 13418) — no aceptada
Intercambio (0, 28) -> Peor solución (coste 13418) — no aceptada
Intercambio (6, 26) -> Peor solución (coste 13418) — no aceptada
Intercambio (4, 6) -> Peor solución (coste 13418) — no aceptada
Intercambio (4, 26) -> Peor solución (coste 13418) — no aceptada
Intercambio (0, 28) -> Peor solución (coste 13418) — no aceptada
Intercambio (0, 16) -> Peor solución (coste 13418) — no aceptada
Intercambio (4, 6) -> Peor solución (coste 13418) — no aceptada
Intercambio (4, 26) -> Peor solución (coste 13418) — no aceptada
Intercambio (0, 28) -> Peor solución (coste 13418) — no aceptada
Intercambio (6, 26) -> Peor solución (coste 13418) — no aceptada
Intercambio (4, 6) -> Peor solución (coste 13418) — no aceptada
Intercambio (4, 26) -> Peor solución (coste 13418) — no aceptada
Intercambio (0, 28) -> Peor solución (coste 13418) — no aceptada
Intercambio (0, 16) -> Peor solución (coste 13418) — no aceptada
Intercambio (4, 6) -> Peor solución (coste 13418) — no aceptada
Intercambio (4, 26) -> Peor solución (coste 13418) — no aceptada
Intercambio (0, 28) -> Peor solución (coste 13418) — no aceptada
Intercambio (6, 26) -> Peor solución (coste 13418) — no aceptada
Intercambio (4, 6) -> Peor solución (coste 13418) — no aceptada
Intercambio (4, 26) -> Peor solución (coste 13418) — no aceptada
Intercambio (0, 28) -> Peor solución (coste 13418) — no aceptada
Intercambio (0, 16) -> Peor solución (coste 13418) — no aceptada
Intercambio (4, 6) -> Peor solución (coste 13418) — no aceptada
Intercambio (4, 26) -> Peor solución (coste 13418) — no aceptada
Intercambio (0, 28) -> Peor solución (coste 13418) — no aceptada
Intercambio (6, 26) -> Peor solución (coste 13418) — no aceptada
Intercambio (4, 6) -> Peor solución (coste 13418) — no aceptada
Intercambio (4, 26) -> Peor solución (coste 13418) — no aceptada
Intercambio (0, 28) -> Peor solución (coste 13418) — no aceptada
Intercambio (0, 16) -> Peor solución (coste 13418) — no aceptada
Intercambio (4, 6) -> Peor solución (coste 13418) — no aceptada
Intercambio (4, 26) -> Peor solución (coste 13418) — no aceptada
Intercambio (0, 28) -> Peor solución (coste 13418) — no aceptada
Intercambio (6, 26) -> Peor solución (coste 13418) — no aceptada
Intercambio (4, 6) -> Peor solución (coste 13418) — no aceptada
Intercambio (4, 26) -> Peor solución (coste 13418) — no aceptada
Intercambio (0, 28) -> Peor solución (coste 13418) — no aceptada
Intercambio (0, 16) -> Peor solución (coste 13418) — no aceptada
Intercambio (4, 6) -> Peor solución (coste 13418) — no aceptada
Intercambio (4, 26) -> Peor solución (coste 13418) — no aceptada
Intercambio (0, 28) -> Peor solución (coste 13418) — no aceptada
Intercambio (3, 7) -> Peor solución (coste 13418) — no aceptada
Intercambio (4, 6) -> Peor solución (coste 13418) — no aceptada
Intercambio (4, 26) -> Peor solución (coste 13418) — no aceptada
Intercambio (0, 28) -> Peor solución (coste 13418) — no aceptada
Intercambio (0, 16) -> Peor solución (coste 13418) — no aceptada
Intercambio (4, 6) -> Peor solución (coste 13418) — no aceptada
Intercambio (4, 26) -> Peor solución (coste 13418) — no aceptada
Intercambio (0, 28) -> Peor solución (coste 13418) — no aceptada
Intercambio (6, 26) -> Peor solución (coste 13418) — no aceptada
Intercambio (4, 6) -> Peor solución (coste 13418) — no aceptada
Intercambio (4, 26) -> Peor solución (coste 13418) — no aceptada
Intercambio (0, 28) -> Peor solución (coste 13418) — no aceptada
Intercambio (0, 16) -> Peor solución (coste 13418) — no aceptada
Intercambio (4, 6) -> Peor solución (coste 13418) — no aceptada
Intercambio (4, 26) -> Peor solución (coste 13418) — no aceptada
Intercambio (0, 28) -> Peor solución (coste 13418) — no aceptada
Intercambio (6, 26) -> Peor solución (coste 13418) — no aceptada
Intercambio (4, 6) -> Peor solución (coste 13418) — no aceptada
Intercambio (4, 26) -> Peor solución (coste 13418) — no aceptada
Intercambio (0, 28) -> Peor solución (coste 13418) — no aceptada
Intercambio (0, 16) -> Peor solución (coste 13418) — no aceptada
Intercambio (4, 6) -> Peor solución (coste 13418) — no aceptada
Intercambio (4, 26) -> Peor solución (coste 13418) — no aceptada
Intercambio (0, 28) -> Peor solución (coste 13418) — no aceptada
Intercambio (6, 26) -> Peor solución (coste 13418) — no aceptada
Intercambio (4, 6) -> Peor solución (coste 13418) — no aceptada
Intercambio (4, 26) -> Peor solución (coste 13418) — no aceptada
Intercambio (0, 28) -> Peor solución (coste 13418) — no aceptada
Intercambio (0, 16) -> Peor solución (coste 13418) — no aceptada
Intercambio (4, 6) -> Peor solución (coste 13418) — no aceptada
Intercambio (4, 26) -> Peor solución (coste 13418) — no aceptada
Intercambio (0, 28) -> Peor solución (coste 13418) — no aceptada
Intercambio (6, 26) -> Peor solución (coste 13418) — no aceptada
Intercambio (4, 6) -> Peor solución (coste 13418) — no aceptada
Intercambio (4, 26) -> Peor solución (coste 13418) — no aceptada
Intercambio (0, 28) -> Peor solución (coste 13418) — no aceptada
Intercambio (0, 16) -> Peor solución (coste 13418) — no aceptada
Intercambio (4, 6) -> Peor solución (coste 13418) — no aceptada
Intercambio (4, 26) -> Peor solución (coste 13418) — no aceptada
Intercambio (0, 28) -> Peor solución (coste 13418) — no aceptada
Intercambio (6, 26) -> Peor solución (coste 13418) — no aceptada
Intercambio (4, 6) -> Peor solución (coste 13418) — no aceptada
Intercambio (4, 26) -> Peor solución (coste 13418) — no aceptada
Intercambio (0, 28) -> Peor solución (coste 13418) — no aceptada
Intercambio (0, 16) -> Peor solución (coste 13418) — no aceptada
Intercambio (4, 6) -> Peor solución (coste 13418) — no aceptada
Intercambio (4, 26) -> Peor solución (coste 13418) — no aceptada
Intercambio (0, 28) -> Peor solución (coste 13418) — no aceptada
Intercambio (6, 26) -> Peor solución (coste 13418) — no aceptada
Intercambio (4, 6) -> Peor solución (coste 13418) — no aceptada
Intercambio (4, 26) -> Peor solución (coste 13418) — no aceptada
Intercambio (0, 28) -> Peor solución (coste 13418) — no aceptada
Intercambio (0, 16) -> Peor solución (coste 13418) — no aceptada
Intercambio (4, 6) -> Peor solución (coste 13418) — no aceptada
Intercambio (4, 26) -> Peor solución (coste 13418) — no aceptada
Intercambio (0, 28) -> Peor solución (coste 13418) — no aceptada
Intercambio (6, 26) -> Peor solución (coste 13418) — no aceptada
Intercambio (4, 6) -> Peor solución (coste 13418) — no aceptada
Intercambio (4, 26) -> Peor solución (coste 13418) — no aceptada
Intercambio (0, 28) -> Peor solución (coste 13418) — no aceptada
Intercambio (0, 16) -> Peor solución (coste 13418) — no aceptada
Intercambio (4, 6) -> Peor solución (coste 13418) — no aceptada
Intercambio (4, 26) -> Peor solución (coste 13418) — no aceptada
Intercambio (0, 28) -> Peor solución (coste 13418) — no aceptada
Intercambio (6, 26) -> Peor solución (coste 13418) — no aceptada
Intercambio (4, 6) -> Peor solución (coste 13418) — no aceptada
Intercambio (4, 26) -> Peor solución (coste 13418) — no aceptada
Intercambio (0, 28) -> Peor solución (coste 13418) — no aceptada
Intercambio (0, 16) -> Peor solución (coste 13418) — no aceptada
Intercambio (4, 6) -> Peor solución (coste 13418) — no aceptada
Intercambio (4, 26) -> Peor solución (coste 13418) — no aceptada
Intercambio (0, 28) -> Peor solución (coste 13418) — no aceptada
Intercambio (6, 26) -> Peor solución (coste 13418) — no aceptada
Intercambio (4, 6) -> Peor solución (coste 13418) — no aceptada
Intercambio (4, 26) -> Peor solución (coste 13418) — no aceptada
Intercambio (0, 28) -> Peor solución (coste 13418) — no aceptada
Intercambio (0, 16) -> Peor solución (coste 13418) — no aceptada
Intercambio (4, 6) -> Peor solución (coste 13418) — no aceptada
Intercambio (4, 26) -> Peor solución (coste 13418) — no aceptada
Intercambio (0, 28) -> Peor solución (coste 13418) — no aceptada
Intercambio (6, 26) -> Peor solución (coste 13418) — no aceptada
Intercambio (4, 6) -> Peor solución (coste 13418) — no aceptada
Intercambio (4, 26) -> Peor solución (coste 13418) — no aceptada
Intercambio (0, 28) -> Peor solución (coste 13418) — no aceptada
Intercambio (0, 16) -> Peor solución (coste 13418) — no aceptada
Intercambio (4, 6) -> Peor solución (coste 13418) — no aceptada
Intercambio (4, 26) -> Peor solución (coste 13418) — no aceptada
Intercambio (0, 28) -> Peor solución (coste 13418) — no aceptada
Intercambio (6, 26) -> Peor solución (coste 13418) — no aceptada
Intercambio (4, 6) -> Peor solución (coste 13418) — no aceptada
Intercambio (4, 26) -> Peor solución (coste 13418) — no aceptada
Intercambio (0, 28) -> Peor solución (coste 13418) — no aceptada
Intercambio (0, 16) -> Peor solución (coste 13418) — no aceptada
Intercambio (4, 6) -> Peor solución (coste 13418) — no aceptada
Intercambio (4, 26) -> Peor solución (coste 13418) — no aceptada
Intercambio (0, 28) -> Peor solución (coste 13418) — no aceptada
Intercambio (6, 26) -> Peor solución (coste 13418) — no aceptada
Intercambio (4, 6) -> Peor solución (coste 13418) — no aceptada
Intercambio (4, 26) -> Peor solución (coste 13418) — no aceptada
Intercambio (0, 28) -> Peor solución (coste 13418) — no aceptada
Intercambio (0, 16) -> Peor solución (coste 13418) — no aceptada
Intercambio (4, 6) -> Peor solución (coste 13418) — no aceptada
Intercambio (4, 26) -> Peor solución (coste 13418) — no aceptada
Intercambio (0, 28) -> Peor solución (coste 13418) — no aceptada
Intercambio (6, 26) -> Peor solución (coste 13418) — no aceptada
Intercambio (4, 6) -> Peor solución (coste 13418) — no aceptada
Intercambio (4, 26) -> Peor solución (coste 13418) — no aceptada
Intercambio (0, 28) -> Peor solución (coste 13418) — no aceptada
Intercambio (0, 16) -> Peor solución (coste 13418) — no aceptada
Intercambio (4, 6) -> Peor solución (coste 13418) — no aceptada
Intercambio (4, 26) -> Peor solución (coste 13418) — no aceptada
Intercambio (0, 28) -> Peor solución (coste 13418) — no aceptada
Intercambio (6, 26) -> Peor solución (coste 13418) — no aceptada
Intercambio (4, 6) -> Peor solución (coste 13418) — no aceptada
Intercambio (4, 26) -> Peor solución (coste 13418) — no aceptada
Intercambio (0, 28) -> Peor solución (coste 13418) — no aceptada
Intercambio (0, 16) -> Peor solución (coste 13418) — no aceptada
Intercambio (4, 6) -> Peor solución (coste 13418) — no aceptada
Intercambio (4, 26) -> Peor solución (coste 13418) — no aceptada
Intercambio (0, 28) -> Peor solución (coste 13418) — no aceptada
Intercambio (6, 26) -> Peor solución (coste 13418) — no aceptada
Intercambio (4, 6) -> Peor solución (coste 13418) — no aceptada
Intercambio (4, 26) -> Peor solución (coste 13418) — no aceptada
Intercambio (0, 28) -> Peor solución (coste 13418) — no aceptada
Intercambio (0, 16) -> Peor solución (coste 13418) — no aceptada
Intercambio (4, 6) -> Peor solución (coste 13418) — no aceptada
Intercambio (4, 26) -> Peor solución (coste 13418) — no aceptada
Intercambio (0, 28) -> Peor solución (coste 13418) — no aceptada
Intercambio (6, 26) -> Peor solución (coste 13418) — no aceptada
Intercambio (4, 6) -> Peor solución (coste 13418) — no aceptada
Intercambio (4, 26) -> Peor solución (coste 13418) — no aceptada
Intercambio (0, 28) -> Peor solución (coste 13418) — no aceptada
Intercambio (0, 16) -> Peor solución (coste 13418) — no aceptada
Intercambio (4, 6) -> Peor solución (coste 13418) — no aceptada
Intercambio (4, 26) -> Peor solución (coste 13418) — no aceptada
Intercambio (0, 28) -> Peor solución (coste 13418) — no aceptada
Intercambio (6, 26) -> Peor solución (coste 13418) — no aceptada
Intercambio (4, 6) -> Peor solución (coste 13418) — no aceptada
Intercambio (4, 26) -> Peor solución (coste 13418) — no aceptada
Intercambio (0, 28) -> Peor solución (coste 13418) — no aceptada
Intercambio (0, 16) -> Peor solución (coste 13418) — no aceptada
Intercambio (4, 6) -> Peor solución (coste 13418) — no aceptada
Intercambio (4, 26) -> Peor solución (coste 13418) — no aceptada
Intercambio (0, 28) -> Peor solución (coste 13418) — no aceptada
Intercambio (6, 26) -> Peor solución (coste 13418) — no aceptada
Intercambio (4, 6) -> Peor solución (coste 13418) — no aceptada
Intercambio (4, 26) -> Peor solución (coste 13418) — no aceptada
Intercambio (0, 28) -> Peor solución (coste 13418) — no aceptada
Intercambio (0, 16) -> Peor solución (coste 13418) — no aceptada
Intercambio (4, 6) -> Peor solución (coste 13418) — no aceptada
Intercambio (4, 26) -> Peor solución (coste 13418) — no aceptada
Intercambio (0, 28) -> Peor solución (coste 13418) — no aceptada
Intercambio (6, 26) -> Peor solución (coste 13418) — no aceptada
Intercambio (4, 6) -> Peor solución (coste 13418) — no aceptada
Intercambio (4, 26) -> Peor solución (coste 13418) — no aceptada
Intercambio (0, 28) -> Peor solución (coste 13418) — no aceptada
Intercambio (0, 16) -> Peor solución (coste 13418) — no aceptada
Intercambio (4, 6) -> Peor solución (coste 13418) — no aceptada
Intercambio (4, 26) -> Peor solución (coste 13418) — no aceptada
Intercambio (0, 28) -> Peor solución (coste 13418) — no aceptada
Intercambio (6, 26) -> Peor solución (coste 13418) — no aceptada
Intercambio (4, 6) -> Peor solución (coste 13418) — no aceptada
Intercambio (4, 26) -> Peor solución (coste 13418) — no aceptada
Intercambio (0, 28) -> Peor solución (coste 13418) — no aceptada
Intercambio (0, 16) -> Peor solución (coste 13418) — no aceptada
Intercambio (4, 6) -> Peor solución (coste 13418) — no aceptada
Intercambio (4, 26) -> Peor solución (coste 13418) — no aceptada
Intercambio (0, 28) -> Peor solución (coste 13418) — no aceptada
Intercambio (6, 26) -> Peor solución (coste 13418) — no aceptada
Intercambio (4, 6) -> Peor solución (coste 13418) — no aceptada
Intercambio (4, 26) -> Peor solución (coste 13418) — no aceptada
Intercambio (0, 28) -> Peor solución (coste 13418) — no aceptada
Intercambio (0, 16) -> Peor solución (coste 13418) — no aceptada
Intercambio (4, 6) -> Peor solución (coste 13418) — no aceptada
Intercambio (4, 26) -> Peor solución (coste 13418) — no aceptada
Intercambio (0, 28) -> Peor solución (coste 13418) — no aceptada
Intercambio (6, 26) -> Peor solución (coste 13418) — no aceptada
Intercambio (4, 6) -> Peor solución (coste 13418) — no aceptada
Intercambio (4, 26) -> Peor solución (coste 13418) — no aceptada
Intercambio (0, 28) -> Peor solución (coste 13418) — no aceptada
Intercambio (0, 16) -> Peor solución (coste 13418) — no aceptada
Intercambio (4, 6) -> Peor solución (coste 13418) — no aceptada
Intercambio (4, 26) -> Peor solución (coste 13418) — no aceptada
Intercambio (0, 28) -> Peor solución (coste 13418) — no aceptada
Intercambio (6, 26) -> Peor solución (coste 13418) — no aceptada
Intercambio (4, 6) -> Peor solución (coste 13418) — no aceptada
Intercambio (4, 26) -> Peor solución (coste 13418) — no aceptada
Intercambio (0, 28) -> Peor solución (coste 13418) — no aceptada
Intercambio (0, 16) -> Peor solución (coste 13418) — no aceptada
Intercambio (4, 6) -> Peor solución (coste 13418) — no aceptada
Intercambio (4, 26) -> Peor solución (coste 13418) — no aceptada
Intercambio (0, 28) -> Peor solución (coste 13418) — no aceptada
Intercambio (6, 26) -> Peor solución (coste 13418) — no aceptada
Intercambio (4, 6) -> Peor solución (coste 13418) — no aceptada
Intercambio (4, 26) -> Peor solución (coste 13418) — no aceptada
Intercambio (0, 28) -> Peor solución (coste 13418) — no aceptada
Intercambio (0, 16) -> Peor solución (coste 13418) — no aceptada
Intercambio (4, 6) -> Peor solución (coste 13418) — no aceptada
Intercambio (4, 26) -> Peor solución (coste 13418) — no aceptada
Intercambio (0, 28) -> Peor solución (coste 13418) — no aceptada
Intercambio (6, 26) -> Peor solución (coste 13418) — no aceptada
Intercambio (4, 6) -> Peor solución (coste 13418) — no aceptada
Intercambio (4, 26) -> Peor solución (coste 13418) — no aceptada
Intercambio (0, 28) -> Peor solución (coste 13418) — no aceptada
Intercambio (3, 7) -> Peor solución (coste 13418) — no aceptada
Intercambio (0, 16) -> Peor solución (coste 13418) — no aceptada
Intercambio (4, 6) -> Peor solución (coste 13418) — no aceptada
Intercambio (0, 28) -> Peor solución (coste 13418) — no aceptada
Intercambio (4, 26) -> Peor solución (coste 13418) — no aceptada
Intercambio (6, 26) -> Peor solución (coste 13418) — no aceptada
Intercambio (4, 6) -> Peor solución (coste 13418) — no aceptada
Intercambio (0, 28) -> Peor solución (coste 13418) — no aceptada
Intercambio (0, 16) -> Peor solución (coste 13418) — no aceptada
Intercambio (4, 26) -> Peor solución (coste 13418) — no aceptada
Intercambio (4, 6) -> Peor solución (coste 13418) — no aceptada
Intercambio (0, 28) -> Peor solución (coste 13418) — no aceptada
Intercambio (6, 26) -> Peor solución (coste 13418) — no aceptada
Intercambio (4, 26) -> Peor solución (coste 13418) — no aceptada
Intercambio (4, 6) -> Peor solución (coste 13418) — no aceptada
Intercambio (0, 28) -> Peor solución (coste 13418) — no aceptada
Intercambio (0, 16) -> Peor solución (coste 13418) — no aceptada
Intercambio (4, 26) -> Peor solución (coste 13418) — no aceptada
Intercambio (4, 6) -> Peor solución (coste 13418) — no aceptada
Intercambio (0, 28) -> Peor solución (coste 13418) — no aceptada
Intercambio (6, 26) -> Peor solución (coste 13418) — no aceptada
Intercambio (4, 26) -> Peor solución (coste 13418) — no aceptada
Intercambio (4, 6) -> Peor solución (coste 13418) — no aceptada
Intercambio (0, 28) -> Peor solución (coste 13418) — no aceptada
Intercambio (0, 16) -> Peor solución (coste 13418) — no aceptada
Intercambio (4, 26) -> Peor solución (coste 13418) — no aceptada
Intercambio (4, 6) -> Peor solución (coste 13418) — no aceptada
Intercambio (0, 28) -> Peor solución (coste 13418) — no aceptada
Intercambio (6, 26) -> Peor solución (coste 13418) — no aceptada
Intercambio (4, 26) -> Peor solución (coste 13418) — no aceptada
Intercambio (4, 6) -> Peor solución (coste 13418) — no aceptada
Intercambio (0, 28) -> Peor solución (coste 13418) — no aceptada
Intercambio (0, 16) -> Peor solución (coste 13418) — no aceptada
Intercambio (4, 26) -> Peor solución (coste 13418) — no aceptada
Intercambio (4, 6) -> Peor solución (coste 13418) — no aceptada
Intercambio (0, 28) -> Peor solución (coste 13418) — no aceptada
Intercambio (6, 26) -> Peor solución (coste 13418) — no aceptada
Intercambio (4, 26) -> Peor solución (coste 13418) — no aceptada
Intercambio (4, 6) -> Peor solución (coste 13418) — no aceptada
Intercambio (0, 28) -> Peor solución (coste 13418) — no aceptada
Intercambio (0, 16) -> Peor solución (coste 13418) — no aceptada
Intercambio (4, 26) -> Peor solución (coste 13418) — no aceptada
Intercambio (4, 6) -> Peor solución (coste 13418) — no aceptada
Intercambio (0, 28) -> Peor solución (coste 13418) — no aceptada
Intercambio (6, 26) -> Peor solución (coste 13418) — no aceptada
Intercambio (4, 26) -> Peor solución (coste 13418) — no aceptada
Intercambio (4, 6) -> Peor solución (coste 13418) — no aceptada
Intercambio (0, 28) -> Peor solución (coste 13418) — no aceptada
Intercambio (0, 16) -> Peor solución (coste 13418) — no aceptada
Intercambio (4, 26) -> Peor solución (coste 13418) — no aceptada
Intercambio (4, 6) -> Peor solución (coste 13418) — no aceptada
Intercambio (3, 7) -> Peor solución (coste 13418) — no aceptada
Intercambio (0, 16) -> Peor solución (coste 13418) — no aceptada
Intercambio (0, 28) -> Peor solución (coste 13418) — no aceptada
Intercambio (4, 6) -> Peor solución (coste 13418) — no aceptada
Intercambio (4, 26) -> Peor solución (coste 13418) — no aceptada
Intercambio (6, 26) -> Peor solución (coste 13418) — no aceptada
Intercambio (0, 28) -> Peor solución (coste 13418) — no aceptada
Intercambio (0, 16) -> Peor solución (coste 13418) — no aceptada
Intercambio (4, 6) -> Peor solución (coste 13418) — no aceptada
Intercambio (4, 26) -> Peor solución (coste 13418) — no aceptada
Intercambio (0, 28) -> Peor solución (coste 13418) — no aceptada
Intercambio (6, 26) -> Peor solución (coste 13418) — no aceptada
Intercambio (4, 6) -> Peor solución (coste 13418) — no aceptada
Intercambio (4, 26) -> Peor solución (coste 13418) — no aceptada
Intercambio (0, 28) -> Peor solución (coste 13418) — no aceptada
Intercambio (0, 16) -> Peor solución (coste 13418) — no aceptada
Intercambio (4, 6) -> Peor solución (coste 13418) — no aceptada
Intercambio (4, 26) -> Peor solución (coste 13418) — no aceptada
Intercambio (0, 28) -> Peor solución (coste 13418) — no aceptada
Intercambio (6, 26) -> Peor solución (coste 13418) — no aceptada
Intercambio (4, 6) -> Peor solución (coste 13418) — no aceptada
Intercambio (4, 26) -> Peor solución (coste 13418) — no aceptada
Intercambio (0, 28) -> Peor solución (coste 13418) — no aceptada
Intercambio (0, 16) -> Peor solución (coste 13418) — no aceptada
Intercambio (4, 6) -> Peor solución (coste 13418) — no aceptada
Intercambio (4, 26) -> Peor solución (coste 13418) — no aceptada
Intercambio (0, 28) -> Peor solución (coste 13418) — no aceptada
Intercambio (6, 26) -> Peor solución (coste 13418) — no aceptada
Intercambio (4, 6) -> Peor solución (coste 13418) — no aceptada
Intercambio (4, 26) -> Peor solución (coste 13418) — no aceptada
Intercambio (0, 28) -> Peor solución (coste 13418) — no aceptada
Intercambio (0, 16) -> Peor solución (coste 13418) — no aceptada
Intercambio (4, 6) -> Peor solución (coste 13418) — no aceptada
Intercambio (4, 26) -> Peor solución (coste 13418) — no aceptada
Intercambio (0, 28) -> Peor solución (coste 13418) — no aceptada
Intercambio (6, 26) -> Peor solución (coste 13418) — no aceptada
Intercambio (4, 6) -> Peor solución (coste 13418) — no aceptada
Intercambio (4, 26) -> Peor solución (coste 13418) — no aceptada
Intercambio (0, 28) -> Peor solución (coste 13418) — no aceptada
Intercambio (0, 16) -> Peor solución (coste 13418) — no aceptada
Intercambio (4, 6) -> Peor solución (coste 13418) — no aceptada
Intercambio (4, 26) -> Peor solución (coste 13418) — no aceptada
Intercambio (0, 28) -> Peor solución (coste 13418) — no aceptada
Intercambio (6, 26) -> Peor solución (coste 13418) — no aceptada
Intercambio (4, 6) -> Peor solución (coste 13418) — no aceptada
Intercambio (4, 26) -> Peor solución (coste 13418) — no aceptada
Intercambio (0, 28) -> Peor solución (coste 13418) — no aceptada
Intercambio (0, 16) -> Peor solución (coste 13418) — no aceptada
Intercambio (4, 6) -> Peor solución (coste 13418) — no aceptada
Intercambio (4, 26) -> Peor solución (coste 13418) — no aceptada
Intercambio (0, 28) -> Peor solución (coste 13418) — no aceptada
Intercambio (3, 7) -> Peor solución (coste 13418) — no aceptada
Intercambio (4, 6) -> Peor solución (coste 13418) — no aceptada
Intercambio (4, 26) -> Peor solución (coste 13418) — no aceptada
Intercambio (0, 28) -> Peor solución (coste 13418) — no aceptada
Intercambio (0, 16) -> Peor solución (coste 13418) — no aceptada
Intercambio (4, 6) -> Peor solución (coste 13418) — no aceptada
Intercambio (4, 26) -> Peor solución (coste 13418) — no aceptada
Intercambio (0, 28) -> Peor solución (coste 13418) — no aceptada
Intercambio (6, 26) -> Peor solución (coste 13418) — no aceptada
Intercambio (4, 6) -> Peor solución (coste 13418) — no aceptada
Intercambio (4, 26) -> Peor solución (coste 13418) — no aceptada
Intercambio (0, 28) -> Peor solución (coste 13418) — no aceptada
Intercambio (0, 16) -> Peor solución (coste 13418) — no aceptada
Intercambio (4, 6) -> Peor solución (coste 13418) — no aceptada
Intercambio (4, 26) -> Peor solución (coste 13418) — no aceptada
Intercambio (0, 28) -> Peor solución (coste 13418) — no aceptada
Intercambio (6, 26) -> Peor solución (coste 13418) — no aceptada
Intercambio (4, 6) -> Peor solución (coste 13418) — no aceptada
Intercambio (4, 26) -> Peor solución (coste 13418) — no aceptada
Intercambio (0, 28) -> Peor solución (coste 13418) — no aceptada
Intercambio (0, 16) -> Peor solución (coste 13418) — no aceptada
Intercambio (4, 6) -> Peor solución (coste 13418) — no aceptada
Intercambio (4, 26) -> Peor solución (coste 13418) — no aceptada
Intercambio (0, 28) -> Peor solución (coste 13418) — no aceptada
Intercambio (6, 26) -> Peor solución (coste 13418) — no aceptada
Intercambio (4, 6) -> Peor solución (coste 13418) — no aceptada
Intercambio (4, 26) -> Peor solución (coste 13418) — no aceptada
Intercambio (0, 28) -> Peor solución (coste 13418) — no aceptada
Intercambio (0, 16) -> Peor solución (coste 13418) — no aceptada
Intercambio (4, 6) -> Peor solución (coste 13418) — no aceptada
Intercambio (4, 26) -> Peor solución (coste 13418) — no aceptada
Intercambio (0, 28) -> Peor solución (coste 13418) — no aceptada
Intercambio (6, 26) -> Peor solución (coste 13418) — no aceptada
Intercambio (4, 6) -> Peor solución (coste 13418) — no aceptada
Intercambio (4, 26) -> Peor solución (coste 13418) — no aceptada
Intercambio (0, 28) -> Peor solución (coste 13418) — no aceptada
Intercambio (0, 16) -> Peor solución (coste 13418) — no aceptada
Intercambio (4, 6) -> Peor solución (coste 13418) — no aceptada
Intercambio (4, 26) -> Peor solución (coste 13418) — no aceptada
Intercambio (0, 28) -> Peor solución (coste 13418) — no aceptada
Intercambio (6, 26) -> Peor solución (coste 13418) — no aceptada
Intercambio (4, 6) -> Peor solución (coste 13418) — no aceptada
Intercambio (4, 26) -> Peor solución (coste 13418) — no aceptada
Intercambio (0, 28) -> Peor solución (coste 13418) — no aceptada
Intercambio (0, 16) -> Peor solución (coste 13418) — no aceptada
Intercambio (4, 6) -> Peor solución (coste 13418) — no aceptada
Intercambio (4, 26) -> Peor solución (coste 13418) — no aceptada
Intercambio (0, 28) -> Peor solución (coste 13418) — no aceptada
Intercambio (6, 26) -> Peor solución (coste 13418) — no aceptada
Intercambio (4, 6) -> Peor solución (coste 13418) — no aceptada
Intercambio (4, 26) -> Peor solución (coste 13418) — no aceptada
Intercambio (3, 7) -> Peor solución (coste 13418) — no aceptada
Intercambio (0, 28) -> Peor solución (coste 13418) — no aceptada
Intercambio (0, 16) -> Peor solución (coste 13418) — no aceptada
Intercambio (4, 6) -> Peor solución (coste 13418) — no aceptada
Intercambio (4, 26) -> Peor solución (coste 13418) — no aceptada
Intercambio (0, 28) -> Peor solución (coste 13418) — no aceptada
Intercambio (6, 26) -> Peor solución (coste 13418) — no aceptada
Intercambio (4, 6) -> Peor solución (coste 13418) — no aceptada
Intercambio (4, 26) -> Peor solución (coste 13418) — no aceptada
Intercambio (0, 28) -> Peor solución (coste 13418) — no aceptada
Intercambio (0, 16) -> Peor solución (coste 13418) — no aceptada
Intercambio (4, 6) -> Peor solución (coste 13418) — no aceptada
Intercambio (4, 26) -> Peor solución (coste 13418) — no aceptada
Intercambio (0, 28) -> Peor solución (coste 13418) — no aceptada
Intercambio (6, 26) -> Peor solución (coste 13418) — no aceptada
Intercambio (4, 6) -> Peor solución (coste 13418) — no aceptada
Intercambio (4, 26) -> Peor solución (coste 13418) — no aceptada
Intercambio (0, 28) -> Peor solución (coste 13418) — no aceptada
Intercambio (0, 16) -> Peor solución (coste 13418) — no aceptada
Intercambio (4, 6) -> Peor solución (coste 13418) — no aceptada
Intercambio (4, 26) -> Peor solución (coste 13418) — no aceptada
Intercambio (0, 28) -> Peor solución (coste 13418) — no aceptada
Intercambio (6, 26) -> Peor solución (coste 13418) — no aceptada
Intercambio (4, 6) -> Peor solución (coste 13418) — no aceptada
Intercambio (4, 26) -> Peor solución (coste 13418) — no aceptada
Intercambio (0, 28) -> Peor solución (coste 13418) — no aceptada
Intercambio (0, 16) -> Peor solución (coste 13418) — no aceptada
Intercambio (4, 6) -> Peor solución (coste 13418) — no aceptada
Intercambio (4, 26) -> Peor solución (coste 13418) — no aceptada
Intercambio (0, 28) -> Peor solución (coste 13418) — no aceptada
Intercambio (6, 26) -> Peor solución (coste 13418) — no aceptada
Intercambio (4, 6) -> Peor solución (coste 13418) — no aceptada
Intercambio (4, 26) -> Peor solución (coste 13418) — no aceptada
Intercambio (0, 28) -> Peor solución (coste 13418) — no aceptada
Intercambio (0, 16) -> Peor solución (coste 13418) — no aceptada
Intercambio (4, 6) -> Peor solución (coste 13418) — no aceptada
Intercambio (4, 26) -> Peor solución (coste 13418) — no aceptada
Intercambio (0, 28) -> Peor solución (coste 13418) — no aceptada
Intercambio (6, 26) -> Peor solución (coste 13418) — no aceptada
Intercambio (4, 6) -> Peor solución (coste 13418) — no aceptada
Intercambio (4, 26) -> Peor solución (coste 13418) — no aceptada
Intercambio (0, 28) -> Peor solución (coste 13418) — no aceptada
Intercambio (0, 16) -> Peor solución (coste 13418) — no aceptada
Intercambio (4, 6) -> Peor solución (coste 13418) — no aceptada
Intercambio (4, 26) -> Peor solución (coste 13418) — no aceptada
Intercambio (0, 28) -> Peor solución (coste 13418) — no aceptada
Intercambio (6, 26) -> Peor solución (coste 13418) — no aceptada
Intercambio (4, 6) -> Peor solución (coste 13418) — no aceptada
Intercambio (4, 26) -> Peor solución (coste 13418) — no aceptada
Intercambio (0, 28) -> Peor solución (coste 13418) — no aceptada
Intercambio (0, 16) -> Peor solución (coste 13418) — no aceptada
Intercambio (3, 7) -> Peor solución (coste 13418) — no aceptada
Intercambio (4, 6) -> Peor solución (coste 13418) — no aceptada
Intercambio (0, 28) -> Peor solución (coste 13418) — no aceptada
Intercambio (4, 26) -> Peor solución (coste 13418) — no aceptada
Intercambio (6, 26) -> Peor solución (coste 13418) — no aceptada
Intercambio (4, 6) -> Peor solución (coste 13418) — no aceptada
Intercambio (0, 28) -> Peor solución (coste 13418) — no aceptada
Intercambio (0, 16) -> Peor solución (coste 13418) — no aceptada
Intercambio (4, 26) -> Peor solución (coste 13418) — no aceptada
Intercambio (4, 6) -> Peor solución (coste 13418) — no aceptada
Intercambio (0, 28) -> Peor solución (coste 13418) — no aceptada
Intercambio (6, 26) -> Peor solución (coste 13418) — no aceptada
Intercambio (4, 26) -> Peor solución (coste 13418) — no aceptada
Intercambio (4, 6) -> Peor solución (coste 13418) — no aceptada
Intercambio (0, 28) -> Peor solución (coste 13418) — no aceptada
Intercambio (0, 16) -> Peor solución (coste 13418) — no aceptada
Intercambio (4, 26) -> Peor solución (coste 13418) — no aceptada
Intercambio (4, 6) -> Peor solución (coste 13418) — no aceptada
Intercambio (0, 28) -> Peor solución (coste 13418) — no aceptada
Intercambio (6, 26) -> Peor solución (coste 13418) — no aceptada
Intercambio (4, 26) -> Peor solución (coste 13418) — no aceptada
Intercambio (4, 6) -> Peor solución (coste 13418) — no aceptada
Intercambio (0, 28) -> Peor solución (coste 13418) — no aceptada
Intercambio (0, 16) -> Peor solución (coste 13418) — no aceptada
Intercambio (4, 26) -> Peor solución (coste 13418) — no aceptada
Intercambio (4, 6) -> Peor solución (coste 13418) — no aceptada
Intercambio (0, 28) -> Peor solución (coste 13418) — no aceptada
Intercambio (6, 26) -> Peor solución (coste 13418) — no aceptada
Intercambio (4, 26) -> Peor solución (coste 13418) — no aceptada
Intercambio (4, 6) -> Peor solución (coste 13418) — no aceptada
Intercambio (0, 28) -> Peor solución (coste 13418) — no aceptada
Intercambio (0, 16) -> Peor solución (coste 13418) — no aceptada
Intercambio (4, 26) -> Peor solución (coste 13418) — no aceptada
Intercambio (4, 6) -> Peor solución (coste 13418) — no aceptada
Intercambio (0, 28) -> Peor solución (coste 13418) — no aceptada
Intercambio (6, 26) -> Peor solución (coste 13418) — no aceptada
Intercambio (4, 26) -> Peor solución (coste 13418) — no aceptada
Intercambio (4, 6) -> Peor solución (coste 13418) — no aceptada
Intercambio (0, 28) -> Peor solución (coste 13418) — no aceptada
Intercambio (0, 16) -> Peor solución (coste 13418) — no aceptada
Intercambio (4, 26) -> Peor solución (coste 13418) — no aceptada
Intercambio (4, 6) -> Peor solución (coste 13418) — no aceptada
Intercambio (0, 28) -> Peor solución (coste 13418) — no aceptada
Intercambio (6, 26) -> Peor solución (coste 13418) — no aceptada
Intercambio (4, 26) -> Peor solución (coste 13418) — no aceptada
Intercambio (4, 6) -> Peor solución (coste 13418) — no aceptada
Intercambio (0, 28) -> Peor solución (coste 13418) — no aceptada
Intercambio (0, 16) -> Peor solución (coste 13418) — no aceptada
Intercambio (4, 26) -> Peor solución (coste 13418) — no aceptada
Intercambio (4, 6) -> Peor solución (coste 13418) — no aceptada
Intercambio (0, 28) -> Peor solución (coste 13418) — no aceptada
Intercambio (6, 26) -> Peor solución (coste 13418) — no aceptada
Intercambio (4, 26) -> Peor solución (coste 13418) — no aceptada
Intercambio (4, 6) -> Peor solución (coste 13418) — no aceptada
Intercambio (0, 28) -> Peor solución (coste 13418) — no aceptada
Intercambio (0, 16) -> Peor solución (coste 13418) — no aceptada
Intercambio (4, 26) -> Peor solución (coste 13418) — no aceptada
Intercambio (4, 6) -> Peor solución (coste 13418) — no aceptada
Intercambio (0, 28) -> Peor solución (coste 13418) — no aceptada
Intercambio (6, 26) -> Peor solución (coste 13418) — no aceptada
Intercambio (4, 26) -> Peor solución (coste 13418) — no aceptada
Intercambio (4, 6) -> Peor solución (coste 13418) — no aceptada
Intercambio (0, 28) -> Peor solución (coste 13418) — no aceptada
Intercambio (0, 16) -> Peor solución (coste 13418) — no aceptada
Intercambio (4, 26) -> Peor solución (coste 13418) — no aceptada
Intercambio (4, 6) -> Peor solución (coste 13418) — no aceptada
Intercambio (0, 28) -> Peor solución (coste 13418) — no aceptada
Intercambio (6, 26) -> Peor solución (coste 13418) — no aceptada
Intercambio (4, 26) -> Peor solución (coste 13418) — no aceptada
Intercambio (4, 6) -> Peor solución (coste 13418) — no aceptada
Intercambio (0, 28) -> Peor solución (coste 13418) — no aceptada
Intercambio (0, 16) -> Peor solución (coste 13418) — no aceptada
Intercambio (4, 26) -> Peor solución (coste 13418) — no aceptada
Intercambio (4, 6) -> Peor solución (coste 13418) — no aceptada
Intercambio (0, 28) -> Peor solución (coste 13418) — no aceptada
Intercambio (6, 26) -> Peor solución (coste 13418) — no aceptada
Intercambio (4, 26) -> Peor solución (coste 13418) — no aceptada
Intercambio (4, 6) -> Peor solución (coste 13418) — no aceptada
Intercambio (0, 28) -> Peor solución (coste 13418) — no aceptada
Intercambio (0, 16) -> Peor solución (coste 13418) — no aceptada
Intercambio (4, 26) -> Peor solución (coste 13418) — no aceptada
Intercambio (4, 6) -> Peor solución (coste 13418) — no aceptada
Intercambio (0, 28) -> Peor solución (coste 13418) — no aceptada
Intercambio (6, 26) -> Peor solución (coste 13418) — no aceptada
Intercambio (4, 26) -> Peor solución (coste 13418) — no aceptada
Intercambio (4, 6) -> Peor solución (coste 13418) — no aceptada
Intercambio (0, 28) -> Peor solución (coste 13418) — no aceptada
Intercambio (0, 16) -> Peor solución (coste 13418) — no aceptada
Intercambio (4, 26) -> Peor solución (coste 13418) — no aceptada
Intercambio (4, 6) -> Peor solución (coste 13418) — no aceptada
Intercambio (0, 28) -> Peor solución (coste 13418) — no aceptada
Intercambio (6, 26) -> Peor solución (coste 13418) — no aceptada
Intercambio (4, 26) -> Peor solución (coste 13418) — no aceptada
Intercambio (4, 6) -> Peor solución (coste 13418) — no aceptada
Intercambio (0, 28) -> Peor solución (coste 13418) — no aceptada
Intercambio (0, 16) -> Peor solución (coste 13418) — no aceptada
Intercambio (4, 26) -> Peor solución (coste 13418) — no aceptada
Intercambio (4, 6) -> Peor solución (coste 13418) — no aceptada
Intercambio (0, 28) -> Peor solución (coste 13418) — no aceptada
Intercambio (6, 26) -> Peor solución (coste 13418) — no aceptada
Intercambio (4, 26) -> Peor solución (coste 13418) — no aceptada
Intercambio (4, 6) -> Peor solución (coste 13418) — no aceptada
Intercambio (3, 7) -> Peor solución (coste 13418) — no aceptada
Intercambio (0, 28) -> Peor solución (coste 13418) — no aceptada
Intercambio (0, 16) -> Peor solución (coste 13418) — no aceptada
Intercambio (4, 6) -> Peor solución (coste 13418) — no aceptada
Intercambio (4, 26) -> Peor solución (coste 13418) — no aceptada
Intercambio (0, 28) -> Peor solución (coste 13418) — no aceptada
Intercambio (6, 26) -> Peor solución (coste 13418) — no aceptada
Intercambio (4, 6) -> Peor solución (coste 13418) — no aceptada
Intercambio (4, 26) -> Peor solución (coste 13418) — no aceptada
Intercambio (0, 28) -> Peor solución (coste 13418) — no aceptada
Intercambio (0, 16) -> Peor solución (coste 13418) — no aceptada
Intercambio (4, 6) -> Peor solución (coste 13418) — no aceptada
Intercambio (4, 26) -> Peor solución (coste 13418) — no aceptada
Intercambio (0, 28) -> Peor solución (coste 13418) — no aceptada
Intercambio (6, 26) -> Peor solución (coste 13418) — no aceptada
Intercambio (4, 6) -> Peor solución (coste 13418) — no aceptada
Intercambio (4, 26) -> Peor solución (coste 13418) — no aceptada
Intercambio (0, 28) -> Peor solución (coste 13418) — no aceptada
Intercambio (0, 16) -> Peor solución (coste 13418) — no aceptada
Intercambio (4, 6) -> Peor solución (coste 13418) — no aceptada
Intercambio (4, 26) -> Peor solución (coste 13418) — no aceptada
Intercambio (0, 28) -> Peor solución (coste 13418) — no aceptada
Intercambio (6, 26) -> Peor solución (coste 13418) — no aceptada
Intercambio (4, 6) -> Peor solución (coste 13418) — no aceptada
Intercambio (4, 26) -> Peor solución (coste 13418) — no aceptada
Intercambio (0, 28) -> Peor solución (coste 13418) — no aceptada
Intercambio (0, 16) -> Peor solución (coste 13418) — no aceptada
Intercambio (4, 6) -> Peor solución (coste 13418) — no aceptada
Intercambio (4, 26) -> Peor solución (coste 13418) — no aceptada
Intercambio (0, 28) -> Peor solución (coste 13418) — no aceptada
Intercambio (6, 26) -> Peor solución (coste 13418) — no aceptada
Intercambio (4, 6) -> Peor solución (coste 13418) — no aceptada
Intercambio (4, 26) -> Peor solución (coste 13418) — no aceptada
Intercambio (0, 28) -> Peor solución (coste 13418) — no aceptada
Intercambio (0, 16) -> Peor solución (coste 13418) — no aceptada
Intercambio (4, 6) -> Peor solución (coste 13418) — no aceptada
Intercambio (4, 26) -> Peor solución (coste 13418) — no aceptada
Intercambio (0, 28) -> Peor solución (coste 13418) — no aceptada
Intercambio (6, 26) -> Peor solución (coste 13418) — no aceptada
Intercambio (4, 6) -> Peor solución (coste 13418) — no aceptada
Intercambio (4, 26) -> Peor solución (coste 13418) — no aceptada
Intercambio (0, 28) -> Peor solución (coste 13418) — no aceptada
Intercambio (0, 16) -> Peor solución (coste 13418) — no aceptada
Intercambio (4, 6) -> Peor solución (coste 13418) — no aceptada
Intercambio (4, 26) -> Peor solución (coste 13418) — no aceptada
Intercambio (0, 28) -> Peor solución (coste 13418) — no aceptada
Intercambio (6, 26) -> Peor solución (coste 13418) — no aceptada
Intercambio (4, 6) -> Peor solución (coste 13418) — no aceptada
Intercambio (4, 26) -> Peor solución (coste 13418) — no aceptada
Intercambio (0, 28) -> Peor solución (coste 13418) — no aceptada
Intercambio (0, 16) -> Peor solución (coste 13418) — no aceptada
Intercambio (3, 7) -> Peor solución (coste 13418) — no aceptada
Intercambio (4, 6) -> Peor solución (coste 13418) — no aceptada
Intercambio (0, 28) -> Peor solución (coste 13418) — no aceptada
Intercambio (4, 26) -> Peor solución (coste 13418) — no aceptada
Intercambio (6, 26) -> Peor solución (coste 13418) — no aceptada
Intercambio (4, 6) -> Peor solución (coste 13418) — no aceptada
Intercambio (0, 28) -> Peor solución (coste 13418) — no aceptada
Intercambio (0, 16) -> Peor solución (coste 13418) — no aceptada
Intercambio (4, 26) -> Peor solución (coste 13418) — no aceptada
Intercambio (4, 6) -> Peor solución (coste 13418) — no aceptada
Intercambio (0, 28) -> Peor solución (coste 13418) — no aceptada
Intercambio (6, 26) -> Peor solución (coste 13418) — no aceptada
Intercambio (4, 26) -> Peor solución (coste 13418) — no aceptada
Intercambio (4, 6) -> Peor solución (coste 13418) — no aceptada
Intercambio (0, 28) -> Peor solución (coste 13418) — no aceptada
Intercambio (0, 16) -> Peor solución (coste 13418) — no aceptada
Intercambio (4, 26) -> Peor solución (coste 13418) — no aceptada
Intercambio (4, 6) -> Peor solución (coste 13418) — no aceptada
Intercambio (0, 28) -> Peor solución (coste 13418) — no aceptada
Intercambio (6, 26) -> Peor solución (coste 13418) — no aceptada
Intercambio (4, 26) -> Peor solución (coste 13418) — no aceptada
Intercambio (4, 6) -> Peor solución (coste 13418) — no aceptada
Intercambio (0, 28) -> Peor solución (coste 13418) — no aceptada
Intercambio (0, 16) -> Peor solución (coste 13418) — no aceptada
Intercambio (4, 26) -> Peor solución (coste 13418) — no aceptada
Intercambio (4, 6) -> Peor solución (coste 13418) — no aceptada
Intercambio (0, 28) -> Peor solución (coste 13418) — no aceptada
Intercambio (6, 26) -> Peor solución (coste 13418) — no aceptada
Intercambio (4, 26) -> Peor solución (coste 13418) — no aceptada
Intercambio (4, 6) -> Peor solución (coste 13418) — no aceptada
Intercambio (0, 28) -> Peor solución (coste 13418) — no aceptada
Intercambio (0, 16) -> Peor solución (coste 13418) — no aceptada
Intercambio (4, 26) -> Peor solución (coste 13418) — no aceptada
Intercambio (4, 6) -> Peor solución (coste 13418) — no aceptada
Intercambio (0, 28) -> Peor solución (coste 13418) — no aceptada
Intercambio (6, 26) -> Peor solución (coste 13418) — no aceptada
Intercambio (4, 26) -> Peor solución (coste 13418) — no aceptada
Intercambio (4, 6) -> Peor solución (coste 13418) — no aceptada
Intercambio (0, 28) -> Peor solución (coste 13418) — no aceptada
Intercambio (0, 16) -> Peor solución (coste 13418) — no aceptada
Intercambio (4, 26) -> Peor solución (coste 13418) — no aceptada
Intercambio (4, 6) -> Peor solución (coste 13418) — no aceptada
Intercambio (0, 28) -> Peor solución (coste 13418) — no aceptada
Intercambio (6, 26) -> Peor solución (coste 13418) — no aceptada
Intercambio (4, 26) -> Peor solución (coste 13418) — no aceptada
Intercambio (4, 6) -> Peor solución (coste 13418) — no aceptada
Intercambio (0, 28) -> Peor solución (coste 13418) — no aceptada
Intercambio (0, 16) -> Peor solución (coste 13418) — no aceptada
Intercambio (4, 26) -> Peor solución (coste 13418) — no aceptada
Intercambio (4, 6) -> Peor solución (coste 13418) — no aceptada
Intercambio (0, 28) -> Peor solución (coste 13418) — no aceptada
Intercambio (3, 7) -> Peor solución (coste 13418) — no aceptada
Intercambio (4, 26) -> Peor solución (coste 13418) — no aceptada
Intercambio (4, 6) -> Peor solución (coste 13418) — no aceptada
Intercambio (0, 28) -> Peor solución (coste 13418) — no aceptada
Intercambio (0, 16) -> Peor solución (coste 13418) — no aceptada
Intercambio (4, 26) -> Peor solución (coste 13418) — no aceptada
Intercambio (4, 6) -> Peor solución (coste 13418) — no aceptada
Intercambio (0, 28) -> Peor solución (coste 13418) — no aceptada
Intercambio (6, 26) -> Peor solución (coste 13418) — no aceptada
Intercambio (4, 26) -> Peor solución (coste 13418) — no aceptada
Intercambio (4, 6) -> Peor solución (coste 13418) — no aceptada
Intercambio (0, 28) -> Peor solución (coste 13418) — no aceptada
Intercambio (0, 16) -> Peor solución (coste 13418) — no aceptada
Intercambio (4, 26) -> Peor solución (coste 13418) — no aceptada
Intercambio (4, 6) -> Peor solución (coste 13418) — no aceptada
Intercambio (0, 28) -> Peor solución (coste 13418) — no aceptada
Intercambio (6, 26) -> Peor solución (coste 13418) — no aceptada
Intercambio (4, 26) -> Peor solución (coste 13418) — no aceptada
Intercambio (4, 6) -> Peor solución (coste 13418) — no aceptada
Intercambio (0, 28) -> Peor solución (coste 13418) — no aceptada
Intercambio (0, 16) -> Peor solución (coste 13418) — no aceptada
Intercambio (4, 26) -> Peor solución (coste 13418) — no aceptada
Intercambio (4, 6) -> Peor solución (coste 13418) — no aceptada
Intercambio (0, 28) -> Peor solución (coste 13418) — no aceptada
Intercambio (6, 26) -> Peor solución (coste 13418) — no aceptada
Intercambio (4, 26) -> Peor solución (coste 13418) — no aceptada
Intercambio (4, 6) -> Peor solución (coste 13418) — no aceptada
Intercambio (0, 28) -> Peor solución (coste 13418) — no aceptada
Intercambio (0, 16) -> Peor solución (coste 13418) — no aceptada
Intercambio (4, 26) -> Peor solución (coste 13418) — no aceptada
Intercambio (4, 6) -> Peor solución (coste 13418) — no aceptada
Intercambio (0, 28) -> Peor solución (coste 13418) — no aceptada
Intercambio (6, 26) -> Peor solución (coste 13418) — no aceptada
Intercambio (4, 26) -> Peor solución (coste 13418) — no aceptada
Intercambio (4, 6) -> Peor solución (coste 13418) — no aceptada
Intercambio (0, 28) -> Peor solución (coste 13418) — no aceptada
Intercambio (0, 16) -> Peor solución (coste 13418) — no aceptada
Intercambio (4, 26) -> Peor solución (coste 13418) — no aceptada
Intercambio (4, 6) -> Peor solución (coste 13418) — no aceptada
Intercambio (0, 28) -> Peor solución (coste 13418) — no aceptada
Intercambio (6, 26) -> Peor solución (coste 13418) — no aceptada
Intercambio (4, 26) -> Peor solución (coste 13418) — no aceptada
Intercambio (4, 6) -> Peor solución (coste 13418) — no aceptada
Intercambio (0, 28) -> Peor solución (coste 13418) — no aceptada
Intercambio (0, 16) -> Peor solución (coste 13418) — no aceptada
Intercambio (4, 26) -> Peor solución (coste 13418) — no aceptada
Intercambio (4, 6) -> Peor solución (coste 13418) — no aceptada
Intercambio (0, 28) -> Peor solución (coste 13418) — no aceptada
Intercambio (6, 26) -> Peor solución (coste 13418) — no aceptada
Intercambio (4, 26) -> Peor solución (coste 13418) — no aceptada
Intercambio (4, 6) -> Peor solución (coste 13418) — no aceptada
Intercambio (3, 7) -> Peor solución (coste 13418) — no aceptada
Intercambio (0, 28) -> Peor solución (coste 13418) — no aceptada
Intercambio (0, 16) -> Peor solución (coste 13418) — no aceptada
Intercambio (4, 6) -> Peor solución (coste 13418) — no aceptada
Intercambio (4, 26) -> Peor solución (coste 13418) — no aceptada
Intercambio (0, 28) -> Peor solución (coste 13418) — no aceptada
Intercambio (6, 26) -> Peor solución (coste 13418) — no aceptada
Intercambio (4, 6) -> Peor solución (coste 13418) — no aceptada
Intercambio (4, 26) -> Peor solución (coste 13418) — no aceptada
Intercambio (0, 28) -> Peor solución (coste 13418) — no aceptada
Intercambio (0, 16) -> Peor solución (coste 13418) — no aceptada
Intercambio (4, 6) -> Peor solución (coste 13418) — no aceptada
Intercambio (4, 26) -> Peor solución (coste 13418) — no aceptada
Intercambio (0, 28) -> Peor solución (coste 13418) — no aceptada
Intercambio (6, 26) -> Peor solución (coste 13418) — no aceptada
Intercambio (4, 6) -> Peor solución (coste 13418) — no aceptada
Intercambio (4, 26) -> Peor solución (coste 13418) — no aceptada
Intercambio (0, 28) -> Peor solución (coste 13418) — no aceptada
Intercambio (0, 16) -> Peor solución (coste 13418) — no aceptada
Intercambio (4, 6) -> Peor solución (coste 13418) — no aceptada
Intercambio (4, 26) -> Peor solución (coste 13418) — no aceptada
Intercambio (0, 28) -> Peor solución (coste 13418) — no aceptada
Intercambio (6, 26) -> Peor solución (coste 13418) — no aceptada
Intercambio (4, 6) -> Peor solución (coste 13418) — no aceptada
Intercambio (4, 26) -> Peor solución (coste 13418) — no aceptada
Intercambio (0, 28) -> Peor solución (coste 13418) — no aceptada
Intercambio (0, 16) -> Peor solución (coste 13418) — no aceptada
Intercambio (4, 6) -> Peor solución (coste 13418) — no aceptada
Intercambio (4, 26) -> Peor solución (coste 13418) — no aceptada
Intercambio (0, 28) -> Peor solución (coste 13418) — no aceptada
Intercambio (6, 26) -> Peor solución (coste 13418) — no aceptada
Intercambio (4, 6) -> Peor solución (coste 13418) — no aceptada
Intercambio (4, 26) -> Peor solución (coste 13418) — no aceptada
Intercambio (0, 28) -> Peor solución (coste 13418) — no aceptada
Intercambio (0, 16) -> Peor solución (coste 13418) — no aceptada
Intercambio (4, 6) -> Peor solución (coste 13418) — no aceptada
Intercambio (4, 26) -> Peor solución (coste 13418) — no aceptada
Intercambio (0, 28) -> Peor solución (coste 13418) — no aceptada
Intercambio (6, 26) -> Peor solución (coste 13418) — no aceptada
Intercambio (4, 6) -> Peor solución (coste 13418) — no aceptada
Intercambio (4, 26) -> Peor solución (coste 13418) — no aceptada
Intercambio (0, 28) -> Peor solución (coste 13418) — no aceptada
Intercambio (0, 16) -> Peor solución (coste 13418) — no aceptada
Intercambio (4, 6) -> Peor solución (coste 13418) — no aceptada
Intercambio (4, 26) -> Peor solución (coste 13418) — no aceptada
Intercambio (0, 28) -> Peor solución (coste 13418) — no aceptada
Intercambio (6, 26) -> Peor solución (coste 13418) — no aceptada
Intercambio (4, 6) -> Peor solución (coste 13418) — no aceptada
Intercambio (4, 26) -> Peor solución (coste 13418) — no aceptada
Intercambio (0, 28) -> Peor solución (coste 13418) — no aceptada
Intercambio (0, 16) -> Peor solución (coste 13418) — no aceptada
Intercambio (4, 6) -> Peor solución (coste 13418) — no aceptada
Intercambio (4, 26) -> Peor solución (coste 13418) — no aceptada
Intercambio (0, 28) -> Peor solución (coste 13418) — no aceptada
Intercambio (6, 26) -> Peor solución (coste 13418) — no aceptada
Intercambio (4, 6) -> Peor solución (coste 13418) — no aceptada
Intercambio (4, 26) -> Peor solución (coste 13418) — no aceptada
Intercambio (0, 28) -> Peor solución (coste 13418) — no aceptada
Intercambio (0, 16) -> Peor solución (coste 13418) — no aceptada
Intercambio (4, 6) -> Peor solución (coste 13418) — no aceptada
Intercambio (4, 26) -> Peor solución (coste 13418) — no aceptada
Intercambio (0, 28) -> Peor solución (coste 13418) — no aceptada
Intercambio (6, 26) -> Peor solución (coste 13418) — no aceptada
Intercambio (4, 6) -> Peor solución (coste 13418) — no aceptada
Intercambio (4, 26) -> Peor solución (coste 13418) — no aceptada
Intercambio (0, 28) -> Peor solución (coste 13418) — no aceptada
Intercambio (0, 16) -> Peor solución (coste 13418) — no aceptada
Intercambio (4, 6) -> Peor solución (coste 13418) — no aceptada
Intercambio (4, 26) -> Peor solución (coste 13418) — no aceptada
Intercambio (0, 28) -> Peor solución (coste 13418) — no aceptada
Intercambio (6, 26) -> Peor solución (coste 13418) — no aceptada

Solución final
--------------
[11, 29, 8, 17, 23, 27, 6, 12, 18, 16, 26, 13, 10, 22, 20, 15, 24, 19, 0, 21, 7, 3, 4, 1, 2, 5, 9, 28, 14, 25]
Coste final: 13794
Duración: 0.387 segundos
