Parámetros del algoritmo
------------------------
Algoritmo: BusquedaLocal
Dataset: ford03.dat
Semilla: 77645037

Solución inicial y su coste
---------------------------
[11, 5, 20, 2, 27, 7, 17, 28, 19, 29, 14, 0, 1, 6, 3, 4, 18, 16, 21, 15, 10, 13, 22, 24, 12, 26, 8, 9, 25, 23]
Coste: 13784

Evolución de la búsqueda
------------------------
Intercambio (0, 2) -> Nueva solución con coste 13770
Intercambio (1, 3) -> Nueva solución con coste 13744
Intercambio (2, 3) -> Nueva solución con coste 13740
Intercambio (3, 4) -> Nueva solución con coste 13730
Intercambio (4, 21) -> Nueva solución con coste 13708
Intercambio (5, 18) -> Nueva solución con coste 13688
Intercambio (6, 8) -> Nueva solución con coste 13682
Intercambio (7, 15) -> Nueva solución con coste 13662
Intercambio (8, 12) -> Nueva solución con coste 13640
Intercambio (9, 19) -> Nueva solución con coste 13628
Intercambio (10, 22) -> Nueva solución con coste 13600
Intercambio (11, 13) -> Nueva solución con coste 13588
Intercambio (12, 15) -> Nueva solución con coste 13578
Intercambio (13, 3) -> Nueva solución con coste 13572
Intercambio (17, 21) -> Nueva solución con coste 13558
Intercambio (18, 19) -> Nueva solución con coste 13556
Intercambio (19, 23) -> Nueva solución con coste 13546
Intercambio (22, 0) -> Nueva solución con coste 13534
Intercambio (23, 24) -> Nueva solución con coste 13526
Intercambio (24, 4) -> Nueva solución con coste 13524
Intercambio (25, 9) -> Nueva solución con coste 13516
Intercambio (27, 29) -> Nueva solución con coste 13500
Intercambio (28, 9) -> Nueva solución con coste 13496
Intercambio (1, 9) -> Nueva solución con coste 13490
Intercambio (4, 17) -> Nueva solución con coste 13478
Intercambio (5, 10) -> Nueva solución con coste 13462
Intercambio (6, 11) -> Nueva solución con coste 13454
Intercambio (8, 9) -> Nueva solución con coste 13442
Intercambio (9, 11) -> Nueva solución con coste 13430
Intercambio (10, 22) -> Nueva solución con coste 13428
Intercambio (11, 2) -> Nueva solución con coste 13412
Intercambio (13, 6) -> Nueva solución con coste 13408
Intercambio (23, 24) -> Nueva solución con coste 13406
Intercambio (6, 10) -> Nueva solución con coste 13390
Intercambio (23, 14) -> Nueva solución con coste 13388

Solución final
--------------
[14, 25, 1, 0, 11, 22, 20, 4, 2, 19, 27, 5, 28, 6, 13, 17, 18, 7, 29, 24, 10, 16, 21, 3, 12, 15, 8, 23, 26, 9]
Coste final: 13388
Duración: 0.001 segundos
