Parámetros del algoritmo
------------------------
Algoritmo: BusquedaLocal
Dataset: ford04.dat
Semilla: 40753067

Solución inicial y su coste
---------------------------
[26, 1, 10, 9, 23, 0, 12, 5, 4, 24, 13, 14, 27, 16, 25, 28, 11, 29, 8, 19, 7, 15, 17, 2, 6, 18, 20, 3, 21, 22]
Coste: 191094

Evolución de la búsqueda
------------------------
Intercambio (0, 1) -> Nueva solución con coste 190724
Intercambio (1, 3) -> Nueva solución con coste 189260
Intercambio (2, 10) -> Nueva solución con coste 188604
Intercambio (3, 27) -> Nueva solución con coste 187674
Intercambio (4, 20) -> Nueva solución con coste 187002
Intercambio (5, 7) -> Nueva solución con coste 187000
Intercambio (6, 7) -> Nueva solución con coste 185438
Intercambio (7, 16) -> Nueva solución con coste 184532
Intercambio (8, 9) -> Nueva solución con coste 184194
Intercambio (9, 11) -> Nueva solución con coste 183852
Intercambio (10, 17) -> Nueva solución con coste 183134
Intercambio (11, 15) -> Nueva solución con coste 183078
Intercambio (12, 14) -> Nueva solución con coste 182850
Intercambio (13, 15) -> Nueva solución con coste 182624
Intercambio (14, 20) -> Nueva solución con coste 181906
Intercambio (15, 26) -> Nueva solución con coste 181702
Intercambio (16, 2) -> Nueva solución con coste 180922
Intercambio (25, 29) -> Nueva solución con coste 180566
Intercambio (26, 7) -> Nueva solución con coste 179766
Intercambio (29, 8) -> Nueva solución con coste 179046
Intercambio (4, 12) -> Nueva solución con coste 178714
Intercambio (5, 11) -> Nueva solución con coste 178694
Intercambio (7, 8) -> Nueva solución con coste 178224
Intercambio (10, 4) -> Nueva solución con coste 177654
Intercambio (16, 23) -> Nueva solución con coste 177352

Solución final
--------------
[1, 9, 12, 3, 29, 28, 0, 18, 16, 14, 25, 5, 7, 4, 23, 20, 2, 10, 8, 19, 27, 15, 17, 13, 6, 22, 11, 26, 21, 24]
Coste final: 177352
Duración: 0.0 segundos
