Parámetros del algoritmo
------------------------
Algoritmo: BusquedaTabu
Dataset: ford04.dat
Semilla: 40753067

Solución inicial y su coste
---------------------------
[25, 24, 28, 7, 4, 3, 6, 23, 8, 29, 15, 14, 16, 20, 0, 11, 12, 9, 18, 5, 17, 21, 22, 19, 13, 1, 27, 26, 2, 10]
Coste: 174374

Evolución de la búsqueda
------------------------
Intercambio (9, 19) -> Peor solución (coste 174868) — no aceptada
Intercambio (9, 20) -> Peor solución (coste 175322) — no aceptada
Intercambio (20, 29) -> Nueva solución con coste 175006
Intercambio (25, 29) -> Peor solución (coste 175018) — no aceptada
Intercambio (11, 18) -> Peor solución (coste 175412) — no aceptada
Intercambio (15, 18) -> Peor solución (coste 175464) — no aceptada
Intercambio (8, 20) -> Nueva solución con coste 175374
Intercambio (6, 20) -> Nueva solución con coste 175346
Intercambio (25, 29) -> Nueva solución con coste 175264
Intercambio (11, 15) -> Nueva solución con coste 174698
Intercambio (9, 20) -> Peor solución (coste 175032) — no aceptada
Intercambio (9, 19) -> Nueva solución con coste 174910
Intercambio (15, 18) -> Nueva solución con coste 174822
Intercambio (8, 29) -> Peor solución (coste 174980) — no aceptada
Intercambio (6, 19) -> Peor solución (coste 175236) — no aceptada
Intercambio (8, 19) -> Nueva solución con coste 174632
Intercambio (9, 19) -> Peor solución (coste 174868) — no aceptada
Intercambio (9, 20) -> Peor solución (coste 175322) — no aceptada
Intercambio (20, 29) -> Nueva solución con coste 175006
Intercambio (25, 29) -> Peor solución (coste 175018) — no aceptada
Intercambio (11, 18) -> Peor solución (coste 175412) — no aceptada
Intercambio (15, 18) -> Peor solución (coste 175464) — no aceptada
Intercambio (8, 20) -> Nueva solución con coste 175374
Intercambio (6, 20) -> Nueva solución con coste 175346
Intercambio (25, 29) -> Nueva solución con coste 175264
Intercambio (11, 15) -> Nueva solución con coste 174698
Intercambio (9, 20) -> Peor solución (coste 175032) — no aceptada
Intercambio (9, 19) -> Nueva solución con coste 174910
Intercambio (15, 18) -> Nueva solución con coste 174822
Intercambio (8, 29) -> Peor solución (coste 174980) — no aceptada
Intercambio (6, 19) -> Peor solución (coste 175236) — no aceptada
Intercambio (8, 19) -> Nueva solución con coste 174632
Intercambio (9, 19) -> Peor solución (coste 174868) — no aceptada
Intercambio (9, 20) -> Peor solución (coste 175322) — no aceptada
Intercambio (20, 29) -> Nueva solución con coste 175006
Intercambio (25, 29) -> Peor solución (coste 175018) — no aceptada
Intercambio (11, 18) -> Peor solución (coste 175412) — no aceptada
Intercambio (15, 18) -> Peor solución (coste 175464) — no aceptada
Intercambio (8, 20) -> Nueva solución con coste 175374
Intercambio (6, 20) -> Nueva solución con coste 175346
Intercambio (25, 29) -> Nueva solución con coste 175264
Intercambio (11, 15) -> Nueva solución con coste 174698
Intercambio (9, 20) -> Peor solución (coste 175032) — no aceptada
Intercambio (9, 19) -> Nueva solución con coste 174910
Intercambio (15, 18) -> Nueva solución con coste 174822
Intercambio (8, 29) -> Peor solución (coste 174980) — no aceptada
Intercambio (6, 19) -> Peor solución (coste 175236) — no aceptada
Intercambio (8, 19) -> Nueva solución con coste 174632
Intercambio (9, 19) -> Peor solución (coste 174868) — no aceptada
Intercambio (9, 20) -> Peor solución (coste 175322) — no aceptada
Intercambio (20, 29) -> Nueva solución con coste 175006
Intercambio (0, 1) -> Peor solución (coste 175006) — no aceptada
Intercambio (25, 29) -> Peor solución (coste 175018) — no aceptada
Intercambio (11, 18) -> Peor solución (coste 175412) — no aceptada
Intercambio (15, 18) -> Peor solución (coste 175464) — no aceptada
Intercambio (8, 20) -> Nueva solución con coste 175374
Intercambio (6, 20) -> Nueva solución con coste 175346
Intercambio (25, 29) -> Nueva solución con coste 175264
Intercambio (11, 15) -> Nueva solución con coste 174698
Intercambio (9, 20) -> Peor solución (coste 175032) — no aceptada
Intercambio (9, 19) -> Nueva solución con coste 174910
Intercambio (15, 18) -> Nueva solución con coste 174822
Intercambio (8, 29) -> Peor solución (coste 174980) — no aceptada
Intercambio (6, 19) -> Peor solución (coste 175236) — no aceptada
Intercambio (8, 19) -> Nueva solución con coste 174632
Intercambio (9, 19) -> Peor solución (coste 174868) — no aceptada
Intercambio (9, 20) -> Peor solución (coste 175322) — no aceptada
Intercambio (20, 29) -> Nueva solución con coste 175006
Intercambio (25, 29) -> Peor solución (coste 175018) — no aceptada
Intercambio (11, 18) -> Peor solución (coste 175412) — no aceptada
Intercambio (15, 18) -> Peor solución (coste 175464) — no aceptada
Intercambio (8, 20) -> Nueva solución con coste 175374
Intercambio (6, 20) -> Nueva solución con coste 175346
Intercambio (25, 29) -> Nueva solución con coste 175264
Intercambio (11, 15) -> Nueva solución con coste 174698
Intercambio (9, 20) -> Peor solución (coste 175032) — no aceptada
Intercambio (9, 19) -> Nueva solución con coste 174910
Intercambio (15, 18) -> Nueva solución con coste 174822
Intercambio (8, 29) -> Peor solución (coste 174980) — no aceptada
Intercambio (6, 19) -> Peor solución (coste 175236) — no aceptada
Intercambio (8, 19) -> Nueva solución con coste 174632
Intercambio (9, 19) -> Peor solución (coste 174868) — no aceptada
Intercambio (9, 20) -> Peor solución (coste 175322) — no aceptada
Intercambio (20, 29) -> Nueva solución con coste 175006
Intercambio (25, 29) -> Peor solución (coste 175018) — no aceptada
Intercambio (11, 18) -> Peor solución (coste 175412) — no aceptada
Intercambio (15, 18) -> Peor solución (coste 175464) — no aceptada
Intercambio (8, 20) -> Nueva solución con coste 175374
Intercambio (6, 20) -> Nueva solución con coste 175346
Intercambio (25, 29) -> Nueva solución con coste 175264
Intercambio (11, 15) -> Nueva solución con coste 174698
Intercambio (9, 20) -> Peor solución (coste 175032) — no aceptada
Intercambio (9, 19) -> Nueva solución con coste 174910
Intercambio (15, 18) -> Nueva solución con coste 174822
Intercambio (8, 29) -> Peor solución (coste 174980) — no aceptada
Intercambio (6, 19) -> Peor solución (coste 175236) — no aceptada
Intercambio (8, 19) -> Nueva solución con coste 174632
Intercambio (9, 19) -> Peor solución (coste 174868) — no aceptada
Intercambio (9, 20) -> Peor solución (coste 175322) — no aceptada
Intercambio (20, 29) -> Nueva solución con coste 175006
Intercambio (25, 29) -> Peor solución (coste 175018) — no aceptada
Intercambio (11, 18) -> Peor solución (coste 175412) — no aceptada
Intercambio (5, 11) -> Peor solución (coste 175520) — no aceptada
Intercambio (5, 24) -> Nueva solución con coste 175266
Intercambio (5, 23) -> Peor solución (coste 175340) — no aceptada
Intercambio (23, 24) -> Nueva solución con coste 175294
Intercambio (3, 23) -> Peor solución (coste 175606) — no aceptada
Intercambio (6, 24) -> Peor solución (coste 175972) — no aceptada
Intercambio (1, 6) -> Peor solución (coste 176126) — no aceptada
Intercambio (1, 19) -> Nueva solución con coste 175884
Intercambio (5, 19) -> Nueva solución con coste 175484
Intercambio (0, 25) -> Peor solución (coste 175802) — no aceptada
Intercambio (16, 20) -> Nueva solución con coste 175710
Intercambio (4, 16) -> Nueva solución con coste 175480
Intercambio (19, 28) -> Peor solución (coste 175484) — no aceptada
Intercambio (0, 29) -> Nueva solución con coste 175176
Intercambio (20, 29) -> Peor solución (coste 175648) — no aceptada
Intercambio (28, 29) -> Peor solución (coste 175816) — no aceptada
Intercambio (16, 28) -> Nueva solución con coste 175752
Intercambio (0, 25) -> Peor solución (coste 175858) — no aceptada
Intercambio (20, 24) -> Nueva solución con coste 175674
Intercambio (23, 29) -> Peor solución (coste 175736) — no aceptada
Intercambio (23, 28) -> Peor solución (coste 175916) — no aceptada
Intercambio (28, 29) -> Peor solución (coste 175924) — no aceptada
Intercambio (10, 28) -> Nueva solución con coste 175658
Intercambio (3, 24) -> Peor solución (coste 175710) — no aceptada
Intercambio (23, 24) -> Nueva solución con coste 175624
Intercambio (20, 24) -> Peor solución (coste 175888) — no aceptada
Intercambio (10, 28) -> Peor solución (coste 176064) — no aceptada
Intercambio (4, 20) -> Peor solución (coste 176138) — no aceptada
Intercambio (4, 24) -> Nueva solución con coste 175478
Intercambio (1, 19) -> Peor solución (coste 175570) — no aceptada
Intercambio (25, 29) -> Peor solución (coste 175586) — no aceptada
Intercambio (15, 23) -> Peor solución (coste 175714) — no aceptada
Intercambio (2, 25) -> Nueva solución con coste 175708
Intercambio (5, 6) -> Nueva solución con coste 175548
Intercambio (5, 12) -> Nueva solución con coste 175420
Intercambio (4, 5) -> Peor solución (coste 175560) — no aceptada
Intercambio (5, 17) -> Nueva solución con coste 175236
Intercambio (1, 23) -> Peor solución (coste 175368) — no aceptada
Intercambio (2, 15) -> Peor solución (coste 175372) — no aceptada
Intercambio (7, 8) -> Peor solución (coste 175860) — no aceptada
Intercambio (8, 10) -> Peor solución (coste 176022) — no aceptada
Intercambio (7, 10) -> Nueva solución con coste 175956
Intercambio (2, 15) -> Peor solución (coste 176084) — no aceptada
Intercambio (1, 23) -> Nueva solución con coste 175892
Intercambio (8, 10) -> Nueva solución con coste 175236
Intercambio (4, 14) -> Peor solución (coste 175546) — no aceptada
Intercambio (2, 15) -> Peor solución (coste 175774) — no aceptada
Intercambio (2, 16) -> Nueva solución con coste 175496
Intercambio (2, 20) -> Nueva solución con coste 175034
Intercambio (5, 20) -> Nueva solución con coste 174556
Intercambio (4, 17) -> Nueva solución con coste 174486
Intercambio (2, 6) -> Peor solución (coste 174672) — no aceptada
Intercambio (4, 6) -> Peor solución (coste 174844) — no aceptada
Intercambio (4, 10) -> Nueva solución con coste 174396
Intercambio (0, 29) -> Peor solución (coste 174582) — no aceptada
Intercambio (2, 4) -> Nueva solución con coste 174246
Intercambio (2, 11) -> Nueva solución con coste 174002
Intercambio (0, 2) -> Nueva solución con coste 173764
Intercambio (0, 3) -> Nueva solución con coste 173368
Intercambio (1, 2) -> Nueva solución con coste 172796
Intercambio (4, 12) -> Peor solución (coste 173052) — no aceptada
Intercambio (12, 13) -> Peor solución (coste 173078) — no aceptada
Intercambio (19, 25) -> Nueva solución con coste 171766
Intercambio (5, 12) -> Nueva solución con coste 170748
Intercambio (9, 20) -> Nueva solución con coste 170456
Intercambio (20, 28) -> Nueva solución con coste 170174
Intercambio (25, 29) -> Nueva solución con coste 170028
Intercambio (11, 15) -> Nueva solución con coste 169796
Intercambio (26, 27) -> Nueva solución con coste 169266
Intercambio (14, 16) -> Nueva solución con coste 168524
Intercambio (7, 20) -> Nueva solución con coste 166362
Intercambio (11, 23) -> Nueva solución con coste 165094
Intercambio (20, 28) -> Nueva solución con coste 164054
Intercambio (17, 20) -> Nueva solución con coste 162326
Intercambio (19, 23) -> Nueva solución con coste 160592
Intercambio (5, 20) -> Nueva solución con coste 158288
Intercambio (4, 24) -> Nueva solución con coste 157414
Intercambio (0, 5) -> Nueva solución con coste 153378
Intercambio (23, 28) -> Nueva solución con coste 150528
Intercambio (13, 19) -> Peor solución (coste 152826) — no aceptada
Intercambio (19, 24) -> Peor solución (coste 155284) — no aceptada
Intercambio (13, 24) -> Nueva solución con coste 154728
Intercambio (5, 19) -> Peor solución (coste 156154) — no aceptada
Intercambio (5, 24) -> Nueva solución con coste 153544
Intercambio (6, 21) -> Peor solución (coste 156034) — no aceptada
Intercambio (8, 21) -> Peor solución (coste 157568) — no aceptada
Intercambio (5, 19) -> Nueva solución con coste 154812
Intercambio (6, 8) -> Nueva solución con coste 153734
Intercambio (6, 21) -> Peor solución (coste 154868) — no aceptada
Intercambio (8, 21) -> Nueva solución con coste 153316
Intercambio (0, 8) -> Peor solución (coste 155424) — no aceptada
Intercambio (6, 8) -> Nueva solución con coste 153134
Intercambio (0, 6) -> Nueva solución con coste 150528
Intercambio (13, 19) -> Peor solución (coste 152826) — no aceptada
Intercambio (19, 24) -> Peor solución (coste 155284) — no aceptada
Intercambio (13, 24) -> Nueva solución con coste 154728
Intercambio (5, 19) -> Peor solución (coste 156154) — no aceptada
Intercambio (5, 24) -> Nueva solución con coste 153544
Intercambio (6, 21) -> Peor solución (coste 156034) — no aceptada
Intercambio (8, 21) -> Peor solución (coste 157568) — no aceptada
Intercambio (5, 19) -> Nueva solución con coste 154812
Intercambio (6, 8) -> Nueva solución con coste 153734
Intercambio (6, 21) -> Peor solución (coste 154868) — no aceptada
Intercambio (8, 21) -> Nueva solución con coste 153316
Intercambio (0, 8) -> Peor solución (coste 155424) — no aceptada
Intercambio (6, 8) -> Nueva solución con coste 153134
Intercambio (0, 6) -> Nueva solución con coste 150528
Intercambio (13, 19) -> Peor solución (coste 152826) — no aceptada
Intercambio (19, 24) -> Peor solución (coste 155284) — no aceptada
Intercambio (13, 24) -> Nueva solución con coste 154728
Intercambio (5, 19) -> Peor solución (coste 156154) — no aceptada
Intercambio (5, 24) -> Nueva solución con coste 153544
Intercambio (6, 21) -> Peor solución (coste 156034) — no aceptada
Intercambio (8, 21) -> Peor solución (coste 157568) — no aceptada
Intercambio (5, 19) -> Nueva solución con coste 154812
Intercambio (6, 8) -> Nueva solución con coste 153734
Intercambio (6, 21) -> Peor solución (coste 154868) — no aceptada
Intercambio (8, 21) -> Nueva solución con coste 153316
Intercambio (0, 8) -> Peor solución (coste 155424) — no aceptada
Intercambio (6, 8) -> Nueva solución con coste 153134
Intercambio (0, 6) -> Nueva solución con coste 150528
Intercambio (13, 19) -> Peor solución (coste 152826) — no aceptada
Intercambio (19, 24) -> Peor solución (coste 155284) — no aceptada
Intercambio (13, 24) -> Nueva solución con coste 154728
Intercambio (5, 19) -> Peor solución (coste 156154) — no aceptada
Intercambio (5, 24) -> Nueva solución con coste 153544
Intercambio (6, 21) -> Peor solución (coste 156034) — no aceptada
Intercambio (8, 21) -> Peor solución (coste 157568) — no aceptada
Intercambio (5, 19) -> Nueva solución con coste 154812
Intercambio (6, 8) -> Nueva solución con coste 153734
Intercambio (13, 19) -> Nueva solución con coste 152826
Intercambio (19, 24) -> Peor solución (coste 155284) — no aceptada
Intercambio (13, 24) -> Nueva solución con coste 154728
Intercambio (5, 19) -> Peor solución (coste 156154) — no aceptada
Intercambio (5, 24) -> Nueva solución con coste 153544
Intercambio (6, 21) -> Peor solución (coste 156034) — no aceptada
Intercambio (8, 21) -> Peor solución (coste 157568) — no aceptada
Intercambio (5, 19) -> Nueva solución con coste 154812
Intercambio (6, 8) -> Nueva solución con coste 153734
Intercambio (6, 21) -> Peor solución (coste 154868) — no aceptada
Intercambio (8, 21) -> Nueva solución con coste 153316
Intercambio (0, 8) -> Peor solución (coste 155424) — no aceptada
Intercambio (6, 8) -> Nueva solución con coste 153134
Intercambio (0, 6) -> Nueva solución con coste 150528
Intercambio (13, 19) -> Peor solución (coste 152826) — no aceptada
Intercambio (19, 24) -> Peor solución (coste 155284) — no aceptada
Intercambio (13, 24) -> Nueva solución con coste 154728
Intercambio (5, 19) -> Peor solución (coste 156154) — no aceptada
Intercambio (5, 24) -> Nueva solución con coste 153544
Intercambio (6, 21) -> Peor solución (coste 156034) — no aceptada
Intercambio (8, 21) -> Peor solución (coste 157568) — no aceptada
Intercambio (5, 19) -> Nueva solución con coste 154812
Intercambio (6, 8) -> Nueva solución con coste 153734
Intercambio (6, 21) -> Peor solución (coste 154868) — no aceptada
Intercambio (8, 21) -> Nueva solución con coste 153316
Intercambio (0, 8) -> Peor solución (coste 155424) — no aceptada
Intercambio (6, 8) -> Nueva solución con coste 153134
Intercambio (0, 6) -> Nueva solución con coste 150528
Intercambio (13, 19) -> Peor solución (coste 152826) — no aceptada
Intercambio (19, 24) -> Peor solución (coste 155284) — no aceptada
Intercambio (13, 24) -> Nueva solución con coste 154728
Intercambio (5, 19) -> Peor solución (coste 156154) — no aceptada
Intercambio (5, 24) -> Nueva solución con coste 153544
Intercambio (6, 21) -> Peor solución (coste 156034) — no aceptada
Intercambio (8, 21) -> Peor solución (coste 157568) — no aceptada
Intercambio (5, 19) -> Nueva solución con coste 154812
Intercambio (6, 8) -> Nueva solución con coste 153734
Intercambio (6, 21) -> Peor solución (coste 154868) — no aceptada
Intercambio (8, 21) -> Nueva solución con coste 153316
Intercambio (0, 8) -> Peor solución (coste 155424) — no aceptada
Intercambio (6, 8) -> Nueva solución con coste 153134
Intercambio (0, 6) -> Nueva solución con coste 150528
Intercambio (13, 19) -> Peor solución (coste 152826) — no aceptada
Intercambio (19, 24) -> Peor solución (coste 155284) — no aceptada
Intercambio (13, 24) -> Nueva solución con coste 154728
Intercambio (5, 19) -> Peor solución (coste 156154) — no aceptada
Intercambio (5, 24) -> Nueva solución con coste 153544
Intercambio (6, 21) -> Peor solución (coste 156034) — no aceptada
Intercambio (8, 21) -> Peor solución (coste 157568) — no aceptada
Intercambio (5, 19) -> Nueva solución con coste 154812
Intercambio (6, 8) -> Nueva solución con coste 153734
Intercambio (18, 22) -> Peor solución (coste 153734) — no aceptada
Intercambio (8, 21) -> Nueva solución con coste 150528
Intercambio (13, 19) -> Peor solución (coste 152826) — no aceptada
Intercambio (19, 24) -> Peor solución (coste 155284) — no aceptada
Intercambio (13, 24) -> Nueva solución con coste 154728
Intercambio (5, 19) -> Peor solución (coste 156154) — no aceptada
Intercambio (5, 24) -> Nueva solución con coste 153544
Intercambio (6, 21) -> Peor solución (coste 156034) — no aceptada
Intercambio (8, 21) -> Peor solución (coste 157568) — no aceptada
Intercambio (5, 19) -> Nueva solución con coste 154812
Intercambio (6, 8) -> Nueva solución con coste 153734
Intercambio (6, 21) -> Peor solución (coste 154868) — no aceptada
Intercambio (8, 21) -> Nueva solución con coste 153316
Intercambio (0, 8) -> Peor solución (coste 155424) — no aceptada
Intercambio (6, 8) -> Nueva solución con coste 153134
Intercambio (0, 6) -> Nueva solución con coste 150528
Intercambio (13, 19) -> Peor solución (coste 152826) — no aceptada
Intercambio (19, 24) -> Peor solución (coste 155284) — no aceptada
Intercambio (13, 24) -> Nueva solución con coste 154728
Intercambio (5, 19) -> Peor solución (coste 156154) — no aceptada
Intercambio (5, 24) -> Nueva solución con coste 153544
Intercambio (6, 21) -> Peor solución (coste 156034) — no aceptada
Intercambio (8, 21) -> Peor solución (coste 157568) — no aceptada
Intercambio (5, 19) -> Nueva solución con coste 154812
Intercambio (6, 8) -> Nueva solución con coste 153734
Intercambio (6, 21) -> Peor solución (coste 154868) — no aceptada
Intercambio (8, 21) -> Nueva solución con coste 153316
Intercambio (0, 8) -> Peor solución (coste 155424) — no aceptada
Intercambio (6, 8) -> Nueva solución con coste 153134
Intercambio (0, 6) -> Nueva solución con coste 150528
Intercambio (13, 19) -> Peor solución (coste 152826) — no aceptada
Intercambio (19, 24) -> Peor solución (coste 155284) — no aceptada
Intercambio (13, 24) -> Nueva solución con coste 154728
Intercambio (5, 19) -> Peor solución (coste 156154) — no aceptada
Intercambio (5, 24) -> Nueva solución con coste 153544
Intercambio (6, 21) -> Peor solución (coste 156034) — no aceptada
Intercambio (8, 21) -> Peor solución (coste 157568) — no aceptada
Intercambio (5, 19) -> Nueva solución con coste 154812
Intercambio (6, 8) -> Nueva solución con coste 153734
Intercambio (6, 21) -> Peor solución (coste 154868) — no aceptada
Intercambio (8, 21) -> Nueva solución con coste 153316
Intercambio (0, 8) -> Peor solución (coste 155424) — no aceptada
Intercambio (6, 8) -> Nueva solución con coste 153134
Intercambio (0, 6) -> Nueva solución con coste 150528
Intercambio (13, 19) -> Peor solución (coste 152826) — no aceptada
Intercambio (19, 24) -> Peor solución (coste 155284) — no aceptada
Intercambio (13, 24) -> Nueva solución con coste 154728
Intercambio (5, 19) -> Peor solución (coste 156154) — no aceptada
Intercambio (5, 24) -> Nueva solución con coste 153544
Intercambio (6, 21) -> Peor solución (coste 156034) — no aceptada
Intercambio (8, 21) -> Peor solución (coste 157568) — no aceptada
Intercambio (18, 22) -> Peor solución (coste 157568) — no aceptada
Intercambio (5, 19) -> Nueva solución con coste 154812
Intercambio (6, 21) -> Nueva solución con coste 153316
Intercambio (6, 8) -> Nueva solución con coste 150528
Intercambio (13, 19) -> Peor solución (coste 152826) — no aceptada
Intercambio (19, 24) -> Peor solución (coste 155284) — no aceptada
Intercambio (13, 24) -> Nueva solución con coste 154728
Intercambio (5, 19) -> Peor solución (coste 156154) — no aceptada
Intercambio (5, 24) -> Nueva solución con coste 153544
Intercambio (6, 21) -> Peor solución (coste 156034) — no aceptada
Intercambio (8, 21) -> Peor solución (coste 157568) — no aceptada
Intercambio (5, 19) -> Nueva solución con coste 154812
Intercambio (6, 8) -> Nueva solución con coste 153734
Intercambio (6, 21) -> Peor solución (coste 154868) — no aceptada
Intercambio (8, 21) -> Nueva solución con coste 153316
Intercambio (0, 8) -> Peor solución (coste 155424) — no aceptada
Intercambio (6, 8) -> Nueva solución con coste 153134
Intercambio (0, 6) -> Nueva solución con coste 150528
Intercambio (13, 19) -> Peor solución (coste 152826) — no aceptada
Intercambio (19, 24) -> Peor solución (coste 155284) — no aceptada
Intercambio (13, 24) -> Nueva solución con coste 154728
Intercambio (5, 19) -> Peor solución (coste 156154) — no aceptada
Intercambio (5, 24) -> Nueva solución con coste 153544
Intercambio (6, 21) -> Peor solución (coste 156034) — no aceptada
Intercambio (8, 21) -> Peor solución (coste 157568) — no aceptada
Intercambio (5, 19) -> Nueva solución con coste 154812
Intercambio (6, 8) -> Nueva solución con coste 153734
Intercambio (6, 21) -> Peor solución (coste 154868) — no aceptada
Intercambio (8, 21) -> Nueva solución con coste 153316
Intercambio (0, 8) -> Peor solución (coste 155424) — no aceptada
Intercambio (6, 8) -> Nueva solución con coste 153134
Intercambio (0, 6) -> Nueva solución con coste 150528
Intercambio (13, 19) -> Peor solución (coste 152826) — no aceptada
Intercambio (19, 24) -> Peor solución (coste 155284) — no aceptada
Intercambio (13, 24) -> Nueva solución con coste 154728
Intercambio (5, 19) -> Peor solución (coste 156154) — no aceptada
Intercambio (5, 24) -> Nueva solución con coste 153544
Intercambio (6, 21) -> Peor solución (coste 156034) — no aceptada
Intercambio (8, 21) -> Peor solución (coste 157568) — no aceptada
Intercambio (5, 19) -> Nueva solución con coste 154812
Intercambio (6, 8) -> Nueva solución con coste 153734
Intercambio (6, 21) -> Peor solución (coste 154868) — no aceptada
Intercambio (8, 21) -> Nueva solución con coste 153316
Intercambio (0, 8) -> Peor solución (coste 155424) — no aceptada
Intercambio (6, 8) -> Nueva solución con coste 153134
Intercambio (0, 6) -> Nueva solución con coste 150528
Intercambio (13, 19) -> Peor solución (coste 152826) — no aceptada
Intercambio (19, 24) -> Peor solución (coste 155284) — no aceptada
Intercambio (13, 24) -> Nueva solución con coste 154728
Intercambio (5, 19) -> Peor solución (coste 156154) — no aceptada
Intercambio (5, 24) -> Nueva solución con coste 153544
Intercambio (13, 19) -> Nueva solución con coste 152826
Intercambio (19, 24) -> Peor solución (coste 155284) — no aceptada
Intercambio (13, 24) -> Nueva solución con coste 154728
Intercambio (5, 19) -> Peor solución (coste 156154) — no aceptada
Intercambio (5, 24) -> Nueva solución con coste 153544
Intercambio (6, 21) -> Peor solución (coste 156034) — no aceptada
Intercambio (8, 21) -> Peor solución (coste 157568) — no aceptada
Intercambio (5, 19) -> Nueva solución con coste 154812
Intercambio (6, 8) -> Nueva solución con coste 153734
Intercambio (6, 21) -> Peor solución (coste 154868) — no aceptada
Intercambio (8, 21) -> Nueva solución con coste 153316
Intercambio (0, 8) -> Peor solución (coste 155424) — no aceptada
Intercambio (6, 8) -> Nueva solución con coste 153134
Intercambio (0, 6) -> Nueva solución con coste 150528
Intercambio (13, 19) -> Peor solución (coste 152826) — no aceptada
Intercambio (19, 24) -> Peor solución (coste 155284) — no aceptada
Intercambio (13, 24) -> Nueva solución con coste 154728
Intercambio (5, 19) -> Peor solución (coste 156154) — no aceptada
Intercambio (5, 24) -> Nueva solución con coste 153544
Intercambio (6, 21) -> Peor solución (coste 156034) — no aceptada
Intercambio (8, 21) -> Peor solución (coste 157568) — no aceptada
Intercambio (5, 19) -> Nueva solución con coste 154812
Intercambio (6, 8) -> Nueva solución con coste 153734
Intercambio (6, 21) -> Peor solución (coste 154868) — no aceptada
Intercambio (8, 21) -> Nueva solución con coste 153316
Intercambio (0, 8) -> Peor solución (coste 155424) — no aceptada
Intercambio (6, 8) -> Nueva solución con coste 153134
Intercambio (0, 6) -> Nueva solución con coste 150528
Intercambio (13, 19) -> Peor solución (coste 152826) — no aceptada
Intercambio (19, 24) -> Peor solución (coste 155284) — no aceptada
Intercambio (13, 24) -> Nueva solución con coste 154728
Intercambio (5, 19) -> Peor solución (coste 156154) — no aceptada
Intercambio (5, 24) -> Nueva solución con coste 153544
Intercambio (6, 21) -> Peor solución (coste 156034) — no aceptada
Intercambio (8, 21) -> Peor solución (coste 157568) — no aceptada
Intercambio (5, 19) -> Nueva solución con coste 154812
Intercambio (6, 8) -> Nueva solución con coste 153734
Intercambio (6, 21) -> Peor solución (coste 154868) — no aceptada
Intercambio (8, 21) -> Nueva solución con coste 153316
Intercambio (0, 8) -> Peor solución (coste 155424) — no aceptada
Intercambio (6, 8) -> Nueva solución con coste 153134
Intercambio (0, 6) -> Nueva solución con coste 150528
Intercambio (13, 19) -> Peor solución (coste 152826) — no aceptada
Intercambio (19, 24) -> Peor solución (coste 155284) — no aceptada
Intercambio (13, 24) -> Nueva solución con coste 154728
Intercambio (5, 19) -> Peor solución (coste 156154) — no aceptada
Intercambio (5, 24) -> Nueva solución con coste 153544
Intercambio (6, 21) -> Peor solución (coste 156034) — no aceptada
Intercambio (8, 21) -> Peor solución (coste 157568) — no aceptada
Intercambio (5, 19) -> Nueva solución con coste 154812
Intercambio (6, 8) -> Nueva solución con coste 153734
Intercambio (18, 22) -> Peor solución (coste 153734) — no aceptada
Intercambio (8, 21) -> Nueva solución con coste 150528
Intercambio (13, 19) -> Peor solución (coste 152826) — no aceptada
Intercambio (19, 24) -> Peor solución (coste 155284) — no aceptada
Intercambio (13, 24) -> Nueva solución con coste 154728
Intercambio (5, 19) -> Peor solución (coste 156154) — no aceptada
Intercambio (5, 24) -> Nueva solución con coste 153544
Intercambio (6, 21) -> Peor solución (coste 156034) — no aceptada
Intercambio (8, 21) -> Peor solución (coste 157568) — no aceptada
Intercambio (5, 19) -> Nueva solución con coste 154812
Intercambio (6, 8) -> Nueva solución con coste 153734
Intercambio (6, 21) -> Peor solución (coste 154868) — no aceptada
Intercambio (8, 21) -> Nueva solución con coste 153316
Intercambio (0, 8) -> Peor solución (coste 155424) — no aceptada
Intercambio (6, 8) -> Nueva solución con coste 153134
Intercambio (0, 6) -> Nueva solución con coste 150528
Intercambio (13, 19) -> Peor solución (coste 152826) — no aceptada
Intercambio (19, 24) -> Peor solución (coste 155284) — no aceptada
Intercambio (13, 24) -> Nueva solución con coste 154728
Intercambio (5, 19) -> Peor solución (coste 156154) — no aceptada
Intercambio (5, 24) -> Nueva solución con coste 153544
Intercambio (6, 21) -> Peor solución (coste 156034) — no aceptada
Intercambio (8, 21) -> Peor solución (coste 157568) — no aceptada
Intercambio (5, 19) -> Nueva solución con coste 154812
Intercambio (6, 8) -> Nueva solución con coste 153734
Intercambio (6, 21) -> Peor solución (coste 154868) — no aceptada
Intercambio (8, 21) -> Nueva solución con coste 153316
Intercambio (0, 8) -> Peor solución (coste 155424) — no aceptada
Intercambio (6, 8) -> Nueva solución con coste 153134
Intercambio (0, 6) -> Nueva solución con coste 150528
Intercambio (13, 19) -> Peor solución (coste 152826) — no aceptada
Intercambio (19, 24) -> Peor solución (coste 155284) — no aceptada
Intercambio (13, 24) -> Nueva solución con coste 154728
Intercambio (5, 19) -> Peor solución (coste 156154) — no aceptada
Intercambio (5, 24) -> Nueva solución con coste 153544
Intercambio (6, 21) -> Peor solución (coste 156034) — no aceptada
Intercambio (8, 21) -> Peor solución (coste 157568) — no aceptada
Intercambio (5, 19) -> Nueva solución con coste 154812
Intercambio (6, 8) -> Nueva solución con coste 153734
Intercambio (6, 21) -> Peor solución (coste 154868) — no aceptada
Intercambio (8, 21) -> Nueva solución con coste 153316
Intercambio (0, 8) -> Peor solución (coste 155424) — no aceptada
Intercambio (6, 8) -> Nueva solución con coste 153134
Intercambio (0, 6) -> Nueva solución con coste 150528
Intercambio (13, 19) -> Peor solución (coste 152826) — no aceptada
Intercambio (19, 24) -> Peor solución (coste 155284) — no aceptada
Intercambio (13, 24) -> Nueva solución con coste 154728
Intercambio (5, 19) -> Peor solución (coste 156154) — no aceptada
Intercambio (5, 24) -> Nueva solución con coste 153544
Intercambio (6, 21) -> Peor solución (coste 156034) — no aceptada
Intercambio (8, 21) -> Peor solución (coste 157568) — no aceptada
Intercambio (18, 22) -> Peor solución (coste 157568) — no aceptada
Intercambio (5, 19) -> Nueva solución con coste 154812
Intercambio (6, 21) -> Nueva solución con coste 153316
Intercambio (6, 8) -> Nueva solución con coste 150528
Intercambio (13, 19) -> Peor solución (coste 152826) — no aceptada
Intercambio (19, 24) -> Peor solución (coste 155284) — no aceptada
Intercambio (13, 24) -> Nueva solución con coste 154728
Intercambio (5, 19) -> Peor solución (coste 156154) — no aceptada
Intercambio (5, 24) -> Nueva solución con coste 153544
Intercambio (6, 21) -> Peor solución (coste 156034) — no aceptada
Intercambio (8, 21) -> Peor solución (coste 157568) — no aceptada
Intercambio (5, 19) -> Nueva solución con coste 154812
Intercambio (6, 8) -> Nueva solución con coste 153734
Intercambio (6, 21) -> Peor solución (coste 154868) — no aceptada
Intercambio (8, 21) -> Nueva solución con coste 153316
Intercambio (0, 8) -> Peor solución (coste 155424) — no aceptada
Intercambio (6, 8) -> Nueva solución con coste 153134
Intercambio (0, 6) -> Nueva solución con coste 150528
Intercambio (13, 19) -> Peor solución (coste 152826) — no aceptada
Intercambio (19, 24) -> Peor solución (coste 155284) — no aceptada
Intercambio (13, 24) -> Nueva solución con coste 154728
Intercambio (5, 19) -> Peor solución (coste 156154) — no aceptada
Intercambio (5, 24) -> Nueva solución con coste 153544
Intercambio (6, 21) -> Peor solución (coste 156034) — no aceptada
Intercambio (8, 21) -> Peor solución (coste 157568) — no aceptada
Intercambio (5, 19) -> Nueva solución con coste 154812
Intercambio (6, 8) -> Nueva solución con coste 153734
Intercambio (6, 21) -> Peor solución (coste 154868) — no aceptada
Intercambio (8, 21) -> Nueva solución con coste 153316
Intercambio (0, 8) -> Peor solución (coste 155424) — no aceptada
Intercambio (6, 8) -> Nueva solución con coste 153134
Intercambio (0, 6) -> Nueva solución con coste 150528
Intercambio (13, 19) -> Peor solución (coste 152826) — no aceptada
Intercambio (19, 24) -> Peor solución (coste 155284) — no aceptada
Intercambio (13, 24) -> Nueva solución con coste 154728
Intercambio (5, 19) -> Peor solución (coste 156154) — no aceptada
Intercambio (5, 24) -> Nueva solución con coste 153544
Intercambio (6, 21) -> Peor solución (coste 156034) — no aceptada
Intercambio (8, 21) -> Peor solución (coste 157568) — no aceptada
Intercambio (5, 19) -> Nueva solución con coste 154812
Intercambio (6, 8) -> Nueva solución con coste 153734
Intercambio (6, 21) -> Peor solución (coste 154868) — no aceptada
Intercambio (8, 21) -> Nueva solución con coste 153316
Intercambio (0, 8) -> Peor solución (coste 155424) — no aceptada
Intercambio (6, 8) -> Nueva solución con coste 153134
Intercambio (0, 6) -> Nueva solución con coste 150528
Intercambio (13, 19) -> Peor solución (coste 152826) — no aceptada
Intercambio (19, 24) -> Peor solución (coste 155284) — no aceptada
Intercambio (13, 24) -> Nueva solución con coste 154728
Intercambio (5, 19) -> Peor solución (coste 156154) — no aceptada
Intercambio (5, 24) -> Nueva solución con coste 153544
Intercambio (13, 19) -> Nueva solución con coste 152826
Intercambio (19, 24) -> Peor solución (coste 155284) — no aceptada
Intercambio (13, 24) -> Nueva solución con coste 154728
Intercambio (5, 19) -> Peor solución (coste 156154) — no aceptada
Intercambio (5, 24) -> Nueva solución con coste 153544
Intercambio (6, 21) -> Peor solución (coste 156034) — no aceptada
Intercambio (8, 21) -> Peor solución (coste 157568) — no aceptada
Intercambio (5, 19) -> Nueva solución con coste 154812
Intercambio (6, 8) -> Nueva solución con coste 153734
Intercambio (6, 21) -> Peor solución (coste 154868) — no aceptada
Intercambio (8, 21) -> Nueva solución con coste 153316
Intercambio (0, 8) -> Peor solución (coste 155424) — no aceptada
Intercambio (6, 8) -> Nueva solución con coste 153134
Intercambio (0, 6) -> Nueva solución con coste 150528
Intercambio (13, 19) -> Peor solución (coste 152826) — no aceptada
Intercambio (19, 24) -> Peor solución (coste 155284) — no aceptada
Intercambio (13, 24) -> Nueva solución con coste 154728
Intercambio (5, 19) -> Peor solución (coste 156154) — no aceptada
Intercambio (5, 24) -> Nueva solución con coste 153544
Intercambio (6, 21) -> Peor solución (coste 156034) — no aceptada
Intercambio (8, 21) -> Peor solución (coste 157568) — no aceptada
Intercambio (5, 19) -> Nueva solución con coste 154812
Intercambio (6, 8) -> Nueva solución con coste 153734
Intercambio (6, 21) -> Peor solución (coste 154868) — no aceptada
Intercambio (8, 21) -> Nueva solución con coste 153316
Intercambio (0, 8) -> Peor solución (coste 155424) — no aceptada
Intercambio (6, 8) -> Nueva solución con coste 153134
Intercambio (0, 6) -> Nueva solución con coste 150528
Intercambio (13, 19) -> Peor solución (coste 152826) — no aceptada
Intercambio (19, 24) -> Peor solución (coste 155284) — no aceptada
Intercambio (13, 24) -> Nueva solución con coste 154728
Intercambio (5, 19) -> Peor solución (coste 156154) — no aceptada
Intercambio (5, 24) -> Nueva solución con coste 153544
Intercambio (6, 21) -> Peor solución (coste 156034) — no aceptada
Intercambio (8, 21) -> Peor solución (coste 157568) — no aceptada
Intercambio (5, 19) -> Nueva solución con coste 154812
Intercambio (6, 8) -> Nueva solución con coste 153734
Intercambio (6, 21) -> Peor solución (coste 154868) — no aceptada
Intercambio (8, 21) -> Nueva solución con coste 153316
Intercambio (0, 8) -> Peor solución (coste 155424) — no aceptada
Intercambio (6, 8) -> Nueva solución con coste 153134
Intercambio (0, 6) -> Nueva solución con coste 150528
Intercambio (13, 19) -> Peor solución (coste 152826) — no aceptada
Intercambio (19, 24) -> Peor solución (coste 155284) — no aceptada
Intercambio (13, 24) -> Nueva solución con coste 154728
Intercambio (5, 19) -> Peor solución (coste 156154) — no aceptada
Intercambio (5, 24) -> Nueva solución con coste 153544
Intercambio (6, 21) -> Peor solución (coste 156034) — no aceptada
Intercambio (8, 21) -> Peor solución (coste 157568) — no aceptada
Intercambio (5, 19) -> Nueva solución con coste 154812
Intercambio (6, 8) -> Nueva solución con coste 153734
Intercambio (18, 22) -> Peor solución (coste 153734) — no aceptada
Intercambio (8, 21) -> Nueva solución con coste 150528
Intercambio (13, 19) -> Peor solución (coste 152826) — no aceptada
Intercambio (19, 24) -> Peor solución (coste 155284) — no aceptada
Intercambio (13, 24) -> Nueva solución con coste 154728
Intercambio (5, 19) -> Peor solución (coste 156154) — no aceptada
Intercambio (5, 24) -> Nueva solución con coste 153544
Intercambio (6, 21) -> Peor solución (coste 156034) — no aceptada
Intercambio (8, 21) -> Peor solución (coste 157568) — no aceptada
Intercambio (5, 19) -> Nueva solución con coste 154812
Intercambio (6, 8) -> Nueva solución con coste 153734
Intercambio (6, 21) -> Peor solución (coste 154868) — no aceptada
Intercambio (8, 21) -> Nueva solución con coste 153316
Intercambio (0, 8) -> Peor solución (coste 155424) — no aceptada
Intercambio (6, 8) -> Nueva solución con coste 153134
Intercambio (0, 6) -> Nueva solución con coste 150528
Intercambio (13, 19) -> Peor solución (coste 152826) — no aceptada
Intercambio (19, 24) -> Peor solución (coste 155284) — no aceptada
Intercambio (13, 24) -> Nueva solución con coste 154728
Intercambio (5, 19) -> Peor solución (coste 156154) — no aceptada
Intercambio (5, 24) -> Nueva solución con coste 153544
Intercambio (6, 21) -> Peor solución (coste 156034) — no aceptada
Intercambio (8, 21) -> Peor solución (coste 157568) — no aceptada
Intercambio (5, 19) -> Nueva solución con coste 154812
Intercambio (6, 8) -> Nueva solución con coste 153734
Intercambio (6, 21) -> Peor solución (coste 154868) — no aceptada
Intercambio (8, 21) -> Nueva solución con coste 153316
Intercambio (0, 8) -> Peor solución (coste 155424) — no aceptada
Intercambio (6, 8) -> Nueva solución con coste 153134
Intercambio (0, 6) -> Nueva solución con coste 150528
Intercambio (13, 19) -> Peor solución (coste 152826) — no aceptada
Intercambio (19, 24) -> Peor solución (coste 155284) — no aceptada
Intercambio (13, 24) -> Nueva solución con coste 154728
Intercambio (5, 19) -> Peor solución (coste 156154) — no aceptada
Intercambio (5, 24) -> Nueva solución con coste 153544
Intercambio (6, 21) -> Peor solución (coste 156034) — no aceptada
Intercambio (8, 21) -> Peor solución (coste 157568) — no aceptada
Intercambio (5, 19) -> Nueva solución con coste 154812
Intercambio (6, 8) -> Nueva solución con coste 153734
Intercambio (6, 21) -> Peor solución (coste 154868) — no aceptada
Intercambio (8, 21) -> Nueva solución con coste 153316
Intercambio (0, 8) -> Peor solución (coste 155424) — no aceptada
Intercambio (6, 8) -> Nueva solución con coste 153134
Intercambio (0, 6) -> Nueva solución con coste 150528
Intercambio (13, 19) -> Peor solución (coste 152826) — no aceptada
Intercambio (19, 24) -> Peor solución (coste 155284) — no aceptada
Intercambio (13, 24) -> Nueva solución con coste 154728
Intercambio (5, 19) -> Peor solución (coste 156154) — no aceptada
Intercambio (5, 24) -> Nueva solución con coste 153544
Intercambio (6, 21) -> Peor solución (coste 156034) — no aceptada
Intercambio (8, 21) -> Peor solución (coste 157568) — no aceptada
Intercambio (5, 19) -> Nueva solución con coste 153316
Intercambio (6, 8) -> Nueva solución con coste 150528
Intercambio (13, 19) -> Peor solución (coste 152826) — no aceptada
Intercambio (19, 24) -> Peor solución (coste 155284) — no aceptada
Intercambio (13, 24) -> Nueva solución con coste 154728
Intercambio (5, 19) -> Peor solución (coste 156154) — no aceptada
Intercambio (5, 24) -> Nueva solución con coste 153544
Intercambio (6, 21) -> Peor solución (coste 156034) — no aceptada
Intercambio (8, 21) -> Peor solución (coste 157568) — no aceptada
Intercambio (5, 19) -> Nueva solución con coste 154812
Intercambio (6, 8) -> Nueva solución con coste 153734
Intercambio (6, 21) -> Peor solución (coste 154868) — no aceptada
Intercambio (8, 21) -> Nueva solución con coste 153316
Intercambio (0, 8) -> Peor solución (coste 155424) — no aceptada
Intercambio (6, 8) -> Nueva solución con coste 153134
Intercambio (0, 6) -> Nueva solución con coste 150528
Intercambio (13, 19) -> Peor solución (coste 152826) — no aceptada
Intercambio (19, 24) -> Peor solución (coste 155284) — no aceptada
Intercambio (13, 24) -> Nueva solución con coste 154728
Intercambio (5, 19) -> Peor solución (coste 156154) — no aceptada
Intercambio (5, 24) -> Nueva solución con coste 153544
Intercambio (6, 21) -> Peor solución (coste 156034) — no aceptada
Intercambio (8, 21) -> Peor solución (coste 157568) — no aceptada
Intercambio (5, 19) -> Nueva solución con coste 154812
Intercambio (6, 8) -> Nueva solución con coste 153734
Intercambio (6, 21) -> Peor solución (coste 154868) — no aceptada
Intercambio (8, 21) -> Nueva solución con coste 153316
Intercambio (0, 8) -> Peor solución (coste 155424) — no aceptada
Intercambio (6, 8) -> Nueva solución con coste 153134
Intercambio (0, 6) -> Nueva solución con coste 150528
Intercambio (13, 19) -> Peor solución (coste 152826) — no aceptada
Intercambio (19, 24) -> Peor solución (coste 155284) — no aceptada
Intercambio (13, 24) -> Nueva solución con coste 154728
Intercambio (5, 19) -> Peor solución (coste 156154) — no aceptada
Intercambio (5, 24) -> Nueva solución con coste 153544
Intercambio (6, 21) -> Peor solución (coste 156034) — no aceptada
Intercambio (8, 21) -> Peor solución (coste 157568) — no aceptada
Intercambio (5, 19) -> Nueva solución con coste 154812
Intercambio (6, 8) -> Nueva solución con coste 153734
Intercambio (6, 21) -> Peor solución (coste 154868) — no aceptada
Intercambio (8, 21) -> Nueva solución con coste 153316
Intercambio (0, 8) -> Peor solución (coste 155424) — no aceptada
Intercambio (6, 8) -> Nueva solución con coste 153134
Intercambio (0, 6) -> Nueva solución con coste 150528
Intercambio (13, 19) -> Peor solución (coste 152826) — no aceptada
Intercambio (19, 24) -> Peor solución (coste 155284) — no aceptada
Intercambio (13, 24) -> Nueva solución con coste 154728
Intercambio (5, 19) -> Peor solución (coste 156154) — no aceptada
Intercambio (5, 24) -> Nueva solución con coste 153544
Intercambio (6, 21) -> Peor solución (coste 156034) — no aceptada
Intercambio (8, 21) -> Peor solución (coste 157568) — no aceptada
Intercambio (18, 22) -> Peor solución (coste 157568) — no aceptada
Intercambio (5, 19) -> Nueva solución con coste 154812
Intercambio (6, 21) -> Nueva solución con coste 153316
Intercambio (6, 8) -> Nueva solución con coste 150528
Intercambio (13, 19) -> Peor solución (coste 152826) — no aceptada
Intercambio (19, 24) -> Peor solución (coste 155284) — no aceptada
Intercambio (13, 24) -> Nueva solución con coste 154728
Intercambio (5, 19) -> Peor solución (coste 156154) — no aceptada
Intercambio (5, 24) -> Nueva solución con coste 153544
Intercambio (6, 21) -> Peor solución (coste 156034) — no aceptada
Intercambio (8, 21) -> Peor solución (coste 157568) — no aceptada
Intercambio (5, 19) -> Nueva solución con coste 154812
Intercambio (6, 8) -> Nueva solución con coste 153734
Intercambio (6, 21) -> Peor solución (coste 154868) — no aceptada
Intercambio (8, 21) -> Nueva solución con coste 153316
Intercambio (0, 8) -> Peor solución (coste 155424) — no aceptada
Intercambio (6, 8) -> Nueva solución con coste 153134
Intercambio (0, 6) -> Nueva solución con coste 150528
Intercambio (13, 19) -> Peor solución (coste 152826) — no aceptada
Intercambio (19, 24) -> Peor solución (coste 155284) — no aceptada
Intercambio (13, 24) -> Nueva solución con coste 154728
Intercambio (5, 19) -> Peor solución (coste 156154) — no aceptada
Intercambio (5, 24) -> Nueva solución con coste 153544
Intercambio (6, 21) -> Peor solución (coste 156034) — no aceptada
Intercambio (8, 21) -> Peor solución (coste 157568) — no aceptada
Intercambio (5, 19) -> Nueva solución con coste 154812
Intercambio (6, 8) -> Nueva solución con coste 153734
Intercambio (6, 21) -> Peor solución (coste 154868) — no aceptada
Intercambio (8, 21) -> Nueva solución con coste 153316
Intercambio (0, 8) -> Peor solución (coste 155424) — no aceptada
Intercambio (6, 8) -> Nueva solución con coste 153134
Intercambio (0, 6) -> Nueva solución con coste 150528
Intercambio (13, 19) -> Peor solución (coste 152826) — no aceptada
Intercambio (19, 24) -> Peor solución (coste 155284) — no aceptada
Intercambio (13, 24) -> Nueva solución con coste 154728
Intercambio (5, 19) -> Peor solución (coste 156154) — no aceptada
Intercambio (5, 24) -> Nueva solución con coste 153544
Intercambio (6, 21) -> Peor solución (coste 156034) — no aceptada
Intercambio (8, 21) -> Peor solución (coste 157568) — no aceptada
Intercambio (5, 19) -> Nueva solución con coste 154812
Intercambio (6, 8) -> Nueva solución con coste 153734
Intercambio (6, 21) -> Peor solución (coste 154868) — no aceptada
Intercambio (8, 21) -> Nueva solución con coste 153316
Intercambio (0, 8) -> Peor solución (coste 155424) — no aceptada
Intercambio (6, 8) -> Nueva solución con coste 153134
Intercambio (0, 6) -> Nueva solución con coste 150528
Intercambio (13, 19) -> Peor solución (coste 152826) — no aceptada
Intercambio (19, 24) -> Peor solución (coste 155284) — no aceptada
Intercambio (13, 24) -> Nueva solución con coste 154728
Intercambio (5, 19) -> Peor solución (coste 156154) — no aceptada
Intercambio (5, 24) -> Nueva solución con coste 153544
Intercambio (13, 19) -> Nueva solución con coste 152826
Intercambio (19, 24) -> Peor solución (coste 155284) — no aceptada
Intercambio (13, 24) -> Nueva solución con coste 154728
Intercambio (5, 19) -> Peor solución (coste 156154) — no aceptada
Intercambio (5, 24) -> Nueva solución con coste 153544
Intercambio (6, 21) -> Peor solución (coste 156034) — no aceptada
Intercambio (8, 21) -> Peor solución (coste 157568) — no aceptada
Intercambio (5, 19) -> Nueva solución con coste 154812
Intercambio (6, 8) -> Nueva solución con coste 153734
Intercambio (6, 21) -> Peor solución (coste 154868) — no aceptada
Intercambio (8, 21) -> Nueva solución con coste 153316
Intercambio (0, 8) -> Peor solución (coste 155424) — no aceptada
Intercambio (6, 8) -> Nueva solución con coste 153134
Intercambio (0, 6) -> Nueva solución con coste 150528
Intercambio (13, 19) -> Peor solución (coste 152826) — no aceptada
Intercambio (19, 24) -> Peor solución (coste 155284) — no aceptada
Intercambio (13, 24) -> Nueva solución con coste 154728
Intercambio (5, 19) -> Peor solución (coste 156154) — no aceptada
Intercambio (5, 24) -> Nueva solución con coste 153544
Intercambio (6, 21) -> Peor solución (coste 156034) — no aceptada
Intercambio (8, 21) -> Peor solución (coste 157568) — no aceptada
Intercambio (5, 19) -> Nueva solución con coste 154812
Intercambio (6, 8) -> Nueva solución con coste 153734
Intercambio (6, 21) -> Peor solución (coste 154868) — no aceptada
Intercambio (8, 21) -> Nueva solución con coste 153316
Intercambio (0, 8) -> Peor solución (coste 155424) — no aceptada
Intercambio (6, 8) -> Nueva solución con coste 153134
Intercambio (0, 6) -> Nueva solución con coste 150528
Intercambio (13, 19) -> Peor solución (coste 152826) — no aceptada
Intercambio (19, 24) -> Peor solución (coste 155284) — no aceptada
Intercambio (13, 24) -> Nueva solución con coste 154728
Intercambio (5, 19) -> Peor solución (coste 156154) — no aceptada
Intercambio (5, 24) -> Nueva solución con coste 153544
Intercambio (6, 21) -> Peor solución (coste 156034) — no aceptada
Intercambio (8, 21) -> Peor solución (coste 157568) — no aceptada
Intercambio (5, 19) -> Nueva solución con coste 154812
Intercambio (6, 8) -> Nueva solución con coste 153734
Intercambio (6, 21) -> Peor solución (coste 154868) — no aceptada
Intercambio (8, 21) -> Nueva solución con coste 153316
Intercambio (0, 8) -> Peor solución (coste 155424) — no aceptada
Intercambio (6, 8) -> Nueva solución con coste 153134
Intercambio (0, 6) -> Nueva solución con coste 150528
Intercambio (13, 19) -> Peor solución (coste 152826) — no aceptada
Intercambio (19, 24) -> Peor solución (coste 155284) — no aceptada
Intercambio (13, 24) -> Nueva solución con coste 154728
Intercambio (5, 19) -> Peor solución (coste 156154) — no aceptada
Intercambio (5, 24) -> Nueva solución con coste 153544
Intercambio (6, 21) -> Peor solución (coste 156034) — no aceptada
Intercambio (8, 21) -> Peor solución (coste 157568) — no aceptada
Intercambio (5, 19) -> Nueva solución con coste 154812
Intercambio (6, 8) -> Nueva solución con coste 153734
Intercambio (13, 19) -> Nueva solución con coste 152826
Intercambio (19, 24) -> Peor solución (coste 155284) — no aceptada
Intercambio (13, 24) -> Nueva solución con coste 154728
Intercambio (5, 19) -> Peor solución (coste 156154) — no aceptada
Intercambio (5, 24) -> Nueva solución con coste 153544
Intercambio (6, 21) -> Peor solución (coste 156034) — no aceptada
Intercambio (8, 21) -> Peor solución (coste 157568) — no aceptada
Intercambio (5, 19) -> Nueva solución con coste 154812
Intercambio (6, 8) -> Nueva solución con coste 153734
Intercambio (6, 21) -> Peor solución (coste 154868) — no aceptada
Intercambio (8, 21) -> Nueva solución con coste 153316
Intercambio (0, 8) -> Peor solución (coste 155424) — no aceptada
Intercambio (6, 8) -> Nueva solución con coste 153134
Intercambio (0, 6) -> Nueva solución con coste 150528
Intercambio (13, 19) -> Peor solución (coste 152826) — no aceptada
Intercambio (19, 24) -> Peor solución (coste 155284) — no aceptada
Intercambio (13, 24) -> Nueva solución con coste 154728
Intercambio (5, 19) -> Peor solución (coste 156154) — no aceptada
Intercambio (5, 24) -> Nueva solución con coste 153544
Intercambio (6, 21) -> Peor solución (coste 156034) — no aceptada
Intercambio (8, 21) -> Peor solución (coste 157568) — no aceptada
Intercambio (5, 19) -> Nueva solución con coste 154812
Intercambio (6, 8) -> Nueva solución con coste 153734
Intercambio (6, 21) -> Peor solución (coste 154868) — no aceptada
Intercambio (8, 21) -> Nueva solución con coste 153316
Intercambio (0, 8) -> Peor solución (coste 155424) — no aceptada
Intercambio (6, 8) -> Nueva solución con coste 153134
Intercambio (0, 6) -> Nueva solución con coste 150528
Intercambio (13, 19) -> Peor solución (coste 152826) — no aceptada
Intercambio (19, 24) -> Peor solución (coste 155284) — no aceptada
Intercambio (13, 24) -> Nueva solución con coste 154728
Intercambio (5, 19) -> Peor solución (coste 156154) — no aceptada
Intercambio (5, 24) -> Nueva solución con coste 153544
Intercambio (6, 21) -> Peor solución (coste 156034) — no aceptada
Intercambio (8, 21) -> Peor solución (coste 157568) — no aceptada
Intercambio (5, 19) -> Nueva solución con coste 154812
Intercambio (6, 8) -> Nueva solución con coste 153734
Intercambio (6, 21) -> Peor solución (coste 154868) — no aceptada
Intercambio (8, 21) -> Nueva solución con coste 153316
Intercambio (0, 8) -> Peor solución (coste 155424) — no aceptada
Intercambio (6, 8) -> Nueva solución con coste 153134
Intercambio (0, 6) -> Nueva solución con coste 150528
Intercambio (13, 19) -> Peor solución (coste 152826) — no aceptada
Intercambio (19, 24) -> Peor solución (coste 155284) — no aceptada
Intercambio (13, 24) -> Nueva solución con coste 154728
Intercambio (5, 19) -> Peor solución (coste 156154) — no aceptada
Intercambio (5, 24) -> Nueva solución con coste 153544
Intercambio (6, 21) -> Peor solución (coste 156034) — no aceptada
Intercambio (8, 21) -> Peor solución (coste 157568) — no aceptada
Intercambio (5, 19) -> Nueva solución con coste 154812
Intercambio (6, 8) -> Nueva solución con coste 153734
Intercambio (13, 19) -> Nueva solución con coste 152826
Intercambio (19, 24) -> Peor solución (coste 155284) — no aceptada
Intercambio (13, 24) -> Nueva solución con coste 154728
Intercambio (5, 19) -> Peor solución (coste 156154) — no aceptada
Intercambio (5, 24) -> Nueva solución con coste 153544
Intercambio (6, 21) -> Peor solución (coste 156034) — no aceptada
Intercambio (8, 21) -> Peor solución (coste 157568) — no aceptada
Intercambio (5, 19) -> Nueva solución con coste 154812
Intercambio (6, 8) -> Nueva solución con coste 153734
Intercambio (6, 21) -> Peor solución (coste 154868) — no aceptada
Intercambio (8, 21) -> Nueva solución con coste 153316
Intercambio (0, 8) -> Peor solución (coste 155424) — no aceptada
Intercambio (6, 8) -> Nueva solución con coste 153134
Intercambio (0, 6) -> Nueva solución con coste 150528
Intercambio (13, 19) -> Peor solución (coste 152826) — no aceptada
Intercambio (19, 24) -> Peor solución (coste 155284) — no aceptada
Intercambio (13, 24) -> Nueva solución con coste 154728
Intercambio (5, 19) -> Peor solución (coste 156154) — no aceptada
Intercambio (5, 24) -> Nueva solución con coste 153544
Intercambio (6, 21) -> Peor solución (coste 156034) — no aceptada
Intercambio (8, 21) -> Peor solución (coste 157568) — no aceptada
Intercambio (5, 19) -> Nueva solución con coste 154812
Intercambio (6, 8) -> Nueva solución con coste 153734
Intercambio (6, 21) -> Peor solución (coste 154868) — no aceptada
Intercambio (8, 21) -> Nueva solución con coste 153316
Intercambio (0, 8) -> Peor solución (coste 155424) — no aceptada
Intercambio (6, 8) -> Nueva solución con coste 153134
Intercambio (0, 6) -> Nueva solución con coste 150528
Intercambio (13, 19) -> Peor solución (coste 152826) — no aceptada
Intercambio (19, 24) -> Peor solución (coste 155284) — no aceptada
Intercambio (13, 24) -> Nueva solución con coste 154728
Intercambio (5, 19) -> Peor solución (coste 156154) — no aceptada
Intercambio (5, 24) -> Nueva solución con coste 153544
Intercambio (6, 21) -> Peor solución (coste 156034) — no aceptada
Intercambio (8, 21) -> Peor solución (coste 157568) — no aceptada
Intercambio (5, 19) -> Nueva solución con coste 154812
Intercambio (6, 8) -> Nueva solución con coste 153734
Intercambio (6, 21) -> Peor solución (coste 154868) — no aceptada
Intercambio (8, 21) -> Nueva solución con coste 153316
Intercambio (0, 8) -> Peor solución (coste 155424) — no aceptada
Intercambio (6, 8) -> Nueva solución con coste 153134
Intercambio (0, 6) -> Nueva solución con coste 150528
Intercambio (13, 19) -> Peor solución (coste 152826) — no aceptada
Intercambio (19, 24) -> Peor solución (coste 155284) — no aceptada
Intercambio (13, 24) -> Nueva solución con coste 154728
Intercambio (5, 19) -> Peor solución (coste 156154) — no aceptada
Intercambio (5, 24) -> Nueva solución con coste 153544
Intercambio (6, 21) -> Peor solución (coste 156034) — no aceptada
Intercambio (8, 21) -> Peor solución (coste 157568) — no aceptada
Intercambio (5, 19) -> Nueva solución con coste 154812
Intercambio (6, 8) -> Nueva solución con coste 153734
Intercambio (13, 19) -> Nueva solución con coste 152826
Intercambio (19, 24) -> Peor solución (coste 155284) — no aceptada
Intercambio (13, 24) -> Nueva solución con coste 154728
Intercambio (5, 19) -> Peor solución (coste 156154) — no aceptada
Intercambio (5, 24) -> Nueva solución con coste 153544
Intercambio (6, 21) -> Peor solución (coste 156034) — no aceptada
Intercambio (8, 21) -> Peor solución (coste 157568) — no aceptada
Intercambio (5, 19) -> Nueva solución con coste 154812
Intercambio (6, 8) -> Nueva solución con coste 153734
Intercambio (6, 21) -> Peor solución (coste 154868) — no aceptada
Intercambio (8, 21) -> Nueva solución con coste 153316
Intercambio (0, 8) -> Peor solución (coste 155424) — no aceptada
Intercambio (6, 8) -> Nueva solución con coste 153134
Intercambio (0, 6) -> Nueva solución con coste 150528
Intercambio (13, 19) -> Peor solución (coste 152826) — no aceptada
Intercambio (19, 24) -> Peor solución (coste 155284) — no aceptada
Intercambio (13, 24) -> Nueva solución con coste 154728
Intercambio (5, 19) -> Peor solución (coste 156154) — no aceptada
Intercambio (5, 24) -> Nueva solución con coste 153544
Intercambio (6, 21) -> Peor solución (coste 156034) — no aceptada
Intercambio (8, 21) -> Peor solución (coste 157568) — no aceptada
Intercambio (5, 19) -> Nueva solución con coste 154812
Intercambio (6, 8) -> Nueva solución con coste 153734
Intercambio (6, 21) -> Peor solución (coste 154868) — no aceptada
Intercambio (8, 21) -> Nueva solución con coste 153316
Intercambio (0, 8) -> Peor solución (coste 155424) — no aceptada
Intercambio (6, 8) -> Nueva solución con coste 153134
Intercambio (0, 6) -> Nueva solución con coste 150528
Intercambio (13, 19) -> Peor solución (coste 152826) — no aceptada
Intercambio (19, 24) -> Peor solución (coste 155284) — no aceptada
Intercambio (13, 24) -> Nueva solución con coste 154728
Intercambio (5, 19) -> Peor solución (coste 156154) — no aceptada
Intercambio (5, 24) -> Nueva solución con coste 153544
Intercambio (6, 21) -> Peor solución (coste 156034) — no aceptada
Intercambio (8, 21) -> Peor solución (coste 157568) — no aceptada
Intercambio (5, 19) -> Nueva solución con coste 154812
Intercambio (6, 8) -> Nueva solución con coste 153734
Intercambio (6, 21) -> Peor solución (coste 154868) — no aceptada
Intercambio (8, 21) -> Nueva solución con coste 153316
Intercambio (0, 8) -> Peor solución (coste 155424) — no aceptada
Intercambio (6, 8) -> Nueva solución con coste 153134
Intercambio (0, 6) -> Nueva solución con coste 150528
Intercambio (13, 19) -> Peor solución (coste 152826) — no aceptada
Intercambio (19, 24) -> Peor solución (coste 155284) — no aceptada
Intercambio (13, 24) -> Nueva solución con coste 154728
Intercambio (5, 19) -> Peor solución (coste 156154) — no aceptada
Intercambio (5, 24) -> Nueva solución con coste 153544
Intercambio (6, 21) -> Peor solución (coste 156034) — no aceptada
Intercambio (8, 21) -> Peor solución (coste 157568) — no aceptada
Intercambio (5, 19) -> Nueva solución con coste 154812
Intercambio (6, 8) -> Nueva solución con coste 153734
Intercambio (18, 22) -> Peor solución (coste 153734) — no aceptada
Intercambio (8, 21) -> Nueva solución con coste 150528
Intercambio (13, 19) -> Peor solución (coste 152826) — no aceptada
Intercambio (19, 24) -> Peor solución (coste 155284) — no aceptada
Intercambio (13, 24) -> Nueva solución con coste 154728
Intercambio (5, 19) -> Peor solución (coste 156154) — no aceptada
Intercambio (5, 24) -> Nueva solución con coste 153544
Intercambio (6, 21) -> Peor solución (coste 156034) — no aceptada
Intercambio (8, 21) -> Peor solución (coste 157568) — no aceptada
Intercambio (5, 19) -> Nueva solución con coste 154812
Intercambio (6, 8) -> Nueva solución con coste 153734
Intercambio (6, 21) -> Peor solución (coste 154868) — no aceptada
Intercambio (8, 21) -> Nueva solución con coste 153316
Intercambio (0, 8) -> Peor solución (coste 155424) — no aceptada
Intercambio (6, 8) -> Nueva solución con coste 153134
Intercambio (0, 6) -> Nueva solución con coste 150528
Intercambio (13, 19) -> Peor solución (coste 152826) — no aceptada
Intercambio (19, 24) -> Peor solución (coste 155284) — no aceptada
Intercambio (13, 24) -> Nueva solución con coste 154728
Intercambio (5, 19) -> Peor solución (coste 156154) — no aceptada
Intercambio (5, 24) -> Nueva solución con coste 153544
Intercambio (6, 21) -> Peor solución (coste 156034) — no aceptada
Intercambio (8, 21) -> Peor solución (coste 157568) — no aceptada
Intercambio (5, 19) -> Nueva solución con coste 154812
Intercambio (6, 8) -> Nueva solución con coste 153734
Intercambio (6, 21) -> Peor solución (coste 154868) — no aceptada
Intercambio (8, 21) -> Nueva solución con coste 153316
Intercambio (0, 8) -> Peor solución (coste 155424) — no aceptada
Intercambio (6, 8) -> Nueva solución con coste 153134
Intercambio (0, 6) -> Nueva solución con coste 150528
Intercambio (13, 19) -> Peor solución (coste 152826) — no aceptada
Intercambio (19, 24) -> Peor solución (coste 155284) — no aceptada
Intercambio (13, 24) -> Nueva solución con coste 154728
Intercambio (5, 19) -> Peor solución (coste 156154) — no aceptada
Intercambio (5, 24) -> Nueva solución con coste 153544
Intercambio (6, 21) -> Peor solución (coste 156034) — no aceptada
Intercambio (8, 21) -> Peor solución (coste 157568) — no aceptada
Intercambio (5, 19) -> Nueva solución con coste 154812
Intercambio (6, 8) -> Nueva solución con coste 153734
Intercambio (6, 21) -> Peor solución (coste 154868) — no aceptada
Intercambio (8, 21) -> Nueva solución con coste 153316
Intercambio (0, 8) -> Peor solución (coste 155424) — no aceptada
Intercambio (6, 8) -> Nueva solución con coste 153134
Intercambio (0, 6) -> Nueva solución con coste 150528
Intercambio (13, 19) -> Peor solución (coste 152826) — no aceptada
Intercambio (19, 24) -> Peor solución (coste 155284) — no aceptada
Intercambio (13, 24) -> Nueva solución con coste 154728
Intercambio (5, 19) -> Peor solución (coste 156154) — no aceptada
Intercambio (5, 24) -> Nueva solución con coste 153544
Intercambio (6, 21) -> Peor solución (coste 156034) — no aceptada
Intercambio (8, 21) -> Peor solución (coste 157568) — no aceptada
Intercambio (5, 19) -> Nueva solución con coste 153316
Intercambio (6, 8) -> Nueva solución con coste 150528
Intercambio (13, 19) -> Peor solución (coste 152826) — no aceptada

Solución final
--------------
[0, 1, 2, 3, 4, 5, 6, 7, 8, 9, 10, 11, 12, 13, 14, 15, 16, 17, 18, 19, 20, 21, 22, 23, 24, 25, 26, 27, 28, 29]
Coste final: 150528
Duración: 0.38 segundos
