Parámetros del algoritmo
------------------------
Algoritmo: BusquedaLocal
Dataset: ford03.dat
Semilla: 40753067

Solución inicial y su coste
---------------------------
[24, 9, 18, 11, 3, 26, 17, 21, 19, 22, 20, 5, 8, 14, 0, 15, 23, 13, 1, 16, 6, 28, 27, 4, 7, 25, 29, 12, 10, 2]
Coste: 13806

Evolución de la búsqueda
------------------------
Intercambio (0, 1) -> Nueva solución con coste 13762
Intercambio (1, 3) -> Nueva solución con coste 13756
Intercambio (2, 4) -> Nueva solución con coste 13750
Intercambio (3, 5) -> Nueva solución con coste 13696
Intercambio (4, 7) -> Nueva solución con coste 13666
Intercambio (6, 11) -> Nueva solución con coste 13654
Intercambio (7, 29) -> Nueva solución con coste 13644
Intercambio (8, 15) -> Nueva solución con coste 13632
Intercambio (9, 11) -> Nueva solución con coste 13630
Intercambio (10, 13) -> Nueva solución con coste 13628
Intercambio (11, 12) -> Nueva solución con coste 13612
Intercambio (12, 17) -> Nueva solución con coste 13610
Intercambio (14, 28) -> Nueva solución con coste 13584
Intercambio (15, 10) -> Nueva solución con coste 13576
Intercambio (16, 20) -> Nueva solución con coste 13574
Intercambio (17, 23) -> Nueva solución con coste 13568
Intercambio (19, 27) -> Nueva solución con coste 13564
Intercambio (20, 22) -> Nueva solución con coste 13560
Intercambio (21, 16) -> Nueva solución con coste 13544
Intercambio (22, 27) -> Nueva solución con coste 13540
Intercambio (23, 25) -> Nueva solución con coste 13534
Intercambio (28, 0) -> Nueva solución con coste 13528
Intercambio (1, 7) -> Nueva solución con coste 13520
Intercambio (3, 8) -> Nueva solución con coste 13516
Intercambio (6, 0) -> Nueva solución con coste 13512
Intercambio (7, 1) -> Nueva solución con coste 13488
Intercambio (8, 9) -> Nueva solución con coste 13470
Intercambio (9, 10) -> Nueva solución con coste 13460
Intercambio (10, 13) -> Nueva solución con coste 13450
Intercambio (14, 1) -> Nueva solución con coste 13448
Intercambio (16, 5) -> Nueva solución con coste 13444
Intercambio (17, 24) -> Nueva solución con coste 13440
Intercambio (19, 9) -> Nueva solución con coste 13426
Intercambio (6, 26) -> Nueva solución con coste 13412
Intercambio (10, 6) -> Nueva solución con coste 13410

Solución final
--------------
[5, 10, 3, 15, 21, 28, 20, 2, 17, 12, 29, 8, 13, 26, 11, 14, 24, 7, 1, 19, 27, 6, 16, 25, 4, 22, 0, 23, 9, 18]
Coste final: 13410
Duración: 0.0 segundos
