========================================
 RESUMEN DE EJECUCIÓN 
========================================
Algoritmo:      Memetico
Archivo:        ford03.dat
Semilla:        77645037
----------------------------------------
Población:      100
kBest:          2
kWorst:         3
Elite:          1
Cruce:          OX2
----------------------------------------
PARAMETROS MEMÉTICO (BT):
Evaluaciones BT: 2000 evaluaciones
Iteraciones BT: 10 iteraciones (Profundidad)
----------------------------------------
RESULTADOS FINALES:
Evaluaciones Max: 10000
Generaciones:     8734
Tiempo (ms):    148
Costo Final:    13262
Solución:       [10, 0, 1, 26, 27, 16, 15, 11, 6, 12, 27, 5, 9, 20, 3, 29, 4, 9, 7, 23, 21, 24, 8, 28, 19, 14, 4, 13, 18, 25]
========================================
