Parámetros del algoritmo
------------------------
Algoritmo: BusquedaTabu
Dataset: ford01.dat
Semilla: 35470364

Solución inicial y su coste
---------------------------
[1, 9, 0, 14, 17, 13, 12, 18, 6, 11, 2, 15, 19, 7, 8, 16, 5, 10, 3, 4]
Coste: 3632

Evolución de la búsqueda
------------------------
Intercambio (0, 9) -> Nueva solución con coste 3864
Intercambio (7, 14) -> Nueva solución con coste 3802
Intercambio (3, 4) -> Nueva solución con coste 3752
Intercambio (2, 19) -> Nueva solución con coste 3708
Intercambio (14, 17) -> Nueva solución con coste 3692
Intercambio (1, 19) -> Nueva solución con coste 3684
Intercambio (1, 18) -> Nueva solución con coste 3674
Intercambio (4, 5) -> Nueva solución con coste 3670
Intercambio (9, 19) -> Nueva solución con coste 3666
Intercambio (11, 16) -> Nueva solución con coste 3664
Intercambio (16, 18) -> Nueva solución con coste 3650
Intercambio (6, 18) -> Peor solución (coste 3650) — no aceptada
Intercambio (0, 18) -> Nueva solución con coste 3646
Intercambio (9, 19) -> Nueva solución con coste 3628
Intercambio (16, 19) -> Peor solución (coste 3630) — no aceptada
Intercambio (7, 10) -> Nueva solución con coste 3628
Intercambio (15, 19) -> Nueva solución con coste 3620
Intercambio (6, 7) -> Nueva solución con coste 3614
Intercambio (15, 16) -> Peor solución (coste 3620) — no aceptada
Intercambio (7, 15) -> Peor solución (coste 3626) — no aceptada
Intercambio (7, 16) -> Nueva solución con coste 3624
Intercambio (6, 7) -> Peor solución (coste 3628) — no aceptada
Intercambio (6, 15) -> Nueva solución con coste 3620
Intercambio (15, 16) -> Peor solución (coste 3626) — no aceptada
Intercambio (2, 16) -> Peor solución (coste 3634) — no aceptada
Intercambio (6, 7) -> Nueva solución con coste 3628
Intercambio (2, 15) -> Peor solución (coste 3630) — no aceptada
Intercambio (14, 15) -> Nueva solución con coste 3628
Intercambio (2, 14) -> Peor solución (coste 3630) — no aceptada
Intercambio (7, 14) -> Nueva solución con coste 3628
Intercambio (6, 19) -> Nueva solución con coste 3626
Intercambio (6, 14) -> Nueva solución con coste 3624
Intercambio (2, 6) -> Nueva solución con coste 3616
Intercambio (6, 15) -> Peor solución (coste 3618) — no aceptada
Intercambio (1, 15) -> Peor solución (coste 3622) — no aceptada
Intercambio (7, 13) -> Peor solución (coste 3624) — no aceptada
Intercambio (15, 17) -> Peor solución (coste 3624) — no aceptada
Intercambio (0, 15) -> Nueva solución con coste 3608
Intercambio (1, 15) -> Nueva solución con coste 3604
Intercambio (10, 13) -> Peor solución (coste 3606) — no aceptada
Intercambio (0, 1) -> Peor solución (coste 3610) — no aceptada
Intercambio (6, 15) -> Nueva solución con coste 3606
Intercambio (2, 6) -> Peor solución (coste 3614) — no aceptada
Intercambio (2, 16) -> Nueva solución con coste 3608
Intercambio (10, 13) -> Nueva solución con coste 3606
Intercambio (13, 16) -> Peor solución (coste 3610) — no aceptada
Intercambio (14, 15) -> Peor solución (coste 3616) — no aceptada
Intercambio (13, 15) -> Peor solución (coste 3620) — no aceptada
Intercambio (6, 13) -> Nueva solución con coste 3618
Intercambio (13, 16) -> Nueva solución con coste 3614
Intercambio (9, 16) -> Peor solución (coste 3614) — no aceptada
Intercambio (0, 16) -> Nueva solución con coste 3608
Intercambio (5, 9) -> Peor solución (coste 3610) — no aceptada
Intercambio (1, 5) -> Peor solución (coste 3614) — no aceptada
Intercambio (9, 19) -> Nueva solución con coste 3594
Intercambio (12, 13) -> Peor solución (coste 3598) — no aceptada
Intercambio (12, 15) -> Peor solución (coste 3598) — no aceptada
Intercambio (12, 18) -> Peor solución (coste 3604) — no aceptada
Intercambio (6, 18) -> Peor solución (coste 3608) — no aceptada
Intercambio (14, 18) -> Nueva solución con coste 3604
Intercambio (6, 14) -> Peor solución (coste 3608) — no aceptada
Intercambio (12, 18) -> Peor solución (coste 3608) — no aceptada
Intercambio (12, 14) -> Nueva solución con coste 3598
Intercambio (12, 15) -> Peor solución (coste 3598) — no aceptada
Intercambio (12, 13) -> Nueva solución con coste 3594
Intercambio (0, 16) -> Peor solución (coste 3600) — no aceptada
Intercambio (4, 15) -> Peor solución (coste 3606) — no aceptada
Intercambio (4, 14) -> Nueva solución con coste 3596
Intercambio (4, 5) -> Nueva solución con coste 3592
Intercambio (6, 14) -> Nueva solución con coste 3588
Intercambio (10, 13) -> Nueva solución con coste 3578
Intercambio (6, 10) -> Peor solución (coste 3586) — no aceptada
Intercambio (4, 5) -> Peor solución (coste 3590) — no aceptada
Intercambio (6, 12) -> Peor solución (coste 3596) — no aceptada
Intercambio (10, 12) -> Nueva solución con coste 3594
Intercambio (12, 18) -> Nueva solución con coste 3592
Intercambio (4, 5) -> Nueva solución con coste 3588
Intercambio (1, 18) -> Peor solución (coste 3596) — no aceptada
Intercambio (18, 19) -> Peor solución (coste 3600) — no aceptada
Intercambio (1, 19) -> Nueva solución con coste 3596
Intercambio (4, 5) -> Peor solución (coste 3600) — no aceptada
Intercambio (1, 18) -> Peor solución (coste 3606) — no aceptada
Intercambio (18, 19) -> Nueva solución con coste 3602
Intercambio (1, 19) -> Nueva solución con coste 3592
Intercambio (4, 5) -> Nueva solución con coste 3588
Intercambio (12, 18) -> Peor solución (coste 3590) — no aceptada
Intercambio (6, 12) -> Nueva solución con coste 3578
Intercambio (6, 10) -> Peor solución (coste 3586) — no aceptada
Intercambio (4, 5) -> Peor solución (coste 3590) — no aceptada
Intercambio (1, 19) -> Peor solución (coste 3600) — no aceptada
Intercambio (6, 12) -> Peor solución (coste 3606) — no aceptada
Intercambio (10, 12) -> Nueva solución con coste 3604
Intercambio (4, 5) -> Nueva solución con coste 3600
Intercambio (1, 19) -> Nueva solución con coste 3590
Intercambio (6, 12) -> Nueva solución con coste 3578
Intercambio (6, 10) -> Peor solución (coste 3586) — no aceptada
Intercambio (4, 5) -> Peor solución (coste 3590) — no aceptada
Intercambio (1, 19) -> Peor solución (coste 3600) — no aceptada
Intercambio (6, 12) -> Peor solución (coste 3606) — no aceptada
Intercambio (10, 12) -> Nueva solución con coste 3604
Intercambio (4, 5) -> Nueva solución con coste 3600
Intercambio (1, 19) -> Nueva solución con coste 3590
Intercambio (6, 12) -> Nueva solución con coste 3578
Intercambio (6, 10) -> Peor solución (coste 3586) — no aceptada
Intercambio (4, 5) -> Peor solución (coste 3590) — no aceptada
Intercambio (1, 19) -> Peor solución (coste 3600) — no aceptada
Intercambio (6, 12) -> Peor solución (coste 3606) — no aceptada
Intercambio (10, 12) -> Nueva solución con coste 3604
Intercambio (4, 5) -> Nueva solución con coste 3600
Intercambio (1, 19) -> Nueva solución con coste 3590
Intercambio (6, 12) -> Nueva solución con coste 3578
Intercambio (6, 10) -> Peor solución (coste 3586) — no aceptada
Intercambio (4, 5) -> Peor solución (coste 3590) — no aceptada
Intercambio (1, 19) -> Peor solución (coste 3600) — no aceptada
Intercambio (6, 12) -> Peor solución (coste 3606) — no aceptada
Intercambio (10, 12) -> Nueva solución con coste 3604
Intercambio (4, 5) -> Nueva solución con coste 3600
Intercambio (1, 19) -> Nueva solución con coste 3590
Intercambio (6, 12) -> Nueva solución con coste 3578
Intercambio (6, 10) -> Peor solución (coste 3586) — no aceptada
Intercambio (4, 5) -> Peor solución (coste 3590) — no aceptada
Intercambio (1, 19) -> Peor solución (coste 3600) — no aceptada
Intercambio (6, 12) -> Nueva solución con coste 3596
Intercambio (10, 12) -> Nueva solución con coste 3594
Intercambio (4, 5) -> Nueva solución con coste 3590
Intercambio (12, 18) -> Nueva solución con coste 3588
Intercambio (1, 18) -> Peor solución (coste 3596) — no aceptada
Intercambio (18, 19) -> Peor solución (coste 3600) — no aceptada
Intercambio (1, 19) -> Nueva solución con coste 3596
Intercambio (4, 5) -> Peor solución (coste 3600) — no aceptada
Intercambio (1, 18) -> Peor solución (coste 3606) — no aceptada
Intercambio (18, 19) -> Nueva solución con coste 3602
Intercambio (1, 19) -> Nueva solución con coste 3592
Intercambio (4, 5) -> Nueva solución con coste 3588
Intercambio (12, 18) -> Peor solución (coste 3590) — no aceptada
Intercambio (6, 12) -> Nueva solución con coste 3578
Intercambio (6, 10) -> Peor solución (coste 3586) — no aceptada
Intercambio (4, 5) -> Peor solución (coste 3590) — no aceptada
Intercambio (1, 19) -> Peor solución (coste 3600) — no aceptada
Intercambio (6, 12) -> Peor solución (coste 3606) — no aceptada
Intercambio (10, 12) -> Nueva solución con coste 3604
Intercambio (4, 5) -> Nueva solución con coste 3600
Intercambio (1, 19) -> Nueva solución con coste 3590
Intercambio (6, 12) -> Nueva solución con coste 3578
Intercambio (6, 10) -> Peor solución (coste 3586) — no aceptada
Intercambio (4, 5) -> Peor solución (coste 3590) — no aceptada
Intercambio (1, 19) -> Peor solución (coste 3600) — no aceptada
Intercambio (6, 12) -> Peor solución (coste 3606) — no aceptada
Intercambio (10, 12) -> Nueva solución con coste 3604
Intercambio (4, 5) -> Nueva solución con coste 3600
Intercambio (1, 19) -> Nueva solución con coste 3590
Intercambio (6, 12) -> Nueva solución con coste 3578
Intercambio (6, 10) -> Peor solución (coste 3586) — no aceptada
Intercambio (4, 5) -> Peor solución (coste 3590) — no aceptada
Intercambio (1, 19) -> Peor solución (coste 3600) — no aceptada
Intercambio (6, 12) -> Peor solución (coste 3606) — no aceptada
Intercambio (10, 12) -> Nueva solución con coste 3604
Intercambio (4, 5) -> Nueva solución con coste 3600
Intercambio (1, 19) -> Nueva solución con coste 3590
Intercambio (6, 12) -> Nueva solución con coste 3578
Intercambio (6, 10) -> Peor solución (coste 3586) — no aceptada
Intercambio (4, 5) -> Peor solución (coste 3590) — no aceptada
Intercambio (1, 19) -> Peor solución (coste 3600) — no aceptada
Intercambio (6, 12) -> Peor solución (coste 3606) — no aceptada
Intercambio (10, 12) -> Nueva solución con coste 3604
Intercambio (4, 5) -> Nueva solución con coste 3600
Intercambio (1, 19) -> Nueva solución con coste 3590
Intercambio (6, 12) -> Nueva solución con coste 3578
Intercambio (6, 10) -> Peor solución (coste 3586) — no aceptada
Intercambio (4, 5) -> Peor solución (coste 3590) — no aceptada
Intercambio (1, 19) -> Peor solución (coste 3600) — no aceptada
Intercambio (6, 12) -> Peor solución (coste 3606) — no aceptada
Intercambio (10, 12) -> Nueva solución con coste 3604
Intercambio (4, 5) -> Nueva solución con coste 3590
Intercambio (12, 18) -> Nueva solución con coste 3588
Intercambio (1, 18) -> Peor solución (coste 3596) — no aceptada
Intercambio (18, 19) -> Peor solución (coste 3600) — no aceptada
Intercambio (1, 19) -> Nueva solución con coste 3596
Intercambio (4, 5) -> Peor solución (coste 3600) — no aceptada
Intercambio (1, 18) -> Peor solución (coste 3606) — no aceptada
Intercambio (18, 19) -> Nueva solución con coste 3602
Intercambio (1, 19) -> Nueva solución con coste 3592
Intercambio (4, 5) -> Nueva solución con coste 3588
Intercambio (12, 18) -> Peor solución (coste 3590) — no aceptada
Intercambio (6, 12) -> Nueva solución con coste 3578
Intercambio (6, 10) -> Peor solución (coste 3586) — no aceptada
Intercambio (4, 5) -> Peor solución (coste 3590) — no aceptada
Intercambio (1, 19) -> Peor solución (coste 3600) — no aceptada
Intercambio (6, 12) -> Peor solución (coste 3606) — no aceptada
Intercambio (10, 12) -> Nueva solución con coste 3604
Intercambio (4, 5) -> Nueva solución con coste 3600
Intercambio (1, 19) -> Nueva solución con coste 3590
Intercambio (6, 12) -> Nueva solución con coste 3578
Intercambio (6, 10) -> Peor solución (coste 3586) — no aceptada
Intercambio (4, 5) -> Peor solución (coste 3590) — no aceptada
Intercambio (1, 19) -> Peor solución (coste 3600) — no aceptada
Intercambio (6, 12) -> Peor solución (coste 3606) — no aceptada
Intercambio (10, 12) -> Nueva solución con coste 3604
Intercambio (4, 5) -> Nueva solución con coste 3600
Intercambio (1, 19) -> Nueva solución con coste 3590
Intercambio (6, 12) -> Nueva solución con coste 3578
Intercambio (6, 10) -> Peor solución (coste 3586) — no aceptada
Intercambio (4, 5) -> Peor solución (coste 3590) — no aceptada
Intercambio (1, 19) -> Peor solución (coste 3600) — no aceptada
Intercambio (6, 12) -> Peor solución (coste 3606) — no aceptada
Intercambio (10, 12) -> Nueva solución con coste 3604
Intercambio (4, 5) -> Nueva solución con coste 3600
Intercambio (1, 19) -> Nueva solución con coste 3590
Intercambio (6, 12) -> Nueva solución con coste 3578
Intercambio (6, 10) -> Peor solución (coste 3586) — no aceptada
Intercambio (4, 5) -> Peor solución (coste 3590) — no aceptada
Intercambio (1, 19) -> Peor solución (coste 3600) — no aceptada
Intercambio (6, 12) -> Peor solución (coste 3606) — no aceptada
Intercambio (10, 12) -> Nueva solución con coste 3604
Intercambio (4, 5) -> Nueva solución con coste 3600
Intercambio (1, 19) -> Nueva solución con coste 3590
Intercambio (6, 12) -> Nueva solución con coste 3578
Intercambio (6, 10) -> Peor solución (coste 3586) — no aceptada
Intercambio (4, 5) -> Peor solución (coste 3590) — no aceptada
Intercambio (1, 19) -> Peor solución (coste 3600) — no aceptada
Intercambio (6, 12) -> Peor solución (coste 3606) — no aceptada
Intercambio (10, 12) -> Nueva solución con coste 3604
Intercambio (4, 5) -> Nueva solución con coste 3600
Intercambio (1, 19) -> Nueva solución con coste 3590
Intercambio (6, 12) -> Nueva solución con coste 3582
Intercambio (6, 10) -> Peor solución (coste 3590) — no aceptada
Intercambio (4, 5) -> Nueva solución con coste 3586
Intercambio (1, 19) -> Peor solución (coste 3596) — no aceptada
Intercambio (6, 12) -> Peor solución (coste 3602) — no aceptada
Intercambio (10, 12) -> Nueva solución con coste 3600
Intercambio (12, 18) -> Nueva solución con coste 3598
Intercambio (1, 19) -> Nueva solución con coste 3588
Intercambio (4, 5) -> Peor solución (coste 3592) — no aceptada
Intercambio (1, 18) -> Peor solución (coste 3600) — no aceptada
Intercambio (18, 19) -> Peor solución (coste 3604) — no aceptada
Intercambio (1, 19) -> Nueva solución con coste 3600
Intercambio (4, 5) -> Nueva solución con coste 3596
Intercambio (1, 18) -> Peor solución (coste 3602) — no aceptada
Intercambio (18, 19) -> Nueva solución con coste 3598
Intercambio (1, 19) -> Nueva solución con coste 3588
Intercambio (12, 18) -> Peor solución (coste 3590) — no aceptada
Intercambio (6, 12) -> Nueva solución con coste 3578
Intercambio (4, 5) -> Peor solución (coste 3582) — no aceptada
Intercambio (6, 10) -> Peor solución (coste 3590) — no aceptada
Intercambio (1, 19) -> Peor solución (coste 3600) — no aceptada
Intercambio (6, 12) -> Peor solución (coste 3606) — no aceptada
Intercambio (4, 5) -> Nueva solución con coste 3602
Intercambio (10, 12) -> Nueva solución con coste 3600
Intercambio (1, 19) -> Nueva solución con coste 3590
Intercambio (6, 12) -> Nueva solución con coste 3578
Intercambio (4, 5) -> Peor solución (coste 3582) — no aceptada
Intercambio (6, 10) -> Peor solución (coste 3590) — no aceptada
Intercambio (1, 19) -> Peor solución (coste 3600) — no aceptada
Intercambio (6, 12) -> Peor solución (coste 3606) — no aceptada
Intercambio (4, 5) -> Nueva solución con coste 3602
Intercambio (10, 12) -> Nueva solución con coste 3600
Intercambio (1, 19) -> Nueva solución con coste 3590
Intercambio (6, 12) -> Nueva solución con coste 3578
Intercambio (4, 5) -> Peor solución (coste 3582) — no aceptada
Intercambio (6, 10) -> Peor solución (coste 3590) — no aceptada
Intercambio (1, 19) -> Peor solución (coste 3600) — no aceptada
Intercambio (6, 12) -> Peor solución (coste 3606) — no aceptada
Intercambio (4, 5) -> Nueva solución con coste 3602
Intercambio (10, 12) -> Nueva solución con coste 3600
Intercambio (1, 19) -> Nueva solución con coste 3590
Intercambio (6, 12) -> Nueva solución con coste 3578
Intercambio (4, 5) -> Peor solución (coste 3582) — no aceptada
Intercambio (6, 10) -> Peor solución (coste 3590) — no aceptada
Intercambio (1, 19) -> Peor solución (coste 3600) — no aceptada
Intercambio (6, 12) -> Peor solución (coste 3606) — no aceptada
Intercambio (4, 5) -> Nueva solución con coste 3602
Intercambio (10, 12) -> Nueva solución con coste 3600
Intercambio (1, 19) -> Nueva solución con coste 3590
Intercambio (6, 12) -> Nueva solución con coste 3578
Intercambio (4, 5) -> Peor solución (coste 3582) — no aceptada
Intercambio (3, 8) -> Peor solución (coste 3582) — no aceptada
Intercambio (6, 10) -> Peor solución (coste 3590) — no aceptada
Intercambio (6, 12) -> Peor solución (coste 3596) — no aceptada
Intercambio (4, 5) -> Nueva solución con coste 3592
Intercambio (10, 12) -> Nueva solución con coste 3590
Intercambio (12, 18) -> Nueva solución con coste 3588
Intercambio (1, 18) -> Peor solución (coste 3596) — no aceptada
Intercambio (4, 5) -> Peor solución (coste 3600) — no aceptada
Intercambio (18, 19) -> Peor solución (coste 3604) — no aceptada
Intercambio (1, 19) -> Nueva solución con coste 3600
Intercambio (1, 18) -> Peor solución (coste 3606) — no aceptada
Intercambio (4, 5) -> Nueva solución con coste 3602
Intercambio (18, 19) -> Nueva solución con coste 3598
Intercambio (1, 19) -> Nueva solución con coste 3588
Intercambio (12, 18) -> Peor solución (coste 3590) — no aceptada
Intercambio (6, 12) -> Nueva solución con coste 3578
Intercambio (4, 5) -> Peor solución (coste 3582) — no aceptada
Intercambio (6, 10) -> Peor solución (coste 3590) — no aceptada
Intercambio (1, 19) -> Peor solución (coste 3600) — no aceptada
Intercambio (6, 12) -> Peor solución (coste 3606) — no aceptada
Intercambio (4, 5) -> Nueva solución con coste 3602
Intercambio (10, 12) -> Nueva solución con coste 3600
Intercambio (1, 19) -> Nueva solución con coste 3590
Intercambio (6, 12) -> Nueva solución con coste 3578
Intercambio (4, 5) -> Peor solución (coste 3582) — no aceptada
Intercambio (6, 10) -> Peor solución (coste 3590) — no aceptada
Intercambio (1, 19) -> Peor solución (coste 3600) — no aceptada
Intercambio (6, 12) -> Peor solución (coste 3606) — no aceptada
Intercambio (4, 5) -> Nueva solución con coste 3602
Intercambio (10, 12) -> Nueva solución con coste 3600
Intercambio (1, 19) -> Nueva solución con coste 3590
Intercambio (6, 12) -> Nueva solución con coste 3578
Intercambio (4, 5) -> Peor solución (coste 3582) — no aceptada
Intercambio (6, 10) -> Peor solución (coste 3590) — no aceptada
Intercambio (1, 19) -> Peor solución (coste 3600) — no aceptada
Intercambio (6, 12) -> Peor solución (coste 3606) — no aceptada
Intercambio (4, 5) -> Nueva solución con coste 3602
Intercambio (10, 12) -> Nueva solución con coste 3600
Intercambio (1, 19) -> Nueva solución con coste 3590
Intercambio (6, 12) -> Nueva solución con coste 3578
Intercambio (4, 5) -> Peor solución (coste 3582) — no aceptada
Intercambio (6, 10) -> Peor solución (coste 3590) — no aceptada
Intercambio (1, 19) -> Peor solución (coste 3600) — no aceptada
Intercambio (6, 12) -> Peor solución (coste 3606) — no aceptada
Intercambio (4, 5) -> Nueva solución con coste 3602
Intercambio (10, 12) -> Nueva solución con coste 3600
Intercambio (1, 19) -> Nueva solución con coste 3590
Intercambio (6, 12) -> Nueva solución con coste 3578
Intercambio (4, 5) -> Peor solución (coste 3582) — no aceptada
Intercambio (6, 10) -> Peor solución (coste 3590) — no aceptada
Intercambio (1, 19) -> Peor solución (coste 3600) — no aceptada
Intercambio (3, 8) -> Peor solución (coste 3600) — no aceptada
Intercambio (4, 5) -> Nueva solución con coste 3596
Intercambio (6, 10) -> Nueva solución con coste 3588
Intercambio (1, 19) -> Nueva solución con coste 3578
Intercambio (10, 13) -> Peor solución (coste 3588) — no aceptada
Intercambio (4, 5) -> Peor solución (coste 3592) — no aceptada
Intercambio (6, 14) -> Peor solución (coste 3596) — no aceptada
Intercambio (15, 19) -> Peor solución (coste 3600) — no aceptada
Intercambio (1, 15) -> Peor solución (coste 3604) — no aceptada
Intercambio (4, 5) -> Nueva solución con coste 3600
Intercambio (6, 14) -> Nueva solución con coste 3596
Intercambio (6, 19) -> Nueva solución con coste 3594
Intercambio (15, 19) -> Nueva solución con coste 3590
Intercambio (1, 19) -> Peor solución (coste 3592) — no aceptada
Intercambio (6, 15) -> Nueva solución con coste 3588
Intercambio (10, 13) -> Nueva solución con coste 3578
Intercambio (4, 5) -> Peor solución (coste 3582) — no aceptada
Intercambio (6, 10) -> Peor solución (coste 3590) — no aceptada
Intercambio (6, 12) -> Peor solución (coste 3596) — no aceptada
Intercambio (10, 12) -> Nueva solución con coste 3594
Intercambio (4, 5) -> Nueva solución con coste 3590
Intercambio (12, 18) -> Nueva solución con coste 3588
Intercambio (1, 18) -> Peor solución (coste 3596) — no aceptada
Intercambio (18, 19) -> Peor solución (coste 3600) — no aceptada
Intercambio (1, 19) -> Nueva solución con coste 3596
Intercambio (4, 5) -> Peor solución (coste 3600) — no aceptada
Intercambio (1, 18) -> Peor solución (coste 3606) — no aceptada
Intercambio (18, 19) -> Nueva solución con coste 3602
Intercambio (1, 19) -> Nueva solución con coste 3592
Intercambio (4, 5) -> Nueva solución con coste 3588
Intercambio (12, 18) -> Peor solución (coste 3590) — no aceptada
Intercambio (6, 12) -> Nueva solución con coste 3578
Intercambio (6, 10) -> Peor solución (coste 3586) — no aceptada
Intercambio (4, 5) -> Peor solución (coste 3590) — no aceptada
Intercambio (1, 19) -> Peor solución (coste 3600) — no aceptada
Intercambio (6, 12) -> Peor solución (coste 3606) — no aceptada
Intercambio (10, 12) -> Nueva solución con coste 3604
Intercambio (4, 5) -> Nueva solución con coste 3600
Intercambio (1, 19) -> Nueva solución con coste 3590
Intercambio (6, 12) -> Nueva solución con coste 3578
Intercambio (6, 10) -> Peor solución (coste 3586) — no aceptada
Intercambio (4, 5) -> Peor solución (coste 3590) — no aceptada
Intercambio (1, 19) -> Peor solución (coste 3600) — no aceptada
Intercambio (6, 12) -> Peor solución (coste 3606) — no aceptada
Intercambio (10, 12) -> Nueva solución con coste 3604
Intercambio (4, 5) -> Nueva solución con coste 3600
Intercambio (1, 19) -> Nueva solución con coste 3590
Intercambio (6, 12) -> Nueva solución con coste 3578
Intercambio (6, 10) -> Peor solución (coste 3586) — no aceptada
Intercambio (4, 5) -> Peor solución (coste 3590) — no aceptada
Intercambio (1, 19) -> Peor solución (coste 3600) — no aceptada
Intercambio (6, 12) -> Nueva solución con coste 3596
Intercambio (10, 12) -> Nueva solución con coste 3594
Intercambio (4, 5) -> Nueva solución con coste 3590
Intercambio (12, 18) -> Nueva solución con coste 3588
Intercambio (1, 18) -> Peor solución (coste 3596) — no aceptada
Intercambio (18, 19) -> Peor solución (coste 3600) — no aceptada
Intercambio (1, 19) -> Nueva solución con coste 3596
Intercambio (4, 5) -> Peor solución (coste 3600) — no aceptada
Intercambio (1, 18) -> Peor solución (coste 3606) — no aceptada
Intercambio (18, 19) -> Nueva solución con coste 3602
Intercambio (1, 19) -> Nueva solución con coste 3592
Intercambio (4, 5) -> Nueva solución con coste 3588
Intercambio (12, 18) -> Peor solución (coste 3590) — no aceptada
Intercambio (6, 12) -> Nueva solución con coste 3578
Intercambio (6, 10) -> Peor solución (coste 3586) — no aceptada
Intercambio (4, 5) -> Peor solución (coste 3590) — no aceptada
Intercambio (1, 19) -> Peor solución (coste 3600) — no aceptada
Intercambio (6, 12) -> Peor solución (coste 3606) — no aceptada
Intercambio (10, 12) -> Nueva solución con coste 3604
Intercambio (4, 5) -> Nueva solución con coste 3600
Intercambio (1, 19) -> Nueva solución con coste 3590
Intercambio (6, 12) -> Nueva solución con coste 3578
Intercambio (6, 10) -> Peor solución (coste 3586) — no aceptada
Intercambio (4, 5) -> Peor solución (coste 3590) — no aceptada
Intercambio (1, 19) -> Peor solución (coste 3600) — no aceptada
Intercambio (6, 12) -> Peor solución (coste 3606) — no aceptada
Intercambio (10, 12) -> Nueva solución con coste 3604
Intercambio (4, 5) -> Nueva solución con coste 3600
Intercambio (1, 19) -> Nueva solución con coste 3590
Intercambio (6, 12) -> Nueva solución con coste 3578
Intercambio (6, 10) -> Peor solución (coste 3586) — no aceptada
Intercambio (4, 5) -> Peor solución (coste 3590) — no aceptada
Intercambio (1, 19) -> Peor solución (coste 3600) — no aceptada
Intercambio (6, 12) -> Peor solución (coste 3606) — no aceptada
Intercambio (10, 12) -> Nueva solución con coste 3604
Intercambio (4, 5) -> Nueva solución con coste 3600
Intercambio (1, 19) -> Nueva solución con coste 3590
Intercambio (6, 12) -> Nueva solución con coste 3578
Intercambio (6, 10) -> Peor solución (coste 3586) — no aceptada
Intercambio (4, 5) -> Peor solución (coste 3590) — no aceptada
Intercambio (1, 19) -> Peor solución (coste 3600) — no aceptada
Intercambio (6, 12) -> Peor solución (coste 3606) — no aceptada
Intercambio (10, 12) -> Nueva solución con coste 3604
Intercambio (4, 5) -> Nueva solución con coste 3600
Intercambio (1, 19) -> Nueva solución con coste 3590
Intercambio (6, 12) -> Nueva solución con coste 3578
Intercambio (6, 10) -> Peor solución (coste 3586) — no aceptada
Intercambio (4, 5) -> Peor solución (coste 3590) — no aceptada
Intercambio (1, 19) -> Peor solución (coste 3600) — no aceptada
Intercambio (6, 12) -> Peor solución (coste 3606) — no aceptada
Intercambio (10, 12) -> Nueva solución con coste 3604
Intercambio (4, 5) -> Nueva solución con coste 3590
Intercambio (12, 18) -> Nueva solución con coste 3588
Intercambio (1, 18) -> Peor solución (coste 3596) — no aceptada
Intercambio (18, 19) -> Peor solución (coste 3600) — no aceptada
Intercambio (1, 19) -> Nueva solución con coste 3596
Intercambio (4, 5) -> Peor solución (coste 3600) — no aceptada
Intercambio (1, 18) -> Peor solución (coste 3606) — no aceptada
Intercambio (18, 19) -> Nueva solución con coste 3602
Intercambio (1, 19) -> Nueva solución con coste 3592
Intercambio (4, 5) -> Nueva solución con coste 3588
Intercambio (12, 18) -> Peor solución (coste 3590) — no aceptada
Intercambio (6, 12) -> Nueva solución con coste 3578
Intercambio (6, 10) -> Peor solución (coste 3586) — no aceptada
Intercambio (4, 5) -> Peor solución (coste 3590) — no aceptada
Intercambio (1, 19) -> Peor solución (coste 3600) — no aceptada
Intercambio (6, 12) -> Peor solución (coste 3606) — no aceptada
Intercambio (10, 12) -> Nueva solución con coste 3604
Intercambio (4, 5) -> Nueva solución con coste 3600
Intercambio (1, 19) -> Nueva solución con coste 3590
Intercambio (6, 12) -> Nueva solución con coste 3578
Intercambio (6, 10) -> Peor solución (coste 3586) — no aceptada
Intercambio (4, 5) -> Peor solución (coste 3590) — no aceptada
Intercambio (1, 19) -> Peor solución (coste 3600) — no aceptada
Intercambio (6, 12) -> Peor solución (coste 3606) — no aceptada
Intercambio (10, 12) -> Nueva solución con coste 3604
Intercambio (4, 5) -> Nueva solución con coste 3600
Intercambio (1, 19) -> Nueva solución con coste 3590
Intercambio (6, 12) -> Nueva solución con coste 3578
Intercambio (6, 10) -> Peor solución (coste 3586) — no aceptada
Intercambio (4, 5) -> Peor solución (coste 3590) — no aceptada
Intercambio (1, 19) -> Peor solución (coste 3600) — no aceptada
Intercambio (6, 12) -> Peor solución (coste 3606) — no aceptada
Intercambio (10, 12) -> Nueva solución con coste 3604
Intercambio (4, 5) -> Nueva solución con coste 3600
Intercambio (1, 19) -> Nueva solución con coste 3590
Intercambio (6, 12) -> Nueva solución con coste 3578
Intercambio (6, 10) -> Peor solución (coste 3586) — no aceptada
Intercambio (4, 5) -> Peor solución (coste 3590) — no aceptada
Intercambio (1, 19) -> Peor solución (coste 3600) — no aceptada
Intercambio (6, 12) -> Peor solución (coste 3606) — no aceptada
Intercambio (10, 12) -> Nueva solución con coste 3604
Intercambio (4, 5) -> Nueva solución con coste 3600
Intercambio (1, 19) -> Nueva solución con coste 3590
Intercambio (6, 12) -> Nueva solución con coste 3578
Intercambio (6, 10) -> Peor solución (coste 3586) — no aceptada
Intercambio (4, 5) -> Peor solución (coste 3590) — no aceptada
Intercambio (1, 19) -> Peor solución (coste 3600) — no aceptada
Intercambio (6, 12) -> Peor solución (coste 3606) — no aceptada
Intercambio (10, 12) -> Nueva solución con coste 3604
Intercambio (4, 5) -> Nueva solución con coste 3600
Intercambio (1, 19) -> Nueva solución con coste 3590
Intercambio (6, 12) -> Nueva solución con coste 3578
Intercambio (6, 10) -> Peor solución (coste 3586) — no aceptada
Intercambio (4, 5) -> Peor solución (coste 3590) — no aceptada
Intercambio (1, 19) -> Peor solución (coste 3600) — no aceptada
Intercambio (6, 12) -> Peor solución (coste 3606) — no aceptada
Intercambio (10, 12) -> Nueva solución con coste 3604
Intercambio (4, 5) -> Nueva solución con coste 3600
Intercambio (1, 19) -> Nueva solución con coste 3590
Intercambio (6, 12) -> Nueva solución con coste 3578
Intercambio (6, 10) -> Peor solución (coste 3586) — no aceptada
Intercambio (4, 5) -> Peor solución (coste 3590) — no aceptada
Intercambio (1, 19) -> Peor solución (coste 3600) — no aceptada
Intercambio (6, 12) -> Peor solución (coste 3606) — no aceptada
Intercambio (10, 12) -> Nueva solución con coste 3604
Intercambio (4, 5) -> Nueva solución con coste 3600
Intercambio (1, 19) -> Nueva solución con coste 3590
Intercambio (6, 12) -> Nueva solución con coste 3578
Intercambio (6, 10) -> Peor solución (coste 3586) — no aceptada
Intercambio (4, 5) -> Peor solución (coste 3590) — no aceptada
Intercambio (1, 19) -> Peor solución (coste 3600) — no aceptada
Intercambio (6, 12) -> Peor solución (coste 3606) — no aceptada
Intercambio (10, 12) -> Nueva solución con coste 3604
Intercambio (4, 5) -> Nueva solución con coste 3600
Intercambio (1, 19) -> Nueva solución con coste 3590
Intercambio (6, 12) -> Nueva solución con coste 3578
Intercambio (6, 10) -> Peor solución (coste 3586) — no aceptada
Intercambio (4, 5) -> Peor solución (coste 3590) — no aceptada
Intercambio (1, 19) -> Peor solución (coste 3600) — no aceptada
Intercambio (6, 12) -> Peor solución (coste 3606) — no aceptada
Intercambio (10, 12) -> Nueva solución con coste 3604
Intercambio (4, 5) -> Nueva solución con coste 3600
Intercambio (1, 19) -> Nueva solución con coste 3590
Intercambio (6, 12) -> Nueva solución con coste 3578
Intercambio (6, 10) -> Peor solución (coste 3586) — no aceptada
Intercambio (4, 5) -> Peor solución (coste 3590) — no aceptada
Intercambio (1, 19) -> Peor solución (coste 3600) — no aceptada
Intercambio (6, 12) -> Peor solución (coste 3606) — no aceptada
Intercambio (10, 12) -> Nueva solución con coste 3604
Intercambio (4, 5) -> Nueva solución con coste 3600
Intercambio (1, 19) -> Nueva solución con coste 3590
Intercambio (6, 12) -> Nueva solución con coste 3578
Intercambio (6, 10) -> Peor solución (coste 3586) — no aceptada
Intercambio (4, 5) -> Peor solución (coste 3590) — no aceptada
Intercambio (1, 19) -> Peor solución (coste 3600) — no aceptada
Intercambio (6, 12) -> Peor solución (coste 3606) — no aceptada
Intercambio (10, 12) -> Nueva solución con coste 3604
Intercambio (4, 5) -> Nueva solución con coste 3600
Intercambio (1, 19) -> Nueva solución con coste 3590
Intercambio (6, 12) -> Nueva solución con coste 3578
Intercambio (6, 10) -> Peor solución (coste 3586) — no aceptada
Intercambio (4, 5) -> Peor solución (coste 3590) — no aceptada
Intercambio (1, 19) -> Peor solución (coste 3592) — no aceptada
Intercambio (6, 19) -> Peor solución (coste 3600) — no aceptada
Intercambio (1, 6) -> Peor solución (coste 3604) — no aceptada
Intercambio (3, 6) -> Nueva solución con coste 3600
Intercambio (3, 19) -> Nueva solución con coste 3596
Intercambio (4, 5) -> Nueva solución con coste 3592
Intercambio (3, 14) -> Peor solución (coste 3594) — no aceptada
Intercambio (10, 12) -> Peor solución (coste 3596) — no aceptada
Intercambio (10, 14) -> Peor solución (coste 3598) — no aceptada
Intercambio (4, 5) -> Peor solución (coste 3602) — no aceptada
Intercambio (4, 14) -> Peor solución (coste 3604) — no aceptada
Intercambio (3, 14) -> Nueva solución con coste 3600
Intercambio (10, 12) -> Nueva solución con coste 3598
Intercambio (12, 18) -> Nueva solución con coste 3596
Intercambio (3, 18) -> Peor solución (coste 3602) — no aceptada
Intercambio (3, 14) -> Peor solución (coste 3604) — no aceptada
Intercambio (14, 18) -> Nueva solución con coste 3600
Intercambio (5, 17) -> Nueva solución con coste 3596
Intercambio (12, 18) -> Peor solución (coste 3598) — no aceptada
Intercambio (10, 12) -> Peor solución (coste 3600) — no aceptada
Intercambio (7, 10) -> Nueva solución con coste 3596
Intercambio (4, 7) -> Peor solución (coste 3598) — no aceptada
Intercambio (3, 4) -> Nueva solución con coste 3596
Intercambio (3, 19) -> Peor solución (coste 3600) — no aceptada
Intercambio (3, 15) -> Peor solución (coste 3600) — no aceptada
Intercambio (15, 19) -> Peor solución (coste 3602) — no aceptada
Intercambio (3, 4) -> Peor solución (coste 3604) — no aceptada
Intercambio (0, 16) -> Nueva solución con coste 3588
Intercambio (7, 10) -> Peor solución (coste 3592) — no aceptada
Intercambio (5, 17) -> Peor solución (coste 3596) — no aceptada
Intercambio (3, 14) -> Nueva solución con coste 3592
Intercambio (10, 15) -> Peor solución (coste 3598) — no aceptada
Intercambio (10, 12) -> Nueva solución con coste 3596
Intercambio (10, 13) -> Nueva solución con coste 3594
Intercambio (12, 18) -> Peor solución (coste 3600) — no aceptada
Intercambio (3, 18) -> Peor solución (coste 3606) — no aceptada
Intercambio (14, 18) -> Peor solución (coste 3610) — no aceptada
Intercambio (3, 14) -> Nueva solución con coste 3608
Intercambio (12, 18) -> Nueva solución con coste 3606
Intercambio (12, 14) -> Nueva solución con coste 3594
Intercambio (10, 13) -> Peor solución (coste 3596) — no aceptada
Intercambio (10, 12) -> Peor solución (coste 3598) — no aceptada
Intercambio (10, 15) -> Nueva solución con coste 3592
Intercambio (3, 14) -> Peor solución (coste 3596) — no aceptada
Intercambio (5, 17) -> Nueva solución con coste 3592
Intercambio (7, 10) -> Nueva solución con coste 3588
Intercambio (7, 15) -> Peor solución (coste 3594) — no aceptada
Intercambio (7, 12) -> Peor solución (coste 3600) — no aceptada
Intercambio (12, 18) -> Peor solución (coste 3606) — no aceptada
Intercambio (7, 10) -> Nueva solución con coste 3602
Intercambio (5, 17) -> Peor solución (coste 3606) — no aceptada
Intercambio (4, 15) -> Nueva solución con coste 3600
Intercambio (3, 14) -> Nueva solución con coste 3596
Intercambio (12, 18) -> Peor solución (coste 3598) — no aceptada
Intercambio (10, 12) -> Peor solución (coste 3600) — no aceptada
Intercambio (4, 10) -> Peor solución (coste 3606) — no aceptada
Intercambio (3, 4) -> Nueva solución con coste 3598
Intercambio (4, 5) -> Nueva solución con coste 3594
Intercambio (10, 12) -> Nueva solución con coste 3592
Intercambio (3, 6) -> Nueva solución con coste 3578
Intercambio (6, 10) -> Peor solución (coste 3586) — no aceptada
Intercambio (4, 5) -> Peor solución (coste 3590) — no aceptada
Intercambio (6, 12) -> Peor solución (coste 3596) — no aceptada
Intercambio (10, 12) -> Nueva solución con coste 3594
Intercambio (12, 18) -> Nueva solución con coste 3592
Intercambio (4, 5) -> Nueva solución con coste 3588
Intercambio (1, 18) -> Peor solución (coste 3596) — no aceptada
Intercambio (18, 19) -> Peor solución (coste 3600) — no aceptada
Intercambio (1, 19) -> Nueva solución con coste 3596
Intercambio (4, 5) -> Peor solución (coste 3600) — no aceptada
Intercambio (1, 18) -> Peor solución (coste 3606) — no aceptada
Intercambio (18, 19) -> Nueva solución con coste 3602
Intercambio (1, 19) -> Nueva solución con coste 3592
Intercambio (4, 5) -> Nueva solución con coste 3588
Intercambio (12, 18) -> Peor solución (coste 3590) — no aceptada
Intercambio (6, 12) -> Nueva solución con coste 3578
Intercambio (6, 10) -> Peor solución (coste 3586) — no aceptada
Intercambio (4, 5) -> Peor solución (coste 3590) — no aceptada
Intercambio (1, 19) -> Peor solución (coste 3600) — no aceptada
Intercambio (6, 12) -> Peor solución (coste 3606) — no aceptada
Intercambio (10, 12) -> Nueva solución con coste 3604
Intercambio (4, 5) -> Nueva solución con coste 3600
Intercambio (1, 19) -> Nueva solución con coste 3590
Intercambio (6, 12) -> Nueva solución con coste 3578
Intercambio (6, 10) -> Peor solución (coste 3586) — no aceptada
Intercambio (4, 5) -> Peor solución (coste 3590) — no aceptada
Intercambio (1, 19) -> Peor solución (coste 3600) — no aceptada
Intercambio (6, 12) -> Peor solución (coste 3606) — no aceptada
Intercambio (10, 12) -> Nueva solución con coste 3604
Intercambio (4, 5) -> Nueva solución con coste 3600
Intercambio (1, 19) -> Nueva solución con coste 3590
Intercambio (6, 12) -> Nueva solución con coste 3578
Intercambio (6, 10) -> Peor solución (coste 3586) — no aceptada
Intercambio (4, 5) -> Peor solución (coste 3590) — no aceptada
Intercambio (1, 19) -> Peor solución (coste 3600) — no aceptada
Intercambio (6, 12) -> Peor solución (coste 3606) — no aceptada
Intercambio (10, 12) -> Nueva solución con coste 3604
Intercambio (4, 5) -> Nueva solución con coste 3600
Intercambio (1, 19) -> Nueva solución con coste 3590
Intercambio (6, 12) -> Nueva solución con coste 3578
Intercambio (6, 10) -> Peor solución (coste 3586) — no aceptada
Intercambio (4, 5) -> Peor solución (coste 3590) — no aceptada
Intercambio (1, 19) -> Peor solución (coste 3592) — no aceptada
Intercambio (6, 19) -> Peor solución (coste 3600) — no aceptada
Intercambio (1, 6) -> Peor solución (coste 3604) — no aceptada
Intercambio (3, 6) -> Nueva solución con coste 3600
Intercambio (3, 19) -> Nueva solución con coste 3596
Intercambio (4, 5) -> Nueva solución con coste 3592
Intercambio (3, 14) -> Peor solución (coste 3594) — no aceptada
Intercambio (10, 12) -> Peor solución (coste 3596) — no aceptada
Intercambio (10, 14) -> Peor solución (coste 3598) — no aceptada
Intercambio (4, 5) -> Peor solución (coste 3602) — no aceptada
Intercambio (4, 14) -> Peor solución (coste 3604) — no aceptada
Intercambio (3, 14) -> Nueva solución con coste 3600
Intercambio (10, 12) -> Nueva solución con coste 3598
Intercambio (12, 18) -> Nueva solución con coste 3596
Intercambio (3, 18) -> Peor solución (coste 3602) — no aceptada
Intercambio (3, 14) -> Peor solución (coste 3604) — no aceptada
Intercambio (14, 18) -> Nueva solución con coste 3600
Intercambio (5, 17) -> Nueva solución con coste 3596
Intercambio (12, 18) -> Peor solución (coste 3598) — no aceptada
Intercambio (10, 12) -> Peor solución (coste 3600) — no aceptada
Intercambio (7, 10) -> Nueva solución con coste 3596
Intercambio (4, 7) -> Peor solución (coste 3598) — no aceptada
Intercambio (3, 4) -> Nueva solución con coste 3596
Intercambio (3, 19) -> Peor solución (coste 3600) — no aceptada
Intercambio (3, 15) -> Peor solución (coste 3600) — no aceptada
Intercambio (15, 19) -> Peor solución (coste 3602) — no aceptada
Intercambio (3, 4) -> Peor solución (coste 3604) — no aceptada
Intercambio (0, 16) -> Nueva solución con coste 3588
Intercambio (7, 10) -> Peor solución (coste 3592) — no aceptada
Intercambio (5, 17) -> Peor solución (coste 3596) — no aceptada
Intercambio (3, 14) -> Nueva solución con coste 3592
Intercambio (10, 15) -> Peor solución (coste 3598) — no aceptada
Intercambio (10, 12) -> Nueva solución con coste 3596
Intercambio (10, 13) -> Nueva solución con coste 3594
Intercambio (12, 18) -> Peor solución (coste 3600) — no aceptada
Intercambio (3, 18) -> Peor solución (coste 3606) — no aceptada
Intercambio (14, 18) -> Peor solución (coste 3610) — no aceptada
Intercambio (3, 14) -> Nueva solución con coste 3608
Intercambio (12, 18) -> Nueva solución con coste 3606
Intercambio (12, 14) -> Nueva solución con coste 3594
Intercambio (10, 13) -> Peor solución (coste 3596) — no aceptada
Intercambio (10, 12) -> Peor solución (coste 3598) — no aceptada
Intercambio (10, 15) -> Nueva solución con coste 3592
Intercambio (3, 14) -> Peor solución (coste 3596) — no aceptada
Intercambio (5, 17) -> Nueva solución con coste 3592
Intercambio (7, 10) -> Nueva solución con coste 3588
Intercambio (7, 15) -> Peor solución (coste 3594) — no aceptada
Intercambio (7, 12) -> Peor solución (coste 3600) — no aceptada
Intercambio (12, 18) -> Peor solución (coste 3606) — no aceptada
Intercambio (7, 10) -> Nueva solución con coste 3602
Intercambio (5, 17) -> Peor solución (coste 3606) — no aceptada
Intercambio (8, 11) -> Peor solución (coste 3606) — no aceptada
Intercambio (12, 18) -> Nueva solución con coste 3600
Intercambio (3, 14) -> Nueva solución con coste 3596
Intercambio (10, 13) -> Nueva solución con coste 3594
Intercambio (12, 15) -> Peor solución (coste 3602) — no aceptada
Intercambio (10, 12) -> Nueva solución con coste 3598
Intercambio (12, 13) -> Nueva solución con coste 3592
Intercambio (3, 14) -> Peor solución (coste 3596) — no aceptada
Intercambio (5, 17) -> Nueva solución con coste 3592
Intercambio (7, 10) -> Nueva solución con coste 3588
Intercambio (7, 15) -> Peor solución (coste 3594) — no aceptada
Intercambio (7, 12) -> Peor solución (coste 3600) — no aceptada
Intercambio (12, 18) -> Peor solución (coste 3606) — no aceptada
Intercambio (7, 10) -> Nueva solución con coste 3602
Intercambio (5, 17) -> Peor solución (coste 3606) — no aceptada
Intercambio (3, 14) -> Nueva solución con coste 3602
Intercambio (12, 18) -> Nueva solución con coste 3596
Intercambio (10, 13) -> Nueva solución con coste 3594
Intercambio (12, 15) -> Peor solución (coste 3602) — no aceptada
Intercambio (10, 12) -> Nueva solución con coste 3598
Intercambio (12, 13) -> Nueva solución con coste 3592
Intercambio (3, 14) -> Peor solución (coste 3596) — no aceptada
Intercambio (5, 17) -> Nueva solución con coste 3592
Intercambio (7, 10) -> Nueva solución con coste 3588
Intercambio (7, 15) -> Peor solución (coste 3594) — no aceptada
Intercambio (7, 12) -> Peor solución (coste 3600) — no aceptada
Intercambio (12, 18) -> Peor solución (coste 3606) — no aceptada
Intercambio (7, 10) -> Nueva solución con coste 3602
Intercambio (5, 17) -> Peor solución (coste 3606) — no aceptada
Intercambio (3, 14) -> Nueva solución con coste 3602
Intercambio (12, 18) -> Nueva solución con coste 3596
Intercambio (10, 13) -> Nueva solución con coste 3594
Intercambio (12, 15) -> Peor solución (coste 3602) — no aceptada
Intercambio (10, 12) -> Nueva solución con coste 3598
Intercambio (12, 13) -> Nueva solución con coste 3592
Intercambio (3, 14) -> Peor solución (coste 3596) — no aceptada
Intercambio (5, 17) -> Nueva solución con coste 3592
Intercambio (7, 10) -> Nueva solución con coste 3588
Intercambio (7, 15) -> Peor solución (coste 3594) — no aceptada
Intercambio (7, 12) -> Peor solución (coste 3600) — no aceptada
Intercambio (12, 18) -> Peor solución (coste 3606) — no aceptada
Intercambio (7, 10) -> Nueva solución con coste 3602
Intercambio (5, 17) -> Peor solución (coste 3606) — no aceptada
Intercambio (3, 14) -> Nueva solución con coste 3602
Intercambio (12, 18) -> Nueva solución con coste 3596
Intercambio (10, 13) -> Nueva solución con coste 3594
Intercambio (12, 15) -> Peor solución (coste 3602) — no aceptada
Intercambio (10, 12) -> Nueva solución con coste 3598
Intercambio (12, 13) -> Nueva solución con coste 3592
Intercambio (3, 14) -> Peor solución (coste 3596) — no aceptada
Intercambio (5, 17) -> Nueva solución con coste 3592
Intercambio (0, 16) -> Peor solución (coste 3592) — no aceptada
Intercambio (7, 10) -> Nueva solución con coste 3588
Intercambio (7, 15) -> Peor solución (coste 3594) — no aceptada
Intercambio (7, 12) -> Peor solución (coste 3600) — no aceptada
Intercambio (12, 18) -> Peor solución (coste 3606) — no aceptada
Intercambio (7, 10) -> Nueva solución con coste 3602
Intercambio (5, 17) -> Peor solución (coste 3606) — no aceptada
Intercambio (3, 14) -> Nueva solución con coste 3602
Intercambio (12, 18) -> Nueva solución con coste 3596
Intercambio (10, 13) -> Nueva solución con coste 3594
Intercambio (12, 15) -> Peor solución (coste 3602) — no aceptada
Intercambio (10, 12) -> Nueva solución con coste 3598
Intercambio (12, 13) -> Nueva solución con coste 3592
Intercambio (3, 14) -> Peor solución (coste 3596) — no aceptada
Intercambio (5, 17) -> Nueva solución con coste 3592
Intercambio (7, 10) -> Nueva solución con coste 3588
Intercambio (7, 15) -> Peor solución (coste 3594) — no aceptada
Intercambio (7, 12) -> Peor solución (coste 3600) — no aceptada
Intercambio (12, 18) -> Peor solución (coste 3606) — no aceptada
Intercambio (7, 10) -> Nueva solución con coste 3602
Intercambio (5, 17) -> Peor solución (coste 3606) — no aceptada
Intercambio (3, 14) -> Nueva solución con coste 3602
Intercambio (12, 18) -> Nueva solución con coste 3596
Intercambio (10, 13) -> Nueva solución con coste 3594
Intercambio (12, 15) -> Peor solución (coste 3602) — no aceptada
Intercambio (10, 12) -> Nueva solución con coste 3598
Intercambio (12, 13) -> Nueva solución con coste 3592
Intercambio (3, 14) -> Peor solución (coste 3596) — no aceptada
Intercambio (5, 17) -> Nueva solución con coste 3592
Intercambio (7, 10) -> Nueva solución con coste 3588
Intercambio (7, 15) -> Peor solución (coste 3594) — no aceptada
Intercambio (7, 12) -> Peor solución (coste 3600) — no aceptada
Intercambio (12, 18) -> Peor solución (coste 3606) — no aceptada
Intercambio (7, 10) -> Nueva solución con coste 3602
Intercambio (5, 17) -> Peor solución (coste 3606) — no aceptada
Intercambio (3, 14) -> Nueva solución con coste 3602
Intercambio (12, 18) -> Nueva solución con coste 3596
Intercambio (10, 13) -> Nueva solución con coste 3594
Intercambio (12, 15) -> Peor solución (coste 3602) — no aceptada
Intercambio (10, 12) -> Nueva solución con coste 3598
Intercambio (12, 13) -> Nueva solución con coste 3592
Intercambio (3, 14) -> Peor solución (coste 3596) — no aceptada
Intercambio (5, 17) -> Nueva solución con coste 3592
Intercambio (7, 10) -> Nueva solución con coste 3588
Intercambio (7, 15) -> Peor solución (coste 3594) — no aceptada
Intercambio (7, 12) -> Peor solución (coste 3600) — no aceptada
Intercambio (12, 18) -> Peor solución (coste 3606) — no aceptada
Intercambio (7, 10) -> Nueva solución con coste 3602
Intercambio (5, 17) -> Peor solución (coste 3606) — no aceptada
Intercambio (3, 14) -> Nueva solución con coste 3602
Intercambio (12, 18) -> Nueva solución con coste 3596
Intercambio (0, 16) -> Peor solución (coste 3596) — no aceptada
Intercambio (10, 13) -> Nueva solución con coste 3594
Intercambio (12, 15) -> Peor solución (coste 3602) — no aceptada
Intercambio (10, 12) -> Nueva solución con coste 3598
Intercambio (12, 13) -> Nueva solución con coste 3592
Intercambio (3, 14) -> Peor solución (coste 3596) — no aceptada
Intercambio (5, 17) -> Nueva solución con coste 3592
Intercambio (7, 10) -> Nueva solución con coste 3588
Intercambio (7, 15) -> Peor solución (coste 3594) — no aceptada
Intercambio (7, 12) -> Peor solución (coste 3600) — no aceptada
Intercambio (12, 18) -> Peor solución (coste 3606) — no aceptada
Intercambio (7, 10) -> Nueva solución con coste 3602
Intercambio (5, 17) -> Peor solución (coste 3606) — no aceptada
Intercambio (3, 14) -> Nueva solución con coste 3602
Intercambio (12, 18) -> Nueva solución con coste 3596
Intercambio (10, 13) -> Nueva solución con coste 3594
Intercambio (12, 15) -> Peor solución (coste 3602) — no aceptada
Intercambio (10, 12) -> Nueva solución con coste 3598
Intercambio (12, 13) -> Nueva solución con coste 3592
Intercambio (3, 14) -> Peor solución (coste 3596) — no aceptada
Intercambio (5, 17) -> Nueva solución con coste 3592
Intercambio (7, 10) -> Nueva solución con coste 3588
Intercambio (7, 15) -> Peor solución (coste 3594) — no aceptada
Intercambio (7, 12) -> Peor solución (coste 3600) — no aceptada
Intercambio (12, 18) -> Peor solución (coste 3606) — no aceptada
Intercambio (7, 10) -> Nueva solución con coste 3602
Intercambio (5, 17) -> Peor solución (coste 3606) — no aceptada
Intercambio (3, 14) -> Nueva solución con coste 3602
Intercambio (12, 18) -> Nueva solución con coste 3596
Intercambio (10, 13) -> Nueva solución con coste 3594
Intercambio (12, 15) -> Peor solución (coste 3602) — no aceptada
Intercambio (10, 12) -> Nueva solución con coste 3598
Intercambio (12, 13) -> Nueva solución con coste 3592
Intercambio (3, 14) -> Peor solución (coste 3596) — no aceptada
Intercambio (5, 17) -> Nueva solución con coste 3592
Intercambio (7, 10) -> Nueva solución con coste 3588
Intercambio (7, 15) -> Peor solución (coste 3594) — no aceptada
Intercambio (7, 12) -> Peor solución (coste 3600) — no aceptada
Intercambio (12, 18) -> Peor solución (coste 3606) — no aceptada
Intercambio (7, 10) -> Nueva solución con coste 3602
Intercambio (5, 17) -> Peor solución (coste 3606) — no aceptada
Intercambio (3, 14) -> Nueva solución con coste 3602
Intercambio (12, 18) -> Nueva solución con coste 3596
Intercambio (10, 13) -> Nueva solución con coste 3594
Intercambio (12, 15) -> Peor solución (coste 3602) — no aceptada
Intercambio (10, 12) -> Nueva solución con coste 3598
Intercambio (12, 13) -> Nueva solución con coste 3592
Intercambio (3, 14) -> Peor solución (coste 3596) — no aceptada
Intercambio (5, 17) -> Nueva solución con coste 3592
Intercambio (7, 10) -> Nueva solución con coste 3588
Intercambio (7, 15) -> Peor solución (coste 3594) — no aceptada
Intercambio (8, 11) -> Peor solución (coste 3594) — no aceptada
Intercambio (7, 12) -> Peor solución (coste 3600) — no aceptada
Intercambio (7, 10) -> Nueva solución con coste 3596
Intercambio (10, 12) -> Peor solución (coste 3598) — no aceptada
Intercambio (10, 15) -> Nueva solución con coste 3592
Intercambio (5, 17) -> Peor solución (coste 3596) — no aceptada
Intercambio (3, 14) -> Nueva solución con coste 3592
Intercambio (12, 13) -> Peor solución (coste 3598) — no aceptada
Intercambio (3, 4) -> Peor solución (coste 3600) — no aceptada
Intercambio (4, 5) -> Nueva solución con coste 3596
Intercambio (0, 16) -> Nueva solución con coste 3594
Intercambio (15, 19) -> Nueva solución con coste 3592
Intercambio (10, 19) -> Peor solución (coste 3594) — no aceptada
Intercambio (4, 5) -> Peor solución (coste 3598) — no aceptada
Intercambio (0, 16) -> Peor solución (coste 3604) — no aceptada
Intercambio (15, 19) -> Peor solución (coste 3606) — no aceptada
Intercambio (10, 15) -> Nueva solución con coste 3600
Intercambio (4, 5) -> Nueva solución con coste 3596
Intercambio (0, 16) -> Nueva solución con coste 3594
Intercambio (15, 19) -> Nueva solución con coste 3592
Intercambio (10, 19) -> Peor solución (coste 3594) — no aceptada
Intercambio (4, 5) -> Peor solución (coste 3598) — no aceptada
Intercambio (0, 16) -> Peor solución (coste 3604) — no aceptada
Intercambio (15, 19) -> Peor solución (coste 3606) — no aceptada
Intercambio (10, 15) -> Nueva solución con coste 3600
Intercambio (4, 5) -> Nueva solución con coste 3596
Intercambio (0, 16) -> Nueva solución con coste 3594
Intercambio (15, 19) -> Nueva solución con coste 3592
Intercambio (10, 19) -> Peor solución (coste 3594) — no aceptada
Intercambio (4, 5) -> Peor solución (coste 3598) — no aceptada
Intercambio (0, 16) -> Peor solución (coste 3604) — no aceptada
Intercambio (15, 19) -> Peor solución (coste 3606) — no aceptada
Intercambio (10, 15) -> Nueva solución con coste 3600
Intercambio (4, 5) -> Nueva solución con coste 3596
Intercambio (0, 16) -> Nueva solución con coste 3594
Intercambio (15, 19) -> Nueva solución con coste 3592
Intercambio (10, 19) -> Peor solución (coste 3594) — no aceptada
Intercambio (4, 5) -> Peor solución (coste 3598) — no aceptada
Intercambio (0, 16) -> Peor solución (coste 3604) — no aceptada
Intercambio (15, 19) -> Peor solución (coste 3606) — no aceptada
Intercambio (10, 15) -> Nueva solución con coste 3600
Intercambio (4, 5) -> Nueva solución con coste 3596
Intercambio (0, 16) -> Nueva solución con coste 3594
Intercambio (15, 19) -> Nueva solución con coste 3592
Intercambio (10, 19) -> Peor solución (coste 3594) — no aceptada
Intercambio (4, 5) -> Peor solución (coste 3598) — no aceptada
Intercambio (0, 16) -> Peor solución (coste 3604) — no aceptada
Intercambio (15, 19) -> Peor solución (coste 3606) — no aceptada
Intercambio (10, 15) -> Nueva solución con coste 3600
Intercambio (4, 5) -> Nueva solución con coste 3596
Intercambio (0, 16) -> Nueva solución con coste 3594
Intercambio (8, 11) -> Peor solución (coste 3594) — no aceptada
Intercambio (15, 19) -> Nueva solución con coste 3592
Intercambio (10, 19) -> Peor solución (coste 3594) — no aceptada
Intercambio (4, 5) -> Peor solución (coste 3598) — no aceptada
Intercambio (0, 16) -> Peor solución (coste 3604) — no aceptada
Intercambio (15, 19) -> Peor solución (coste 3606) — no aceptada
Intercambio (10, 15) -> Nueva solución con coste 3600
Intercambio (4, 5) -> Nueva solución con coste 3596
Intercambio (0, 16) -> Nueva solución con coste 3594
Intercambio (15, 19) -> Nueva solución con coste 3592
Intercambio (10, 19) -> Peor solución (coste 3594) — no aceptada
Intercambio (4, 5) -> Peor solución (coste 3598) — no aceptada
Intercambio (0, 16) -> Peor solución (coste 3604) — no aceptada
Intercambio (15, 19) -> Peor solución (coste 3606) — no aceptada
Intercambio (10, 15) -> Nueva solución con coste 3600
Intercambio (4, 5) -> Nueva solución con coste 3596
Intercambio (0, 16) -> Nueva solución con coste 3594
Intercambio (15, 19) -> Nueva solución con coste 3592
Intercambio (10, 19) -> Peor solución (coste 3594) — no aceptada
Intercambio (4, 5) -> Peor solución (coste 3598) — no aceptada
Intercambio (0, 16) -> Peor solución (coste 3604) — no aceptada
Intercambio (15, 19) -> Peor solución (coste 3606) — no aceptada
Intercambio (10, 15) -> Nueva solución con coste 3600
Intercambio (4, 5) -> Nueva solución con coste 3596
Intercambio (0, 16) -> Nueva solución con coste 3594
Intercambio (15, 19) -> Nueva solución con coste 3592
Intercambio (10, 19) -> Peor solución (coste 3594) — no aceptada
Intercambio (4, 5) -> Peor solución (coste 3598) — no aceptada
Intercambio (0, 16) -> Peor solución (coste 3604) — no aceptada
Intercambio (15, 19) -> Peor solución (coste 3606) — no aceptada
Intercambio (10, 15) -> Nueva solución con coste 3600
Intercambio (4, 5) -> Nueva solución con coste 3596
Intercambio (0, 16) -> Nueva solución con coste 3594
Intercambio (15, 19) -> Nueva solución con coste 3592
Intercambio (10, 19) -> Peor solución (coste 3594) — no aceptada
Intercambio (4, 5) -> Peor solución (coste 3598) — no aceptada
Intercambio (0, 16) -> Peor solución (coste 3604) — no aceptada
Intercambio (15, 19) -> Peor solución (coste 3606) — no aceptada
Intercambio (10, 15) -> Nueva solución con coste 3600
Intercambio (4, 5) -> Nueva solución con coste 3596
Intercambio (0, 16) -> Nueva solución con coste 3594
Intercambio (15, 19) -> Nueva solución con coste 3592
Intercambio (10, 19) -> Peor solución (coste 3594) — no aceptada
Intercambio (4, 5) -> Peor solución (coste 3598) — no aceptada
Intercambio (0, 16) -> Peor solución (coste 3604) — no aceptada
Intercambio (15, 19) -> Peor solución (coste 3606) — no aceptada
Intercambio (10, 15) -> Nueva solución con coste 3600
Intercambio (4, 5) -> Nueva solución con coste 3596
Intercambio (0, 16) -> Nueva solución con coste 3594
Intercambio (15, 19) -> Nueva solución con coste 3592
Intercambio (10, 19) -> Peor solución (coste 3594) — no aceptada
Intercambio (8, 11) -> Peor solución (coste 3594) — no aceptada
Intercambio (4, 5) -> Peor solución (coste 3598) — no aceptada
Intercambio (0, 16) -> Peor solución (coste 3604) — no aceptada
Intercambio (10, 19) -> Nueva solución con coste 3598
Intercambio (15, 19) -> Peor solución (coste 3600) — no aceptada
Intercambio (4, 5) -> Nueva solución con coste 3596
Intercambio (0, 16) -> Nueva solución con coste 3594
Intercambio (15, 16) -> Peor solución (coste 3598) — no aceptada
Intercambio (0, 13) -> Nueva solución con coste 3592
Intercambio (4, 5) -> Peor solución (coste 3596) — no aceptada
Intercambio (3, 15) -> Peor solución (coste 3604) — no aceptada
Intercambio (12, 18) -> Peor solución (coste 3608) — no aceptada
Intercambio (0, 18) -> Nueva solución con coste 3600
Intercambio (14, 16) -> Nueva solución con coste 3594
Intercambio (4, 5) -> Nueva solución con coste 3590
Intercambio (14, 18) -> Peor solución (coste 3596) — no aceptada
Intercambio (1, 18) -> Peor solución (coste 3604) — no aceptada
Intercambio (18, 19) -> Peor solución (coste 3608) — no aceptada
Intercambio (1, 19) -> Nueva solución con coste 3604
Intercambio (14, 18) -> Nueva solución con coste 3602
Intercambio (14, 19) -> Nueva solución con coste 3590
Intercambio (4, 5) -> Peor solución (coste 3594) — no aceptada
Intercambio (4, 18) -> Peor solución (coste 3600) — no aceptada
Intercambio (14, 18) -> Nueva solución con coste 3596
Intercambio (4, 14) -> Peor solución (coste 3600) — no aceptada
Intercambio (4, 5) -> Nueva solución con coste 3596
Intercambio (1, 18) -> Peor solución (coste 3604) — no aceptada
Intercambio (14, 18) -> Peor solución (coste 3606) — no aceptada
Intercambio (1, 14) -> Nueva solución con coste 3590
Intercambio (4, 5) -> Peor solución (coste 3594) — no aceptada
Intercambio (4, 18) -> Peor solución (coste 3600) — no aceptada
Intercambio (14, 18) -> Nueva solución con coste 3596
Intercambio (4, 14) -> Peor solución (coste 3600) — no aceptada
Intercambio (4, 5) -> Nueva solución con coste 3596
Intercambio (1, 18) -> Peor solución (coste 3604) — no aceptada
Intercambio (14, 18) -> Peor solución (coste 3606) — no aceptada
Intercambio (1, 14) -> Nueva solución con coste 3590
Intercambio (4, 5) -> Peor solución (coste 3594) — no aceptada
Intercambio (4, 18) -> Peor solución (coste 3600) — no aceptada
Intercambio (14, 18) -> Nueva solución con coste 3596
Intercambio (4, 14) -> Peor solución (coste 3600) — no aceptada
Intercambio (4, 5) -> Nueva solución con coste 3596
Intercambio (1, 18) -> Peor solución (coste 3604) — no aceptada
Intercambio (14, 18) -> Peor solución (coste 3606) — no aceptada
Intercambio (1, 14) -> Nueva solución con coste 3590
Intercambio (4, 5) -> Peor solución (coste 3594) — no aceptada
Intercambio (4, 18) -> Peor solución (coste 3600) — no aceptada
Intercambio (14, 18) -> Nueva solución con coste 3596
Intercambio (4, 14) -> Peor solución (coste 3600) — no aceptada
Intercambio (4, 5) -> Nueva solución con coste 3596
Intercambio (1, 18) -> Peor solución (coste 3604) — no aceptada
Intercambio (8, 11) -> Peor solución (coste 3604) — no aceptada
Intercambio (14, 18) -> Peor solución (coste 3606) — no aceptada
Intercambio (1, 14) -> Nueva solución con coste 3590
Intercambio (4, 5) -> Peor solución (coste 3594) — no aceptada
Intercambio (4, 18) -> Peor solución (coste 3600) — no aceptada
Intercambio (14, 18) -> Nueva solución con coste 3596
Intercambio (4, 14) -> Peor solución (coste 3600) — no aceptada
Intercambio (4, 5) -> Nueva solución con coste 3596
Intercambio (1, 18) -> Peor solución (coste 3604) — no aceptada
Intercambio (14, 18) -> Peor solución (coste 3606) — no aceptada
Intercambio (1, 14) -> Nueva solución con coste 3590

Solución final
--------------
[12, 15, 4, 17, 18, 10, 0, 7, 6, 2, 9, 5, 19, 8, 16, 13, 1, 3, 11, 14]
Coste final: 3830
Duración: 0.103 segundos
