========================================
 RESUMEN DE EJECUCIÓN 
========================================
Algoritmo:      Memetico
Archivo:        ford04.dat
Semilla:        77645037
----------------------------------------
Población:      100
kBest:          2
kWorst:         3
Elite:          1
Cruce:          OX2
----------------------------------------
PARAMETROS MEMÉTICO (BT):
Evaluaciones BT: 5000 evaluaciones
Iteraciones BT: 50 iteraciones (Profundidad)
----------------------------------------
RESULTADOS FINALES:
Evaluaciones Max: 10000
Generaciones:     8877
Tiempo (ms):    147
Costo Final:    177828
Solución:       [26, 21, 2, 3, 8, 14, 4, 18, 9, 6, 13, 25, 0, 1, 11, 23, 16, 27, 29, 19, 28, 10, 7, 12, 20, 5, 24, 22, 15, 17]
========================================
