Parámetros del algoritmo
------------------------
Algoritmo: BusquedaTabu
Dataset: ford01.dat
Semilla: 40753067

Solución inicial y su coste
---------------------------
[10, 17, 19, 7, 14, 13, 1, 3, 11, 6, 5, 15, 8, 18, 2, 9, 0, 12, 4, 16]
Coste: 3644

Evolución de la búsqueda
------------------------
Intercambio (6, 9) -> Nueva solución con coste 3822
Intercambio (8, 12) -> Nueva solución con coste 3766
Intercambio (10, 14) -> Nueva solución con coste 3728
Intercambio (0, 18) -> Nueva solución con coste 3696
Intercambio (13, 15) -> Nueva solución con coste 3682
Intercambio (2, 13) -> Nueva solución con coste 3670
Intercambio (17, 19) -> Nueva solución con coste 3664
Intercambio (8, 17) -> Nueva solución con coste 3652
Intercambio (4, 5) -> Nueva solución con coste 3650
Intercambio (10, 11) -> Nueva solución con coste 3644
Intercambio (5, 9) -> Peor solución (coste 3644) — no aceptada
Intercambio (5, 9) -> Peor solución (coste 3644) — no aceptada
Intercambio (5, 9) -> Peor solución (coste 3644) — no aceptada
Intercambio (5, 9) -> Peor solución (coste 3644) — no aceptada
Intercambio (5, 9) -> Peor solución (coste 3644) — no aceptada
Intercambio (5, 9) -> Peor solución (coste 3644) — no aceptada
Intercambio (5, 9) -> Peor solución (coste 3644) — no aceptada
Intercambio (5, 9) -> Peor solución (coste 3644) — no aceptada
Intercambio (5, 9) -> Peor solución (coste 3644) — no aceptada
Intercambio (5, 9) -> Peor solución (coste 3644) — no aceptada
Intercambio (5, 9) -> Peor solución (coste 3644) — no aceptada
Intercambio (5, 9) -> Peor solución (coste 3644) — no aceptada
Intercambio (5, 9) -> Peor solución (coste 3644) — no aceptada
Intercambio (5, 9) -> Peor solución (coste 3644) — no aceptada
Intercambio (5, 9) -> Peor solución (coste 3644) — no aceptada
Intercambio (5, 9) -> Peor solución (coste 3644) — no aceptada
Intercambio (5, 9) -> Peor solución (coste 3644) — no aceptada
Intercambio (5, 9) -> Peor solución (coste 3644) — no aceptada
Intercambio (5, 9) -> Peor solución (coste 3644) — no aceptada
Intercambio (5, 9) -> Peor solución (coste 3644) — no aceptada
Intercambio (5, 9) -> Peor solución (coste 3644) — no aceptada
Intercambio (5, 9) -> Peor solución (coste 3644) — no aceptada
Intercambio (5, 9) -> Peor solución (coste 3644) — no aceptada
Intercambio (5, 9) -> Peor solución (coste 3644) — no aceptada
Intercambio (5, 9) -> Peor solución (coste 3644) — no aceptada
Intercambio (5, 9) -> Peor solución (coste 3644) — no aceptada
Intercambio (5, 9) -> Peor solución (coste 3644) — no aceptada
Intercambio (5, 9) -> Peor solución (coste 3644) — no aceptada
Intercambio (5, 9) -> Peor solución (coste 3644) — no aceptada
Intercambio (5, 9) -> Peor solución (coste 3644) — no aceptada
Intercambio (5, 9) -> Peor solución (coste 3644) — no aceptada
Intercambio (5, 9) -> Peor solución (coste 3644) — no aceptada
Intercambio (5, 9) -> Peor solución (coste 3644) — no aceptada
Intercambio (5, 9) -> Peor solución (coste 3644) — no aceptada
Intercambio (5, 9) -> Peor solución (coste 3644) — no aceptada
Intercambio (5, 9) -> Peor solución (coste 3644) — no aceptada
Intercambio (5, 9) -> Peor solución (coste 3644) — no aceptada
Intercambio (5, 9) -> Peor solución (coste 3644) — no aceptada
Intercambio (5, 9) -> Peor solución (coste 3644) — no aceptada
Intercambio (5, 9) -> Peor solución (coste 3644) — no aceptada
Intercambio (5, 9) -> Peor solución (coste 3644) — no aceptada
Intercambio (5, 9) -> Peor solución (coste 3644) — no aceptada
Intercambio (5, 9) -> Peor solución (coste 3644) — no aceptada
Intercambio (5, 9) -> Peor solución (coste 3644) — no aceptada
Intercambio (5, 9) -> Peor solución (coste 3644) — no aceptada
Intercambio (5, 9) -> Peor solución (coste 3644) — no aceptada
Intercambio (5, 9) -> Peor solución (coste 3644) — no aceptada
Intercambio (5, 9) -> Peor solución (coste 3644) — no aceptada
Intercambio (5, 9) -> Peor solución (coste 3644) — no aceptada
Intercambio (5, 9) -> Peor solución (coste 3644) — no aceptada
Intercambio (5, 9) -> Peor solución (coste 3644) — no aceptada
Intercambio (5, 9) -> Peor solución (coste 3644) — no aceptada
Intercambio (5, 9) -> Peor solución (coste 3644) — no aceptada
Intercambio (5, 9) -> Peor solución (coste 3644) — no aceptada
Intercambio (5, 9) -> Peor solución (coste 3644) — no aceptada
Intercambio (5, 9) -> Peor solución (coste 3644) — no aceptada
Intercambio (5, 9) -> Peor solución (coste 3644) — no aceptada
Intercambio (5, 9) -> Peor solución (coste 3644) — no aceptada
Intercambio (5, 9) -> Peor solución (coste 3644) — no aceptada
Intercambio (5, 9) -> Peor solución (coste 3644) — no aceptada
Intercambio (5, 9) -> Peor solución (coste 3644) — no aceptada
Intercambio (5, 9) -> Peor solución (coste 3644) — no aceptada
Intercambio (5, 9) -> Peor solución (coste 3644) — no aceptada
Intercambio (5, 9) -> Peor solución (coste 3644) — no aceptada
Intercambio (5, 9) -> Peor solución (coste 3644) — no aceptada
Intercambio (5, 9) -> Peor solución (coste 3644) — no aceptada
Intercambio (5, 9) -> Peor solución (coste 3644) — no aceptada
Intercambio (5, 9) -> Peor solución (coste 3644) — no aceptada
Intercambio (5, 9) -> Peor solución (coste 3644) — no aceptada
Intercambio (5, 9) -> Peor solución (coste 3644) — no aceptada
Intercambio (5, 9) -> Peor solución (coste 3644) — no aceptada
Intercambio (5, 9) -> Peor solución (coste 3644) — no aceptada
Intercambio (5, 9) -> Peor solución (coste 3644) — no aceptada
Intercambio (5, 9) -> Peor solución (coste 3644) — no aceptada
Intercambio (5, 9) -> Peor solución (coste 3644) — no aceptada
Intercambio (5, 9) -> Peor solución (coste 3644) — no aceptada
Intercambio (5, 9) -> Peor solución (coste 3644) — no aceptada
Intercambio (5, 9) -> Peor solución (coste 3644) — no aceptada
Intercambio (5, 9) -> Peor solución (coste 3644) — no aceptada
Intercambio (5, 9) -> Peor solución (coste 3644) — no aceptada
Intercambio (5, 9) -> Peor solución (coste 3644) — no aceptada
Intercambio (5, 9) -> Peor solución (coste 3644) — no aceptada
Intercambio (5, 9) -> Peor solución (coste 3644) — no aceptada
Intercambio (5, 9) -> Peor solución (coste 3644) — no aceptada
Intercambio (5, 9) -> Peor solución (coste 3644) — no aceptada
Intercambio (5, 9) -> Peor solución (coste 3644) — no aceptada
Intercambio (5, 9) -> Peor solución (coste 3644) — no aceptada
Intercambio (5, 9) -> Peor solución (coste 3644) — no aceptada
Intercambio (5, 9) -> Peor solución (coste 3644) — no aceptada
Intercambio (5, 9) -> Peor solución (coste 3644) — no aceptada
Intercambio (5, 9) -> Peor solución (coste 3644) — no aceptada
Intercambio (5, 9) -> Peor solución (coste 3644) — no aceptada
Intercambio (5, 9) -> Peor solución (coste 3644) — no aceptada
Intercambio (5, 9) -> Peor solución (coste 3644) — no aceptada
Intercambio (5, 9) -> Peor solución (coste 3644) — no aceptada
Intercambio (5, 9) -> Peor solución (coste 3644) — no aceptada
Intercambio (5, 9) -> Peor solución (coste 3644) — no aceptada
Intercambio (5, 9) -> Peor solución (coste 3644) — no aceptada
Intercambio (5, 9) -> Peor solución (coste 3644) — no aceptada
Intercambio (5, 9) -> Peor solución (coste 3644) — no aceptada
Intercambio (5, 9) -> Peor solución (coste 3644) — no aceptada
Intercambio (5, 9) -> Peor solución (coste 3644) — no aceptada
Intercambio (5, 9) -> Peor solución (coste 3644) — no aceptada
Intercambio (5, 9) -> Peor solución (coste 3644) — no aceptada
Intercambio (5, 9) -> Peor solución (coste 3644) — no aceptada
Intercambio (5, 9) -> Peor solución (coste 3644) — no aceptada
Intercambio (5, 9) -> Peor solución (coste 3644) — no aceptada
Intercambio (5, 9) -> Peor solución (coste 3644) — no aceptada
Intercambio (5, 9) -> Peor solución (coste 3644) — no aceptada
Intercambio (5, 9) -> Peor solución (coste 3644) — no aceptada
Intercambio (5, 9) -> Peor solución (coste 3644) — no aceptada
Intercambio (5, 9) -> Peor solución (coste 3644) — no aceptada
Intercambio (5, 9) -> Peor solución (coste 3644) — no aceptada
Intercambio (5, 9) -> Peor solución (coste 3644) — no aceptada
Intercambio (5, 9) -> Peor solución (coste 3644) — no aceptada
Intercambio (5, 9) -> Peor solución (coste 3644) — no aceptada
Intercambio (5, 9) -> Peor solución (coste 3644) — no aceptada
Intercambio (5, 9) -> Peor solución (coste 3644) — no aceptada
Intercambio (5, 9) -> Peor solución (coste 3644) — no aceptada
Intercambio (5, 9) -> Peor solución (coste 3644) — no aceptada
Intercambio (5, 9) -> Peor solución (coste 3644) — no aceptada
Intercambio (5, 9) -> Peor solución (coste 3644) — no aceptada
Intercambio (5, 9) -> Peor solución (coste 3644) — no aceptada
Intercambio (5, 9) -> Peor solución (coste 3644) — no aceptada
Intercambio (5, 9) -> Peor solución (coste 3644) — no aceptada
Intercambio (5, 9) -> Peor solución (coste 3644) — no aceptada
Intercambio (5, 9) -> Peor solución (coste 3644) — no aceptada
Intercambio (5, 9) -> Peor solución (coste 3644) — no aceptada
Intercambio (5, 9) -> Peor solución (coste 3644) — no aceptada
Intercambio (5, 9) -> Peor solución (coste 3644) — no aceptada
Intercambio (5, 9) -> Peor solución (coste 3644) — no aceptada
Intercambio (5, 9) -> Peor solución (coste 3644) — no aceptada
Intercambio (5, 9) -> Peor solución (coste 3644) — no aceptada
Intercambio (5, 9) -> Peor solución (coste 3644) — no aceptada
Intercambio (5, 9) -> Peor solución (coste 3644) — no aceptada
Intercambio (5, 9) -> Peor solución (coste 3644) — no aceptada
Intercambio (5, 9) -> Peor solución (coste 3644) — no aceptada
Intercambio (5, 9) -> Peor solución (coste 3644) — no aceptada
Intercambio (5, 9) -> Peor solución (coste 3644) — no aceptada
Intercambio (5, 9) -> Peor solución (coste 3644) — no aceptada
Intercambio (5, 9) -> Peor solución (coste 3644) — no aceptada
Intercambio (5, 9) -> Peor solución (coste 3644) — no aceptada
Intercambio (5, 9) -> Peor solución (coste 3644) — no aceptada
Intercambio (5, 9) -> Peor solución (coste 3644) — no aceptada
Intercambio (5, 9) -> Peor solución (coste 3644) — no aceptada
Intercambio (5, 9) -> Peor solución (coste 3644) — no aceptada
Intercambio (5, 9) -> Peor solución (coste 3644) — no aceptada
Intercambio (5, 9) -> Peor solución (coste 3644) — no aceptada
Intercambio (5, 9) -> Peor solución (coste 3644) — no aceptada
Intercambio (5, 9) -> Peor solución (coste 3644) — no aceptada
Intercambio (5, 9) -> Peor solución (coste 3644) — no aceptada
Intercambio (5, 9) -> Peor solución (coste 3644) — no aceptada
Intercambio (5, 9) -> Peor solución (coste 3644) — no aceptada
Intercambio (5, 9) -> Peor solución (coste 3644) — no aceptada
Intercambio (5, 9) -> Peor solución (coste 3644) — no aceptada
Intercambio (5, 9) -> Peor solución (coste 3644) — no aceptada
Intercambio (5, 9) -> Peor solución (coste 3644) — no aceptada
Intercambio (5, 9) -> Peor solución (coste 3644) — no aceptada
Intercambio (5, 9) -> Peor solución (coste 3644) — no aceptada
Intercambio (5, 9) -> Peor solución (coste 3644) — no aceptada
Intercambio (5, 9) -> Peor solución (coste 3644) — no aceptada
Intercambio (5, 9) -> Peor solución (coste 3644) — no aceptada
Intercambio (5, 9) -> Peor solución (coste 3644) — no aceptada
Intercambio (5, 9) -> Peor solución (coste 3644) — no aceptada
Intercambio (5, 9) -> Peor solución (coste 3644) — no aceptada
Intercambio (5, 9) -> Peor solución (coste 3644) — no aceptada
Intercambio (5, 9) -> Peor solución (coste 3644) — no aceptada
Intercambio (5, 9) -> Peor solución (coste 3644) — no aceptada
Intercambio (5, 9) -> Peor solución (coste 3644) — no aceptada
Intercambio (5, 9) -> Peor solución (coste 3644) — no aceptada
Intercambio (5, 9) -> Peor solución (coste 3644) — no aceptada
Intercambio (5, 9) -> Peor solución (coste 3644) — no aceptada
Intercambio (5, 9) -> Peor solución (coste 3644) — no aceptada
Intercambio (5, 9) -> Peor solución (coste 3644) — no aceptada
Intercambio (5, 9) -> Peor solución (coste 3644) — no aceptada
Intercambio (5, 9) -> Peor solución (coste 3644) — no aceptada
Intercambio (5, 9) -> Peor solución (coste 3644) — no aceptada
Intercambio (5, 9) -> Peor solución (coste 3644) — no aceptada
Intercambio (5, 9) -> Peor solución (coste 3644) — no aceptada
Intercambio (5, 9) -> Peor solución (coste 3644) — no aceptada
Intercambio (5, 9) -> Peor solución (coste 3644) — no aceptada
Intercambio (5, 9) -> Peor solución (coste 3644) — no aceptada
Intercambio (5, 9) -> Peor solución (coste 3644) — no aceptada
Intercambio (5, 9) -> Peor solución (coste 3644) — no aceptada
Intercambio (5, 9) -> Peor solución (coste 3644) — no aceptada
Intercambio (5, 9) -> Peor solución (coste 3644) — no aceptada
Intercambio (5, 9) -> Peor solución (coste 3644) — no aceptada
Intercambio (5, 9) -> Peor solución (coste 3644) — no aceptada
Intercambio (5, 9) -> Peor solución (coste 3644) — no aceptada
Intercambio (5, 9) -> Peor solución (coste 3644) — no aceptada
Intercambio (5, 9) -> Peor solución (coste 3644) — no aceptada
Intercambio (5, 9) -> Peor solución (coste 3644) — no aceptada
Intercambio (5, 9) -> Peor solución (coste 3644) — no aceptada
Intercambio (5, 9) -> Peor solución (coste 3644) — no aceptada
Intercambio (5, 9) -> Peor solución (coste 3644) — no aceptada
Intercambio (5, 9) -> Peor solución (coste 3644) — no aceptada
Intercambio (5, 9) -> Peor solución (coste 3644) — no aceptada
Intercambio (5, 9) -> Peor solución (coste 3644) — no aceptada
Intercambio (5, 9) -> Peor solución (coste 3644) — no aceptada
Intercambio (5, 9) -> Peor solución (coste 3644) — no aceptada
Intercambio (5, 9) -> Peor solución (coste 3644) — no aceptada
Intercambio (5, 9) -> Peor solución (coste 3644) — no aceptada
Intercambio (5, 9) -> Peor solución (coste 3644) — no aceptada
Intercambio (5, 9) -> Peor solución (coste 3644) — no aceptada
Intercambio (5, 9) -> Peor solución (coste 3644) — no aceptada
Intercambio (5, 9) -> Peor solución (coste 3644) — no aceptada
Intercambio (5, 9) -> Peor solución (coste 3644) — no aceptada
Intercambio (5, 9) -> Peor solución (coste 3644) — no aceptada
Intercambio (5, 9) -> Peor solución (coste 3644) — no aceptada
Intercambio (5, 9) -> Peor solución (coste 3644) — no aceptada
Intercambio (5, 9) -> Peor solución (coste 3644) — no aceptada
Intercambio (5, 9) -> Peor solución (coste 3644) — no aceptada
Intercambio (5, 9) -> Peor solución (coste 3644) — no aceptada
Intercambio (5, 9) -> Peor solución (coste 3644) — no aceptada
Intercambio (5, 9) -> Peor solución (coste 3644) — no aceptada
Intercambio (5, 9) -> Peor solución (coste 3644) — no aceptada
Intercambio (5, 9) -> Peor solución (coste 3644) — no aceptada
Intercambio (5, 9) -> Peor solución (coste 3644) — no aceptada
Intercambio (5, 9) -> Peor solución (coste 3644) — no aceptada
Intercambio (5, 9) -> Peor solución (coste 3644) — no aceptada
Intercambio (5, 9) -> Peor solución (coste 3644) — no aceptada
Intercambio (5, 9) -> Peor solución (coste 3644) — no aceptada
Intercambio (5, 9) -> Peor solución (coste 3644) — no aceptada
Intercambio (5, 9) -> Peor solución (coste 3644) — no aceptada
Intercambio (5, 9) -> Peor solución (coste 3644) — no aceptada
Intercambio (5, 9) -> Peor solución (coste 3644) — no aceptada
Intercambio (5, 9) -> Peor solución (coste 3644) — no aceptada
Intercambio (5, 9) -> Peor solución (coste 3644) — no aceptada
Intercambio (5, 9) -> Peor solución (coste 3644) — no aceptada
Intercambio (5, 9) -> Peor solución (coste 3644) — no aceptada
Intercambio (5, 9) -> Peor solución (coste 3644) — no aceptada
Intercambio (5, 9) -> Peor solución (coste 3644) — no aceptada
Intercambio (5, 9) -> Peor solución (coste 3644) — no aceptada
Intercambio (5, 9) -> Peor solución (coste 3644) — no aceptada
Intercambio (5, 9) -> Peor solución (coste 3644) — no aceptada
Intercambio (5, 9) -> Peor solución (coste 3644) — no aceptada
Intercambio (5, 9) -> Peor solución (coste 3644) — no aceptada
Intercambio (5, 9) -> Peor solución (coste 3644) — no aceptada
Intercambio (5, 9) -> Peor solución (coste 3644) — no aceptada
Intercambio (5, 9) -> Peor solución (coste 3644) — no aceptada
Intercambio (5, 9) -> Peor solución (coste 3644) — no aceptada
Intercambio (5, 9) -> Peor solución (coste 3644) — no aceptada
Intercambio (5, 9) -> Peor solución (coste 3644) — no aceptada
Intercambio (5, 9) -> Peor solución (coste 3644) — no aceptada
Intercambio (5, 9) -> Peor solución (coste 3644) — no aceptada
Intercambio (5, 9) -> Peor solución (coste 3644) — no aceptada
Intercambio (5, 9) -> Peor solución (coste 3644) — no aceptada
Intercambio (5, 9) -> Peor solución (coste 3644) — no aceptada
Intercambio (5, 9) -> Peor solución (coste 3644) — no aceptada
Intercambio (5, 9) -> Peor solución (coste 3644) — no aceptada
Intercambio (5, 9) -> Peor solución (coste 3644) — no aceptada
Intercambio (5, 9) -> Peor solución (coste 3644) — no aceptada
Intercambio (5, 9) -> Peor solución (coste 3644) — no aceptada
Intercambio (5, 9) -> Peor solución (coste 3644) — no aceptada
Intercambio (5, 9) -> Peor solución (coste 3644) — no aceptada
Intercambio (5, 9) -> Peor solución (coste 3644) — no aceptada
Intercambio (5, 9) -> Peor solución (coste 3644) — no aceptada
Intercambio (5, 9) -> Peor solución (coste 3644) — no aceptada
Intercambio (5, 9) -> Peor solución (coste 3644) — no aceptada
Intercambio (5, 9) -> Peor solución (coste 3644) — no aceptada
Intercambio (5, 9) -> Peor solución (coste 3644) — no aceptada
Intercambio (5, 9) -> Peor solución (coste 3644) — no aceptada
Intercambio (5, 9) -> Peor solución (coste 3644) — no aceptada
Intercambio (5, 9) -> Peor solución (coste 3644) — no aceptada
Intercambio (5, 9) -> Peor solución (coste 3644) — no aceptada
Intercambio (5, 9) -> Peor solución (coste 3644) — no aceptada
Intercambio (5, 9) -> Peor solución (coste 3644) — no aceptada
Intercambio (5, 9) -> Peor solución (coste 3644) — no aceptada
Intercambio (5, 9) -> Peor solución (coste 3644) — no aceptada
Intercambio (5, 9) -> Peor solución (coste 3644) — no aceptada
Intercambio (5, 9) -> Peor solución (coste 3644) — no aceptada
Intercambio (5, 9) -> Peor solución (coste 3644) — no aceptada
Intercambio (5, 9) -> Peor solución (coste 3644) — no aceptada
Intercambio (5, 9) -> Peor solución (coste 3644) — no aceptada
Intercambio (5, 9) -> Peor solución (coste 3644) — no aceptada
Intercambio (5, 9) -> Peor solución (coste 3644) — no aceptada
Intercambio (5, 9) -> Peor solución (coste 3644) — no aceptada
Intercambio (5, 9) -> Peor solución (coste 3644) — no aceptada
Intercambio (5, 9) -> Peor solución (coste 3644) — no aceptada
Intercambio (5, 9) -> Peor solución (coste 3644) — no aceptada
Intercambio (5, 9) -> Peor solución (coste 3644) — no aceptada
Intercambio (5, 9) -> Peor solución (coste 3644) — no aceptada
Intercambio (5, 9) -> Peor solución (coste 3644) — no aceptada
Intercambio (5, 9) -> Peor solución (coste 3644) — no aceptada
Intercambio (5, 9) -> Peor solución (coste 3644) — no aceptada
Intercambio (5, 9) -> Peor solución (coste 3644) — no aceptada
Intercambio (5, 9) -> Peor solución (coste 3644) — no aceptada
Intercambio (5, 9) -> Peor solución (coste 3644) — no aceptada
Intercambio (5, 9) -> Peor solución (coste 3644) — no aceptada
Intercambio (5, 9) -> Peor solución (coste 3644) — no aceptada
Intercambio (5, 9) -> Peor solución (coste 3644) — no aceptada
Intercambio (5, 9) -> Peor solución (coste 3644) — no aceptada
Intercambio (5, 9) -> Peor solución (coste 3644) — no aceptada
Intercambio (5, 9) -> Peor solución (coste 3644) — no aceptada
Intercambio (5, 9) -> Peor solución (coste 3644) — no aceptada
Intercambio (5, 9) -> Peor solución (coste 3644) — no aceptada
Intercambio (5, 9) -> Peor solución (coste 3644) — no aceptada
Intercambio (5, 9) -> Peor solución (coste 3644) — no aceptada
Intercambio (5, 9) -> Peor solución (coste 3644) — no aceptada
Intercambio (5, 9) -> Peor solución (coste 3644) — no aceptada
Intercambio (5, 9) -> Peor solución (coste 3644) — no aceptada
Intercambio (5, 9) -> Peor solución (coste 3644) — no aceptada
Intercambio (5, 9) -> Peor solución (coste 3644) — no aceptada
Intercambio (5, 9) -> Peor solución (coste 3644) — no aceptada
Intercambio (5, 9) -> Peor solución (coste 3644) — no aceptada
Intercambio (5, 9) -> Peor solución (coste 3644) — no aceptada
Intercambio (5, 9) -> Peor solución (coste 3644) — no aceptada
Intercambio (5, 9) -> Peor solución (coste 3644) — no aceptada
Intercambio (5, 9) -> Peor solución (coste 3644) — no aceptada
Intercambio (5, 9) -> Peor solución (coste 3644) — no aceptada
Intercambio (5, 9) -> Peor solución (coste 3644) — no aceptada
Intercambio (5, 9) -> Peor solución (coste 3644) — no aceptada
Intercambio (5, 9) -> Peor solución (coste 3644) — no aceptada
Intercambio (5, 9) -> Peor solución (coste 3644) — no aceptada
Intercambio (5, 9) -> Peor solución (coste 3644) — no aceptada
Intercambio (5, 9) -> Peor solución (coste 3644) — no aceptada
Intercambio (5, 9) -> Peor solución (coste 3644) — no aceptada
Intercambio (5, 9) -> Peor solución (coste 3644) — no aceptada
Intercambio (5, 9) -> Peor solución (coste 3644) — no aceptada
Intercambio (5, 9) -> Peor solución (coste 3644) — no aceptada
Intercambio (5, 9) -> Peor solución (coste 3644) — no aceptada
Intercambio (5, 9) -> Peor solución (coste 3644) — no aceptada
Intercambio (5, 9) -> Peor solución (coste 3644) — no aceptada
Intercambio (5, 9) -> Peor solución (coste 3644) — no aceptada
Intercambio (5, 9) -> Peor solución (coste 3644) — no aceptada
Intercambio (5, 9) -> Peor solución (coste 3644) — no aceptada
Intercambio (5, 9) -> Peor solución (coste 3644) — no aceptada
Intercambio (5, 9) -> Peor solución (coste 3644) — no aceptada
Intercambio (5, 9) -> Peor solución (coste 3644) — no aceptada
Intercambio (5, 9) -> Peor solución (coste 3644) — no aceptada
Intercambio (5, 9) -> Peor solución (coste 3644) — no aceptada
Intercambio (5, 9) -> Peor solución (coste 3644) — no aceptada
Intercambio (5, 9) -> Peor solución (coste 3644) — no aceptada
Intercambio (5, 9) -> Peor solución (coste 3644) — no aceptada
Intercambio (5, 9) -> Peor solución (coste 3644) — no aceptada
Intercambio (5, 9) -> Peor solución (coste 3644) — no aceptada
Intercambio (5, 9) -> Peor solución (coste 3644) — no aceptada
Intercambio (5, 9) -> Peor solución (coste 3644) — no aceptada
Intercambio (5, 9) -> Peor solución (coste 3644) — no aceptada
Intercambio (5, 9) -> Peor solución (coste 3644) — no aceptada
Intercambio (5, 9) -> Peor solución (coste 3644) — no aceptada
Intercambio (5, 9) -> Peor solución (coste 3644) — no aceptada
Intercambio (5, 9) -> Peor solución (coste 3644) — no aceptada
Intercambio (5, 9) -> Peor solución (coste 3644) — no aceptada
Intercambio (5, 9) -> Peor solución (coste 3644) — no aceptada
Intercambio (5, 9) -> Peor solución (coste 3644) — no aceptada
Intercambio (5, 9) -> Peor solución (coste 3644) — no aceptada
Intercambio (5, 9) -> Peor solución (coste 3644) — no aceptada
Intercambio (5, 9) -> Peor solución (coste 3644) — no aceptada
Intercambio (5, 9) -> Peor solución (coste 3644) — no aceptada
Intercambio (5, 9) -> Peor solución (coste 3644) — no aceptada
Intercambio (5, 9) -> Peor solución (coste 3644) — no aceptada
Intercambio (5, 9) -> Peor solución (coste 3644) — no aceptada
Intercambio (5, 9) -> Peor solución (coste 3644) — no aceptada
Intercambio (5, 9) -> Peor solución (coste 3644) — no aceptada
Intercambio (5, 9) -> Peor solución (coste 3644) — no aceptada
Intercambio (5, 9) -> Peor solución (coste 3644) — no aceptada
Intercambio (5, 9) -> Peor solución (coste 3644) — no aceptada
Intercambio (5, 9) -> Peor solución (coste 3644) — no aceptada
Intercambio (5, 9) -> Peor solución (coste 3644) — no aceptada
Intercambio (5, 9) -> Peor solución (coste 3644) — no aceptada
Intercambio (5, 9) -> Peor solución (coste 3644) — no aceptada
Intercambio (5, 9) -> Peor solución (coste 3644) — no aceptada
Intercambio (5, 9) -> Peor solución (coste 3644) — no aceptada
Intercambio (5, 9) -> Peor solución (coste 3644) — no aceptada
Intercambio (5, 9) -> Peor solución (coste 3644) — no aceptada
Intercambio (5, 9) -> Peor solución (coste 3644) — no aceptada
Intercambio (5, 9) -> Peor solución (coste 3644) — no aceptada
Intercambio (5, 9) -> Peor solución (coste 3644) — no aceptada
Intercambio (5, 9) -> Peor solución (coste 3644) — no aceptada
Intercambio (5, 9) -> Peor solución (coste 3644) — no aceptada
Intercambio (5, 9) -> Peor solución (coste 3644) — no aceptada
Intercambio (5, 9) -> Peor solución (coste 3644) — no aceptada
Intercambio (5, 9) -> Peor solución (coste 3644) — no aceptada
Intercambio (5, 9) -> Peor solución (coste 3644) — no aceptada
Intercambio (5, 9) -> Peor solución (coste 3644) — no aceptada
Intercambio (5, 9) -> Peor solución (coste 3644) — no aceptada
Intercambio (5, 9) -> Peor solución (coste 3644) — no aceptada
Intercambio (5, 9) -> Peor solución (coste 3644) — no aceptada
Intercambio (5, 9) -> Peor solución (coste 3644) — no aceptada
Intercambio (5, 9) -> Peor solución (coste 3644) — no aceptada
Intercambio (5, 9) -> Peor solución (coste 3644) — no aceptada
Intercambio (5, 9) -> Peor solución (coste 3644) — no aceptada
Intercambio (5, 9) -> Peor solución (coste 3644) — no aceptada
Intercambio (5, 9) -> Peor solución (coste 3644) — no aceptada
Intercambio (5, 9) -> Peor solución (coste 3644) — no aceptada
Intercambio (5, 9) -> Peor solución (coste 3644) — no aceptada
Intercambio (5, 9) -> Peor solución (coste 3644) — no aceptada
Intercambio (5, 9) -> Peor solución (coste 3644) — no aceptada
Intercambio (5, 9) -> Peor solución (coste 3644) — no aceptada
Intercambio (5, 9) -> Peor solución (coste 3644) — no aceptada
Intercambio (5, 9) -> Peor solución (coste 3644) — no aceptada
Intercambio (5, 9) -> Peor solución (coste 3644) — no aceptada
Intercambio (5, 9) -> Peor solución (coste 3644) — no aceptada
Intercambio (5, 9) -> Peor solución (coste 3644) — no aceptada
Intercambio (5, 9) -> Peor solución (coste 3644) — no aceptada
Intercambio (5, 9) -> Peor solución (coste 3644) — no aceptada
Intercambio (5, 9) -> Peor solución (coste 3644) — no aceptada
Intercambio (5, 9) -> Peor solución (coste 3644) — no aceptada
Intercambio (5, 9) -> Peor solución (coste 3644) — no aceptada
Intercambio (5, 9) -> Peor solución (coste 3644) — no aceptada
Intercambio (5, 9) -> Peor solución (coste 3644) — no aceptada
Intercambio (5, 9) -> Peor solución (coste 3644) — no aceptada
Intercambio (5, 9) -> Peor solución (coste 3644) — no aceptada
Intercambio (5, 9) -> Peor solución (coste 3644) — no aceptada
Intercambio (5, 9) -> Peor solución (coste 3644) — no aceptada
Intercambio (5, 9) -> Peor solución (coste 3644) — no aceptada
Intercambio (5, 9) -> Peor solución (coste 3644) — no aceptada
Intercambio (5, 9) -> Peor solución (coste 3644) — no aceptada
Intercambio (5, 9) -> Peor solución (coste 3644) — no aceptada
Intercambio (5, 9) -> Peor solución (coste 3644) — no aceptada
Intercambio (5, 9) -> Peor solución (coste 3644) — no aceptada
Intercambio (5, 9) -> Peor solución (coste 3644) — no aceptada
Intercambio (5, 9) -> Peor solución (coste 3644) — no aceptada
Intercambio (5, 9) -> Peor solución (coste 3644) — no aceptada
Intercambio (5, 9) -> Peor solución (coste 3644) — no aceptada
Intercambio (5, 9) -> Peor solución (coste 3644) — no aceptada
Intercambio (5, 9) -> Peor solución (coste 3644) — no aceptada
Intercambio (5, 9) -> Peor solución (coste 3644) — no aceptada
Intercambio (5, 9) -> Peor solución (coste 3644) — no aceptada
Intercambio (5, 9) -> Peor solución (coste 3644) — no aceptada
Intercambio (5, 9) -> Peor solución (coste 3644) — no aceptada
Intercambio (5, 9) -> Peor solución (coste 3644) — no aceptada
Intercambio (5, 9) -> Peor solución (coste 3644) — no aceptada
Intercambio (5, 9) -> Peor solución (coste 3644) — no aceptada
Intercambio (5, 9) -> Peor solución (coste 3644) — no aceptada
Intercambio (5, 9) -> Peor solución (coste 3644) — no aceptada
Intercambio (5, 9) -> Peor solución (coste 3644) — no aceptada
Intercambio (5, 9) -> Peor solución (coste 3644) — no aceptada
Intercambio (5, 9) -> Peor solución (coste 3644) — no aceptada
Intercambio (5, 9) -> Peor solución (coste 3644) — no aceptada
Intercambio (5, 9) -> Peor solución (coste 3644) — no aceptada
Intercambio (5, 9) -> Peor solución (coste 3644) — no aceptada
Intercambio (5, 9) -> Peor solución (coste 3644) — no aceptada
Intercambio (5, 9) -> Peor solución (coste 3644) — no aceptada
Intercambio (5, 9) -> Peor solución (coste 3644) — no aceptada
Intercambio (5, 9) -> Peor solución (coste 3644) — no aceptada
Intercambio (5, 9) -> Peor solución (coste 3644) — no aceptada
Intercambio (5, 9) -> Peor solución (coste 3644) — no aceptada
Intercambio (5, 9) -> Peor solución (coste 3644) — no aceptada
Intercambio (5, 9) -> Peor solución (coste 3644) — no aceptada
Intercambio (5, 9) -> Peor solución (coste 3644) — no aceptada
Intercambio (5, 9) -> Peor solución (coste 3644) — no aceptada
Intercambio (5, 9) -> Peor solución (coste 3644) — no aceptada
Intercambio (5, 9) -> Peor solución (coste 3644) — no aceptada
Intercambio (5, 9) -> Peor solución (coste 3644) — no aceptada
Intercambio (5, 9) -> Peor solución (coste 3644) — no aceptada
Intercambio (5, 9) -> Peor solución (coste 3644) — no aceptada
Intercambio (5, 9) -> Peor solución (coste 3644) — no aceptada
Intercambio (5, 9) -> Peor solución (coste 3644) — no aceptada
Intercambio (5, 9) -> Peor solución (coste 3644) — no aceptada
Intercambio (5, 9) -> Peor solución (coste 3644) — no aceptada
Intercambio (5, 9) -> Peor solución (coste 3644) — no aceptada
Intercambio (5, 9) -> Peor solución (coste 3644) — no aceptada
Intercambio (5, 9) -> Peor solución (coste 3644) — no aceptada
Intercambio (5, 9) -> Peor solución (coste 3644) — no aceptada
Intercambio (5, 9) -> Peor solución (coste 3644) — no aceptada
Intercambio (5, 9) -> Peor solución (coste 3644) — no aceptada
Intercambio (5, 9) -> Peor solución (coste 3644) — no aceptada
Intercambio (5, 9) -> Peor solución (coste 3644) — no aceptada
Intercambio (5, 9) -> Peor solución (coste 3644) — no aceptada
Intercambio (5, 9) -> Peor solución (coste 3644) — no aceptada
Intercambio (5, 9) -> Peor solución (coste 3644) — no aceptada
Intercambio (5, 9) -> Peor solución (coste 3644) — no aceptada
Intercambio (5, 9) -> Peor solución (coste 3644) — no aceptada
Intercambio (5, 9) -> Peor solución (coste 3644) — no aceptada
Intercambio (5, 9) -> Peor solución (coste 3644) — no aceptada
Intercambio (5, 9) -> Peor solución (coste 3644) — no aceptada
Intercambio (5, 9) -> Peor solución (coste 3644) — no aceptada
Intercambio (5, 9) -> Peor solución (coste 3644) — no aceptada
Intercambio (5, 9) -> Peor solución (coste 3644) — no aceptada
Intercambio (5, 9) -> Peor solución (coste 3644) — no aceptada
Intercambio (5, 9) -> Peor solución (coste 3644) — no aceptada
Intercambio (5, 9) -> Peor solución (coste 3644) — no aceptada
Intercambio (5, 9) -> Peor solución (coste 3644) — no aceptada
Intercambio (5, 9) -> Peor solución (coste 3644) — no aceptada
Intercambio (5, 9) -> Peor solución (coste 3644) — no aceptada
Intercambio (5, 9) -> Peor solución (coste 3644) — no aceptada
Intercambio (5, 9) -> Peor solución (coste 3644) — no aceptada
Intercambio (5, 9) -> Peor solución (coste 3644) — no aceptada
Intercambio (5, 9) -> Peor solución (coste 3644) — no aceptada
Intercambio (5, 9) -> Peor solución (coste 3644) — no aceptada
Intercambio (5, 9) -> Peor solución (coste 3644) — no aceptada
Intercambio (5, 9) -> Peor solución (coste 3644) — no aceptada
Intercambio (5, 9) -> Peor solución (coste 3644) — no aceptada
Intercambio (5, 9) -> Peor solución (coste 3644) — no aceptada
Intercambio (5, 9) -> Peor solución (coste 3644) — no aceptada
Intercambio (5, 9) -> Peor solución (coste 3644) — no aceptada
Intercambio (5, 9) -> Peor solución (coste 3644) — no aceptada
Intercambio (5, 9) -> Peor solución (coste 3644) — no aceptada
Intercambio (5, 9) -> Peor solución (coste 3644) — no aceptada
Intercambio (5, 9) -> Peor solución (coste 3644) — no aceptada
Intercambio (5, 9) -> Peor solución (coste 3644) — no aceptada
Intercambio (5, 9) -> Peor solución (coste 3644) — no aceptada
Intercambio (5, 9) -> Peor solución (coste 3644) — no aceptada
Intercambio (5, 9) -> Peor solución (coste 3644) — no aceptada
Intercambio (5, 9) -> Peor solución (coste 3644) — no aceptada
Intercambio (5, 9) -> Peor solución (coste 3644) — no aceptada
Intercambio (5, 9) -> Peor solución (coste 3644) — no aceptada
Intercambio (5, 9) -> Peor solución (coste 3644) — no aceptada
Intercambio (5, 9) -> Peor solución (coste 3644) — no aceptada
Intercambio (5, 9) -> Peor solución (coste 3644) — no aceptada
Intercambio (5, 9) -> Peor solución (coste 3644) — no aceptada
Intercambio (5, 9) -> Peor solución (coste 3644) — no aceptada
Intercambio (5, 9) -> Peor solución (coste 3644) — no aceptada
Intercambio (5, 9) -> Peor solución (coste 3644) — no aceptada
Intercambio (5, 9) -> Peor solución (coste 3644) — no aceptada
Intercambio (5, 9) -> Peor solución (coste 3644) — no aceptada
Intercambio (5, 9) -> Peor solución (coste 3644) — no aceptada
Intercambio (5, 9) -> Peor solución (coste 3644) — no aceptada
Intercambio (5, 9) -> Peor solución (coste 3644) — no aceptada
Intercambio (5, 9) -> Peor solución (coste 3644) — no aceptada
Intercambio (5, 9) -> Peor solución (coste 3644) — no aceptada
Intercambio (5, 9) -> Peor solución (coste 3644) — no aceptada
Intercambio (5, 9) -> Peor solución (coste 3644) — no aceptada
Intercambio (5, 9) -> Peor solución (coste 3644) — no aceptada
Intercambio (5, 9) -> Peor solución (coste 3644) — no aceptada
Intercambio (5, 9) -> Peor solución (coste 3644) — no aceptada
Intercambio (5, 9) -> Peor solución (coste 3644) — no aceptada
Intercambio (5, 9) -> Peor solución (coste 3644) — no aceptada
Intercambio (5, 9) -> Peor solución (coste 3644) — no aceptada
Intercambio (5, 9) -> Peor solución (coste 3644) — no aceptada
Intercambio (5, 9) -> Peor solución (coste 3644) — no aceptada
Intercambio (5, 9) -> Peor solución (coste 3644) — no aceptada
Intercambio (5, 9) -> Peor solución (coste 3644) — no aceptada
Intercambio (5, 9) -> Peor solución (coste 3644) — no aceptada
Intercambio (5, 9) -> Peor solución (coste 3644) — no aceptada
Intercambio (5, 9) -> Peor solución (coste 3644) — no aceptada
Intercambio (5, 9) -> Peor solución (coste 3644) — no aceptada
Intercambio (5, 9) -> Peor solución (coste 3644) — no aceptada
Intercambio (5, 9) -> Peor solución (coste 3644) — no aceptada
Intercambio (5, 9) -> Peor solución (coste 3644) — no aceptada
Intercambio (5, 9) -> Peor solución (coste 3644) — no aceptada
Intercambio (5, 9) -> Peor solución (coste 3644) — no aceptada
Intercambio (5, 9) -> Peor solución (coste 3644) — no aceptada
Intercambio (5, 9) -> Peor solución (coste 3644) — no aceptada
Intercambio (5, 9) -> Peor solución (coste 3644) — no aceptada
Intercambio (5, 9) -> Peor solución (coste 3644) — no aceptada
Intercambio (5, 9) -> Peor solución (coste 3644) — no aceptada
Intercambio (5, 9) -> Peor solución (coste 3644) — no aceptada
Intercambio (5, 9) -> Peor solución (coste 3644) — no aceptada
Intercambio (5, 9) -> Peor solución (coste 3644) — no aceptada
Intercambio (5, 9) -> Peor solución (coste 3644) — no aceptada
Intercambio (5, 9) -> Peor solución (coste 3644) — no aceptada
Intercambio (5, 9) -> Peor solución (coste 3644) — no aceptada
Intercambio (5, 9) -> Peor solución (coste 3644) — no aceptada
Intercambio (5, 9) -> Peor solución (coste 3644) — no aceptada
Intercambio (5, 9) -> Peor solución (coste 3644) — no aceptada
Intercambio (5, 9) -> Peor solución (coste 3644) — no aceptada
Intercambio (5, 9) -> Peor solución (coste 3644) — no aceptada
Intercambio (5, 9) -> Peor solución (coste 3644) — no aceptada
Intercambio (5, 9) -> Peor solución (coste 3644) — no aceptada
Intercambio (5, 9) -> Peor solución (coste 3644) — no aceptada
Intercambio (5, 9) -> Peor solución (coste 3644) — no aceptada
Intercambio (5, 9) -> Peor solución (coste 3644) — no aceptada
Intercambio (5, 9) -> Peor solución (coste 3644) — no aceptada
Intercambio (5, 9) -> Peor solución (coste 3644) — no aceptada
Intercambio (5, 9) -> Peor solución (coste 3644) — no aceptada
Intercambio (5, 9) -> Peor solución (coste 3644) — no aceptada
Intercambio (5, 9) -> Peor solución (coste 3644) — no aceptada
Intercambio (5, 9) -> Peor solución (coste 3644) — no aceptada
Intercambio (5, 9) -> Peor solución (coste 3644) — no aceptada
Intercambio (5, 9) -> Peor solución (coste 3644) — no aceptada
Intercambio (5, 9) -> Peor solución (coste 3644) — no aceptada
Intercambio (5, 9) -> Peor solución (coste 3644) — no aceptada
Intercambio (5, 9) -> Peor solución (coste 3644) — no aceptada
Intercambio (5, 9) -> Peor solución (coste 3644) — no aceptada
Intercambio (5, 9) -> Peor solución (coste 3644) — no aceptada
Intercambio (5, 9) -> Peor solución (coste 3644) — no aceptada
Intercambio (5, 9) -> Peor solución (coste 3644) — no aceptada
Intercambio (5, 9) -> Peor solución (coste 3644) — no aceptada
Intercambio (5, 9) -> Peor solución (coste 3644) — no aceptada
Intercambio (5, 9) -> Peor solución (coste 3644) — no aceptada
Intercambio (5, 9) -> Peor solución (coste 3644) — no aceptada
Intercambio (5, 9) -> Peor solución (coste 3644) — no aceptada
Intercambio (5, 9) -> Peor solución (coste 3644) — no aceptada
Intercambio (5, 9) -> Peor solución (coste 3644) — no aceptada
Intercambio (5, 9) -> Peor solución (coste 3644) — no aceptada
Intercambio (5, 9) -> Peor solución (coste 3644) — no aceptada
Intercambio (5, 9) -> Peor solución (coste 3644) — no aceptada
Intercambio (5, 9) -> Peor solución (coste 3644) — no aceptada
Intercambio (5, 9) -> Peor solución (coste 3644) — no aceptada
Intercambio (5, 9) -> Peor solución (coste 3644) — no aceptada
Intercambio (5, 9) -> Peor solución (coste 3644) — no aceptada
Intercambio (5, 9) -> Peor solución (coste 3644) — no aceptada
Intercambio (5, 9) -> Peor solución (coste 3644) — no aceptada
Intercambio (5, 9) -> Peor solución (coste 3644) — no aceptada
Intercambio (5, 9) -> Peor solución (coste 3644) — no aceptada
Intercambio (5, 9) -> Peor solución (coste 3644) — no aceptada
Intercambio (5, 9) -> Peor solución (coste 3644) — no aceptada
Intercambio (5, 9) -> Peor solución (coste 3644) — no aceptada
Intercambio (5, 9) -> Peor solución (coste 3644) — no aceptada
Intercambio (5, 9) -> Peor solución (coste 3644) — no aceptada
Intercambio (5, 9) -> Peor solución (coste 3644) — no aceptada
Intercambio (5, 9) -> Peor solución (coste 3644) — no aceptada
Intercambio (5, 9) -> Peor solución (coste 3644) — no aceptada
Intercambio (5, 9) -> Peor solución (coste 3644) — no aceptada
Intercambio (5, 9) -> Peor solución (coste 3644) — no aceptada
Intercambio (5, 9) -> Peor solución (coste 3644) — no aceptada
Intercambio (5, 9) -> Peor solución (coste 3644) — no aceptada
Intercambio (5, 9) -> Peor solución (coste 3644) — no aceptada
Intercambio (5, 9) -> Peor solución (coste 3644) — no aceptada
Intercambio (5, 9) -> Peor solución (coste 3644) — no aceptada
Intercambio (5, 9) -> Peor solución (coste 3644) — no aceptada
Intercambio (5, 9) -> Peor solución (coste 3644) — no aceptada
Intercambio (5, 9) -> Peor solución (coste 3644) — no aceptada
Intercambio (5, 9) -> Peor solución (coste 3644) — no aceptada
Intercambio (5, 9) -> Peor solución (coste 3644) — no aceptada
Intercambio (5, 9) -> Peor solución (coste 3644) — no aceptada
Intercambio (5, 9) -> Peor solución (coste 3644) — no aceptada
Intercambio (5, 9) -> Peor solución (coste 3644) — no aceptada
Intercambio (5, 9) -> Peor solución (coste 3644) — no aceptada
Intercambio (5, 9) -> Peor solución (coste 3644) — no aceptada
Intercambio (5, 9) -> Peor solución (coste 3644) — no aceptada
Intercambio (5, 9) -> Peor solución (coste 3644) — no aceptada
Intercambio (5, 9) -> Peor solución (coste 3644) — no aceptada
Intercambio (5, 9) -> Peor solución (coste 3644) — no aceptada
Intercambio (5, 9) -> Peor solución (coste 3644) — no aceptada
Intercambio (5, 9) -> Peor solución (coste 3644) — no aceptada
Intercambio (5, 9) -> Peor solución (coste 3644) — no aceptada
Intercambio (5, 9) -> Peor solución (coste 3644) — no aceptada
Intercambio (5, 9) -> Peor solución (coste 3644) — no aceptada
Intercambio (5, 9) -> Peor solución (coste 3644) — no aceptada
Intercambio (5, 9) -> Peor solución (coste 3644) — no aceptada
Intercambio (5, 9) -> Peor solución (coste 3644) — no aceptada
Intercambio (5, 9) -> Peor solución (coste 3644) — no aceptada
Intercambio (5, 9) -> Peor solución (coste 3644) — no aceptada
Intercambio (5, 9) -> Peor solución (coste 3644) — no aceptada
Intercambio (5, 9) -> Peor solución (coste 3644) — no aceptada
Intercambio (5, 9) -> Peor solución (coste 3644) — no aceptada
Intercambio (5, 9) -> Peor solución (coste 3644) — no aceptada
Intercambio (5, 9) -> Peor solución (coste 3644) — no aceptada
Intercambio (5, 9) -> Peor solución (coste 3644) — no aceptada
Intercambio (5, 9) -> Peor solución (coste 3644) — no aceptada
Intercambio (5, 9) -> Peor solución (coste 3644) — no aceptada
Intercambio (5, 9) -> Peor solución (coste 3644) — no aceptada
Intercambio (5, 9) -> Peor solución (coste 3644) — no aceptada
Intercambio (5, 9) -> Peor solución (coste 3644) — no aceptada
Intercambio (5, 9) -> Peor solución (coste 3644) — no aceptada
Intercambio (5, 9) -> Peor solución (coste 3644) — no aceptada
Intercambio (5, 9) -> Peor solución (coste 3644) — no aceptada
Intercambio (5, 9) -> Peor solución (coste 3644) — no aceptada
Intercambio (5, 9) -> Peor solución (coste 3644) — no aceptada
Intercambio (5, 9) -> Peor solución (coste 3644) — no aceptada
Intercambio (5, 9) -> Peor solución (coste 3644) — no aceptada
Intercambio (5, 9) -> Peor solución (coste 3644) — no aceptada
Intercambio (5, 9) -> Peor solución (coste 3644) — no aceptada
Intercambio (5, 9) -> Peor solución (coste 3644) — no aceptada
Intercambio (5, 9) -> Peor solución (coste 3644) — no aceptada
Intercambio (5, 9) -> Peor solución (coste 3644) — no aceptada
Intercambio (5, 9) -> Peor solución (coste 3644) — no aceptada
Intercambio (5, 9) -> Peor solución (coste 3644) — no aceptada
Intercambio (5, 9) -> Peor solución (coste 3644) — no aceptada
Intercambio (5, 9) -> Peor solución (coste 3644) — no aceptada
Intercambio (5, 9) -> Peor solución (coste 3644) — no aceptada
Intercambio (5, 9) -> Peor solución (coste 3644) — no aceptada
Intercambio (5, 9) -> Peor solución (coste 3644) — no aceptada
Intercambio (5, 9) -> Peor solución (coste 3644) — no aceptada
Intercambio (5, 9) -> Peor solución (coste 3644) — no aceptada
Intercambio (5, 9) -> Peor solución (coste 3644) — no aceptada
Intercambio (5, 9) -> Peor solución (coste 3644) — no aceptada
Intercambio (5, 9) -> Peor solución (coste 3644) — no aceptada
Intercambio (5, 9) -> Peor solución (coste 3644) — no aceptada
Intercambio (5, 9) -> Peor solución (coste 3644) — no aceptada
Intercambio (5, 9) -> Peor solución (coste 3644) — no aceptada
Intercambio (5, 9) -> Peor solución (coste 3644) — no aceptada
Intercambio (5, 9) -> Peor solución (coste 3644) — no aceptada
Intercambio (5, 9) -> Peor solución (coste 3644) — no aceptada
Intercambio (5, 9) -> Peor solución (coste 3644) — no aceptada
Intercambio (5, 9) -> Peor solución (coste 3644) — no aceptada
Intercambio (5, 9) -> Peor solución (coste 3644) — no aceptada
Intercambio (5, 9) -> Peor solución (coste 3644) — no aceptada
Intercambio (5, 9) -> Peor solución (coste 3644) — no aceptada
Intercambio (5, 9) -> Peor solución (coste 3644) — no aceptada
Intercambio (5, 9) -> Peor solución (coste 3644) — no aceptada
Intercambio (5, 9) -> Peor solución (coste 3644) — no aceptada
Intercambio (5, 9) -> Peor solución (coste 3644) — no aceptada
Intercambio (5, 9) -> Peor solución (coste 3644) — no aceptada
Intercambio (5, 9) -> Peor solución (coste 3644) — no aceptada
Intercambio (5, 9) -> Peor solución (coste 3644) — no aceptada
Intercambio (5, 9) -> Peor solución (coste 3644) — no aceptada
Intercambio (5, 9) -> Peor solución (coste 3644) — no aceptada
Intercambio (5, 9) -> Peor solución (coste 3644) — no aceptada
Intercambio (5, 9) -> Peor solución (coste 3644) — no aceptada
Intercambio (5, 9) -> Peor solución (coste 3644) — no aceptada
Intercambio (5, 9) -> Peor solución (coste 3644) — no aceptada
Intercambio (5, 9) -> Peor solución (coste 3644) — no aceptada
Intercambio (5, 9) -> Peor solución (coste 3644) — no aceptada
Intercambio (5, 9) -> Peor solución (coste 3644) — no aceptada
Intercambio (5, 9) -> Peor solución (coste 3644) — no aceptada
Intercambio (5, 9) -> Peor solución (coste 3644) — no aceptada
Intercambio (5, 9) -> Peor solución (coste 3644) — no aceptada
Intercambio (5, 9) -> Peor solución (coste 3644) — no aceptada
Intercambio (5, 9) -> Peor solución (coste 3644) — no aceptada
Intercambio (5, 9) -> Peor solución (coste 3644) — no aceptada
Intercambio (5, 9) -> Peor solución (coste 3644) — no aceptada
Intercambio (5, 9) -> Peor solución (coste 3644) — no aceptada
Intercambio (5, 9) -> Peor solución (coste 3644) — no aceptada
Intercambio (5, 9) -> Peor solución (coste 3644) — no aceptada
Intercambio (5, 9) -> Peor solución (coste 3644) — no aceptada
Intercambio (5, 9) -> Peor solución (coste 3644) — no aceptada
Intercambio (5, 9) -> Peor solución (coste 3644) — no aceptada
Intercambio (5, 9) -> Peor solución (coste 3644) — no aceptada
Intercambio (5, 9) -> Peor solución (coste 3644) — no aceptada
Intercambio (5, 9) -> Peor solución (coste 3644) — no aceptada
Intercambio (5, 9) -> Peor solución (coste 3644) — no aceptada
Intercambio (5, 9) -> Peor solución (coste 3644) — no aceptada
Intercambio (5, 9) -> Peor solución (coste 3644) — no aceptada
Intercambio (5, 9) -> Peor solución (coste 3644) — no aceptada
Intercambio (5, 9) -> Peor solución (coste 3644) — no aceptada
Intercambio (5, 9) -> Peor solución (coste 3644) — no aceptada
Intercambio (5, 9) -> Peor solución (coste 3644) — no aceptada
Intercambio (5, 9) -> Peor solución (coste 3644) — no aceptada
Intercambio (5, 9) -> Peor solución (coste 3644) — no aceptada
Intercambio (5, 9) -> Peor solución (coste 3644) — no aceptada
Intercambio (5, 9) -> Peor solución (coste 3644) — no aceptada
Intercambio (5, 9) -> Peor solución (coste 3644) — no aceptada
Intercambio (5, 9) -> Peor solución (coste 3644) — no aceptada
Intercambio (5, 9) -> Peor solución (coste 3644) — no aceptada
Intercambio (5, 9) -> Peor solución (coste 3644) — no aceptada
Intercambio (5, 9) -> Peor solución (coste 3644) — no aceptada
Intercambio (5, 9) -> Peor solución (coste 3644) — no aceptada
Intercambio (5, 9) -> Peor solución (coste 3644) — no aceptada
Intercambio (5, 9) -> Peor solución (coste 3644) — no aceptada
Intercambio (5, 9) -> Peor solución (coste 3644) — no aceptada
Intercambio (5, 9) -> Peor solución (coste 3644) — no aceptada
Intercambio (5, 9) -> Peor solución (coste 3644) — no aceptada
Intercambio (5, 9) -> Peor solución (coste 3644) — no aceptada
Intercambio (5, 9) -> Peor solución (coste 3644) — no aceptada
Intercambio (5, 9) -> Peor solución (coste 3644) — no aceptada
Intercambio (5, 9) -> Peor solución (coste 3644) — no aceptada
Intercambio (5, 9) -> Peor solución (coste 3644) — no aceptada
Intercambio (5, 9) -> Peor solución (coste 3644) — no aceptada
Intercambio (5, 9) -> Peor solución (coste 3644) — no aceptada
Intercambio (5, 9) -> Peor solución (coste 3644) — no aceptada
Intercambio (5, 9) -> Peor solución (coste 3644) — no aceptada
Intercambio (5, 9) -> Peor solución (coste 3644) — no aceptada
Intercambio (5, 9) -> Peor solución (coste 3644) — no aceptada
Intercambio (5, 9) -> Peor solución (coste 3644) — no aceptada
Intercambio (5, 9) -> Peor solución (coste 3644) — no aceptada
Intercambio (5, 9) -> Peor solución (coste 3644) — no aceptada
Intercambio (5, 9) -> Peor solución (coste 3644) — no aceptada
Intercambio (5, 9) -> Peor solución (coste 3644) — no aceptada
Intercambio (5, 9) -> Peor solución (coste 3644) — no aceptada
Intercambio (5, 9) -> Peor solución (coste 3644) — no aceptada
Intercambio (5, 9) -> Peor solución (coste 3644) — no aceptada
Intercambio (5, 9) -> Peor solución (coste 3644) — no aceptada
Intercambio (5, 9) -> Peor solución (coste 3644) — no aceptada
Intercambio (5, 9) -> Peor solución (coste 3644) — no aceptada
Intercambio (5, 9) -> Peor solución (coste 3644) — no aceptada
Intercambio (5, 9) -> Peor solución (coste 3644) — no aceptada
Intercambio (5, 9) -> Peor solución (coste 3644) — no aceptada
Intercambio (5, 9) -> Peor solución (coste 3644) — no aceptada
Intercambio (5, 9) -> Peor solución (coste 3644) — no aceptada
Intercambio (5, 9) -> Peor solución (coste 3644) — no aceptada
Intercambio (5, 9) -> Peor solución (coste 3644) — no aceptada
Intercambio (5, 9) -> Peor solución (coste 3644) — no aceptada
Intercambio (5, 9) -> Peor solución (coste 3644) — no aceptada
Intercambio (5, 9) -> Peor solución (coste 3644) — no aceptada
Intercambio (5, 9) -> Peor solución (coste 3644) — no aceptada
Intercambio (5, 9) -> Peor solución (coste 3644) — no aceptada
Intercambio (5, 9) -> Peor solución (coste 3644) — no aceptada
Intercambio (5, 9) -> Peor solución (coste 3644) — no aceptada
Intercambio (5, 9) -> Peor solución (coste 3644) — no aceptada
Intercambio (5, 9) -> Peor solución (coste 3644) — no aceptada
Intercambio (5, 9) -> Peor solución (coste 3644) — no aceptada
Intercambio (5, 9) -> Peor solución (coste 3644) — no aceptada
Intercambio (5, 9) -> Peor solución (coste 3644) — no aceptada
Intercambio (5, 9) -> Peor solución (coste 3644) — no aceptada
Intercambio (5, 9) -> Peor solución (coste 3644) — no aceptada
Intercambio (5, 9) -> Peor solución (coste 3644) — no aceptada
Intercambio (5, 9) -> Peor solución (coste 3644) — no aceptada
Intercambio (5, 9) -> Peor solución (coste 3644) — no aceptada
Intercambio (5, 9) -> Peor solución (coste 3644) — no aceptada
Intercambio (5, 9) -> Peor solución (coste 3644) — no aceptada
Intercambio (5, 9) -> Peor solución (coste 3644) — no aceptada
Intercambio (5, 9) -> Peor solución (coste 3644) — no aceptada
Intercambio (5, 9) -> Peor solución (coste 3644) — no aceptada
Intercambio (5, 9) -> Peor solución (coste 3644) — no aceptada
Intercambio (5, 9) -> Peor solución (coste 3644) — no aceptada
Intercambio (5, 9) -> Peor solución (coste 3644) — no aceptada
Intercambio (5, 9) -> Peor solución (coste 3644) — no aceptada
Intercambio (5, 9) -> Peor solución (coste 3644) — no aceptada
Intercambio (5, 9) -> Peor solución (coste 3644) — no aceptada
Intercambio (5, 9) -> Peor solución (coste 3644) — no aceptada
Intercambio (5, 9) -> Peor solución (coste 3644) — no aceptada
Intercambio (5, 9) -> Peor solución (coste 3644) — no aceptada
Intercambio (5, 9) -> Peor solución (coste 3644) — no aceptada
Intercambio (5, 9) -> Peor solución (coste 3644) — no aceptada
Intercambio (5, 9) -> Peor solución (coste 3644) — no aceptada
Intercambio (5, 9) -> Peor solución (coste 3644) — no aceptada
Intercambio (5, 9) -> Peor solución (coste 3644) — no aceptada
Intercambio (5, 9) -> Peor solución (coste 3644) — no aceptada
Intercambio (5, 9) -> Peor solución (coste 3644) — no aceptada
Intercambio (5, 9) -> Peor solución (coste 3644) — no aceptada
Intercambio (5, 9) -> Peor solución (coste 3644) — no aceptada
Intercambio (5, 9) -> Peor solución (coste 3644) — no aceptada
Intercambio (5, 9) -> Peor solución (coste 3644) — no aceptada
Intercambio (5, 9) -> Peor solución (coste 3644) — no aceptada
Intercambio (5, 9) -> Peor solución (coste 3644) — no aceptada
Intercambio (5, 9) -> Peor solución (coste 3644) — no aceptada
Intercambio (5, 9) -> Peor solución (coste 3644) — no aceptada
Intercambio (5, 9) -> Peor solución (coste 3644) — no aceptada
Intercambio (5, 9) -> Peor solución (coste 3644) — no aceptada
Intercambio (5, 9) -> Peor solución (coste 3644) — no aceptada
Intercambio (5, 9) -> Peor solución (coste 3644) — no aceptada
Intercambio (5, 9) -> Peor solución (coste 3644) — no aceptada
Intercambio (5, 9) -> Peor solución (coste 3644) — no aceptada
Intercambio (5, 9) -> Peor solución (coste 3644) — no aceptada
Intercambio (5, 9) -> Peor solución (coste 3644) — no aceptada
Intercambio (5, 9) -> Peor solución (coste 3644) — no aceptada
Intercambio (5, 9) -> Peor solución (coste 3644) — no aceptada
Intercambio (5, 9) -> Peor solución (coste 3644) — no aceptada
Intercambio (5, 9) -> Peor solución (coste 3644) — no aceptada
Intercambio (5, 9) -> Peor solución (coste 3644) — no aceptada
Intercambio (5, 9) -> Peor solución (coste 3644) — no aceptada
Intercambio (5, 9) -> Peor solución (coste 3644) — no aceptada
Intercambio (5, 9) -> Peor solución (coste 3644) — no aceptada
Intercambio (5, 9) -> Peor solución (coste 3644) — no aceptada
Intercambio (5, 9) -> Peor solución (coste 3644) — no aceptada
Intercambio (5, 9) -> Peor solución (coste 3644) — no aceptada
Intercambio (5, 9) -> Peor solución (coste 3644) — no aceptada
Intercambio (5, 9) -> Peor solución (coste 3644) — no aceptada
Intercambio (5, 9) -> Peor solución (coste 3644) — no aceptada
Intercambio (5, 9) -> Peor solución (coste 3644) — no aceptada
Intercambio (5, 9) -> Peor solución (coste 3644) — no aceptada
Intercambio (5, 9) -> Peor solución (coste 3644) — no aceptada
Intercambio (5, 9) -> Peor solución (coste 3644) — no aceptada
Intercambio (5, 9) -> Peor solución (coste 3644) — no aceptada
Intercambio (5, 9) -> Peor solución (coste 3644) — no aceptada
Intercambio (5, 9) -> Peor solución (coste 3644) — no aceptada
Intercambio (5, 9) -> Peor solución (coste 3644) — no aceptada
Intercambio (5, 9) -> Peor solución (coste 3644) — no aceptada
Intercambio (5, 9) -> Peor solución (coste 3644) — no aceptada
Intercambio (5, 9) -> Peor solución (coste 3644) — no aceptada
Intercambio (5, 9) -> Peor solución (coste 3644) — no aceptada
Intercambio (5, 9) -> Peor solución (coste 3644) — no aceptada
Intercambio (5, 9) -> Peor solución (coste 3644) — no aceptada
Intercambio (5, 9) -> Peor solución (coste 3644) — no aceptada
Intercambio (5, 9) -> Peor solución (coste 3644) — no aceptada
Intercambio (5, 9) -> Peor solución (coste 3644) — no aceptada
Intercambio (5, 9) -> Peor solución (coste 3644) — no aceptada
Intercambio (5, 9) -> Peor solución (coste 3644) — no aceptada
Intercambio (5, 9) -> Peor solución (coste 3644) — no aceptada
Intercambio (5, 9) -> Peor solución (coste 3644) — no aceptada
Intercambio (5, 9) -> Peor solución (coste 3644) — no aceptada
Intercambio (5, 9) -> Peor solución (coste 3644) — no aceptada
Intercambio (5, 9) -> Peor solución (coste 3644) — no aceptada
Intercambio (5, 9) -> Peor solución (coste 3644) — no aceptada
Intercambio (5, 9) -> Peor solución (coste 3644) — no aceptada
Intercambio (5, 9) -> Peor solución (coste 3644) — no aceptada
Intercambio (5, 9) -> Peor solución (coste 3644) — no aceptada
Intercambio (5, 9) -> Peor solución (coste 3644) — no aceptada
Intercambio (5, 9) -> Peor solución (coste 3644) — no aceptada
Intercambio (5, 9) -> Peor solución (coste 3644) — no aceptada
Intercambio (5, 9) -> Peor solución (coste 3644) — no aceptada
Intercambio (5, 9) -> Peor solución (coste 3644) — no aceptada
Intercambio (5, 9) -> Peor solución (coste 3644) — no aceptada
Intercambio (5, 9) -> Peor solución (coste 3644) — no aceptada
Intercambio (5, 9) -> Peor solución (coste 3644) — no aceptada
Intercambio (5, 9) -> Peor solución (coste 3644) — no aceptada
Intercambio (5, 9) -> Peor solución (coste 3644) — no aceptada
Intercambio (5, 9) -> Peor solución (coste 3644) — no aceptada
Intercambio (5, 9) -> Peor solución (coste 3644) — no aceptada
Intercambio (5, 9) -> Peor solución (coste 3644) — no aceptada
Intercambio (5, 9) -> Peor solución (coste 3644) — no aceptada
Intercambio (5, 9) -> Peor solución (coste 3644) — no aceptada
Intercambio (5, 9) -> Peor solución (coste 3644) — no aceptada
Intercambio (5, 9) -> Peor solución (coste 3644) — no aceptada
Intercambio (5, 9) -> Peor solución (coste 3644) — no aceptada
Intercambio (5, 9) -> Peor solución (coste 3644) — no aceptada
Intercambio (5, 9) -> Peor solución (coste 3644) — no aceptada
Intercambio (5, 9) -> Peor solución (coste 3644) — no aceptada
Intercambio (5, 9) -> Peor solución (coste 3644) — no aceptada
Intercambio (5, 9) -> Peor solución (coste 3644) — no aceptada
Intercambio (5, 9) -> Peor solución (coste 3644) — no aceptada
Intercambio (5, 9) -> Peor solución (coste 3644) — no aceptada
Intercambio (5, 9) -> Peor solución (coste 3644) — no aceptada
Intercambio (5, 9) -> Peor solución (coste 3644) — no aceptada
Intercambio (5, 9) -> Peor solución (coste 3644) — no aceptada
Intercambio (5, 9) -> Peor solución (coste 3644) — no aceptada
Intercambio (5, 9) -> Peor solución (coste 3644) — no aceptada
Intercambio (5, 9) -> Peor solución (coste 3644) — no aceptada
Intercambio (5, 9) -> Peor solución (coste 3644) — no aceptada
Intercambio (5, 9) -> Peor solución (coste 3644) — no aceptada
Intercambio (5, 9) -> Peor solución (coste 3644) — no aceptada
Intercambio (5, 9) -> Peor solución (coste 3644) — no aceptada
Intercambio (5, 9) -> Peor solución (coste 3644) — no aceptada
Intercambio (5, 9) -> Peor solución (coste 3644) — no aceptada
Intercambio (5, 9) -> Peor solución (coste 3644) — no aceptada
Intercambio (5, 9) -> Peor solución (coste 3644) — no aceptada
Intercambio (5, 9) -> Peor solución (coste 3644) — no aceptada
Intercambio (5, 9) -> Peor solución (coste 3644) — no aceptada
Intercambio (5, 9) -> Peor solución (coste 3644) — no aceptada
Intercambio (5, 9) -> Peor solución (coste 3644) — no aceptada
Intercambio (5, 9) -> Peor solución (coste 3644) — no aceptada
Intercambio (5, 9) -> Peor solución (coste 3644) — no aceptada
Intercambio (5, 9) -> Peor solución (coste 3644) — no aceptada
Intercambio (5, 9) -> Peor solución (coste 3644) — no aceptada
Intercambio (5, 9) -> Peor solución (coste 3644) — no aceptada
Intercambio (5, 9) -> Peor solución (coste 3644) — no aceptada
Intercambio (5, 9) -> Peor solución (coste 3644) — no aceptada
Intercambio (5, 9) -> Peor solución (coste 3644) — no aceptada
Intercambio (5, 9) -> Peor solución (coste 3644) — no aceptada
Intercambio (5, 9) -> Peor solución (coste 3644) — no aceptada
Intercambio (5, 9) -> Peor solución (coste 3644) — no aceptada
Intercambio (5, 9) -> Peor solución (coste 3644) — no aceptada
Intercambio (5, 9) -> Peor solución (coste 3644) — no aceptada
Intercambio (5, 9) -> Peor solución (coste 3644) — no aceptada
Intercambio (5, 9) -> Peor solución (coste 3644) — no aceptada
Intercambio (5, 9) -> Peor solución (coste 3644) — no aceptada
Intercambio (5, 9) -> Peor solución (coste 3644) — no aceptada
Intercambio (5, 9) -> Peor solución (coste 3644) — no aceptada
Intercambio (5, 9) -> Peor solución (coste 3644) — no aceptada
Intercambio (5, 9) -> Peor solución (coste 3644) — no aceptada
Intercambio (5, 9) -> Peor solución (coste 3644) — no aceptada
Intercambio (5, 9) -> Peor solución (coste 3644) — no aceptada
Intercambio (5, 9) -> Peor solución (coste 3644) — no aceptada
Intercambio (5, 9) -> Peor solución (coste 3644) — no aceptada
Intercambio (5, 9) -> Peor solución (coste 3644) — no aceptada
Intercambio (5, 9) -> Peor solución (coste 3644) — no aceptada
Intercambio (5, 9) -> Peor solución (coste 3644) — no aceptada
Intercambio (5, 9) -> Peor solución (coste 3644) — no aceptada
Intercambio (5, 9) -> Peor solución (coste 3644) — no aceptada
Intercambio (5, 9) -> Peor solución (coste 3644) — no aceptada
Intercambio (5, 9) -> Peor solución (coste 3644) — no aceptada
Intercambio (5, 9) -> Peor solución (coste 3644) — no aceptada
Intercambio (5, 9) -> Peor solución (coste 3644) — no aceptada
Intercambio (5, 9) -> Peor solución (coste 3644) — no aceptada
Intercambio (5, 9) -> Peor solución (coste 3644) — no aceptada
Intercambio (5, 9) -> Peor solución (coste 3644) — no aceptada
Intercambio (5, 9) -> Peor solución (coste 3644) — no aceptada
Intercambio (5, 9) -> Peor solución (coste 3644) — no aceptada
Intercambio (5, 9) -> Peor solución (coste 3644) — no aceptada
Intercambio (5, 9) -> Peor solución (coste 3644) — no aceptada
Intercambio (5, 9) -> Peor solución (coste 3644) — no aceptada
Intercambio (5, 9) -> Peor solución (coste 3644) — no aceptada
Intercambio (5, 9) -> Peor solución (coste 3644) — no aceptada
Intercambio (5, 9) -> Peor solución (coste 3644) — no aceptada
Intercambio (5, 9) -> Peor solución (coste 3644) — no aceptada
Intercambio (5, 9) -> Peor solución (coste 3644) — no aceptada
Intercambio (5, 9) -> Peor solución (coste 3644) — no aceptada
Intercambio (5, 9) -> Peor solución (coste 3644) — no aceptada
Intercambio (5, 9) -> Peor solución (coste 3644) — no aceptada
Intercambio (5, 9) -> Peor solución (coste 3644) — no aceptada
Intercambio (5, 9) -> Peor solución (coste 3644) — no aceptada
Intercambio (5, 9) -> Peor solución (coste 3644) — no aceptada
Intercambio (5, 9) -> Peor solución (coste 3644) — no aceptada
Intercambio (5, 9) -> Peor solución (coste 3644) — no aceptada
Intercambio (5, 9) -> Peor solución (coste 3644) — no aceptada
Intercambio (5, 9) -> Peor solución (coste 3644) — no aceptada
Intercambio (5, 9) -> Peor solución (coste 3644) — no aceptada
Intercambio (5, 9) -> Peor solución (coste 3644) — no aceptada
Intercambio (5, 9) -> Peor solución (coste 3644) — no aceptada
Intercambio (5, 9) -> Peor solución (coste 3644) — no aceptada
Intercambio (5, 9) -> Peor solución (coste 3644) — no aceptada
Intercambio (5, 9) -> Peor solución (coste 3644) — no aceptada
Intercambio (5, 9) -> Peor solución (coste 3644) — no aceptada
Intercambio (5, 9) -> Peor solución (coste 3644) — no aceptada
Intercambio (5, 9) -> Peor solución (coste 3644) — no aceptada
Intercambio (5, 9) -> Peor solución (coste 3644) — no aceptada
Intercambio (5, 9) -> Peor solución (coste 3644) — no aceptada
Intercambio (5, 9) -> Peor solución (coste 3644) — no aceptada
Intercambio (5, 9) -> Peor solución (coste 3644) — no aceptada
Intercambio (5, 9) -> Peor solución (coste 3644) — no aceptada
Intercambio (5, 9) -> Peor solución (coste 3644) — no aceptada
Intercambio (5, 9) -> Peor solución (coste 3644) — no aceptada
Intercambio (5, 9) -> Peor solución (coste 3644) — no aceptada
Intercambio (5, 9) -> Peor solución (coste 3644) — no aceptada
Intercambio (5, 9) -> Peor solución (coste 3644) — no aceptada
Intercambio (5, 9) -> Peor solución (coste 3644) — no aceptada
Intercambio (5, 9) -> Peor solución (coste 3644) — no aceptada
Intercambio (5, 9) -> Peor solución (coste 3644) — no aceptada
Intercambio (5, 9) -> Peor solución (coste 3644) — no aceptada
Intercambio (5, 9) -> Peor solución (coste 3644) — no aceptada
Intercambio (5, 9) -> Peor solución (coste 3644) — no aceptada
Intercambio (5, 9) -> Peor solución (coste 3644) — no aceptada
Intercambio (5, 9) -> Peor solución (coste 3644) — no aceptada
Intercambio (5, 9) -> Peor solución (coste 3644) — no aceptada
Intercambio (5, 9) -> Peor solución (coste 3644) — no aceptada
Intercambio (5, 9) -> Peor solución (coste 3644) — no aceptada
Intercambio (5, 9) -> Peor solución (coste 3644) — no aceptada
Intercambio (5, 9) -> Peor solución (coste 3644) — no aceptada
Intercambio (5, 9) -> Peor solución (coste 3644) — no aceptada
Intercambio (5, 9) -> Peor solución (coste 3644) — no aceptada
Intercambio (5, 9) -> Peor solución (coste 3644) — no aceptada
Intercambio (5, 9) -> Peor solución (coste 3644) — no aceptada
Intercambio (5, 9) -> Peor solución (coste 3644) — no aceptada
Intercambio (5, 9) -> Peor solución (coste 3644) — no aceptada
Intercambio (5, 9) -> Peor solución (coste 3644) — no aceptada

Solución final
--------------
[4, 17, 9, 7, 13, 14, 6, 3, 16, 1, 15, 2, 11, 19, 5, 18, 0, 8, 10, 12]
Coste final: 3878
Duración: 0.087 segundos
