========================================
 RESUMEN DE EJECUCIÓN 
========================================
Algoritmo:      Memetico
Archivo:        ford03.dat
Semilla:        40753067
----------------------------------------
Población:      100
kBest:          2
kWorst:         3
Elite:          1
Cruce:          OX2
----------------------------------------
PARAMETROS MEMÉTICO (BT):
Evaluaciones BT: 1000 evaluaciones
Iteraciones BT: 50 iteraciones (Profundidad)
----------------------------------------
RESULTADOS FINALES:
Evaluaciones Max: 10000
Generaciones:     8739
Tiempo (ms):    231
Costo Final:    12852
Solución:       [14, 0, 10, 27, 3, 18, 25, 25, 2, 27, 21, 20, 7, 27, 1, 6, 5, 26, 22, 17, 8, 11, 9, 25, 23, 26, 1, 13, 28, 29]
========================================
