Parámetros del algoritmo
------------------------
Algoritmo: BusquedaLocal
Dataset: ford02.dat
Semilla: 35470364

Solución inicial y su coste
---------------------------
[10, 9, 0, 8, 14, 12, 11, 5, 16, 1, 3, 7, 13, 19, 18, 15, 2, 17, 4, 6]
Coste: 35430

Evolución de la búsqueda
------------------------
Intercambio (0, 2) -> Nueva solución con coste 34744
Intercambio (1, 6) -> Nueva solución con coste 34464
Intercambio (2, 12) -> Nueva solución con coste 34414
Intercambio (3, 7) -> Nueva solución con coste 34168
Intercambio (4, 5) -> Nueva solución con coste 33998
Intercambio (5, 6) -> Nueva solución con coste 33906
Intercambio (6, 11) -> Nueva solución con coste 33476
Intercambio (7, 13) -> Nueva solución con coste 33324
Intercambio (9, 1) -> Nueva solución con coste 33182
Intercambio (10, 19) -> Nueva solución con coste 33112
Intercambio (11, 16) -> Nueva solución con coste 33008
Intercambio (12, 4) -> Nueva solución con coste 32870
Intercambio (13, 9) -> Nueva solución con coste 32346
Intercambio (14, 12) -> Nueva solución con coste 32302
Intercambio (15, 11) -> Nueva solución con coste 32260
Intercambio (16, 11) -> Nueva solución con coste 31962
Intercambio (17, 15) -> Nueva solución con coste 31908
Intercambio (18, 4) -> Nueva solución con coste 31882
Intercambio (19, 16) -> Nueva solución con coste 31822
Intercambio (4, 6) -> Nueva solución con coste 31612
Intercambio (6, 10) -> Nueva solución con coste 31556
Intercambio (11, 12) -> Nueva solución con coste 31238

Solución final
--------------
[0, 1, 13, 5, 7, 9, 6, 19, 16, 8, 4, 18, 14, 11, 12, 17, 3, 2, 10, 15]
Coste final: 31238
Duración: 0.0 segundos
