Parámetros del algoritmo
------------------------
Algoritmo: BusquedaLocal
Dataset: ford01.dat
Semilla: 35470364

Solución inicial y su coste
---------------------------
[12, 7, 9, 3, 0, 10, 5, 13, 14, 18, 2, 15, 4, 6, 19, 1, 16, 11, 17, 8]
Coste: 3870

Evolución de la búsqueda
------------------------
Intercambio (0, 1) -> Nueva solución con coste 3860
Intercambio (1, 6) -> Nueva solución con coste 3848
Intercambio (2, 5) -> Nueva solución con coste 3844
Intercambio (3, 12) -> Nueva solución con coste 3814
Intercambio (4, 1) -> Nueva solución con coste 3786
Intercambio (5, 11) -> Nueva solución con coste 3784
Intercambio (6, 8) -> Nueva solución con coste 3768
Intercambio (8, 18) -> Nueva solución con coste 3762
Intercambio (9, 14) -> Nueva solución con coste 3748
Intercambio (11, 16) -> Nueva solución con coste 3738
Intercambio (12, 17) -> Nueva solución con coste 3706
Intercambio (13, 19) -> Nueva solución con coste 3696
Intercambio (16, 1) -> Nueva solución con coste 3688
Intercambio (17, 5) -> Nueva solución con coste 3684
Intercambio (1, 11) -> Nueva solución con coste 3672
Intercambio (5, 9) -> Nueva solución con coste 3660
Intercambio (6, 9) -> Nueva solución con coste 3640
Intercambio (0, 1) -> Nueva solución con coste 3624

Solución final
--------------
[16, 7, 10, 4, 5, 19, 3, 13, 17, 14, 2, 9, 11, 8, 18, 1, 0, 15, 12, 6]
Coste final: 3624
Duración: 0.0 segundos
