========================================
 RESUMEN DE EJECUCIÓN 
========================================
Algoritmo:      Memetico
Archivo:        ford03.dat
Semilla:        5430765
----------------------------------------
Población:      100
kBest:          2
kWorst:         3
Elite:          1
Cruce:          OX2
----------------------------------------
PARAMETROS MEMÉTICO (BT):
Evaluaciones BT: 5000 evaluaciones
Iteraciones BT: 10 iteraciones (Profundidad)
----------------------------------------
RESULTADOS FINALES:
Evaluaciones Max: 10000
Generaciones:     9011
Tiempo (ms):    152
Costo Final:    12458
Solución:       [5, 26, 4, 13, 22, 12, 23, 23, 16, 29, 25, 4, 8, 8, 26, 10, 11, 19, 18, 6, 14, 3, 17, 4, 26, 9, 27, 26, 14, 1]
========================================
