========================================
 RESUMEN DE EJECUCIÓN 
========================================
Algoritmo:      Memetico
Archivo:        ford04.dat
Semilla:        53054673
----------------------------------------
Población:      100
kBest:          2
kWorst:         3
Elite:          1
Cruce:          OX2
----------------------------------------
PARAMETROS MEMÉTICO (BT):
Evaluaciones BT: 2000 evaluaciones
Iteraciones BT: 10 iteraciones (Profundidad)
----------------------------------------
RESULTADOS FINALES:
Evaluaciones Max: 10000
Generaciones:     8888
Tiempo (ms):    161
Costo Final:    162302
Solución:       [0, 13, 2, 3, 4, 20, 6, 7, 8, 18, 9, 11, 29, 1, 18, 15, 16, 17, 18, 28, 20, 21, 22, 8, 24, 25, 26, 27, 20, 5]
========================================
