========================================
 RESUMEN DE EJECUCIÓN 
========================================
Algoritmo:      Memetico
Archivo:        ford03.dat
Semilla:        40753067
----------------------------------------
Población:      100
kBest:          2
kWorst:         3
Elite:          1
Cruce:          OX2
----------------------------------------
PARAMETROS MEMÉTICO (BT):
Evaluaciones BT: 2000 evaluaciones
Iteraciones BT: 10 iteraciones (Profundidad)
----------------------------------------
RESULTADOS FINALES:
Evaluaciones Max: 10000
Generaciones:     8982
Tiempo (ms):    170
Costo Final:    13206
Solución:       [26, 0, 10, 25, 3, 18, 20, 15, 2, 13, 21, 4, 7, 27, 1, 6, 5, 26, 22, 17, 8, 11, 9, 19, 23, 27, 1, 14, 28, 29]
========================================
