========================================
 RESUMEN DE EJECUCIÓN 
========================================
Algoritmo:      Memetico
Archivo:        ford01.dat
Semilla:        35470364
----------------------------------------
Población:      100
kBest:          2
kWorst:         3
Elite:          1
Cruce:          OX2
----------------------------------------
PARAMETROS MEMÉTICO (BT):
Evaluaciones BT: 2000 evaluaciones
Iteraciones BT: 10 iteraciones (Profundidad)
----------------------------------------
RESULTADOS FINALES:
Evaluaciones Max: 10000
Generaciones:     9071
Tiempo (ms):    135
Costo Final:    3632
Solución:       [15, 4, 12, 2, 8, 0, 16, 19, 1, 18, 14, 13, 10, 5, 3, 11, 9, 6, 17, 7]
========================================
