Parámetros del algoritmo
------------------------
Algoritmo: BusquedaTabu
Dataset: ford02.dat
Semilla: 53054673

Solución inicial y su coste
---------------------------
[12, 1, 18, 6, 0, 13, 7, 19, 16, 10, 11, 5, 15, 3, 17, 2, 9, 14, 8, 4]
Coste: 31396

Evolución de la búsqueda
------------------------
Intercambio (0, 4) -> Nueva solución con coste 31772
Intercambio (2, 14) -> Nueva solución con coste 31746
Intercambio (16, 18) -> Nueva solución con coste 31652
Intercambio (3, 18) -> Nueva solución con coste 31268
Intercambio (6, 14) -> Nueva solución con coste 30818
Intercambio (2, 16) -> Nueva solución con coste 30760
Intercambio (15, 17) -> Nueva solución con coste 30752
Intercambio (5, 9) -> Peor solución (coste 30808) — no aceptada
Intercambio (5, 9) -> Nueva solución con coste 30752
Intercambio (15, 17) -> Peor solución (coste 30760) — no aceptada
Intercambio (15, 17) -> Nueva solución con coste 30752
Intercambio (5, 9) -> Peor solución (coste 30808) — no aceptada
Intercambio (5, 9) -> Nueva solución con coste 30752
Intercambio (15, 17) -> Peor solución (coste 30760) — no aceptada
Intercambio (15, 17) -> Nueva solución con coste 30752
Intercambio (5, 9) -> Peor solución (coste 30808) — no aceptada
Intercambio (5, 9) -> Nueva solución con coste 30752
Intercambio (15, 17) -> Peor solución (coste 30760) — no aceptada
Intercambio (15, 17) -> Nueva solución con coste 30752
Intercambio (5, 9) -> Peor solución (coste 30808) — no aceptada
Intercambio (5, 9) -> Nueva solución con coste 30752
Intercambio (15, 17) -> Peor solución (coste 30760) — no aceptada
Intercambio (15, 17) -> Nueva solución con coste 30752
Intercambio (5, 9) -> Peor solución (coste 30808) — no aceptada
Intercambio (5, 9) -> Nueva solución con coste 30752
Intercambio (15, 17) -> Peor solución (coste 30760) — no aceptada
Intercambio (15, 17) -> Nueva solución con coste 30752
Intercambio (5, 9) -> Peor solución (coste 30808) — no aceptada
Intercambio (5, 9) -> Nueva solución con coste 30752
Intercambio (15, 17) -> Peor solución (coste 30760) — no aceptada
Intercambio (15, 17) -> Nueva solución con coste 30752
Intercambio (5, 9) -> Peor solución (coste 30808) — no aceptada
Intercambio (5, 9) -> Nueva solución con coste 30752
Intercambio (15, 17) -> Peor solución (coste 30760) — no aceptada
Intercambio (15, 17) -> Nueva solución con coste 30752
Intercambio (5, 9) -> Peor solución (coste 30808) — no aceptada
Intercambio (5, 9) -> Nueva solución con coste 30752
Intercambio (15, 17) -> Peor solución (coste 30760) — no aceptada
Intercambio (15, 17) -> Nueva solución con coste 30752
Intercambio (5, 9) -> Peor solución (coste 30808) — no aceptada
Intercambio (5, 9) -> Nueva solución con coste 30752
Intercambio (15, 17) -> Peor solución (coste 30760) — no aceptada
Intercambio (15, 17) -> Nueva solución con coste 30752
Intercambio (5, 9) -> Peor solución (coste 30808) — no aceptada
Intercambio (5, 9) -> Nueva solución con coste 30752
Intercambio (15, 17) -> Peor solución (coste 30760) — no aceptada
Intercambio (15, 17) -> Nueva solución con coste 30752
Intercambio (5, 9) -> Peor solución (coste 30808) — no aceptada
Intercambio (5, 9) -> Nueva solución con coste 30752
Intercambio (15, 17) -> Peor solución (coste 30760) — no aceptada
Intercambio (15, 17) -> Nueva solución con coste 30752
Intercambio (5, 9) -> Peor solución (coste 30808) — no aceptada
Intercambio (5, 9) -> Nueva solución con coste 30752
Intercambio (15, 17) -> Peor solución (coste 30760) — no aceptada
Intercambio (15, 17) -> Nueva solución con coste 30752
Intercambio (5, 9) -> Peor solución (coste 30808) — no aceptada
Intercambio (5, 9) -> Nueva solución con coste 30752
Intercambio (15, 17) -> Peor solución (coste 30760) — no aceptada
Intercambio (15, 17) -> Nueva solución con coste 30752
Intercambio (5, 9) -> Peor solución (coste 30808) — no aceptada
Intercambio (5, 9) -> Nueva solución con coste 30752
Intercambio (15, 17) -> Peor solución (coste 30760) — no aceptada
Intercambio (15, 17) -> Nueva solución con coste 30752
Intercambio (5, 9) -> Peor solución (coste 30808) — no aceptada
Intercambio (5, 9) -> Nueva solución con coste 30752
Intercambio (15, 17) -> Peor solución (coste 30760) — no aceptada
Intercambio (15, 17) -> Nueva solución con coste 30752
Intercambio (5, 9) -> Peor solución (coste 30808) — no aceptada
Intercambio (5, 9) -> Nueva solución con coste 30752
Intercambio (15, 17) -> Peor solución (coste 30760) — no aceptada
Intercambio (15, 17) -> Nueva solución con coste 30752
Intercambio (5, 9) -> Peor solución (coste 30808) — no aceptada
Intercambio (5, 9) -> Nueva solución con coste 30752
Intercambio (15, 17) -> Peor solución (coste 30760) — no aceptada
Intercambio (15, 17) -> Nueva solución con coste 30752
Intercambio (5, 9) -> Peor solución (coste 30808) — no aceptada
Intercambio (5, 9) -> Nueva solución con coste 30752
Intercambio (15, 17) -> Peor solución (coste 30760) — no aceptada
Intercambio (15, 17) -> Nueva solución con coste 30752
Intercambio (5, 9) -> Peor solución (coste 30808) — no aceptada
Intercambio (5, 9) -> Nueva solución con coste 30752
Intercambio (15, 17) -> Peor solución (coste 30760) — no aceptada
Intercambio (15, 17) -> Nueva solución con coste 30752
Intercambio (5, 9) -> Peor solución (coste 30808) — no aceptada
Intercambio (5, 9) -> Nueva solución con coste 30752
Intercambio (15, 17) -> Peor solución (coste 30760) — no aceptada
Intercambio (15, 17) -> Nueva solución con coste 30752
Intercambio (5, 9) -> Peor solución (coste 30808) — no aceptada
Intercambio (5, 9) -> Nueva solución con coste 30752
Intercambio (15, 17) -> Peor solución (coste 30760) — no aceptada
Intercambio (15, 17) -> Nueva solución con coste 30752
Intercambio (5, 9) -> Peor solución (coste 30808) — no aceptada
Intercambio (5, 9) -> Nueva solución con coste 30752
Intercambio (15, 17) -> Peor solución (coste 30760) — no aceptada
Intercambio (15, 17) -> Nueva solución con coste 30752
Intercambio (5, 9) -> Peor solución (coste 30808) — no aceptada
Intercambio (5, 9) -> Nueva solución con coste 30752
Intercambio (15, 17) -> Peor solución (coste 30760) — no aceptada
Intercambio (15, 17) -> Nueva solución con coste 30752
Intercambio (5, 9) -> Peor solución (coste 30808) — no aceptada
Intercambio (5, 9) -> Nueva solución con coste 30752
Intercambio (15, 17) -> Peor solución (coste 30760) — no aceptada
Intercambio (15, 17) -> Nueva solución con coste 30752
Intercambio (5, 9) -> Peor solución (coste 30808) — no aceptada
Intercambio (5, 9) -> Nueva solución con coste 30752
Intercambio (15, 17) -> Peor solución (coste 30760) — no aceptada
Intercambio (15, 17) -> Nueva solución con coste 30752
Intercambio (5, 9) -> Peor solución (coste 30808) — no aceptada
Intercambio (5, 9) -> Nueva solución con coste 30752
Intercambio (15, 17) -> Peor solución (coste 30760) — no aceptada
Intercambio (15, 17) -> Nueva solución con coste 30752
Intercambio (5, 9) -> Peor solución (coste 30808) — no aceptada
Intercambio (5, 9) -> Nueva solución con coste 30752
Intercambio (15, 17) -> Peor solución (coste 30760) — no aceptada
Intercambio (15, 17) -> Nueva solución con coste 30752
Intercambio (5, 9) -> Peor solución (coste 30808) — no aceptada
Intercambio (5, 9) -> Nueva solución con coste 30752
Intercambio (15, 17) -> Peor solución (coste 30760) — no aceptada
Intercambio (15, 17) -> Nueva solución con coste 30752
Intercambio (5, 9) -> Peor solución (coste 30808) — no aceptada
Intercambio (5, 9) -> Nueva solución con coste 30752
Intercambio (15, 17) -> Peor solución (coste 30760) — no aceptada
Intercambio (15, 17) -> Nueva solución con coste 30752
Intercambio (5, 9) -> Peor solución (coste 30808) — no aceptada
Intercambio (5, 9) -> Nueva solución con coste 30752
Intercambio (15, 17) -> Peor solución (coste 30760) — no aceptada
Intercambio (15, 17) -> Nueva solución con coste 30752
Intercambio (5, 9) -> Peor solución (coste 30808) — no aceptada
Intercambio (5, 9) -> Nueva solución con coste 30752
Intercambio (15, 17) -> Peor solución (coste 30760) — no aceptada
Intercambio (15, 17) -> Nueva solución con coste 30752
Intercambio (5, 9) -> Peor solución (coste 30808) — no aceptada
Intercambio (5, 9) -> Nueva solución con coste 30752
Intercambio (15, 17) -> Peor solución (coste 30760) — no aceptada
Intercambio (15, 17) -> Nueva solución con coste 30752
Intercambio (5, 9) -> Peor solución (coste 30808) — no aceptada
Intercambio (5, 9) -> Nueva solución con coste 30752
Intercambio (15, 17) -> Peor solución (coste 30760) — no aceptada
Intercambio (15, 17) -> Nueva solución con coste 30752
Intercambio (5, 9) -> Peor solución (coste 30808) — no aceptada
Intercambio (5, 9) -> Nueva solución con coste 30752
Intercambio (15, 17) -> Peor solución (coste 30760) — no aceptada
Intercambio (15, 17) -> Nueva solución con coste 30752
Intercambio (5, 9) -> Peor solución (coste 30808) — no aceptada
Intercambio (5, 9) -> Nueva solución con coste 30752
Intercambio (15, 17) -> Peor solución (coste 30760) — no aceptada
Intercambio (15, 17) -> Nueva solución con coste 30752
Intercambio (5, 9) -> Peor solución (coste 30808) — no aceptada
Intercambio (5, 9) -> Nueva solución con coste 30752
Intercambio (15, 17) -> Peor solución (coste 30760) — no aceptada
Intercambio (15, 17) -> Nueva solución con coste 30752
Intercambio (5, 9) -> Peor solución (coste 30808) — no aceptada
Intercambio (5, 9) -> Nueva solución con coste 30752
Intercambio (15, 17) -> Peor solución (coste 30760) — no aceptada
Intercambio (15, 17) -> Nueva solución con coste 30752
Intercambio (5, 9) -> Peor solución (coste 30808) — no aceptada
Intercambio (5, 9) -> Nueva solución con coste 30752
Intercambio (15, 17) -> Peor solución (coste 30760) — no aceptada
Intercambio (15, 17) -> Nueva solución con coste 30752
Intercambio (5, 9) -> Peor solución (coste 30808) — no aceptada
Intercambio (5, 9) -> Nueva solución con coste 30752
Intercambio (15, 17) -> Peor solución (coste 30760) — no aceptada
Intercambio (15, 17) -> Nueva solución con coste 30752
Intercambio (5, 9) -> Peor solución (coste 30808) — no aceptada
Intercambio (5, 9) -> Nueva solución con coste 30752
Intercambio (15, 17) -> Peor solución (coste 30760) — no aceptada
Intercambio (15, 17) -> Nueva solución con coste 30752
Intercambio (5, 9) -> Peor solución (coste 30808) — no aceptada
Intercambio (5, 9) -> Nueva solución con coste 30752
Intercambio (15, 17) -> Peor solución (coste 30760) — no aceptada
Intercambio (15, 17) -> Nueva solución con coste 30752
Intercambio (5, 9) -> Peor solución (coste 30808) — no aceptada
Intercambio (5, 9) -> Nueva solución con coste 30752
Intercambio (15, 17) -> Peor solución (coste 30760) — no aceptada
Intercambio (15, 17) -> Nueva solución con coste 30752
Intercambio (5, 9) -> Peor solución (coste 30808) — no aceptada
Intercambio (5, 9) -> Nueva solución con coste 30752
Intercambio (15, 17) -> Peor solución (coste 30760) — no aceptada
Intercambio (15, 17) -> Nueva solución con coste 30752
Intercambio (5, 9) -> Peor solución (coste 30808) — no aceptada
Intercambio (5, 9) -> Nueva solución con coste 30752
Intercambio (15, 17) -> Peor solución (coste 30760) — no aceptada
Intercambio (15, 17) -> Nueva solución con coste 30752
Intercambio (5, 9) -> Peor solución (coste 30808) — no aceptada
Intercambio (5, 9) -> Nueva solución con coste 30752
Intercambio (15, 17) -> Peor solución (coste 30760) — no aceptada
Intercambio (15, 17) -> Nueva solución con coste 30752
Intercambio (5, 9) -> Peor solución (coste 30808) — no aceptada
Intercambio (5, 9) -> Nueva solución con coste 30752
Intercambio (15, 17) -> Peor solución (coste 30760) — no aceptada
Intercambio (15, 17) -> Nueva solución con coste 30752
Intercambio (5, 9) -> Peor solución (coste 30808) — no aceptada
Intercambio (5, 9) -> Nueva solución con coste 30752
Intercambio (15, 17) -> Peor solución (coste 30760) — no aceptada
Intercambio (15, 17) -> Nueva solución con coste 30752
Intercambio (5, 9) -> Peor solución (coste 30808) — no aceptada
Intercambio (5, 9) -> Nueva solución con coste 30752
Intercambio (15, 17) -> Peor solución (coste 30760) — no aceptada
Intercambio (15, 17) -> Nueva solución con coste 30752
Intercambio (5, 9) -> Peor solución (coste 30808) — no aceptada
Intercambio (5, 9) -> Nueva solución con coste 30752
Intercambio (15, 17) -> Peor solución (coste 30760) — no aceptada
Intercambio (15, 17) -> Nueva solución con coste 30752
Intercambio (5, 9) -> Peor solución (coste 30808) — no aceptada
Intercambio (5, 9) -> Nueva solución con coste 30752
Intercambio (15, 17) -> Peor solución (coste 30760) — no aceptada
Intercambio (15, 17) -> Nueva solución con coste 30752
Intercambio (5, 9) -> Peor solución (coste 30808) — no aceptada
Intercambio (5, 9) -> Nueva solución con coste 30752
Intercambio (15, 17) -> Peor solución (coste 30760) — no aceptada
Intercambio (15, 17) -> Nueva solución con coste 30752
Intercambio (5, 9) -> Peor solución (coste 30808) — no aceptada
Intercambio (5, 9) -> Nueva solución con coste 30752
Intercambio (15, 17) -> Peor solución (coste 30760) — no aceptada
Intercambio (15, 17) -> Nueva solución con coste 30752
Intercambio (5, 9) -> Peor solución (coste 30808) — no aceptada
Intercambio (5, 9) -> Nueva solución con coste 30752
Intercambio (15, 17) -> Peor solución (coste 30760) — no aceptada
Intercambio (15, 17) -> Nueva solución con coste 30752
Intercambio (5, 9) -> Peor solución (coste 30808) — no aceptada
Intercambio (5, 9) -> Nueva solución con coste 30752
Intercambio (15, 17) -> Peor solución (coste 30760) — no aceptada
Intercambio (15, 17) -> Nueva solución con coste 30752
Intercambio (5, 9) -> Peor solución (coste 30808) — no aceptada
Intercambio (5, 9) -> Nueva solución con coste 30752
Intercambio (15, 17) -> Peor solución (coste 30760) — no aceptada
Intercambio (15, 17) -> Nueva solución con coste 30752
Intercambio (5, 9) -> Peor solución (coste 30808) — no aceptada
Intercambio (5, 9) -> Nueva solución con coste 30752
Intercambio (15, 17) -> Peor solución (coste 30760) — no aceptada
Intercambio (15, 17) -> Nueva solución con coste 30752
Intercambio (5, 9) -> Peor solución (coste 30808) — no aceptada
Intercambio (5, 9) -> Nueva solución con coste 30752
Intercambio (15, 17) -> Peor solución (coste 30760) — no aceptada
Intercambio (15, 17) -> Nueva solución con coste 30752
Intercambio (5, 9) -> Peor solución (coste 30808) — no aceptada
Intercambio (5, 9) -> Nueva solución con coste 30752
Intercambio (15, 17) -> Peor solución (coste 30760) — no aceptada
Intercambio (15, 17) -> Nueva solución con coste 30752
Intercambio (5, 9) -> Peor solución (coste 30808) — no aceptada
Intercambio (5, 9) -> Nueva solución con coste 30752
Intercambio (15, 17) -> Peor solución (coste 30760) — no aceptada
Intercambio (15, 17) -> Nueva solución con coste 30752
Intercambio (5, 9) -> Peor solución (coste 30808) — no aceptada
Intercambio (5, 9) -> Nueva solución con coste 30752
Intercambio (15, 17) -> Peor solución (coste 30760) — no aceptada
Intercambio (15, 17) -> Nueva solución con coste 30752
Intercambio (5, 9) -> Peor solución (coste 30808) — no aceptada
Intercambio (5, 9) -> Nueva solución con coste 30752
Intercambio (15, 17) -> Peor solución (coste 30760) — no aceptada
Intercambio (15, 17) -> Nueva solución con coste 30752
Intercambio (5, 9) -> Peor solución (coste 30808) — no aceptada
Intercambio (5, 9) -> Nueva solución con coste 30752
Intercambio (15, 17) -> Peor solución (coste 30760) — no aceptada
Intercambio (15, 17) -> Nueva solución con coste 30752
Intercambio (5, 9) -> Peor solución (coste 30808) — no aceptada
Intercambio (5, 9) -> Nueva solución con coste 30752
Intercambio (15, 17) -> Peor solución (coste 30760) — no aceptada
Intercambio (15, 17) -> Nueva solución con coste 30752
Intercambio (5, 9) -> Peor solución (coste 30808) — no aceptada
Intercambio (5, 9) -> Nueva solución con coste 30752
Intercambio (15, 17) -> Peor solución (coste 30760) — no aceptada
Intercambio (15, 17) -> Nueva solución con coste 30752
Intercambio (5, 9) -> Peor solución (coste 30808) — no aceptada
Intercambio (5, 9) -> Nueva solución con coste 30752
Intercambio (15, 17) -> Peor solución (coste 30760) — no aceptada
Intercambio (15, 17) -> Nueva solución con coste 30752
Intercambio (5, 9) -> Peor solución (coste 30808) — no aceptada
Intercambio (5, 9) -> Nueva solución con coste 30752
Intercambio (15, 17) -> Peor solución (coste 30760) — no aceptada
Intercambio (15, 17) -> Nueva solución con coste 30752
Intercambio (5, 9) -> Peor solución (coste 30808) — no aceptada
Intercambio (5, 9) -> Nueva solución con coste 30752
Intercambio (15, 17) -> Peor solución (coste 30760) — no aceptada
Intercambio (15, 17) -> Nueva solución con coste 30752
Intercambio (5, 9) -> Peor solución (coste 30808) — no aceptada
Intercambio (5, 9) -> Nueva solución con coste 30752
Intercambio (15, 17) -> Peor solución (coste 30760) — no aceptada
Intercambio (15, 17) -> Nueva solución con coste 30752
Intercambio (5, 9) -> Peor solución (coste 30808) — no aceptada
Intercambio (5, 9) -> Nueva solución con coste 30752
Intercambio (15, 17) -> Peor solución (coste 30760) — no aceptada
Intercambio (15, 17) -> Nueva solución con coste 30752
Intercambio (5, 9) -> Peor solución (coste 30808) — no aceptada
Intercambio (5, 9) -> Nueva solución con coste 30752
Intercambio (15, 17) -> Peor solución (coste 30760) — no aceptada
Intercambio (15, 17) -> Nueva solución con coste 30752
Intercambio (5, 9) -> Peor solución (coste 30808) — no aceptada
Intercambio (5, 9) -> Nueva solución con coste 30752
Intercambio (15, 17) -> Peor solución (coste 30760) — no aceptada
Intercambio (15, 17) -> Nueva solución con coste 30752
Intercambio (5, 9) -> Peor solución (coste 30808) — no aceptada
Intercambio (5, 9) -> Nueva solución con coste 30752
Intercambio (15, 17) -> Peor solución (coste 30760) — no aceptada
Intercambio (15, 17) -> Nueva solución con coste 30752
Intercambio (5, 9) -> Peor solución (coste 30808) — no aceptada
Intercambio (5, 9) -> Nueva solución con coste 30752
Intercambio (15, 17) -> Peor solución (coste 30760) — no aceptada
Intercambio (15, 17) -> Nueva solución con coste 30752
Intercambio (5, 9) -> Peor solución (coste 30808) — no aceptada
Intercambio (5, 9) -> Nueva solución con coste 30752
Intercambio (15, 17) -> Peor solución (coste 30760) — no aceptada
Intercambio (15, 17) -> Nueva solución con coste 30752
Intercambio (5, 9) -> Peor solución (coste 30808) — no aceptada
Intercambio (5, 9) -> Nueva solución con coste 30752
Intercambio (15, 17) -> Peor solución (coste 30760) — no aceptada
Intercambio (15, 17) -> Nueva solución con coste 30752
Intercambio (5, 9) -> Peor solución (coste 30808) — no aceptada
Intercambio (5, 9) -> Nueva solución con coste 30752
Intercambio (15, 17) -> Peor solución (coste 30760) — no aceptada
Intercambio (15, 17) -> Nueva solución con coste 30752
Intercambio (5, 9) -> Peor solución (coste 30808) — no aceptada
Intercambio (5, 9) -> Nueva solución con coste 30752
Intercambio (15, 17) -> Peor solución (coste 30760) — no aceptada
Intercambio (15, 17) -> Nueva solución con coste 30752
Intercambio (5, 9) -> Peor solución (coste 30808) — no aceptada
Intercambio (5, 9) -> Nueva solución con coste 30752
Intercambio (15, 17) -> Peor solución (coste 30760) — no aceptada
Intercambio (15, 17) -> Nueva solución con coste 30752
Intercambio (5, 9) -> Peor solución (coste 30808) — no aceptada
Intercambio (5, 9) -> Nueva solución con coste 30752
Intercambio (15, 17) -> Peor solución (coste 30760) — no aceptada
Intercambio (15, 17) -> Nueva solución con coste 30752
Intercambio (5, 9) -> Peor solución (coste 30808) — no aceptada
Intercambio (5, 9) -> Nueva solución con coste 30752
Intercambio (15, 17) -> Peor solución (coste 30760) — no aceptada
Intercambio (15, 17) -> Nueva solución con coste 30752
Intercambio (5, 9) -> Peor solución (coste 30808) — no aceptada
Intercambio (5, 9) -> Nueva solución con coste 30752
Intercambio (15, 17) -> Peor solución (coste 30760) — no aceptada
Intercambio (15, 17) -> Nueva solución con coste 30752
Intercambio (5, 9) -> Peor solución (coste 30808) — no aceptada
Intercambio (5, 9) -> Nueva solución con coste 30752
Intercambio (15, 17) -> Peor solución (coste 30760) — no aceptada
Intercambio (15, 17) -> Nueva solución con coste 30752
Intercambio (5, 9) -> Peor solución (coste 30808) — no aceptada
Intercambio (5, 9) -> Nueva solución con coste 30752
Intercambio (15, 17) -> Peor solución (coste 30760) — no aceptada
Intercambio (15, 17) -> Nueva solución con coste 30752
Intercambio (5, 9) -> Peor solución (coste 30808) — no aceptada
Intercambio (5, 9) -> Nueva solución con coste 30752
Intercambio (15, 17) -> Peor solución (coste 30760) — no aceptada
Intercambio (15, 17) -> Nueva solución con coste 30752
Intercambio (5, 9) -> Peor solución (coste 30808) — no aceptada
Intercambio (5, 9) -> Nueva solución con coste 30752
Intercambio (15, 17) -> Peor solución (coste 30760) — no aceptada
Intercambio (15, 17) -> Nueva solución con coste 30752
Intercambio (5, 9) -> Peor solución (coste 30808) — no aceptada
Intercambio (5, 9) -> Nueva solución con coste 30752
Intercambio (15, 17) -> Peor solución (coste 30760) — no aceptada
Intercambio (15, 17) -> Nueva solución con coste 30752
Intercambio (5, 9) -> Peor solución (coste 30808) — no aceptada
Intercambio (5, 9) -> Nueva solución con coste 30752
Intercambio (15, 17) -> Peor solución (coste 30760) — no aceptada
Intercambio (15, 17) -> Nueva solución con coste 30752
Intercambio (5, 9) -> Peor solución (coste 30808) — no aceptada
Intercambio (5, 9) -> Nueva solución con coste 30752
Intercambio (15, 17) -> Peor solución (coste 30760) — no aceptada
Intercambio (15, 17) -> Nueva solución con coste 30752
Intercambio (5, 9) -> Peor solución (coste 30808) — no aceptada
Intercambio (5, 9) -> Nueva solución con coste 30752
Intercambio (15, 17) -> Peor solución (coste 30760) — no aceptada
Intercambio (15, 17) -> Nueva solución con coste 30752
Intercambio (5, 9) -> Peor solución (coste 30808) — no aceptada
Intercambio (5, 9) -> Nueva solución con coste 30752
Intercambio (15, 17) -> Peor solución (coste 30760) — no aceptada
Intercambio (15, 17) -> Nueva solución con coste 30752
Intercambio (5, 9) -> Peor solución (coste 30808) — no aceptada
Intercambio (5, 9) -> Nueva solución con coste 30752
Intercambio (15, 17) -> Peor solución (coste 30760) — no aceptada
Intercambio (15, 17) -> Nueva solución con coste 30752
Intercambio (5, 9) -> Peor solución (coste 30808) — no aceptada
Intercambio (5, 9) -> Nueva solución con coste 30752
Intercambio (15, 17) -> Peor solución (coste 30760) — no aceptada
Intercambio (15, 17) -> Nueva solución con coste 30752
Intercambio (5, 9) -> Peor solución (coste 30808) — no aceptada
Intercambio (5, 9) -> Nueva solución con coste 30752
Intercambio (15, 17) -> Peor solución (coste 30760) — no aceptada
Intercambio (15, 17) -> Nueva solución con coste 30752
Intercambio (5, 9) -> Peor solución (coste 30808) — no aceptada
Intercambio (5, 9) -> Nueva solución con coste 30752
Intercambio (15, 17) -> Peor solución (coste 30760) — no aceptada
Intercambio (15, 17) -> Nueva solución con coste 30752
Intercambio (5, 9) -> Peor solución (coste 30808) — no aceptada
Intercambio (5, 9) -> Nueva solución con coste 30752
Intercambio (15, 17) -> Peor solución (coste 30760) — no aceptada
Intercambio (15, 17) -> Nueva solución con coste 30752
Intercambio (5, 9) -> Peor solución (coste 30808) — no aceptada
Intercambio (5, 9) -> Nueva solución con coste 30752
Intercambio (15, 17) -> Peor solución (coste 30760) — no aceptada
Intercambio (15, 17) -> Nueva solución con coste 30752
Intercambio (5, 9) -> Peor solución (coste 30808) — no aceptada
Intercambio (5, 9) -> Nueva solución con coste 30752
Intercambio (15, 17) -> Peor solución (coste 30760) — no aceptada
Intercambio (15, 17) -> Nueva solución con coste 30752
Intercambio (5, 9) -> Peor solución (coste 30808) — no aceptada
Intercambio (5, 9) -> Nueva solución con coste 30752
Intercambio (15, 17) -> Peor solución (coste 30760) — no aceptada
Intercambio (15, 17) -> Nueva solución con coste 30752
Intercambio (5, 9) -> Peor solución (coste 30808) — no aceptada
Intercambio (5, 9) -> Nueva solución con coste 30752
Intercambio (15, 17) -> Peor solución (coste 30760) — no aceptada
Intercambio (15, 17) -> Nueva solución con coste 30752
Intercambio (5, 9) -> Peor solución (coste 30808) — no aceptada
Intercambio (5, 9) -> Nueva solución con coste 30752
Intercambio (15, 17) -> Peor solución (coste 30760) — no aceptada
Intercambio (15, 17) -> Nueva solución con coste 30752
Intercambio (5, 9) -> Peor solución (coste 30808) — no aceptada
Intercambio (5, 9) -> Nueva solución con coste 30752
Intercambio (15, 17) -> Peor solución (coste 30760) — no aceptada
Intercambio (15, 17) -> Nueva solución con coste 30752
Intercambio (5, 9) -> Peor solución (coste 30808) — no aceptada
Intercambio (5, 9) -> Nueva solución con coste 30752
Intercambio (15, 17) -> Peor solución (coste 30760) — no aceptada
Intercambio (15, 17) -> Nueva solución con coste 30752
Intercambio (5, 9) -> Peor solución (coste 30808) — no aceptada
Intercambio (5, 9) -> Nueva solución con coste 30752
Intercambio (15, 17) -> Peor solución (coste 30760) — no aceptada
Intercambio (15, 17) -> Nueva solución con coste 30752
Intercambio (5, 9) -> Peor solución (coste 30808) — no aceptada
Intercambio (5, 9) -> Nueva solución con coste 30752
Intercambio (15, 17) -> Peor solución (coste 30760) — no aceptada
Intercambio (15, 17) -> Nueva solución con coste 30752
Intercambio (5, 9) -> Peor solución (coste 30808) — no aceptada
Intercambio (5, 9) -> Nueva solución con coste 30752
Intercambio (15, 17) -> Peor solución (coste 30760) — no aceptada
Intercambio (15, 17) -> Nueva solución con coste 30752
Intercambio (5, 9) -> Peor solución (coste 30808) — no aceptada
Intercambio (5, 9) -> Nueva solución con coste 30752
Intercambio (15, 17) -> Peor solución (coste 30760) — no aceptada
Intercambio (15, 17) -> Nueva solución con coste 30752
Intercambio (5, 9) -> Peor solución (coste 30808) — no aceptada
Intercambio (5, 9) -> Nueva solución con coste 30752
Intercambio (15, 17) -> Peor solución (coste 30760) — no aceptada
Intercambio (15, 17) -> Nueva solución con coste 30752
Intercambio (5, 9) -> Peor solución (coste 30808) — no aceptada
Intercambio (5, 9) -> Nueva solución con coste 30752
Intercambio (15, 17) -> Peor solución (coste 30760) — no aceptada
Intercambio (15, 17) -> Nueva solución con coste 30752
Intercambio (5, 9) -> Peor solución (coste 30808) — no aceptada
Intercambio (5, 9) -> Nueva solución con coste 30752
Intercambio (15, 17) -> Peor solución (coste 30760) — no aceptada
Intercambio (15, 17) -> Nueva solución con coste 30752
Intercambio (5, 9) -> Peor solución (coste 30808) — no aceptada
Intercambio (5, 9) -> Nueva solución con coste 30752
Intercambio (15, 17) -> Peor solución (coste 30760) — no aceptada
Intercambio (15, 17) -> Nueva solución con coste 30752
Intercambio (5, 9) -> Peor solución (coste 30808) — no aceptada
Intercambio (5, 9) -> Nueva solución con coste 30752
Intercambio (15, 17) -> Peor solución (coste 30760) — no aceptada
Intercambio (15, 17) -> Nueva solución con coste 30752
Intercambio (5, 9) -> Peor solución (coste 30808) — no aceptada
Intercambio (5, 9) -> Nueva solución con coste 30752
Intercambio (15, 17) -> Peor solución (coste 30760) — no aceptada
Intercambio (15, 17) -> Nueva solución con coste 30752
Intercambio (5, 9) -> Peor solución (coste 30808) — no aceptada
Intercambio (5, 9) -> Nueva solución con coste 30752
Intercambio (15, 17) -> Peor solución (coste 30760) — no aceptada
Intercambio (15, 17) -> Nueva solución con coste 30752
Intercambio (5, 9) -> Peor solución (coste 30808) — no aceptada
Intercambio (5, 9) -> Nueva solución con coste 30752
Intercambio (15, 17) -> Peor solución (coste 30760) — no aceptada
Intercambio (15, 17) -> Nueva solución con coste 30752
Intercambio (5, 9) -> Peor solución (coste 30808) — no aceptada
Intercambio (5, 9) -> Nueva solución con coste 30752
Intercambio (15, 17) -> Peor solución (coste 30760) — no aceptada
Intercambio (15, 17) -> Nueva solución con coste 30752
Intercambio (5, 9) -> Peor solución (coste 30808) — no aceptada
Intercambio (5, 9) -> Nueva solución con coste 30752
Intercambio (15, 17) -> Peor solución (coste 30760) — no aceptada
Intercambio (15, 17) -> Nueva solución con coste 30752
Intercambio (5, 9) -> Peor solución (coste 30808) — no aceptada
Intercambio (5, 9) -> Nueva solución con coste 30752
Intercambio (15, 17) -> Peor solución (coste 30760) — no aceptada
Intercambio (15, 17) -> Nueva solución con coste 30752
Intercambio (5, 9) -> Peor solución (coste 30808) — no aceptada
Intercambio (5, 9) -> Nueva solución con coste 30752
Intercambio (15, 17) -> Peor solución (coste 30760) — no aceptada
Intercambio (15, 17) -> Nueva solución con coste 30752
Intercambio (5, 9) -> Peor solución (coste 30808) — no aceptada
Intercambio (5, 9) -> Nueva solución con coste 30752
Intercambio (15, 17) -> Peor solución (coste 30760) — no aceptada
Intercambio (15, 17) -> Nueva solución con coste 30752
Intercambio (5, 9) -> Peor solución (coste 30808) — no aceptada
Intercambio (5, 9) -> Nueva solución con coste 30752
Intercambio (15, 17) -> Peor solución (coste 30760) — no aceptada
Intercambio (15, 17) -> Nueva solución con coste 30752
Intercambio (5, 9) -> Peor solución (coste 30808) — no aceptada
Intercambio (5, 9) -> Nueva solución con coste 30752
Intercambio (15, 17) -> Peor solución (coste 30760) — no aceptada
Intercambio (15, 17) -> Nueva solución con coste 30752
Intercambio (5, 9) -> Peor solución (coste 30808) — no aceptada
Intercambio (5, 9) -> Nueva solución con coste 30752
Intercambio (15, 17) -> Peor solución (coste 30760) — no aceptada
Intercambio (15, 17) -> Nueva solución con coste 30752
Intercambio (5, 9) -> Peor solución (coste 30808) — no aceptada
Intercambio (5, 9) -> Nueva solución con coste 30752
Intercambio (15, 17) -> Peor solución (coste 30760) — no aceptada
Intercambio (15, 17) -> Nueva solución con coste 30752
Intercambio (5, 9) -> Peor solución (coste 30808) — no aceptada
Intercambio (5, 9) -> Nueva solución con coste 30752
Intercambio (15, 17) -> Peor solución (coste 30760) — no aceptada
Intercambio (15, 17) -> Nueva solución con coste 30752
Intercambio (5, 9) -> Peor solución (coste 30808) — no aceptada
Intercambio (5, 9) -> Nueva solución con coste 30752
Intercambio (15, 17) -> Peor solución (coste 30760) — no aceptada
Intercambio (15, 17) -> Nueva solución con coste 30752
Intercambio (5, 9) -> Peor solución (coste 30808) — no aceptada
Intercambio (5, 9) -> Nueva solución con coste 30752
Intercambio (15, 17) -> Peor solución (coste 30760) — no aceptada
Intercambio (15, 17) -> Nueva solución con coste 30752
Intercambio (5, 9) -> Peor solución (coste 30808) — no aceptada
Intercambio (5, 9) -> Nueva solución con coste 30752
Intercambio (15, 17) -> Peor solución (coste 30760) — no aceptada
Intercambio (15, 17) -> Nueva solución con coste 30752
Intercambio (5, 9) -> Peor solución (coste 30808) — no aceptada
Intercambio (5, 9) -> Nueva solución con coste 30752
Intercambio (15, 17) -> Peor solución (coste 30760) — no aceptada
Intercambio (15, 17) -> Nueva solución con coste 30752
Intercambio (5, 9) -> Peor solución (coste 30808) — no aceptada
Intercambio (5, 9) -> Nueva solución con coste 30752
Intercambio (15, 17) -> Peor solución (coste 30760) — no aceptada
Intercambio (15, 17) -> Nueva solución con coste 30752
Intercambio (5, 9) -> Peor solución (coste 30808) — no aceptada
Intercambio (5, 9) -> Nueva solución con coste 30752
Intercambio (15, 17) -> Peor solución (coste 30760) — no aceptada
Intercambio (15, 17) -> Nueva solución con coste 30752
Intercambio (5, 9) -> Peor solución (coste 30808) — no aceptada
Intercambio (5, 9) -> Nueva solución con coste 30752
Intercambio (15, 17) -> Peor solución (coste 30760) — no aceptada
Intercambio (15, 17) -> Nueva solución con coste 30752
Intercambio (5, 9) -> Peor solución (coste 30808) — no aceptada
Intercambio (5, 9) -> Nueva solución con coste 30752
Intercambio (15, 17) -> Peor solución (coste 30760) — no aceptada
Intercambio (15, 17) -> Nueva solución con coste 30752
Intercambio (5, 9) -> Peor solución (coste 30808) — no aceptada
Intercambio (5, 9) -> Nueva solución con coste 30752
Intercambio (15, 17) -> Peor solución (coste 30760) — no aceptada
Intercambio (15, 17) -> Nueva solución con coste 30752
Intercambio (5, 9) -> Peor solución (coste 30808) — no aceptada
Intercambio (5, 9) -> Nueva solución con coste 30752
Intercambio (15, 17) -> Peor solución (coste 30760) — no aceptada
Intercambio (15, 17) -> Nueva solución con coste 30752
Intercambio (5, 9) -> Peor solución (coste 30808) — no aceptada
Intercambio (5, 9) -> Nueva solución con coste 30752
Intercambio (15, 17) -> Peor solución (coste 30760) — no aceptada
Intercambio (15, 17) -> Nueva solución con coste 30752
Intercambio (5, 9) -> Peor solución (coste 30808) — no aceptada
Intercambio (5, 9) -> Nueva solución con coste 30752
Intercambio (15, 17) -> Peor solución (coste 30760) — no aceptada
Intercambio (15, 17) -> Nueva solución con coste 30752
Intercambio (5, 9) -> Peor solución (coste 30808) — no aceptada
Intercambio (5, 9) -> Nueva solución con coste 30752
Intercambio (15, 17) -> Peor solución (coste 30760) — no aceptada
Intercambio (15, 17) -> Nueva solución con coste 30752
Intercambio (5, 9) -> Peor solución (coste 30808) — no aceptada
Intercambio (5, 9) -> Nueva solución con coste 30752
Intercambio (15, 17) -> Peor solución (coste 30760) — no aceptada
Intercambio (15, 17) -> Nueva solución con coste 30752
Intercambio (5, 9) -> Peor solución (coste 30808) — no aceptada
Intercambio (5, 9) -> Nueva solución con coste 30752
Intercambio (15, 17) -> Peor solución (coste 30760) — no aceptada
Intercambio (15, 17) -> Nueva solución con coste 30752
Intercambio (5, 9) -> Peor solución (coste 30808) — no aceptada
Intercambio (5, 9) -> Nueva solución con coste 30752
Intercambio (15, 17) -> Peor solución (coste 30760) — no aceptada
Intercambio (15, 17) -> Nueva solución con coste 30752
Intercambio (5, 9) -> Peor solución (coste 30808) — no aceptada
Intercambio (5, 9) -> Nueva solución con coste 30752
Intercambio (15, 17) -> Peor solución (coste 30760) — no aceptada
Intercambio (15, 17) -> Nueva solución con coste 30752
Intercambio (5, 9) -> Peor solución (coste 30808) — no aceptada
Intercambio (5, 9) -> Nueva solución con coste 30752
Intercambio (15, 17) -> Peor solución (coste 30760) — no aceptada
Intercambio (15, 17) -> Nueva solución con coste 30752
Intercambio (5, 9) -> Peor solución (coste 30808) — no aceptada
Intercambio (5, 9) -> Nueva solución con coste 30752
Intercambio (15, 17) -> Peor solución (coste 30760) — no aceptada
Intercambio (15, 17) -> Nueva solución con coste 30752
Intercambio (5, 9) -> Peor solución (coste 30808) — no aceptada
Intercambio (5, 9) -> Nueva solución con coste 30752
Intercambio (15, 17) -> Peor solución (coste 30760) — no aceptada
Intercambio (15, 17) -> Nueva solución con coste 30752
Intercambio (5, 9) -> Peor solución (coste 30808) — no aceptada
Intercambio (5, 9) -> Nueva solución con coste 30752
Intercambio (15, 17) -> Peor solución (coste 30760) — no aceptada
Intercambio (15, 17) -> Nueva solución con coste 30752
Intercambio (5, 9) -> Peor solución (coste 30808) — no aceptada
Intercambio (5, 9) -> Nueva solución con coste 30752
Intercambio (15, 17) -> Peor solución (coste 30760) — no aceptada
Intercambio (15, 17) -> Nueva solución con coste 30752
Intercambio (5, 9) -> Peor solución (coste 30808) — no aceptada
Intercambio (5, 9) -> Nueva solución con coste 30752
Intercambio (15, 17) -> Peor solución (coste 30760) — no aceptada
Intercambio (15, 17) -> Nueva solución con coste 30752
Intercambio (5, 9) -> Peor solución (coste 30808) — no aceptada
Intercambio (5, 9) -> Nueva solución con coste 30752
Intercambio (15, 17) -> Peor solución (coste 30760) — no aceptada
Intercambio (15, 17) -> Nueva solución con coste 30752
Intercambio (5, 9) -> Peor solución (coste 30808) — no aceptada
Intercambio (5, 9) -> Nueva solución con coste 30752
Intercambio (15, 17) -> Peor solución (coste 30760) — no aceptada
Intercambio (15, 17) -> Nueva solución con coste 30752
Intercambio (5, 9) -> Peor solución (coste 30808) — no aceptada
Intercambio (5, 9) -> Nueva solución con coste 30752
Intercambio (15, 17) -> Peor solución (coste 30760) — no aceptada
Intercambio (15, 17) -> Nueva solución con coste 30752
Intercambio (5, 9) -> Peor solución (coste 30808) — no aceptada
Intercambio (5, 9) -> Nueva solución con coste 30752
Intercambio (15, 17) -> Peor solución (coste 30760) — no aceptada
Intercambio (15, 17) -> Nueva solución con coste 30752
Intercambio (5, 9) -> Peor solución (coste 30808) — no aceptada
Intercambio (5, 9) -> Nueva solución con coste 30752
Intercambio (15, 17) -> Peor solución (coste 30760) — no aceptada
Intercambio (15, 17) -> Nueva solución con coste 30752
Intercambio (5, 9) -> Peor solución (coste 30808) — no aceptada
Intercambio (5, 9) -> Nueva solución con coste 30752
Intercambio (15, 17) -> Peor solución (coste 30760) — no aceptada
Intercambio (15, 17) -> Nueva solución con coste 30752
Intercambio (5, 9) -> Peor solución (coste 30808) — no aceptada
Intercambio (5, 9) -> Nueva solución con coste 30752
Intercambio (15, 17) -> Peor solución (coste 30760) — no aceptada
Intercambio (15, 17) -> Nueva solución con coste 30752
Intercambio (5, 9) -> Peor solución (coste 30808) — no aceptada
Intercambio (5, 9) -> Nueva solución con coste 30752
Intercambio (15, 17) -> Peor solución (coste 30760) — no aceptada
Intercambio (15, 17) -> Nueva solución con coste 30752
Intercambio (5, 9) -> Peor solución (coste 30808) — no aceptada
Intercambio (5, 9) -> Nueva solución con coste 30752
Intercambio (15, 17) -> Peor solución (coste 30760) — no aceptada
Intercambio (15, 17) -> Nueva solución con coste 30752
Intercambio (5, 9) -> Peor solución (coste 30808) — no aceptada
Intercambio (5, 9) -> Nueva solución con coste 30752
Intercambio (15, 17) -> Peor solución (coste 30760) — no aceptada
Intercambio (15, 17) -> Nueva solución con coste 30752
Intercambio (5, 9) -> Peor solución (coste 30808) — no aceptada
Intercambio (5, 9) -> Nueva solución con coste 30752
Intercambio (15, 17) -> Peor solución (coste 30760) — no aceptada
Intercambio (15, 17) -> Nueva solución con coste 30752
Intercambio (5, 9) -> Peor solución (coste 30808) — no aceptada
Intercambio (5, 9) -> Nueva solución con coste 30752
Intercambio (15, 17) -> Peor solución (coste 30760) — no aceptada
Intercambio (15, 17) -> Nueva solución con coste 30752
Intercambio (5, 9) -> Peor solución (coste 30808) — no aceptada
Intercambio (5, 9) -> Nueva solución con coste 30752
Intercambio (15, 17) -> Peor solución (coste 30760) — no aceptada
Intercambio (15, 17) -> Nueva solución con coste 30752
Intercambio (5, 9) -> Peor solución (coste 30808) — no aceptada
Intercambio (5, 9) -> Nueva solución con coste 30752
Intercambio (15, 17) -> Peor solución (coste 30760) — no aceptada
Intercambio (15, 17) -> Nueva solución con coste 30752
Intercambio (5, 9) -> Peor solución (coste 30808) — no aceptada
Intercambio (5, 9) -> Nueva solución con coste 30752
Intercambio (15, 17) -> Peor solución (coste 30760) — no aceptada
Intercambio (15, 17) -> Nueva solución con coste 30752
Intercambio (5, 9) -> Peor solución (coste 30808) — no aceptada
Intercambio (5, 9) -> Nueva solución con coste 30752
Intercambio (15, 17) -> Peor solución (coste 30760) — no aceptada
Intercambio (15, 17) -> Nueva solución con coste 30752
Intercambio (5, 9) -> Peor solución (coste 30808) — no aceptada
Intercambio (5, 9) -> Nueva solución con coste 30752
Intercambio (15, 17) -> Peor solución (coste 30760) — no aceptada
Intercambio (15, 17) -> Nueva solución con coste 30752
Intercambio (5, 9) -> Peor solución (coste 30808) — no aceptada
Intercambio (5, 9) -> Nueva solución con coste 30752
Intercambio (15, 17) -> Peor solución (coste 30760) — no aceptada
Intercambio (15, 17) -> Nueva solución con coste 30752
Intercambio (5, 9) -> Peor solución (coste 30808) — no aceptada
Intercambio (5, 9) -> Nueva solución con coste 30752
Intercambio (15, 17) -> Peor solución (coste 30760) — no aceptada
Intercambio (15, 17) -> Nueva solución con coste 30752
Intercambio (5, 9) -> Peor solución (coste 30808) — no aceptada
Intercambio (5, 9) -> Nueva solución con coste 30752
Intercambio (15, 17) -> Peor solución (coste 30760) — no aceptada
Intercambio (15, 17) -> Nueva solución con coste 30752
Intercambio (5, 9) -> Peor solución (coste 30808) — no aceptada
Intercambio (5, 9) -> Nueva solución con coste 30752
Intercambio (15, 17) -> Peor solución (coste 30760) — no aceptada
Intercambio (15, 17) -> Nueva solución con coste 30752
Intercambio (5, 9) -> Peor solución (coste 30808) — no aceptada
Intercambio (5, 9) -> Nueva solución con coste 30752
Intercambio (15, 17) -> Peor solución (coste 30760) — no aceptada
Intercambio (15, 17) -> Nueva solución con coste 30752
Intercambio (5, 9) -> Peor solución (coste 30808) — no aceptada
Intercambio (5, 9) -> Nueva solución con coste 30752
Intercambio (15, 17) -> Peor solución (coste 30760) — no aceptada
Intercambio (15, 17) -> Nueva solución con coste 30752
Intercambio (5, 9) -> Peor solución (coste 30808) — no aceptada
Intercambio (5, 9) -> Nueva solución con coste 30752
Intercambio (15, 17) -> Peor solución (coste 30760) — no aceptada
Intercambio (15, 17) -> Nueva solución con coste 30752
Intercambio (5, 9) -> Peor solución (coste 30808) — no aceptada
Intercambio (5, 9) -> Nueva solución con coste 30752
Intercambio (15, 17) -> Peor solución (coste 30760) — no aceptada
Intercambio (15, 17) -> Nueva solución con coste 30752
Intercambio (5, 9) -> Peor solución (coste 30808) — no aceptada
Intercambio (5, 9) -> Nueva solución con coste 30752
Intercambio (15, 17) -> Peor solución (coste 30760) — no aceptada
Intercambio (15, 17) -> Nueva solución con coste 30752
Intercambio (5, 9) -> Peor solución (coste 30808) — no aceptada
Intercambio (5, 9) -> Nueva solución con coste 30752
Intercambio (15, 17) -> Peor solución (coste 30760) — no aceptada
Intercambio (15, 17) -> Nueva solución con coste 30752
Intercambio (5, 9) -> Peor solución (coste 30808) — no aceptada
Intercambio (5, 9) -> Nueva solución con coste 30752
Intercambio (15, 17) -> Peor solución (coste 30760) — no aceptada
Intercambio (15, 17) -> Nueva solución con coste 30752
Intercambio (5, 9) -> Peor solución (coste 30808) — no aceptada
Intercambio (5, 9) -> Nueva solución con coste 30752
Intercambio (15, 17) -> Peor solución (coste 30760) — no aceptada
Intercambio (15, 17) -> Nueva solución con coste 30752
Intercambio (5, 9) -> Peor solución (coste 30808) — no aceptada
Intercambio (5, 9) -> Nueva solución con coste 30752
Intercambio (15, 17) -> Peor solución (coste 30760) — no aceptada
Intercambio (15, 17) -> Nueva solución con coste 30752
Intercambio (5, 9) -> Peor solución (coste 30808) — no aceptada
Intercambio (5, 9) -> Nueva solución con coste 30752
Intercambio (15, 17) -> Peor solución (coste 30760) — no aceptada
Intercambio (15, 17) -> Nueva solución con coste 30752
Intercambio (5, 9) -> Peor solución (coste 30808) — no aceptada
Intercambio (5, 9) -> Nueva solución con coste 30752
Intercambio (15, 17) -> Peor solución (coste 30760) — no aceptada
Intercambio (15, 17) -> Nueva solución con coste 30752
Intercambio (5, 9) -> Peor solución (coste 30808) — no aceptada
Intercambio (5, 9) -> Nueva solución con coste 30752
Intercambio (15, 17) -> Peor solución (coste 30760) — no aceptada
Intercambio (15, 17) -> Nueva solución con coste 30752
Intercambio (5, 9) -> Peor solución (coste 30808) — no aceptada
Intercambio (5, 9) -> Nueva solución con coste 30752
Intercambio (15, 17) -> Peor solución (coste 30760) — no aceptada
Intercambio (15, 17) -> Nueva solución con coste 30752
Intercambio (5, 9) -> Peor solución (coste 30808) — no aceptada
Intercambio (5, 9) -> Nueva solución con coste 30752
Intercambio (15, 17) -> Peor solución (coste 30760) — no aceptada
Intercambio (15, 17) -> Nueva solución con coste 30752
Intercambio (5, 9) -> Peor solución (coste 30808) — no aceptada
Intercambio (5, 9) -> Nueva solución con coste 30752
Intercambio (15, 17) -> Peor solución (coste 30760) — no aceptada
Intercambio (15, 17) -> Nueva solución con coste 30752
Intercambio (5, 9) -> Peor solución (coste 30808) — no aceptada
Intercambio (5, 9) -> Nueva solución con coste 30752
Intercambio (15, 17) -> Peor solución (coste 30760) — no aceptada
Intercambio (15, 17) -> Nueva solución con coste 30752
Intercambio (5, 9) -> Peor solución (coste 30808) — no aceptada
Intercambio (5, 9) -> Nueva solución con coste 30752
Intercambio (15, 17) -> Peor solución (coste 30760) — no aceptada
Intercambio (15, 17) -> Nueva solución con coste 30752
Intercambio (5, 9) -> Peor solución (coste 30808) — no aceptada
Intercambio (5, 9) -> Nueva solución con coste 30752
Intercambio (15, 17) -> Peor solución (coste 30760) — no aceptada
Intercambio (15, 17) -> Nueva solución con coste 30752
Intercambio (5, 9) -> Peor solución (coste 30808) — no aceptada
Intercambio (5, 9) -> Nueva solución con coste 30752
Intercambio (15, 17) -> Peor solución (coste 30760) — no aceptada
Intercambio (15, 17) -> Nueva solución con coste 30752
Intercambio (5, 9) -> Peor solución (coste 30808) — no aceptada
Intercambio (5, 9) -> Nueva solución con coste 30752
Intercambio (15, 17) -> Peor solución (coste 30760) — no aceptada
Intercambio (15, 17) -> Nueva solución con coste 30752
Intercambio (5, 9) -> Peor solución (coste 30808) — no aceptada
Intercambio (5, 9) -> Nueva solución con coste 30752
Intercambio (15, 17) -> Peor solución (coste 30760) — no aceptada
Intercambio (15, 17) -> Nueva solución con coste 30752
Intercambio (5, 9) -> Peor solución (coste 30808) — no aceptada
Intercambio (5, 9) -> Nueva solución con coste 30752
Intercambio (15, 17) -> Peor solución (coste 30760) — no aceptada
Intercambio (15, 17) -> Nueva solución con coste 30752
Intercambio (5, 9) -> Peor solución (coste 30808) — no aceptada
Intercambio (5, 9) -> Nueva solución con coste 30752
Intercambio (15, 17) -> Peor solución (coste 30760) — no aceptada
Intercambio (15, 17) -> Nueva solución con coste 30752
Intercambio (5, 9) -> Peor solución (coste 30808) — no aceptada
Intercambio (5, 9) -> Nueva solución con coste 30752
Intercambio (15, 17) -> Peor solución (coste 30760) — no aceptada
Intercambio (15, 17) -> Nueva solución con coste 30752
Intercambio (5, 9) -> Peor solución (coste 30808) — no aceptada
Intercambio (5, 9) -> Nueva solución con coste 30752
Intercambio (15, 17) -> Peor solución (coste 30760) — no aceptada
Intercambio (15, 17) -> Nueva solución con coste 30752
Intercambio (5, 9) -> Peor solución (coste 30808) — no aceptada
Intercambio (5, 9) -> Nueva solución con coste 30752
Intercambio (15, 17) -> Peor solución (coste 30760) — no aceptada
Intercambio (15, 17) -> Nueva solución con coste 30752
Intercambio (5, 9) -> Peor solución (coste 30808) — no aceptada
Intercambio (5, 9) -> Nueva solución con coste 30752
Intercambio (15, 17) -> Peor solución (coste 30760) — no aceptada
Intercambio (15, 17) -> Nueva solución con coste 30752
Intercambio (5, 9) -> Peor solución (coste 30808) — no aceptada
Intercambio (5, 9) -> Nueva solución con coste 30752
Intercambio (15, 17) -> Peor solución (coste 30760) — no aceptada
Intercambio (15, 17) -> Nueva solución con coste 30752
Intercambio (5, 9) -> Peor solución (coste 30808) — no aceptada
Intercambio (5, 9) -> Nueva solución con coste 30752
Intercambio (15, 17) -> Peor solución (coste 30760) — no aceptada
Intercambio (15, 17) -> Nueva solución con coste 30752
Intercambio (5, 9) -> Peor solución (coste 30808) — no aceptada
Intercambio (5, 9) -> Nueva solución con coste 30752
Intercambio (15, 17) -> Peor solución (coste 30760) — no aceptada
Intercambio (15, 17) -> Nueva solución con coste 30752
Intercambio (5, 9) -> Peor solución (coste 30808) — no aceptada
Intercambio (5, 9) -> Nueva solución con coste 30752
Intercambio (15, 17) -> Peor solución (coste 30760) — no aceptada
Intercambio (15, 17) -> Nueva solución con coste 30752
Intercambio (5, 9) -> Peor solución (coste 30808) — no aceptada
Intercambio (5, 9) -> Nueva solución con coste 30752
Intercambio (15, 17) -> Peor solución (coste 30760) — no aceptada
Intercambio (15, 17) -> Nueva solución con coste 30752
Intercambio (5, 9) -> Peor solución (coste 30808) — no aceptada
Intercambio (5, 9) -> Nueva solución con coste 30752
Intercambio (15, 17) -> Peor solución (coste 30760) — no aceptada
Intercambio (15, 17) -> Nueva solución con coste 30752
Intercambio (5, 9) -> Peor solución (coste 30808) — no aceptada
Intercambio (5, 9) -> Nueva solución con coste 30752
Intercambio (15, 17) -> Peor solución (coste 30760) — no aceptada
Intercambio (15, 17) -> Nueva solución con coste 30752
Intercambio (5, 9) -> Peor solución (coste 30808) — no aceptada
Intercambio (5, 9) -> Nueva solución con coste 30752
Intercambio (15, 17) -> Peor solución (coste 30760) — no aceptada
Intercambio (15, 17) -> Nueva solución con coste 30752
Intercambio (5, 9) -> Peor solución (coste 30808) — no aceptada
Intercambio (5, 9) -> Nueva solución con coste 30752
Intercambio (15, 17) -> Peor solución (coste 30760) — no aceptada
Intercambio (15, 17) -> Nueva solución con coste 30752
Intercambio (5, 9) -> Peor solución (coste 30808) — no aceptada
Intercambio (5, 9) -> Nueva solución con coste 30752
Intercambio (15, 17) -> Peor solución (coste 30760) — no aceptada
Intercambio (15, 17) -> Nueva solución con coste 30752
Intercambio (5, 9) -> Peor solución (coste 30808) — no aceptada
Intercambio (5, 9) -> Nueva solución con coste 30752
Intercambio (15, 17) -> Peor solución (coste 30760) — no aceptada
Intercambio (15, 17) -> Nueva solución con coste 30752
Intercambio (5, 9) -> Peor solución (coste 30808) — no aceptada
Intercambio (5, 9) -> Nueva solución con coste 30752
Intercambio (15, 17) -> Peor solución (coste 30760) — no aceptada
Intercambio (15, 17) -> Nueva solución con coste 30752
Intercambio (5, 9) -> Peor solución (coste 30808) — no aceptada
Intercambio (5, 9) -> Nueva solución con coste 30752
Intercambio (15, 17) -> Peor solución (coste 30760) — no aceptada
Intercambio (15, 17) -> Nueva solución con coste 30752
Intercambio (5, 9) -> Peor solución (coste 30808) — no aceptada
Intercambio (5, 9) -> Nueva solución con coste 30752
Intercambio (15, 17) -> Peor solución (coste 30760) — no aceptada
Intercambio (15, 17) -> Nueva solución con coste 30752
Intercambio (5, 9) -> Peor solución (coste 30808) — no aceptada
Intercambio (5, 9) -> Nueva solución con coste 30752
Intercambio (15, 17) -> Peor solución (coste 30760) — no aceptada
Intercambio (15, 17) -> Nueva solución con coste 30752
Intercambio (5, 9) -> Peor solución (coste 30808) — no aceptada
Intercambio (5, 9) -> Nueva solución con coste 30752
Intercambio (15, 17) -> Peor solución (coste 30760) — no aceptada
Intercambio (15, 17) -> Nueva solución con coste 30752
Intercambio (5, 9) -> Peor solución (coste 30808) — no aceptada
Intercambio (5, 9) -> Nueva solución con coste 30752
Intercambio (15, 17) -> Peor solución (coste 30760) — no aceptada
Intercambio (15, 17) -> Nueva solución con coste 30752
Intercambio (5, 9) -> Peor solución (coste 30808) — no aceptada
Intercambio (5, 9) -> Nueva solución con coste 30752
Intercambio (15, 17) -> Peor solución (coste 30760) — no aceptada
Intercambio (15, 17) -> Nueva solución con coste 30752
Intercambio (5, 9) -> Peor solución (coste 30808) — no aceptada
Intercambio (5, 9) -> Nueva solución con coste 30752
Intercambio (15, 17) -> Peor solución (coste 30760) — no aceptada
Intercambio (15, 17) -> Nueva solución con coste 30752
Intercambio (5, 9) -> Peor solución (coste 30808) — no aceptada
Intercambio (5, 9) -> Nueva solución con coste 30752
Intercambio (15, 17) -> Peor solución (coste 30760) — no aceptada
Intercambio (15, 17) -> Nueva solución con coste 30752
Intercambio (5, 9) -> Peor solución (coste 30808) — no aceptada
Intercambio (5, 9) -> Nueva solución con coste 30752
Intercambio (15, 17) -> Peor solución (coste 30760) — no aceptada
Intercambio (15, 17) -> Nueva solución con coste 30752
Intercambio (5, 9) -> Peor solución (coste 30808) — no aceptada
Intercambio (5, 9) -> Nueva solución con coste 30752
Intercambio (15, 17) -> Peor solución (coste 30760) — no aceptada
Intercambio (15, 17) -> Nueva solución con coste 30752
Intercambio (5, 9) -> Peor solución (coste 30808) — no aceptada
Intercambio (5, 9) -> Nueva solución con coste 30752
Intercambio (15, 17) -> Peor solución (coste 30760) — no aceptada
Intercambio (15, 17) -> Nueva solución con coste 30752
Intercambio (5, 9) -> Peor solución (coste 30808) — no aceptada
Intercambio (5, 9) -> Nueva solución con coste 30752
Intercambio (15, 17) -> Peor solución (coste 30760) — no aceptada
Intercambio (15, 17) -> Nueva solución con coste 30752
Intercambio (5, 9) -> Peor solución (coste 30808) — no aceptada
Intercambio (5, 9) -> Nueva solución con coste 30752
Intercambio (15, 17) -> Peor solución (coste 30760) — no aceptada
Intercambio (15, 17) -> Nueva solución con coste 30752
Intercambio (5, 9) -> Peor solución (coste 30808) — no aceptada
Intercambio (5, 9) -> Nueva solución con coste 30752
Intercambio (15, 17) -> Peor solución (coste 30760) — no aceptada
Intercambio (15, 17) -> Nueva solución con coste 30752
Intercambio (5, 9) -> Peor solución (coste 30808) — no aceptada
Intercambio (5, 9) -> Nueva solución con coste 30752
Intercambio (15, 17) -> Peor solución (coste 30760) — no aceptada
Intercambio (15, 17) -> Nueva solución con coste 30752
Intercambio (5, 9) -> Peor solución (coste 30808) — no aceptada
Intercambio (5, 9) -> Nueva solución con coste 30752
Intercambio (15, 17) -> Peor solución (coste 30760) — no aceptada
Intercambio (15, 17) -> Nueva solución con coste 30752
Intercambio (5, 9) -> Peor solución (coste 30808) — no aceptada
Intercambio (5, 9) -> Nueva solución con coste 30752
Intercambio (15, 17) -> Peor solución (coste 30760) — no aceptada
Intercambio (15, 17) -> Nueva solución con coste 30752
Intercambio (5, 9) -> Peor solución (coste 30808) — no aceptada
Intercambio (5, 9) -> Nueva solución con coste 30752
Intercambio (15, 17) -> Peor solución (coste 30760) — no aceptada
Intercambio (15, 17) -> Nueva solución con coste 30752
Intercambio (5, 9) -> Peor solución (coste 30808) — no aceptada
Intercambio (5, 9) -> Nueva solución con coste 30752
Intercambio (15, 17) -> Peor solución (coste 30760) — no aceptada
Intercambio (15, 17) -> Nueva solución con coste 30752
Intercambio (5, 9) -> Peor solución (coste 30808) — no aceptada
Intercambio (5, 9) -> Nueva solución con coste 30752
Intercambio (15, 17) -> Peor solución (coste 30760) — no aceptada
Intercambio (15, 17) -> Nueva solución con coste 30752
Intercambio (5, 9) -> Peor solución (coste 30808) — no aceptada
Intercambio (5, 9) -> Nueva solución con coste 30752
Intercambio (15, 17) -> Peor solución (coste 30760) — no aceptada
Intercambio (15, 17) -> Nueva solución con coste 30752
Intercambio (5, 9) -> Peor solución (coste 30808) — no aceptada
Intercambio (5, 9) -> Nueva solución con coste 30752
Intercambio (15, 17) -> Peor solución (coste 30760) — no aceptada
Intercambio (15, 17) -> Nueva solución con coste 30752
Intercambio (5, 9) -> Peor solución (coste 30808) — no aceptada
Intercambio (5, 9) -> Nueva solución con coste 30752
Intercambio (15, 17) -> Peor solución (coste 30760) — no aceptada
Intercambio (15, 17) -> Nueva solución con coste 30752
Intercambio (5, 9) -> Peor solución (coste 30808) — no aceptada
Intercambio (5, 9) -> Nueva solución con coste 30752
Intercambio (15, 17) -> Peor solución (coste 30760) — no aceptada
Intercambio (15, 17) -> Nueva solución con coste 30752
Intercambio (5, 9) -> Peor solución (coste 30808) — no aceptada
Intercambio (5, 9) -> Nueva solución con coste 30752
Intercambio (15, 17) -> Peor solución (coste 30760) — no aceptada
Intercambio (15, 17) -> Nueva solución con coste 30752
Intercambio (5, 9) -> Peor solución (coste 30808) — no aceptada
Intercambio (5, 9) -> Nueva solución con coste 30752
Intercambio (15, 17) -> Peor solución (coste 30760) — no aceptada
Intercambio (15, 17) -> Nueva solución con coste 30752
Intercambio (5, 9) -> Peor solución (coste 30808) — no aceptada
Intercambio (5, 9) -> Nueva solución con coste 30752
Intercambio (15, 17) -> Peor solución (coste 30760) — no aceptada
Intercambio (15, 17) -> Nueva solución con coste 30752
Intercambio (5, 9) -> Peor solución (coste 30808) — no aceptada
Intercambio (5, 9) -> Nueva solución con coste 30752
Intercambio (15, 17) -> Peor solución (coste 30760) — no aceptada
Intercambio (15, 17) -> Nueva solución con coste 30752
Intercambio (5, 9) -> Peor solución (coste 30808) — no aceptada
Intercambio (5, 9) -> Nueva solución con coste 30752
Intercambio (15, 17) -> Peor solución (coste 30760) — no aceptada
Intercambio (15, 17) -> Nueva solución con coste 30752
Intercambio (5, 9) -> Peor solución (coste 30808) — no aceptada
Intercambio (5, 9) -> Nueva solución con coste 30752
Intercambio (15, 17) -> Peor solución (coste 30760) — no aceptada
Intercambio (15, 17) -> Nueva solución con coste 30752
Intercambio (5, 9) -> Peor solución (coste 30808) — no aceptada
Intercambio (5, 9) -> Nueva solución con coste 30752
Intercambio (15, 17) -> Peor solución (coste 30760) — no aceptada
Intercambio (15, 17) -> Nueva solución con coste 30752
Intercambio (5, 9) -> Peor solución (coste 30808) — no aceptada
Intercambio (5, 9) -> Nueva solución con coste 30752
Intercambio (15, 17) -> Peor solución (coste 30760) — no aceptada
Intercambio (15, 17) -> Nueva solución con coste 30752
Intercambio (5, 9) -> Peor solución (coste 30808) — no aceptada
Intercambio (5, 9) -> Nueva solución con coste 30752
Intercambio (15, 17) -> Peor solución (coste 30760) — no aceptada
Intercambio (15, 17) -> Nueva solución con coste 30752
Intercambio (5, 9) -> Peor solución (coste 30808) — no aceptada
Intercambio (5, 9) -> Nueva solución con coste 30752
Intercambio (15, 17) -> Peor solución (coste 30760) — no aceptada
Intercambio (15, 17) -> Nueva solución con coste 30752
Intercambio (5, 9) -> Peor solución (coste 30808) — no aceptada
Intercambio (5, 9) -> Nueva solución con coste 30752
Intercambio (15, 17) -> Peor solución (coste 30760) — no aceptada
Intercambio (15, 17) -> Nueva solución con coste 30752
Intercambio (5, 9) -> Peor solución (coste 30808) — no aceptada
Intercambio (5, 9) -> Nueva solución con coste 30752
Intercambio (15, 17) -> Peor solución (coste 30760) — no aceptada
Intercambio (15, 17) -> Nueva solución con coste 30752
Intercambio (5, 9) -> Peor solución (coste 30808) — no aceptada
Intercambio (5, 9) -> Nueva solución con coste 30752
Intercambio (15, 17) -> Peor solución (coste 30760) — no aceptada
Intercambio (15, 17) -> Nueva solución con coste 30752
Intercambio (5, 9) -> Peor solución (coste 30808) — no aceptada
Intercambio (5, 9) -> Nueva solución con coste 30752
Intercambio (15, 17) -> Peor solución (coste 30760) — no aceptada
Intercambio (15, 17) -> Nueva solución con coste 30752
Intercambio (5, 9) -> Peor solución (coste 30808) — no aceptada
Intercambio (5, 9) -> Nueva solución con coste 30752
Intercambio (15, 17) -> Peor solución (coste 30760) — no aceptada
Intercambio (15, 17) -> Nueva solución con coste 30752
Intercambio (5, 9) -> Peor solución (coste 30808) — no aceptada
Intercambio (5, 9) -> Nueva solución con coste 30752
Intercambio (15, 17) -> Peor solución (coste 30760) — no aceptada
Intercambio (15, 17) -> Nueva solución con coste 30752
Intercambio (5, 9) -> Peor solución (coste 30808) — no aceptada
Intercambio (5, 9) -> Nueva solución con coste 30752
Intercambio (15, 17) -> Peor solución (coste 30760) — no aceptada
Intercambio (15, 17) -> Nueva solución con coste 30752
Intercambio (5, 9) -> Peor solución (coste 30808) — no aceptada

Solución final
--------------
[0, 1, 8, 9, 12, 13, 18, 19, 16, 10, 11, 5, 15, 3, 7, 14, 17, 2, 6, 4]
Coste final: 30646
Duración: 0.095 segundos
