Parámetros del algoritmo
------------------------
Algoritmo: BusquedaTabu
Dataset: ford04.dat
Semilla: 5430765

Solución inicial y su coste
---------------------------
[7, 22, 20, 14, 0, 26, 21, 5, 1, 8, 15, 4, 24, 13, 3, 17, 18, 11, 9, 19, 12, 16, 6, 23, 2, 25, 27, 10, 28, 29]
Coste: 176364

Evolución de la búsqueda
------------------------
Intercambio (2, 9) -> Nueva solución con coste 174680
Intercambio (2, 22) -> Nueva solución con coste 174544
Intercambio (2, 4) -> Peor solución (coste 174622) — no aceptada
Intercambio (16, 23) -> Nueva solución con coste 174524
Intercambio (13, 19) -> Peor solución (coste 174668) — no aceptada
Intercambio (13, 19) -> Nueva solución con coste 174524
Intercambio (16, 23) -> Peor solución (coste 174622) — no aceptada
Intercambio (16, 23) -> Nueva solución con coste 174524
Intercambio (13, 19) -> Peor solución (coste 174668) — no aceptada
Intercambio (13, 19) -> Nueva solución con coste 174524
Intercambio (16, 23) -> Peor solución (coste 174622) — no aceptada
Intercambio (16, 23) -> Nueva solución con coste 174524
Intercambio (13, 19) -> Peor solución (coste 174668) — no aceptada
Intercambio (13, 19) -> Nueva solución con coste 174524
Intercambio (16, 23) -> Peor solución (coste 174622) — no aceptada
Intercambio (16, 23) -> Nueva solución con coste 174524
Intercambio (13, 19) -> Peor solución (coste 174668) — no aceptada
Intercambio (13, 19) -> Nueva solución con coste 174524
Intercambio (16, 23) -> Peor solución (coste 174622) — no aceptada
Intercambio (16, 23) -> Nueva solución con coste 174524
Intercambio (13, 19) -> Peor solución (coste 174668) — no aceptada
Intercambio (13, 19) -> Nueva solución con coste 174524
Intercambio (16, 23) -> Peor solución (coste 174622) — no aceptada
Intercambio (16, 23) -> Nueva solución con coste 174524
Intercambio (13, 19) -> Peor solución (coste 174668) — no aceptada
Intercambio (13, 19) -> Nueva solución con coste 174524
Intercambio (16, 23) -> Peor solución (coste 174622) — no aceptada
Intercambio (16, 23) -> Nueva solución con coste 174524
Intercambio (13, 19) -> Peor solución (coste 174668) — no aceptada
Intercambio (13, 19) -> Nueva solución con coste 174524
Intercambio (16, 23) -> Peor solución (coste 174622) — no aceptada
Intercambio (16, 23) -> Nueva solución con coste 174524
Intercambio (13, 19) -> Peor solución (coste 174668) — no aceptada
Intercambio (13, 19) -> Nueva solución con coste 174524
Intercambio (16, 23) -> Peor solución (coste 174622) — no aceptada
Intercambio (16, 23) -> Nueva solución con coste 174524
Intercambio (13, 19) -> Peor solución (coste 174668) — no aceptada
Intercambio (13, 19) -> Nueva solución con coste 174524
Intercambio (16, 23) -> Peor solución (coste 174622) — no aceptada
Intercambio (16, 23) -> Nueva solución con coste 174524
Intercambio (13, 19) -> Peor solución (coste 174668) — no aceptada
Intercambio (13, 19) -> Nueva solución con coste 174524
Intercambio (16, 23) -> Peor solución (coste 174622) — no aceptada
Intercambio (16, 23) -> Nueva solución con coste 174524
Intercambio (13, 19) -> Peor solución (coste 174668) — no aceptada
Intercambio (13, 19) -> Nueva solución con coste 174524
Intercambio (16, 23) -> Peor solución (coste 174622) — no aceptada
Intercambio (16, 23) -> Nueva solución con coste 174524
Intercambio (13, 19) -> Peor solución (coste 174668) — no aceptada
Intercambio (13, 19) -> Nueva solución con coste 174524
Intercambio (16, 23) -> Peor solución (coste 174622) — no aceptada
Intercambio (16, 23) -> Nueva solución con coste 174524
Intercambio (13, 19) -> Peor solución (coste 174668) — no aceptada
Intercambio (13, 19) -> Nueva solución con coste 174524
Intercambio (16, 23) -> Peor solución (coste 174622) — no aceptada
Intercambio (16, 23) -> Nueva solución con coste 174524
Intercambio (13, 19) -> Peor solución (coste 174668) — no aceptada
Intercambio (13, 19) -> Nueva solución con coste 174524
Intercambio (16, 23) -> Peor solución (coste 174622) — no aceptada
Intercambio (16, 23) -> Nueva solución con coste 174524
Intercambio (13, 19) -> Peor solución (coste 174668) — no aceptada
Intercambio (13, 19) -> Nueva solución con coste 174524
Intercambio (16, 23) -> Peor solución (coste 174622) — no aceptada
Intercambio (16, 23) -> Nueva solución con coste 174524
Intercambio (13, 19) -> Peor solución (coste 174668) — no aceptada
Intercambio (13, 19) -> Nueva solución con coste 174524
Intercambio (16, 23) -> Peor solución (coste 174622) — no aceptada
Intercambio (16, 23) -> Nueva solución con coste 174524
Intercambio (13, 19) -> Peor solución (coste 174668) — no aceptada
Intercambio (13, 19) -> Nueva solución con coste 174524
Intercambio (16, 23) -> Peor solución (coste 174622) — no aceptada
Intercambio (16, 23) -> Nueva solución con coste 174524
Intercambio (13, 19) -> Peor solución (coste 174668) — no aceptada
Intercambio (13, 19) -> Nueva solución con coste 174524
Intercambio (16, 23) -> Peor solución (coste 174622) — no aceptada
Intercambio (16, 23) -> Nueva solución con coste 174524
Intercambio (13, 19) -> Peor solución (coste 174668) — no aceptada
Intercambio (13, 19) -> Nueva solución con coste 174524
Intercambio (16, 23) -> Peor solución (coste 174622) — no aceptada
Intercambio (16, 23) -> Nueva solución con coste 174524
Intercambio (13, 19) -> Peor solución (coste 174668) — no aceptada
Intercambio (13, 19) -> Nueva solución con coste 174524
Intercambio (16, 23) -> Peor solución (coste 174622) — no aceptada
Intercambio (16, 23) -> Nueva solución con coste 174524
Intercambio (13, 19) -> Peor solución (coste 174668) — no aceptada
Intercambio (13, 19) -> Nueva solución con coste 174524
Intercambio (16, 23) -> Peor solución (coste 174622) — no aceptada
Intercambio (16, 23) -> Nueva solución con coste 174524
Intercambio (13, 19) -> Peor solución (coste 174668) — no aceptada
Intercambio (13, 19) -> Nueva solución con coste 174524
Intercambio (16, 23) -> Peor solución (coste 174622) — no aceptada
Intercambio (16, 23) -> Nueva solución con coste 174524
Intercambio (13, 19) -> Peor solución (coste 174668) — no aceptada
Intercambio (13, 19) -> Nueva solución con coste 174524
Intercambio (16, 23) -> Peor solución (coste 174622) — no aceptada
Intercambio (16, 23) -> Nueva solución con coste 174524
Intercambio (13, 19) -> Peor solución (coste 174668) — no aceptada
Intercambio (13, 19) -> Nueva solución con coste 174524
Intercambio (16, 23) -> Peor solución (coste 174622) — no aceptada
Intercambio (16, 23) -> Nueva solución con coste 174524
Intercambio (13, 19) -> Peor solución (coste 174668) — no aceptada
Intercambio (13, 19) -> Nueva solución con coste 174524
Intercambio (16, 23) -> Peor solución (coste 174622) — no aceptada
Intercambio (16, 23) -> Nueva solución con coste 174524
Intercambio (13, 19) -> Peor solución (coste 174668) — no aceptada
Intercambio (13, 19) -> Nueva solución con coste 174524
Intercambio (16, 23) -> Peor solución (coste 174622) — no aceptada
Intercambio (16, 23) -> Nueva solución con coste 174524
Intercambio (13, 19) -> Peor solución (coste 174668) — no aceptada
Intercambio (13, 19) -> Nueva solución con coste 174524
Intercambio (16, 23) -> Peor solución (coste 174622) — no aceptada
Intercambio (16, 23) -> Nueva solución con coste 174524
Intercambio (13, 19) -> Peor solución (coste 174668) — no aceptada
Intercambio (13, 19) -> Nueva solución con coste 174524
Intercambio (16, 23) -> Peor solución (coste 174622) — no aceptada
Intercambio (16, 23) -> Nueva solución con coste 174524
Intercambio (13, 19) -> Peor solución (coste 174668) — no aceptada
Intercambio (13, 19) -> Nueva solución con coste 174524
Intercambio (16, 23) -> Peor solución (coste 174622) — no aceptada
Intercambio (16, 23) -> Nueva solución con coste 174524
Intercambio (13, 19) -> Peor solución (coste 174668) — no aceptada
Intercambio (13, 19) -> Nueva solución con coste 174524
Intercambio (16, 23) -> Peor solución (coste 174622) — no aceptada
Intercambio (16, 23) -> Nueva solución con coste 174524
Intercambio (13, 19) -> Peor solución (coste 174668) — no aceptada
Intercambio (13, 19) -> Nueva solución con coste 174524
Intercambio (16, 23) -> Peor solución (coste 174622) — no aceptada
Intercambio (16, 23) -> Nueva solución con coste 174524
Intercambio (13, 19) -> Peor solución (coste 174668) — no aceptada
Intercambio (13, 19) -> Nueva solución con coste 174524
Intercambio (16, 23) -> Peor solución (coste 174622) — no aceptada
Intercambio (16, 23) -> Nueva solución con coste 174524
Intercambio (13, 19) -> Peor solución (coste 174668) — no aceptada
Intercambio (13, 19) -> Nueva solución con coste 174524
Intercambio (16, 23) -> Peor solución (coste 174622) — no aceptada
Intercambio (16, 23) -> Nueva solución con coste 174524
Intercambio (13, 19) -> Peor solución (coste 174668) — no aceptada
Intercambio (13, 19) -> Nueva solución con coste 174524
Intercambio (16, 23) -> Peor solución (coste 174622) — no aceptada
Intercambio (16, 23) -> Nueva solución con coste 174524
Intercambio (13, 19) -> Peor solución (coste 174668) — no aceptada
Intercambio (13, 19) -> Nueva solución con coste 174524
Intercambio (16, 23) -> Peor solución (coste 174622) — no aceptada
Intercambio (16, 23) -> Nueva solución con coste 174524
Intercambio (13, 19) -> Peor solución (coste 174668) — no aceptada
Intercambio (13, 19) -> Nueva solución con coste 174524
Intercambio (16, 23) -> Peor solución (coste 174622) — no aceptada
Intercambio (16, 23) -> Nueva solución con coste 174524
Intercambio (13, 19) -> Peor solución (coste 174668) — no aceptada
Intercambio (13, 19) -> Nueva solución con coste 174524
Intercambio (16, 23) -> Peor solución (coste 174622) — no aceptada
Intercambio (16, 23) -> Nueva solución con coste 174524
Intercambio (13, 19) -> Peor solución (coste 174668) — no aceptada
Intercambio (13, 19) -> Nueva solución con coste 174524
Intercambio (16, 23) -> Peor solución (coste 174622) — no aceptada
Intercambio (16, 23) -> Nueva solución con coste 174524
Intercambio (13, 19) -> Peor solución (coste 174668) — no aceptada
Intercambio (13, 19) -> Nueva solución con coste 174524
Intercambio (16, 23) -> Peor solución (coste 174622) — no aceptada
Intercambio (16, 23) -> Nueva solución con coste 174524
Intercambio (13, 19) -> Peor solución (coste 174668) — no aceptada
Intercambio (13, 19) -> Nueva solución con coste 174524
Intercambio (16, 23) -> Peor solución (coste 174622) — no aceptada
Intercambio (16, 23) -> Nueva solución con coste 174524
Intercambio (13, 19) -> Peor solución (coste 174668) — no aceptada
Intercambio (13, 19) -> Nueva solución con coste 174524
Intercambio (16, 23) -> Peor solución (coste 174622) — no aceptada
Intercambio (16, 23) -> Nueva solución con coste 174524
Intercambio (13, 19) -> Peor solución (coste 174668) — no aceptada
Intercambio (13, 19) -> Nueva solución con coste 174524
Intercambio (16, 23) -> Peor solución (coste 174622) — no aceptada
Intercambio (16, 23) -> Nueva solución con coste 174524
Intercambio (13, 19) -> Peor solución (coste 174668) — no aceptada
Intercambio (13, 19) -> Nueva solución con coste 174524
Intercambio (16, 23) -> Peor solución (coste 174622) — no aceptada
Intercambio (16, 23) -> Nueva solución con coste 174524
Intercambio (13, 19) -> Peor solución (coste 174668) — no aceptada
Intercambio (13, 19) -> Nueva solución con coste 174524
Intercambio (16, 23) -> Peor solución (coste 174622) — no aceptada
Intercambio (16, 23) -> Nueva solución con coste 174524
Intercambio (13, 19) -> Peor solución (coste 174668) — no aceptada
Intercambio (13, 19) -> Nueva solución con coste 174524
Intercambio (16, 23) -> Peor solución (coste 174622) — no aceptada
Intercambio (16, 23) -> Nueva solución con coste 174524
Intercambio (13, 19) -> Peor solución (coste 174668) — no aceptada
Intercambio (13, 19) -> Nueva solución con coste 174524
Intercambio (16, 23) -> Peor solución (coste 174622) — no aceptada
Intercambio (16, 23) -> Nueva solución con coste 174524
Intercambio (13, 19) -> Peor solución (coste 174668) — no aceptada
Intercambio (13, 19) -> Nueva solución con coste 174524
Intercambio (16, 23) -> Peor solución (coste 174622) — no aceptada
Intercambio (16, 23) -> Nueva solución con coste 174524
Intercambio (13, 19) -> Peor solución (coste 174668) — no aceptada
Intercambio (13, 19) -> Nueva solución con coste 174524
Intercambio (16, 23) -> Peor solución (coste 174622) — no aceptada
Intercambio (16, 23) -> Nueva solución con coste 174524
Intercambio (13, 19) -> Peor solución (coste 174668) — no aceptada
Intercambio (13, 19) -> Nueva solución con coste 174524
Intercambio (16, 23) -> Peor solución (coste 174622) — no aceptada
Intercambio (16, 23) -> Nueva solución con coste 174524
Intercambio (13, 19) -> Peor solución (coste 174668) — no aceptada
Intercambio (13, 19) -> Nueva solución con coste 174524
Intercambio (16, 23) -> Peor solución (coste 174622) — no aceptada
Intercambio (16, 23) -> Nueva solución con coste 174524
Intercambio (13, 19) -> Peor solución (coste 174668) — no aceptada
Intercambio (13, 19) -> Nueva solución con coste 174524
Intercambio (16, 23) -> Peor solución (coste 174622) — no aceptada
Intercambio (16, 23) -> Nueva solución con coste 174524
Intercambio (13, 19) -> Peor solución (coste 174668) — no aceptada
Intercambio (13, 19) -> Nueva solución con coste 174524
Intercambio (16, 23) -> Peor solución (coste 174622) — no aceptada
Intercambio (16, 23) -> Nueva solución con coste 174524
Intercambio (13, 19) -> Peor solución (coste 174668) — no aceptada
Intercambio (13, 19) -> Nueva solución con coste 174524
Intercambio (16, 23) -> Peor solución (coste 174622) — no aceptada
Intercambio (16, 23) -> Nueva solución con coste 174524
Intercambio (13, 19) -> Peor solución (coste 174668) — no aceptada
Intercambio (13, 19) -> Nueva solución con coste 174524
Intercambio (16, 23) -> Peor solución (coste 174622) — no aceptada
Intercambio (16, 23) -> Nueva solución con coste 174524
Intercambio (13, 19) -> Peor solución (coste 174668) — no aceptada
Intercambio (13, 19) -> Nueva solución con coste 174524
Intercambio (16, 23) -> Peor solución (coste 174622) — no aceptada
Intercambio (16, 23) -> Nueva solución con coste 174524
Intercambio (13, 19) -> Peor solución (coste 174668) — no aceptada
Intercambio (13, 19) -> Nueva solución con coste 174524
Intercambio (16, 23) -> Peor solución (coste 174622) — no aceptada
Intercambio (16, 23) -> Nueva solución con coste 174524
Intercambio (13, 19) -> Peor solución (coste 174668) — no aceptada
Intercambio (13, 19) -> Nueva solución con coste 174524
Intercambio (16, 23) -> Peor solución (coste 174622) — no aceptada
Intercambio (16, 23) -> Nueva solución con coste 174524
Intercambio (13, 19) -> Peor solución (coste 174668) — no aceptada
Intercambio (13, 19) -> Nueva solución con coste 174524
Intercambio (16, 23) -> Peor solución (coste 174622) — no aceptada
Intercambio (16, 23) -> Nueva solución con coste 174524
Intercambio (13, 19) -> Peor solución (coste 174668) — no aceptada
Intercambio (13, 19) -> Nueva solución con coste 174524
Intercambio (16, 23) -> Peor solución (coste 174622) — no aceptada
Intercambio (16, 23) -> Nueva solución con coste 174524
Intercambio (13, 19) -> Peor solución (coste 174668) — no aceptada
Intercambio (13, 19) -> Nueva solución con coste 174524
Intercambio (16, 23) -> Peor solución (coste 174622) — no aceptada
Intercambio (16, 23) -> Nueva solución con coste 174524
Intercambio (13, 19) -> Peor solución (coste 174668) — no aceptada
Intercambio (13, 19) -> Nueva solución con coste 174524
Intercambio (16, 23) -> Peor solución (coste 174622) — no aceptada
Intercambio (16, 23) -> Nueva solución con coste 174524
Intercambio (13, 19) -> Peor solución (coste 174668) — no aceptada
Intercambio (13, 19) -> Nueva solución con coste 174524
Intercambio (16, 23) -> Peor solución (coste 174622) — no aceptada
Intercambio (16, 23) -> Nueva solución con coste 174524
Intercambio (13, 19) -> Peor solución (coste 174668) — no aceptada
Intercambio (13, 19) -> Nueva solución con coste 174524
Intercambio (16, 23) -> Peor solución (coste 174622) — no aceptada
Intercambio (16, 23) -> Nueva solución con coste 174524
Intercambio (13, 19) -> Peor solución (coste 174668) — no aceptada
Intercambio (13, 19) -> Nueva solución con coste 174524
Intercambio (16, 23) -> Peor solución (coste 174622) — no aceptada
Intercambio (16, 23) -> Nueva solución con coste 174524
Intercambio (13, 19) -> Peor solución (coste 174668) — no aceptada
Intercambio (13, 19) -> Nueva solución con coste 174524
Intercambio (16, 23) -> Peor solución (coste 174622) — no aceptada
Intercambio (16, 23) -> Nueva solución con coste 174524
Intercambio (13, 19) -> Peor solución (coste 174668) — no aceptada
Intercambio (13, 19) -> Nueva solución con coste 174524
Intercambio (16, 23) -> Peor solución (coste 174622) — no aceptada
Intercambio (16, 23) -> Nueva solución con coste 174524
Intercambio (13, 19) -> Peor solución (coste 174668) — no aceptada
Intercambio (13, 19) -> Nueva solución con coste 174524
Intercambio (16, 23) -> Peor solución (coste 174622) — no aceptada
Intercambio (16, 23) -> Nueva solución con coste 174524
Intercambio (13, 19) -> Peor solución (coste 174668) — no aceptada
Intercambio (13, 19) -> Nueva solución con coste 174524
Intercambio (16, 23) -> Peor solución (coste 174622) — no aceptada
Intercambio (16, 23) -> Nueva solución con coste 174524
Intercambio (13, 19) -> Peor solución (coste 174668) — no aceptada
Intercambio (13, 19) -> Nueva solución con coste 174524
Intercambio (16, 23) -> Peor solución (coste 174622) — no aceptada
Intercambio (16, 23) -> Nueva solución con coste 174524
Intercambio (13, 19) -> Peor solución (coste 174668) — no aceptada
Intercambio (13, 19) -> Nueva solución con coste 174524
Intercambio (16, 23) -> Peor solución (coste 174622) — no aceptada
Intercambio (16, 23) -> Nueva solución con coste 174524
Intercambio (13, 19) -> Peor solución (coste 174668) — no aceptada
Intercambio (13, 19) -> Nueva solución con coste 174524
Intercambio (16, 23) -> Peor solución (coste 174622) — no aceptada
Intercambio (16, 23) -> Nueva solución con coste 174524
Intercambio (13, 19) -> Peor solución (coste 174668) — no aceptada
Intercambio (13, 19) -> Nueva solución con coste 174524
Intercambio (16, 23) -> Peor solución (coste 174622) — no aceptada
Intercambio (16, 23) -> Nueva solución con coste 174524
Intercambio (13, 19) -> Peor solución (coste 174668) — no aceptada
Intercambio (13, 19) -> Nueva solución con coste 174524
Intercambio (16, 23) -> Peor solución (coste 174622) — no aceptada
Intercambio (16, 23) -> Nueva solución con coste 174524
Intercambio (13, 19) -> Peor solución (coste 174668) — no aceptada
Intercambio (13, 19) -> Nueva solución con coste 174524
Intercambio (16, 23) -> Peor solución (coste 174622) — no aceptada
Intercambio (16, 23) -> Nueva solución con coste 174524
Intercambio (13, 19) -> Peor solución (coste 174668) — no aceptada
Intercambio (13, 19) -> Nueva solución con coste 174524
Intercambio (16, 23) -> Peor solución (coste 174622) — no aceptada
Intercambio (16, 23) -> Nueva solución con coste 174524
Intercambio (13, 19) -> Peor solución (coste 174668) — no aceptada
Intercambio (13, 19) -> Nueva solución con coste 174524
Intercambio (16, 23) -> Peor solución (coste 174622) — no aceptada
Intercambio (16, 23) -> Nueva solución con coste 174524
Intercambio (13, 19) -> Peor solución (coste 174668) — no aceptada
Intercambio (13, 19) -> Nueva solución con coste 174524
Intercambio (16, 23) -> Peor solución (coste 174622) — no aceptada
Intercambio (16, 23) -> Nueva solución con coste 174524
Intercambio (13, 19) -> Peor solución (coste 174668) — no aceptada
Intercambio (13, 19) -> Nueva solución con coste 174524
Intercambio (16, 23) -> Peor solución (coste 174622) — no aceptada
Intercambio (16, 23) -> Nueva solución con coste 174524
Intercambio (13, 19) -> Peor solución (coste 174668) — no aceptada
Intercambio (13, 19) -> Nueva solución con coste 174524
Intercambio (16, 23) -> Peor solución (coste 174622) — no aceptada
Intercambio (16, 23) -> Nueva solución con coste 174524
Intercambio (13, 19) -> Peor solución (coste 174668) — no aceptada
Intercambio (13, 19) -> Nueva solución con coste 174524
Intercambio (16, 23) -> Peor solución (coste 174622) — no aceptada
Intercambio (16, 23) -> Nueva solución con coste 174524
Intercambio (13, 19) -> Peor solución (coste 174668) — no aceptada
Intercambio (13, 19) -> Nueva solución con coste 174524
Intercambio (16, 23) -> Peor solución (coste 174622) — no aceptada
Intercambio (16, 23) -> Nueva solución con coste 174524
Intercambio (13, 19) -> Peor solución (coste 174668) — no aceptada
Intercambio (13, 19) -> Nueva solución con coste 174524
Intercambio (16, 23) -> Peor solución (coste 174622) — no aceptada
Intercambio (16, 23) -> Nueva solución con coste 174524
Intercambio (13, 19) -> Peor solución (coste 174668) — no aceptada
Intercambio (13, 19) -> Nueva solución con coste 174524
Intercambio (16, 23) -> Peor solución (coste 174622) — no aceptada
Intercambio (16, 23) -> Nueva solución con coste 174524
Intercambio (13, 19) -> Peor solución (coste 174668) — no aceptada
Intercambio (13, 19) -> Nueva solución con coste 174524
Intercambio (16, 23) -> Peor solución (coste 174622) — no aceptada
Intercambio (16, 23) -> Nueva solución con coste 174524
Intercambio (13, 19) -> Peor solución (coste 174668) — no aceptada
Intercambio (13, 19) -> Nueva solución con coste 174524
Intercambio (16, 23) -> Peor solución (coste 174622) — no aceptada
Intercambio (16, 23) -> Nueva solución con coste 174524
Intercambio (13, 19) -> Peor solución (coste 174668) — no aceptada
Intercambio (13, 19) -> Nueva solución con coste 174524
Intercambio (16, 23) -> Peor solución (coste 174622) — no aceptada
Intercambio (16, 23) -> Nueva solución con coste 174524
Intercambio (13, 19) -> Peor solución (coste 174668) — no aceptada
Intercambio (13, 19) -> Nueva solución con coste 174524
Intercambio (16, 23) -> Peor solución (coste 174622) — no aceptada
Intercambio (16, 23) -> Nueva solución con coste 174524
Intercambio (13, 19) -> Peor solución (coste 174668) — no aceptada
Intercambio (13, 19) -> Nueva solución con coste 174524
Intercambio (16, 23) -> Peor solución (coste 174622) — no aceptada
Intercambio (16, 23) -> Nueva solución con coste 174524
Intercambio (13, 19) -> Peor solución (coste 174668) — no aceptada
Intercambio (13, 19) -> Nueva solución con coste 174524
Intercambio (16, 23) -> Peor solución (coste 174622) — no aceptada
Intercambio (16, 23) -> Nueva solución con coste 174524
Intercambio (13, 19) -> Peor solución (coste 174668) — no aceptada
Intercambio (13, 19) -> Nueva solución con coste 174524
Intercambio (16, 23) -> Peor solución (coste 174622) — no aceptada
Intercambio (16, 23) -> Nueva solución con coste 174524
Intercambio (13, 19) -> Peor solución (coste 174668) — no aceptada
Intercambio (13, 19) -> Nueva solución con coste 174524
Intercambio (16, 23) -> Peor solución (coste 174622) — no aceptada
Intercambio (16, 23) -> Nueva solución con coste 174524
Intercambio (13, 19) -> Peor solución (coste 174668) — no aceptada
Intercambio (13, 19) -> Nueva solución con coste 174524
Intercambio (16, 23) -> Peor solución (coste 174622) — no aceptada
Intercambio (16, 23) -> Nueva solución con coste 174524
Intercambio (13, 19) -> Peor solución (coste 174668) — no aceptada
Intercambio (13, 19) -> Nueva solución con coste 174524
Intercambio (16, 23) -> Peor solución (coste 174622) — no aceptada
Intercambio (16, 23) -> Nueva solución con coste 174524
Intercambio (13, 19) -> Peor solución (coste 174668) — no aceptada
Intercambio (13, 19) -> Nueva solución con coste 174524
Intercambio (16, 23) -> Peor solución (coste 174622) — no aceptada
Intercambio (16, 23) -> Nueva solución con coste 174524
Intercambio (13, 19) -> Peor solución (coste 174668) — no aceptada
Intercambio (13, 19) -> Nueva solución con coste 174524
Intercambio (16, 23) -> Peor solución (coste 174622) — no aceptada
Intercambio (16, 23) -> Nueva solución con coste 174524
Intercambio (13, 19) -> Peor solución (coste 174668) — no aceptada
Intercambio (13, 19) -> Nueva solución con coste 174524
Intercambio (16, 23) -> Peor solución (coste 174622) — no aceptada
Intercambio (16, 23) -> Nueva solución con coste 174524
Intercambio (13, 19) -> Peor solución (coste 174668) — no aceptada
Intercambio (13, 19) -> Nueva solución con coste 174524
Intercambio (16, 23) -> Peor solución (coste 174622) — no aceptada
Intercambio (16, 23) -> Nueva solución con coste 174524
Intercambio (13, 19) -> Peor solución (coste 174668) — no aceptada
Intercambio (13, 19) -> Nueva solución con coste 174524
Intercambio (16, 23) -> Peor solución (coste 174622) — no aceptada
Intercambio (16, 23) -> Nueva solución con coste 174524
Intercambio (13, 19) -> Peor solución (coste 174668) — no aceptada
Intercambio (13, 19) -> Nueva solución con coste 174524
Intercambio (16, 23) -> Peor solución (coste 174622) — no aceptada
Intercambio (16, 23) -> Nueva solución con coste 174524
Intercambio (13, 19) -> Peor solución (coste 174668) — no aceptada
Intercambio (13, 19) -> Nueva solución con coste 174524
Intercambio (16, 23) -> Peor solución (coste 174622) — no aceptada
Intercambio (16, 23) -> Nueva solución con coste 174524
Intercambio (13, 19) -> Peor solución (coste 174668) — no aceptada
Intercambio (13, 19) -> Nueva solución con coste 174524
Intercambio (16, 23) -> Peor solución (coste 174622) — no aceptada
Intercambio (16, 23) -> Nueva solución con coste 174524
Intercambio (13, 19) -> Peor solución (coste 174668) — no aceptada
Intercambio (13, 19) -> Nueva solución con coste 174524
Intercambio (16, 23) -> Peor solución (coste 174622) — no aceptada
Intercambio (16, 23) -> Nueva solución con coste 174524
Intercambio (13, 19) -> Peor solución (coste 174668) — no aceptada
Intercambio (13, 19) -> Nueva solución con coste 174524
Intercambio (16, 23) -> Peor solución (coste 174622) — no aceptada
Intercambio (16, 23) -> Nueva solución con coste 174524
Intercambio (13, 19) -> Peor solución (coste 174668) — no aceptada
Intercambio (13, 19) -> Nueva solución con coste 174524
Intercambio (16, 23) -> Peor solución (coste 174622) — no aceptada
Intercambio (16, 23) -> Nueva solución con coste 174524
Intercambio (13, 19) -> Peor solución (coste 174668) — no aceptada
Intercambio (13, 19) -> Nueva solución con coste 174524
Intercambio (16, 23) -> Peor solución (coste 174622) — no aceptada
Intercambio (16, 23) -> Nueva solución con coste 174524
Intercambio (13, 19) -> Peor solución (coste 174668) — no aceptada
Intercambio (13, 19) -> Nueva solución con coste 174524
Intercambio (16, 23) -> Peor solución (coste 174622) — no aceptada
Intercambio (16, 23) -> Nueva solución con coste 174524
Intercambio (13, 19) -> Peor solución (coste 174668) — no aceptada
Intercambio (13, 19) -> Nueva solución con coste 174524
Intercambio (16, 23) -> Peor solución (coste 174622) — no aceptada
Intercambio (16, 23) -> Nueva solución con coste 174524
Intercambio (13, 19) -> Peor solución (coste 174668) — no aceptada
Intercambio (13, 19) -> Nueva solución con coste 174524
Intercambio (16, 23) -> Peor solución (coste 174622) — no aceptada
Intercambio (16, 23) -> Nueva solución con coste 174524
Intercambio (13, 19) -> Peor solución (coste 174668) — no aceptada
Intercambio (13, 19) -> Nueva solución con coste 174524
Intercambio (16, 23) -> Peor solución (coste 174622) — no aceptada
Intercambio (16, 23) -> Nueva solución con coste 174524
Intercambio (13, 19) -> Peor solución (coste 174668) — no aceptada
Intercambio (13, 19) -> Nueva solución con coste 174524
Intercambio (16, 23) -> Peor solución (coste 174622) — no aceptada
Intercambio (16, 23) -> Nueva solución con coste 174524
Intercambio (13, 19) -> Peor solución (coste 174668) — no aceptada
Intercambio (13, 19) -> Nueva solución con coste 174524
Intercambio (16, 23) -> Peor solución (coste 174622) — no aceptada
Intercambio (16, 23) -> Nueva solución con coste 174524
Intercambio (13, 19) -> Peor solución (coste 174668) — no aceptada
Intercambio (13, 19) -> Nueva solución con coste 174524
Intercambio (16, 23) -> Peor solución (coste 174622) — no aceptada
Intercambio (16, 23) -> Nueva solución con coste 174524
Intercambio (13, 19) -> Peor solución (coste 174668) — no aceptada
Intercambio (13, 19) -> Nueva solución con coste 174524
Intercambio (16, 23) -> Peor solución (coste 174622) — no aceptada
Intercambio (16, 23) -> Nueva solución con coste 174524
Intercambio (13, 19) -> Peor solución (coste 174668) — no aceptada
Intercambio (13, 19) -> Nueva solución con coste 174524
Intercambio (16, 23) -> Peor solución (coste 174622) — no aceptada
Intercambio (16, 23) -> Nueva solución con coste 174524
Intercambio (13, 19) -> Peor solución (coste 174668) — no aceptada
Intercambio (13, 19) -> Nueva solución con coste 174524
Intercambio (16, 23) -> Peor solución (coste 174622) — no aceptada
Intercambio (16, 23) -> Nueva solución con coste 174524
Intercambio (13, 19) -> Peor solución (coste 174668) — no aceptada
Intercambio (13, 19) -> Nueva solución con coste 174524
Intercambio (16, 23) -> Peor solución (coste 174622) — no aceptada
Intercambio (16, 23) -> Nueva solución con coste 174524
Intercambio (13, 19) -> Peor solución (coste 174668) — no aceptada
Intercambio (13, 19) -> Nueva solución con coste 174524
Intercambio (16, 23) -> Peor solución (coste 174622) — no aceptada
Intercambio (16, 23) -> Nueva solución con coste 174524
Intercambio (13, 19) -> Peor solución (coste 174668) — no aceptada
Intercambio (13, 19) -> Nueva solución con coste 174524
Intercambio (16, 23) -> Peor solución (coste 174622) — no aceptada
Intercambio (16, 23) -> Nueva solución con coste 174524
Intercambio (13, 19) -> Peor solución (coste 174668) — no aceptada
Intercambio (13, 19) -> Nueva solución con coste 174524
Intercambio (16, 23) -> Peor solución (coste 174622) — no aceptada
Intercambio (16, 23) -> Nueva solución con coste 174524
Intercambio (13, 19) -> Peor solución (coste 174668) — no aceptada
Intercambio (13, 19) -> Nueva solución con coste 174524
Intercambio (16, 23) -> Peor solución (coste 174622) — no aceptada
Intercambio (16, 23) -> Nueva solución con coste 174524
Intercambio (13, 19) -> Peor solución (coste 174668) — no aceptada
Intercambio (13, 19) -> Nueva solución con coste 174524
Intercambio (16, 23) -> Peor solución (coste 174622) — no aceptada
Intercambio (16, 23) -> Nueva solución con coste 174524
Intercambio (13, 19) -> Peor solución (coste 174668) — no aceptada
Intercambio (13, 19) -> Nueva solución con coste 174524
Intercambio (16, 23) -> Peor solución (coste 174622) — no aceptada
Intercambio (16, 23) -> Nueva solución con coste 174524
Intercambio (13, 19) -> Peor solución (coste 174668) — no aceptada
Intercambio (13, 19) -> Nueva solución con coste 174524
Intercambio (16, 23) -> Peor solución (coste 174622) — no aceptada
Intercambio (16, 23) -> Nueva solución con coste 174524
Intercambio (13, 19) -> Peor solución (coste 174668) — no aceptada
Intercambio (13, 19) -> Nueva solución con coste 174524
Intercambio (16, 23) -> Peor solución (coste 174622) — no aceptada
Intercambio (16, 23) -> Nueva solución con coste 174524
Intercambio (13, 19) -> Peor solución (coste 174668) — no aceptada
Intercambio (13, 19) -> Nueva solución con coste 174524
Intercambio (16, 23) -> Peor solución (coste 174622) — no aceptada
Intercambio (16, 23) -> Nueva solución con coste 174524
Intercambio (13, 19) -> Peor solución (coste 174668) — no aceptada
Intercambio (13, 19) -> Nueva solución con coste 174524
Intercambio (16, 23) -> Peor solución (coste 174622) — no aceptada
Intercambio (16, 23) -> Nueva solución con coste 174524
Intercambio (13, 19) -> Peor solución (coste 174668) — no aceptada
Intercambio (13, 19) -> Nueva solución con coste 174524
Intercambio (16, 23) -> Peor solución (coste 174622) — no aceptada
Intercambio (16, 23) -> Nueva solución con coste 174524
Intercambio (13, 19) -> Peor solución (coste 174668) — no aceptada
Intercambio (13, 19) -> Nueva solución con coste 174524
Intercambio (16, 23) -> Peor solución (coste 174622) — no aceptada
Intercambio (16, 23) -> Nueva solución con coste 174524
Intercambio (13, 19) -> Peor solución (coste 174668) — no aceptada
Intercambio (13, 19) -> Nueva solución con coste 174524
Intercambio (16, 23) -> Peor solución (coste 174622) — no aceptada
Intercambio (16, 23) -> Nueva solución con coste 174524
Intercambio (13, 19) -> Peor solución (coste 174668) — no aceptada
Intercambio (13, 19) -> Nueva solución con coste 174524
Intercambio (16, 23) -> Peor solución (coste 174622) — no aceptada
Intercambio (16, 23) -> Nueva solución con coste 174524
Intercambio (13, 19) -> Peor solución (coste 174668) — no aceptada
Intercambio (13, 19) -> Nueva solución con coste 174524
Intercambio (16, 23) -> Peor solución (coste 174622) — no aceptada
Intercambio (16, 23) -> Nueva solución con coste 174524
Intercambio (13, 19) -> Peor solución (coste 174668) — no aceptada
Intercambio (13, 19) -> Nueva solución con coste 174524
Intercambio (16, 23) -> Peor solución (coste 174622) — no aceptada
Intercambio (16, 23) -> Nueva solución con coste 174524
Intercambio (13, 19) -> Peor solución (coste 174668) — no aceptada
Intercambio (13, 19) -> Nueva solución con coste 174524
Intercambio (16, 23) -> Peor solución (coste 174622) — no aceptada
Intercambio (16, 23) -> Nueva solución con coste 174524
Intercambio (13, 19) -> Peor solución (coste 174668) — no aceptada
Intercambio (13, 19) -> Nueva solución con coste 174524
Intercambio (16, 23) -> Peor solución (coste 174622) — no aceptada
Intercambio (16, 23) -> Nueva solución con coste 174524
Intercambio (13, 19) -> Peor solución (coste 174668) — no aceptada
Intercambio (13, 19) -> Nueva solución con coste 174524
Intercambio (16, 23) -> Peor solución (coste 174622) — no aceptada
Intercambio (16, 23) -> Nueva solución con coste 174524
Intercambio (13, 19) -> Peor solución (coste 174668) — no aceptada
Intercambio (13, 19) -> Nueva solución con coste 174524
Intercambio (16, 23) -> Peor solución (coste 174622) — no aceptada
Intercambio (16, 23) -> Nueva solución con coste 174524
Intercambio (13, 19) -> Peor solución (coste 174668) — no aceptada
Intercambio (13, 19) -> Nueva solución con coste 174524
Intercambio (16, 23) -> Peor solución (coste 174622) — no aceptada
Intercambio (16, 23) -> Nueva solución con coste 174524
Intercambio (13, 19) -> Peor solución (coste 174668) — no aceptada
Intercambio (13, 19) -> Nueva solución con coste 174524
Intercambio (16, 23) -> Peor solución (coste 174622) — no aceptada
Intercambio (16, 23) -> Nueva solución con coste 174524
Intercambio (13, 19) -> Peor solución (coste 174668) — no aceptada
Intercambio (13, 19) -> Nueva solución con coste 174524
Intercambio (16, 23) -> Peor solución (coste 174622) — no aceptada
Intercambio (16, 23) -> Nueva solución con coste 174524
Intercambio (13, 19) -> Peor solución (coste 174668) — no aceptada
Intercambio (13, 19) -> Nueva solución con coste 174524
Intercambio (16, 23) -> Peor solución (coste 174622) — no aceptada
Intercambio (16, 23) -> Nueva solución con coste 174524
Intercambio (13, 19) -> Peor solución (coste 174668) — no aceptada
Intercambio (13, 19) -> Nueva solución con coste 174524
Intercambio (16, 23) -> Peor solución (coste 174622) — no aceptada
Intercambio (16, 23) -> Nueva solución con coste 174524
Intercambio (13, 19) -> Peor solución (coste 174668) — no aceptada
Intercambio (13, 19) -> Nueva solución con coste 174524
Intercambio (16, 23) -> Peor solución (coste 174622) — no aceptada
Intercambio (16, 23) -> Nueva solución con coste 174524
Intercambio (13, 19) -> Peor solución (coste 174668) — no aceptada
Intercambio (13, 19) -> Nueva solución con coste 174524
Intercambio (16, 23) -> Peor solución (coste 174622) — no aceptada
Intercambio (16, 23) -> Nueva solución con coste 174524
Intercambio (13, 19) -> Peor solución (coste 174668) — no aceptada
Intercambio (13, 19) -> Nueva solución con coste 174524
Intercambio (16, 23) -> Peor solución (coste 174622) — no aceptada
Intercambio (16, 23) -> Nueva solución con coste 174524
Intercambio (13, 19) -> Peor solución (coste 174668) — no aceptada
Intercambio (13, 19) -> Nueva solución con coste 174524
Intercambio (16, 23) -> Peor solución (coste 174622) — no aceptada
Intercambio (16, 23) -> Nueva solución con coste 174524
Intercambio (13, 19) -> Peor solución (coste 174668) — no aceptada
Intercambio (13, 19) -> Nueva solución con coste 174524
Intercambio (16, 23) -> Peor solución (coste 174622) — no aceptada
Intercambio (16, 23) -> Nueva solución con coste 174524
Intercambio (13, 19) -> Peor solución (coste 174668) — no aceptada
Intercambio (13, 19) -> Nueva solución con coste 174524
Intercambio (16, 23) -> Peor solución (coste 174622) — no aceptada
Intercambio (16, 23) -> Nueva solución con coste 174524
Intercambio (13, 19) -> Peor solución (coste 174668) — no aceptada
Intercambio (13, 19) -> Nueva solución con coste 174524
Intercambio (16, 23) -> Peor solución (coste 174622) — no aceptada
Intercambio (16, 23) -> Nueva solución con coste 174524
Intercambio (13, 19) -> Peor solución (coste 174668) — no aceptada
Intercambio (13, 19) -> Nueva solución con coste 174524
Intercambio (16, 23) -> Peor solución (coste 174622) — no aceptada
Intercambio (16, 23) -> Nueva solución con coste 174524
Intercambio (13, 19) -> Peor solución (coste 174668) — no aceptada
Intercambio (13, 19) -> Nueva solución con coste 174524
Intercambio (16, 23) -> Peor solución (coste 174622) — no aceptada
Intercambio (16, 23) -> Nueva solución con coste 174524
Intercambio (13, 19) -> Peor solución (coste 174668) — no aceptada
Intercambio (13, 19) -> Nueva solución con coste 174524
Intercambio (16, 23) -> Peor solución (coste 174622) — no aceptada
Intercambio (16, 23) -> Nueva solución con coste 174524
Intercambio (13, 19) -> Peor solución (coste 174668) — no aceptada
Intercambio (13, 19) -> Nueva solución con coste 174524
Intercambio (16, 23) -> Peor solución (coste 174622) — no aceptada
Intercambio (16, 23) -> Nueva solución con coste 174524
Intercambio (13, 19) -> Peor solución (coste 174668) — no aceptada
Intercambio (13, 19) -> Nueva solución con coste 174524
Intercambio (16, 23) -> Peor solución (coste 174622) — no aceptada
Intercambio (16, 23) -> Nueva solución con coste 174524
Intercambio (13, 19) -> Peor solución (coste 174668) — no aceptada
Intercambio (13, 19) -> Nueva solución con coste 174524
Intercambio (16, 23) -> Peor solución (coste 174622) — no aceptada
Intercambio (16, 23) -> Nueva solución con coste 174524
Intercambio (13, 19) -> Peor solución (coste 174668) — no aceptada
Intercambio (13, 19) -> Nueva solución con coste 174524
Intercambio (16, 23) -> Peor solución (coste 174622) — no aceptada
Intercambio (16, 23) -> Nueva solución con coste 174524
Intercambio (13, 19) -> Peor solución (coste 174668) — no aceptada
Intercambio (13, 19) -> Nueva solución con coste 174524
Intercambio (16, 23) -> Peor solución (coste 174622) — no aceptada
Intercambio (16, 23) -> Nueva solución con coste 174524
Intercambio (13, 19) -> Peor solución (coste 174668) — no aceptada
Intercambio (13, 19) -> Nueva solución con coste 174524
Intercambio (16, 23) -> Peor solución (coste 174622) — no aceptada
Intercambio (16, 23) -> Nueva solución con coste 174524
Intercambio (13, 19) -> Peor solución (coste 174668) — no aceptada
Intercambio (13, 19) -> Nueva solución con coste 174524
Intercambio (16, 23) -> Peor solución (coste 174622) — no aceptada
Intercambio (16, 23) -> Nueva solución con coste 174524
Intercambio (13, 19) -> Peor solución (coste 174668) — no aceptada
Intercambio (13, 19) -> Nueva solución con coste 174524
Intercambio (16, 23) -> Peor solución (coste 174622) — no aceptada
Intercambio (16, 23) -> Nueva solución con coste 174524
Intercambio (13, 19) -> Peor solución (coste 174668) — no aceptada
Intercambio (13, 19) -> Nueva solución con coste 174524
Intercambio (16, 23) -> Peor solución (coste 174622) — no aceptada
Intercambio (16, 23) -> Nueva solución con coste 174524
Intercambio (13, 19) -> Peor solución (coste 174668) — no aceptada
Intercambio (13, 19) -> Nueva solución con coste 174524
Intercambio (16, 23) -> Peor solución (coste 174622) — no aceptada
Intercambio (16, 23) -> Nueva solución con coste 174524
Intercambio (13, 19) -> Peor solución (coste 174668) — no aceptada
Intercambio (13, 19) -> Nueva solución con coste 174524
Intercambio (16, 23) -> Peor solución (coste 174622) — no aceptada
Intercambio (16, 23) -> Nueva solución con coste 174524
Intercambio (13, 19) -> Peor solución (coste 174668) — no aceptada
Intercambio (13, 19) -> Nueva solución con coste 174524
Intercambio (16, 23) -> Peor solución (coste 174622) — no aceptada
Intercambio (16, 23) -> Nueva solución con coste 174524
Intercambio (13, 19) -> Peor solución (coste 174668) — no aceptada
Intercambio (13, 19) -> Nueva solución con coste 174524
Intercambio (16, 23) -> Peor solución (coste 174622) — no aceptada
Intercambio (16, 23) -> Nueva solución con coste 174524
Intercambio (13, 19) -> Peor solución (coste 174668) — no aceptada
Intercambio (13, 19) -> Nueva solución con coste 174524
Intercambio (16, 23) -> Peor solución (coste 174622) — no aceptada
Intercambio (16, 23) -> Nueva solución con coste 174524
Intercambio (13, 19) -> Peor solución (coste 174668) — no aceptada
Intercambio (13, 19) -> Nueva solución con coste 174524
Intercambio (16, 23) -> Peor solución (coste 174622) — no aceptada
Intercambio (16, 23) -> Nueva solución con coste 174524
Intercambio (13, 19) -> Peor solución (coste 174668) — no aceptada
Intercambio (13, 19) -> Nueva solución con coste 174524
Intercambio (16, 23) -> Peor solución (coste 174622) — no aceptada
Intercambio (16, 23) -> Nueva solución con coste 174524
Intercambio (13, 19) -> Peor solución (coste 174668) — no aceptada
Intercambio (13, 19) -> Nueva solución con coste 174524
Intercambio (16, 23) -> Peor solución (coste 174622) — no aceptada
Intercambio (16, 23) -> Nueva solución con coste 174524
Intercambio (13, 19) -> Peor solución (coste 174668) — no aceptada
Intercambio (13, 19) -> Nueva solución con coste 174524
Intercambio (16, 23) -> Peor solución (coste 174622) — no aceptada
Intercambio (16, 23) -> Nueva solución con coste 174524
Intercambio (13, 19) -> Peor solución (coste 174668) — no aceptada
Intercambio (13, 19) -> Nueva solución con coste 174524
Intercambio (16, 23) -> Peor solución (coste 174622) — no aceptada
Intercambio (16, 23) -> Nueva solución con coste 174524
Intercambio (13, 19) -> Peor solución (coste 174668) — no aceptada
Intercambio (13, 19) -> Nueva solución con coste 174524
Intercambio (16, 23) -> Peor solución (coste 174622) — no aceptada
Intercambio (16, 23) -> Nueva solución con coste 174524
Intercambio (13, 19) -> Peor solución (coste 174668) — no aceptada
Intercambio (13, 19) -> Nueva solución con coste 174524
Intercambio (16, 23) -> Peor solución (coste 174622) — no aceptada
Intercambio (16, 23) -> Nueva solución con coste 174524
Intercambio (13, 19) -> Peor solución (coste 174668) — no aceptada
Intercambio (13, 19) -> Nueva solución con coste 174524
Intercambio (16, 23) -> Peor solución (coste 174622) — no aceptada
Intercambio (16, 23) -> Nueva solución con coste 174524
Intercambio (13, 19) -> Peor solución (coste 174668) — no aceptada
Intercambio (13, 19) -> Nueva solución con coste 174524
Intercambio (16, 23) -> Peor solución (coste 174622) — no aceptada
Intercambio (16, 23) -> Nueva solución con coste 174524
Intercambio (13, 19) -> Peor solución (coste 174668) — no aceptada
Intercambio (13, 19) -> Nueva solución con coste 174524
Intercambio (16, 23) -> Peor solución (coste 174622) — no aceptada
Intercambio (16, 23) -> Nueva solución con coste 174524
Intercambio (13, 19) -> Peor solución (coste 174668) — no aceptada
Intercambio (13, 19) -> Nueva solución con coste 174524
Intercambio (16, 23) -> Peor solución (coste 174622) — no aceptada
Intercambio (16, 23) -> Nueva solución con coste 174524
Intercambio (13, 19) -> Peor solución (coste 174668) — no aceptada
Intercambio (13, 19) -> Nueva solución con coste 174524
Intercambio (16, 23) -> Peor solución (coste 174622) — no aceptada
Intercambio (16, 23) -> Nueva solución con coste 174524
Intercambio (13, 19) -> Peor solución (coste 174668) — no aceptada
Intercambio (13, 19) -> Nueva solución con coste 174524
Intercambio (16, 23) -> Peor solución (coste 174622) — no aceptada
Intercambio (16, 23) -> Nueva solución con coste 174524
Intercambio (13, 19) -> Peor solución (coste 174668) — no aceptada
Intercambio (13, 19) -> Nueva solución con coste 174524
Intercambio (16, 23) -> Peor solución (coste 174622) — no aceptada
Intercambio (16, 23) -> Nueva solución con coste 174524
Intercambio (13, 19) -> Peor solución (coste 174668) — no aceptada
Intercambio (13, 19) -> Nueva solución con coste 174524
Intercambio (16, 23) -> Peor solución (coste 174622) — no aceptada
Intercambio (16, 23) -> Nueva solución con coste 174524
Intercambio (13, 19) -> Peor solución (coste 174668) — no aceptada
Intercambio (13, 19) -> Nueva solución con coste 174524
Intercambio (16, 23) -> Peor solución (coste 174622) — no aceptada
Intercambio (16, 23) -> Nueva solución con coste 174524
Intercambio (13, 19) -> Peor solución (coste 174668) — no aceptada
Intercambio (13, 19) -> Nueva solución con coste 174524
Intercambio (16, 23) -> Peor solución (coste 174622) — no aceptada
Intercambio (16, 23) -> Nueva solución con coste 174524
Intercambio (13, 19) -> Peor solución (coste 174668) — no aceptada
Intercambio (13, 19) -> Nueva solución con coste 174524
Intercambio (16, 23) -> Peor solución (coste 174622) — no aceptada
Intercambio (16, 23) -> Nueva solución con coste 174524
Intercambio (13, 19) -> Peor solución (coste 174668) — no aceptada
Intercambio (13, 19) -> Nueva solución con coste 174524
Intercambio (16, 23) -> Peor solución (coste 174622) — no aceptada
Intercambio (16, 23) -> Nueva solución con coste 174524
Intercambio (13, 19) -> Peor solución (coste 174668) — no aceptada
Intercambio (13, 19) -> Nueva solución con coste 174524
Intercambio (16, 23) -> Peor solución (coste 174622) — no aceptada
Intercambio (16, 23) -> Nueva solución con coste 174524
Intercambio (13, 19) -> Peor solución (coste 174668) — no aceptada
Intercambio (13, 19) -> Nueva solución con coste 174524
Intercambio (16, 23) -> Peor solución (coste 174622) — no aceptada
Intercambio (16, 23) -> Nueva solución con coste 174524
Intercambio (13, 19) -> Peor solución (coste 174668) — no aceptada
Intercambio (13, 19) -> Nueva solución con coste 174524
Intercambio (16, 23) -> Peor solución (coste 174622) — no aceptada
Intercambio (16, 23) -> Nueva solución con coste 174524
Intercambio (13, 19) -> Peor solución (coste 174668) — no aceptada
Intercambio (13, 19) -> Nueva solución con coste 174524
Intercambio (16, 23) -> Peor solución (coste 174622) — no aceptada
Intercambio (16, 23) -> Nueva solución con coste 174524
Intercambio (13, 19) -> Peor solución (coste 174668) — no aceptada
Intercambio (13, 19) -> Nueva solución con coste 174524
Intercambio (16, 23) -> Peor solución (coste 174622) — no aceptada
Intercambio (16, 23) -> Nueva solución con coste 174524
Intercambio (13, 19) -> Peor solución (coste 174668) — no aceptada
Intercambio (13, 19) -> Nueva solución con coste 174524
Intercambio (16, 23) -> Peor solución (coste 174622) — no aceptada
Intercambio (16, 23) -> Nueva solución con coste 174524
Intercambio (13, 19) -> Peor solución (coste 174668) — no aceptada
Intercambio (13, 19) -> Nueva solución con coste 174524
Intercambio (16, 23) -> Peor solución (coste 174622) — no aceptada
Intercambio (16, 23) -> Nueva solución con coste 174524
Intercambio (13, 19) -> Peor solución (coste 174668) — no aceptada
Intercambio (13, 19) -> Nueva solución con coste 174524
Intercambio (16, 23) -> Peor solución (coste 174622) — no aceptada
Intercambio (16, 23) -> Nueva solución con coste 174524
Intercambio (13, 19) -> Peor solución (coste 174668) — no aceptada
Intercambio (13, 19) -> Nueva solución con coste 174524
Intercambio (16, 23) -> Peor solución (coste 174622) — no aceptada
Intercambio (16, 23) -> Nueva solución con coste 174524
Intercambio (13, 19) -> Peor solución (coste 174668) — no aceptada
Intercambio (13, 19) -> Nueva solución con coste 174524
Intercambio (16, 23) -> Peor solución (coste 174622) — no aceptada
Intercambio (16, 23) -> Nueva solución con coste 174524
Intercambio (13, 19) -> Peor solución (coste 174668) — no aceptada
Intercambio (13, 19) -> Nueva solución con coste 174524
Intercambio (16, 23) -> Peor solución (coste 174622) — no aceptada
Intercambio (16, 23) -> Nueva solución con coste 174524
Intercambio (13, 19) -> Peor solución (coste 174668) — no aceptada
Intercambio (13, 19) -> Nueva solución con coste 174524
Intercambio (16, 23) -> Peor solución (coste 174622) — no aceptada
Intercambio (16, 23) -> Nueva solución con coste 174524
Intercambio (13, 19) -> Peor solución (coste 174668) — no aceptada
Intercambio (13, 19) -> Nueva solución con coste 174524
Intercambio (16, 23) -> Peor solución (coste 174622) — no aceptada
Intercambio (16, 23) -> Nueva solución con coste 174524
Intercambio (13, 19) -> Peor solución (coste 174668) — no aceptada
Intercambio (13, 19) -> Nueva solución con coste 174524
Intercambio (16, 23) -> Peor solución (coste 174622) — no aceptada
Intercambio (16, 23) -> Nueva solución con coste 174524
Intercambio (13, 19) -> Peor solución (coste 174668) — no aceptada
Intercambio (13, 19) -> Nueva solución con coste 174524
Intercambio (16, 23) -> Peor solución (coste 174622) — no aceptada
Intercambio (16, 23) -> Nueva solución con coste 174524
Intercambio (13, 19) -> Peor solución (coste 174668) — no aceptada
Intercambio (13, 19) -> Nueva solución con coste 174524
Intercambio (16, 23) -> Peor solución (coste 174622) — no aceptada
Intercambio (16, 23) -> Nueva solución con coste 174524
Intercambio (13, 19) -> Peor solución (coste 174668) — no aceptada
Intercambio (13, 19) -> Nueva solución con coste 174524
Intercambio (16, 23) -> Peor solución (coste 174622) — no aceptada
Intercambio (16, 23) -> Nueva solución con coste 174524
Intercambio (13, 19) -> Peor solución (coste 174668) — no aceptada
Intercambio (13, 19) -> Nueva solución con coste 174524
Intercambio (16, 23) -> Peor solución (coste 174622) — no aceptada
Intercambio (16, 23) -> Nueva solución con coste 174524
Intercambio (13, 19) -> Peor solución (coste 174668) — no aceptada
Intercambio (13, 19) -> Nueva solución con coste 174524
Intercambio (16, 23) -> Peor solución (coste 174622) — no aceptada
Intercambio (16, 23) -> Nueva solución con coste 174524
Intercambio (13, 19) -> Peor solución (coste 174668) — no aceptada
Intercambio (13, 19) -> Nueva solución con coste 174524
Intercambio (16, 23) -> Peor solución (coste 174622) — no aceptada
Intercambio (16, 23) -> Nueva solución con coste 174524
Intercambio (13, 19) -> Peor solución (coste 174668) — no aceptada
Intercambio (13, 19) -> Nueva solución con coste 174524
Intercambio (16, 23) -> Peor solución (coste 174622) — no aceptada
Intercambio (16, 23) -> Nueva solución con coste 174524
Intercambio (13, 19) -> Peor solución (coste 174668) — no aceptada
Intercambio (13, 19) -> Nueva solución con coste 174524
Intercambio (16, 23) -> Peor solución (coste 174622) — no aceptada
Intercambio (16, 23) -> Nueva solución con coste 174524
Intercambio (13, 19) -> Peor solución (coste 174668) — no aceptada
Intercambio (13, 19) -> Nueva solución con coste 174524
Intercambio (16, 23) -> Peor solución (coste 174622) — no aceptada
Intercambio (16, 23) -> Nueva solución con coste 174524
Intercambio (13, 19) -> Peor solución (coste 174668) — no aceptada
Intercambio (13, 19) -> Nueva solución con coste 174524
Intercambio (16, 23) -> Peor solución (coste 174622) — no aceptada
Intercambio (16, 23) -> Nueva solución con coste 174524
Intercambio (13, 19) -> Peor solución (coste 174668) — no aceptada
Intercambio (13, 19) -> Nueva solución con coste 174524
Intercambio (16, 23) -> Peor solución (coste 174622) — no aceptada
Intercambio (16, 23) -> Nueva solución con coste 174524
Intercambio (13, 19) -> Peor solución (coste 174668) — no aceptada
Intercambio (13, 19) -> Nueva solución con coste 174524
Intercambio (16, 23) -> Peor solución (coste 174622) — no aceptada
Intercambio (16, 23) -> Nueva solución con coste 174524
Intercambio (13, 19) -> Peor solución (coste 174668) — no aceptada
Intercambio (13, 19) -> Nueva solución con coste 174524
Intercambio (16, 23) -> Peor solución (coste 174622) — no aceptada
Intercambio (16, 23) -> Nueva solución con coste 174524
Intercambio (13, 19) -> Peor solución (coste 174668) — no aceptada
Intercambio (13, 19) -> Nueva solución con coste 174524
Intercambio (16, 23) -> Peor solución (coste 174622) — no aceptada
Intercambio (16, 23) -> Nueva solución con coste 174524
Intercambio (13, 19) -> Peor solución (coste 174668) — no aceptada
Intercambio (13, 19) -> Nueva solución con coste 174524
Intercambio (16, 23) -> Peor solución (coste 174622) — no aceptada
Intercambio (16, 23) -> Nueva solución con coste 174524
Intercambio (13, 19) -> Peor solución (coste 174668) — no aceptada
Intercambio (13, 19) -> Nueva solución con coste 174524
Intercambio (16, 23) -> Peor solución (coste 174622) — no aceptada
Intercambio (16, 23) -> Nueva solución con coste 174524
Intercambio (13, 19) -> Peor solución (coste 174668) — no aceptada
Intercambio (13, 19) -> Nueva solución con coste 174524
Intercambio (16, 23) -> Peor solución (coste 174622) — no aceptada
Intercambio (16, 23) -> Nueva solución con coste 174524
Intercambio (13, 19) -> Peor solución (coste 174668) — no aceptada
Intercambio (13, 19) -> Nueva solución con coste 174524
Intercambio (16, 23) -> Peor solución (coste 174622) — no aceptada
Intercambio (16, 23) -> Nueva solución con coste 174524
Intercambio (13, 19) -> Peor solución (coste 174668) — no aceptada
Intercambio (13, 19) -> Nueva solución con coste 174524
Intercambio (16, 23) -> Peor solución (coste 174622) — no aceptada
Intercambio (16, 23) -> Nueva solución con coste 174524
Intercambio (13, 19) -> Peor solución (coste 174668) — no aceptada
Intercambio (13, 19) -> Nueva solución con coste 174524
Intercambio (16, 23) -> Peor solución (coste 174622) — no aceptada
Intercambio (16, 23) -> Nueva solución con coste 174524
Intercambio (13, 19) -> Peor solución (coste 174668) — no aceptada
Intercambio (13, 19) -> Nueva solución con coste 174524
Intercambio (16, 23) -> Peor solución (coste 174622) — no aceptada
Intercambio (16, 23) -> Nueva solución con coste 174524
Intercambio (13, 19) -> Peor solución (coste 174668) — no aceptada
Intercambio (13, 19) -> Nueva solución con coste 174524
Intercambio (16, 23) -> Peor solución (coste 174622) — no aceptada
Intercambio (16, 23) -> Nueva solución con coste 174524
Intercambio (13, 19) -> Peor solución (coste 174668) — no aceptada
Intercambio (13, 19) -> Nueva solución con coste 174524
Intercambio (16, 23) -> Peor solución (coste 174622) — no aceptada
Intercambio (16, 23) -> Nueva solución con coste 174524
Intercambio (13, 19) -> Peor solución (coste 174668) — no aceptada
Intercambio (13, 19) -> Nueva solución con coste 174524
Intercambio (16, 23) -> Peor solución (coste 174622) — no aceptada
Intercambio (16, 23) -> Nueva solución con coste 174524
Intercambio (13, 19) -> Peor solución (coste 174668) — no aceptada
Intercambio (13, 19) -> Nueva solución con coste 174524
Intercambio (16, 23) -> Peor solución (coste 174622) — no aceptada
Intercambio (16, 23) -> Nueva solución con coste 174524
Intercambio (13, 19) -> Peor solución (coste 174668) — no aceptada
Intercambio (13, 19) -> Nueva solución con coste 174524
Intercambio (16, 23) -> Peor solución (coste 174622) — no aceptada
Intercambio (16, 23) -> Nueva solución con coste 174524
Intercambio (13, 19) -> Peor solución (coste 174668) — no aceptada
Intercambio (13, 19) -> Nueva solución con coste 174524
Intercambio (16, 23) -> Peor solución (coste 174622) — no aceptada
Intercambio (16, 23) -> Nueva solución con coste 174524
Intercambio (13, 19) -> Peor solución (coste 174668) — no aceptada
Intercambio (13, 19) -> Nueva solución con coste 174524
Intercambio (16, 23) -> Peor solución (coste 174622) — no aceptada
Intercambio (16, 23) -> Nueva solución con coste 174524
Intercambio (13, 19) -> Peor solución (coste 174668) — no aceptada
Intercambio (13, 19) -> Nueva solución con coste 174524
Intercambio (16, 23) -> Peor solución (coste 174622) — no aceptada
Intercambio (16, 23) -> Nueva solución con coste 174524
Intercambio (13, 19) -> Peor solución (coste 174668) — no aceptada
Intercambio (13, 19) -> Nueva solución con coste 174524
Intercambio (16, 23) -> Peor solución (coste 174622) — no aceptada
Intercambio (16, 23) -> Nueva solución con coste 174524
Intercambio (13, 19) -> Peor solución (coste 174668) — no aceptada
Intercambio (13, 19) -> Nueva solución con coste 174524
Intercambio (16, 23) -> Peor solución (coste 174622) — no aceptada
Intercambio (16, 23) -> Nueva solución con coste 174524
Intercambio (13, 19) -> Peor solución (coste 174668) — no aceptada
Intercambio (13, 19) -> Nueva solución con coste 174524
Intercambio (16, 23) -> Peor solución (coste 174622) — no aceptada
Intercambio (16, 23) -> Nueva solución con coste 174524
Intercambio (13, 19) -> Peor solución (coste 174668) — no aceptada
Intercambio (13, 19) -> Nueva solución con coste 174524
Intercambio (16, 23) -> Peor solución (coste 174622) — no aceptada
Intercambio (16, 23) -> Nueva solución con coste 174524
Intercambio (13, 19) -> Peor solución (coste 174668) — no aceptada
Intercambio (13, 19) -> Nueva solución con coste 174524
Intercambio (16, 23) -> Peor solución (coste 174622) — no aceptada
Intercambio (16, 23) -> Nueva solución con coste 174524
Intercambio (13, 19) -> Peor solución (coste 174668) — no aceptada
Intercambio (13, 19) -> Nueva solución con coste 174524
Intercambio (16, 23) -> Peor solución (coste 174622) — no aceptada
Intercambio (16, 23) -> Nueva solución con coste 174524
Intercambio (13, 19) -> Peor solución (coste 174668) — no aceptada
Intercambio (13, 19) -> Nueva solución con coste 174524
Intercambio (16, 23) -> Peor solución (coste 174622) — no aceptada
Intercambio (16, 23) -> Nueva solución con coste 174524
Intercambio (13, 19) -> Peor solución (coste 174668) — no aceptada
Intercambio (13, 19) -> Nueva solución con coste 174524
Intercambio (16, 23) -> Peor solución (coste 174622) — no aceptada
Intercambio (16, 23) -> Nueva solución con coste 174524
Intercambio (13, 19) -> Peor solución (coste 174668) — no aceptada
Intercambio (13, 19) -> Nueva solución con coste 174524
Intercambio (16, 23) -> Peor solución (coste 174622) — no aceptada
Intercambio (16, 23) -> Nueva solución con coste 174524
Intercambio (13, 19) -> Peor solución (coste 174668) — no aceptada
Intercambio (13, 19) -> Nueva solución con coste 174524
Intercambio (16, 23) -> Peor solución (coste 174622) — no aceptada
Intercambio (16, 23) -> Nueva solución con coste 174524
Intercambio (13, 19) -> Peor solución (coste 174668) — no aceptada
Intercambio (13, 19) -> Nueva solución con coste 174524
Intercambio (16, 23) -> Peor solución (coste 174622) — no aceptada
Intercambio (16, 23) -> Nueva solución con coste 174524
Intercambio (13, 19) -> Peor solución (coste 174668) — no aceptada
Intercambio (13, 19) -> Nueva solución con coste 174524
Intercambio (16, 23) -> Peor solución (coste 174622) — no aceptada
Intercambio (16, 23) -> Nueva solución con coste 174524
Intercambio (13, 19) -> Peor solución (coste 174668) — no aceptada
Intercambio (13, 19) -> Nueva solución con coste 174524
Intercambio (16, 23) -> Peor solución (coste 174622) — no aceptada
Intercambio (16, 23) -> Nueva solución con coste 174524
Intercambio (13, 19) -> Peor solución (coste 174668) — no aceptada
Intercambio (13, 19) -> Nueva solución con coste 174524
Intercambio (16, 23) -> Peor solución (coste 174622) — no aceptada
Intercambio (16, 23) -> Nueva solución con coste 174524
Intercambio (13, 19) -> Peor solución (coste 174668) — no aceptada
Intercambio (13, 19) -> Nueva solución con coste 174524
Intercambio (16, 23) -> Peor solución (coste 174622) — no aceptada
Intercambio (16, 23) -> Nueva solución con coste 174524
Intercambio (13, 19) -> Peor solución (coste 174668) — no aceptada
Intercambio (13, 19) -> Nueva solución con coste 174524
Intercambio (16, 23) -> Peor solución (coste 174622) — no aceptada
Intercambio (16, 23) -> Nueva solución con coste 174524
Intercambio (13, 19) -> Peor solución (coste 174668) — no aceptada
Intercambio (13, 19) -> Nueva solución con coste 174524
Intercambio (16, 23) -> Peor solución (coste 174622) — no aceptada
Intercambio (16, 23) -> Nueva solución con coste 174524
Intercambio (13, 19) -> Peor solución (coste 174668) — no aceptada
Intercambio (13, 19) -> Nueva solución con coste 174524
Intercambio (16, 23) -> Peor solución (coste 174622) — no aceptada
Intercambio (16, 23) -> Nueva solución con coste 174524
Intercambio (13, 19) -> Peor solución (coste 174668) — no aceptada
Intercambio (13, 19) -> Nueva solución con coste 174524
Intercambio (16, 23) -> Peor solución (coste 174622) — no aceptada
Intercambio (16, 23) -> Nueva solución con coste 174524
Intercambio (13, 19) -> Peor solución (coste 174668) — no aceptada
Intercambio (13, 19) -> Nueva solución con coste 174524
Intercambio (16, 23) -> Peor solución (coste 174622) — no aceptada
Intercambio (16, 23) -> Nueva solución con coste 174524
Intercambio (13, 19) -> Peor solución (coste 174668) — no aceptada
Intercambio (13, 19) -> Nueva solución con coste 174524
Intercambio (16, 23) -> Peor solución (coste 174622) — no aceptada
Intercambio (16, 23) -> Nueva solución con coste 174524
Intercambio (13, 19) -> Peor solución (coste 174668) — no aceptada
Intercambio (13, 19) -> Nueva solución con coste 174524
Intercambio (16, 23) -> Peor solución (coste 174622) — no aceptada
Intercambio (16, 23) -> Nueva solución con coste 174524

Solución final
--------------
[7, 22, 0, 14, 6, 26, 21, 5, 1, 20, 15, 4, 24, 13, 3, 17, 23, 11, 9, 19, 12, 16, 8, 18, 2, 25, 27, 10, 28, 29]
Coste final: 174964
Duración: 0.4 segundos
