Parámetros del algoritmo
------------------------
Algoritmo: BusquedaLocal
Dataset: ford01.dat
Semilla: 40753067

Solución inicial y su coste
---------------------------
[7, 3, 10, 6, 14, 12, 5, 8, 0, 4, 2, 19, 13, 16, 18, 11, 9, 1, 17, 15]
Coste: 3780

Evolución de la búsqueda
------------------------
Intercambio (0, 2) -> Nueva solución con coste 3754
Intercambio (1, 12) -> Nueva solución con coste 3730
Intercambio (3, 5) -> Nueva solución con coste 3720
Intercambio (4, 9) -> Nueva solución con coste 3704
Intercambio (5, 9) -> Nueva solución con coste 3690
Intercambio (6, 3) -> Nueva solución con coste 3674
Intercambio (7, 6) -> Nueva solución con coste 3668
Intercambio (9, 14) -> Nueva solución con coste 3666
Intercambio (12, 17) -> Nueva solución con coste 3664
Intercambio (15, 17) -> Nueva solución con coste 3658
Intercambio (19, 9) -> Nueva solución con coste 3652
Intercambio (4, 9) -> Nueva solución con coste 3644
Intercambio (5, 10) -> Nueva solución con coste 3640

Solución final
--------------
[10, 13, 7, 5, 15, 2, 8, 12, 0, 4, 14, 19, 1, 16, 6, 3, 9, 11, 17, 18]
Coste final: 3640
Duración: 0.001 segundos
