========================================
 RESUMEN DE EJECUCIÓN 
========================================
Algoritmo:      Memetico
Archivo:        ford03.dat
Semilla:        5430765
----------------------------------------
Población:      100
kBest:          2
kWorst:         3
Elite:          1
Cruce:          OX2
----------------------------------------
PARAMETROS MEMÉTICO (BT):
Evaluaciones BT: 5000 evaluaciones
Iteraciones BT: 50 iteraciones (Profundidad)
----------------------------------------
RESULTADOS FINALES:
Evaluaciones Max: 10000
Generaciones:     8968
Tiempo (ms):    172
Costo Final:    12176
Solución:       [19, 26, 4, 23, 29, 12, 4, 1, 16, 5, 25, 4, 8, 8, 26, 10, 11, 14, 18, 6, 13, 3, 17, 4, 26, 9, 27, 26, 14, 22]
========================================
