========================================
 RESUMEN DE EJECUCIÓN 
========================================
Algoritmo:      Memetico
Archivo:        ford03.dat
Semilla:        53054673
----------------------------------------
Población:      100
kBest:          2
kWorst:         3
Elite:          1
Cruce:          OX2
----------------------------------------
PARAMETROS MEMÉTICO (BT):
Evaluaciones BT: 5000 evaluaciones
Iteraciones BT: 50 iteraciones (Profundidad)
----------------------------------------
RESULTADOS FINALES:
Evaluaciones Max: 10000
Generaciones:     9044
Tiempo (ms):    151
Costo Final:    12804
Solución:       [0, 1, 13, 16, 27, 22, 2, 7, 21, 3, 14, 25, 10, 6, 17, 8, 29, 20, 18, 15, 24, 11, 22, 23, 5, 3, 14, 7, 26, 4]
========================================
