Parámetros del algoritmo
------------------------
Algoritmo: BusquedaLocal
Dataset: ford01.dat
Semilla: 77645037

Solución inicial y su coste
---------------------------
[8, 6, 13, 12, 14, 11, 7, 10, 0, 19, 16, 1, 17, 18, 4, 5, 3, 9, 2, 15]
Coste: 3880

Evolución de la búsqueda
------------------------
Intercambio (0, 1) -> Nueva solución con coste 3864
Intercambio (1, 10) -> Nueva solución con coste 3846
Intercambio (3, 4) -> Nueva solución con coste 3820
Intercambio (4, 6) -> Nueva solución con coste 3804
Intercambio (5, 13) -> Nueva solución con coste 3798
Intercambio (6, 7) -> Nueva solución con coste 3780
Intercambio (7, 9) -> Nueva solución con coste 3778
Intercambio (8, 9) -> Nueva solución con coste 3764
Intercambio (9, 12) -> Nueva solución con coste 3760
Intercambio (11, 14) -> Nueva solución con coste 3734
Intercambio (13, 5) -> Nueva solución con coste 3730
Intercambio (14, 15) -> Nueva solución con coste 3728
Intercambio (15, 2) -> Nueva solución con coste 3726
Intercambio (17, 0) -> Nueva solución con coste 3714
Intercambio (18, 4) -> Nueva solución con coste 3710
Intercambio (19, 6) -> Nueva solución con coste 3696
Intercambio (3, 4) -> Nueva solución con coste 3694
Intercambio (4, 0) -> Nueva solución con coste 3688
Intercambio (6, 18) -> Nueva solución con coste 3674
Intercambio (14, 16) -> Nueva solución con coste 3670
Intercambio (15, 2) -> Nueva solución con coste 3666
Intercambio (19, 8) -> Nueva solución con coste 3662

Solución final
--------------
[14, 16, 13, 2, 9, 11, 7, 19, 10, 17, 8, 4, 0, 18, 3, 1, 5, 6, 15, 12]
Coste final: 3662
Duración: 0.003 segundos
