========================================
 RESUMEN DE EJECUCIÓN 
========================================
Algoritmo:      Memetico
Archivo:        ford01.dat
Semilla:        40753067
----------------------------------------
Población:      100
kBest:          2
kWorst:         3
Elite:          1
Cruce:          OX2
----------------------------------------
PARAMETROS MEMÉTICO (BT):
Evaluaciones BT: 1000 evaluaciones
Iteraciones BT: 100 iteraciones (Profundidad)
----------------------------------------
RESULTADOS FINALES:
Evaluaciones Max: 10000
Generaciones:     8520
Tiempo (ms):    182
Costo Final:    3494
Solución:       [19, 5, 11, 12, 2, 15, 12, 3, 10, 13, 17, 9, 8, 4, 0, 18, 1, 3, 14, 7]
========================================
