========================================
 RESUMEN DE EJECUCIÓN 
========================================
Algoritmo:      Memetico
Archivo:        ford04.dat
Semilla:        5430765
----------------------------------------
Población:      100
kBest:          2
kWorst:         3
Elite:          1
Cruce:          OX2
----------------------------------------
PARAMETROS MEMÉTICO (BT):
Evaluaciones BT: 5000 evaluaciones
Iteraciones BT: 10 iteraciones (Profundidad)
----------------------------------------
RESULTADOS FINALES:
Evaluaciones Max: 10000
Generaciones:     8839
Tiempo (ms):    159
Costo Final:    175528
Solución:       [5, 25, 16, 20, 29, 28, 27, 23, 19, 14, 26, 1, 21, 2, 11, 15, 8, 18, 0, 9, 24, 17, 12, 6, 4, 10, 13, 7, 22, 3]
========================================
