========================================
 RESUMEN DE EJECUCIÓN 
========================================
Algoritmo:      Memetico
Archivo:        ford04.dat
Semilla:        35470364
----------------------------------------
Población:      100
kBest:          2
kWorst:         3
Elite:          1
Cruce:          OX2
----------------------------------------
PARAMETROS MEMÉTICO (BT):
Evaluaciones BT: 2000 evaluaciones
Iteraciones BT: 10 iteraciones (Profundidad)
----------------------------------------
RESULTADOS FINALES:
Evaluaciones Max: 10000
Generaciones:     9070
Tiempo (ms):    154
Costo Final:    174954
Solución:       [7, 19, 2, 3, 25, 22, 21, 6, 11, 20, 5, 8, 26, 1, 27, 4, 10, 24, 18, 19, 15, 29, 13, 28, 17, 3, 12, 14, 16, 9]
========================================
