========================================
 RESUMEN DE EJECUCIÓN 
========================================
Algoritmo:      Memetico
Archivo:        ford03.dat
Semilla:        35470364
----------------------------------------
Población:      100
kBest:          2
kWorst:         3
Elite:          1
Cruce:          OX2
----------------------------------------
PARAMETROS MEMÉTICO (BT):
Evaluaciones BT: 5000 evaluaciones
Iteraciones BT: 100 iteraciones (Profundidad)
----------------------------------------
RESULTADOS FINALES:
Evaluaciones Max: 10000
Generaciones:     9059
Tiempo (ms):    156
Costo Final:    12036
Solución:       [1, 0, 14, 10, 3, 26, 15, 17, 18, 26, 26, 7, 17, 28, 22, 5, 14, 8, 9, 19, 3, 29, 26, 26, 23, 4, 25, 12, 26, 13]
========================================
