Parámetros del algoritmo
------------------------
Algoritmo: BusquedaLocal
Dataset: ford04.dat
Semilla: 35470364

Solución inicial y su coste
---------------------------
[17, 13, 18, 20, 11, 7, 9, 12, 8, 22, 1, 24, 5, 28, 14, 10, 16, 27, 21, 19, 3, 23, 29, 6, 25, 2, 26, 0, 15, 4]
Coste: 190986

Evolución de la búsqueda
------------------------
Intercambio (0, 1) -> Nueva solución con coste 188350
Intercambio (1, 4) -> Nueva solución con coste 187894
Intercambio (2, 3) -> Nueva solución con coste 186766
Intercambio (3, 16) -> Nueva solución con coste 186720
Intercambio (4, 7) -> Nueva solución con coste 186482
Intercambio (5, 1) -> Nueva solución con coste 186480
Intercambio (6, 8) -> Nueva solución con coste 186424
Intercambio (7, 15) -> Nueva solución con coste 186418
Intercambio (8, 10) -> Nueva solución con coste 185982
Intercambio (9, 17) -> Nueva solución con coste 185968
Intercambio (10, 11) -> Nueva solución con coste 185762
Intercambio (11, 25) -> Nueva solución con coste 184606
Intercambio (12, 29) -> Nueva solución con coste 183752
Intercambio (13, 7) -> Nueva solución con coste 183184
Intercambio (15, 24) -> Nueva solución con coste 183056
Intercambio (16, 20) -> Nueva solución con coste 182236
Intercambio (17, 29) -> Nueva solución con coste 181872
Intercambio (19, 1) -> Nueva solución con coste 181694
Intercambio (21, 8) -> Nueva solución con coste 181670
Intercambio (24, 8) -> Nueva solución con coste 181272
Intercambio (25, 13) -> Nueva solución con coste 181124
Intercambio (26, 28) -> Nueva solución con coste 180662
Intercambio (28, 6) -> Nueva solución con coste 180428
Intercambio (1, 4) -> Nueva solución con coste 179882
Intercambio (4, 13) -> Nueva solución con coste 179878
Intercambio (6, 13) -> Nueva solución con coste 179828
Intercambio (8, 21) -> Nueva solución con coste 179426
Intercambio (11, 8) -> Nueva solución con coste 179352
Intercambio (13, 6) -> Nueva solución con coste 179218
Intercambio (15, 26) -> Nueva solución con coste 179204
Intercambio (17, 6) -> Nueva solución con coste 179138
Intercambio (21, 0) -> Nueva solución con coste 178082
Intercambio (25, 4) -> Nueva solución con coste 177182
Intercambio (26, 1) -> Nueva solución con coste 176404
Intercambio (13, 9) -> Nueva solución con coste 176166
Intercambio (15, 23) -> Nueva solución con coste 175486

Solución final
--------------
[17, 25, 20, 16, 10, 11, 5, 28, 2, 19, 24, 1, 4, 27, 14, 6, 3, 26, 21, 7, 18, 13, 29, 15, 23, 9, 12, 0, 8, 22]
Coste final: 175486
Duración: 0.002 segundos
