========================================
 RESUMEN DE EJECUCIÓN 
========================================
Algoritmo:      Memetico
Archivo:        ford04.dat
Semilla:        5430765
----------------------------------------
Población:      100
kBest:          2
kWorst:         3
Elite:          1
Cruce:          OX2
----------------------------------------
PARAMETROS MEMÉTICO (BT):
Evaluaciones BT: 2000 evaluaciones
Iteraciones BT: 10 iteraciones (Profundidad)
----------------------------------------
RESULTADOS FINALES:
Evaluaciones Max: 10000
Generaciones:     8869
Tiempo (ms):    159
Costo Final:    175324
Solución:       [6, 16, 10, 29, 25, 17, 23, 13, 5, 27, 21, 1, 7, 2, 9, 18, 22, 20, 0, 11, 15, 19, 12, 24, 4, 14, 28, 26, 8, 3]
========================================
