========================================
 RESUMEN DE EJECUCIÓN 
========================================
Algoritmo:      Memetico
Archivo:        ford03.dat
Semilla:        35470364
----------------------------------------
Población:      100
kBest:          2
kWorst:         3
Elite:          1
Cruce:          OX2
----------------------------------------
PARAMETROS MEMÉTICO (BT):
Evaluaciones BT: 2000 evaluaciones
Iteraciones BT: 10 iteraciones (Profundidad)
----------------------------------------
RESULTADOS FINALES:
Evaluaciones Max: 10000
Generaciones:     9021
Tiempo (ms):    159
Costo Final:    12010
Solución:       [22, 0, 19, 15, 3, 26, 28, 13, 18, 25, 26, 12, 17, 14, 1, 5, 14, 29, 7, 17, 3, 8, 26, 10, 23, 4, 9, 26, 26, 26]
========================================
