========================================
 RESUMEN DE EJECUCIÓN 
========================================
Algoritmo:      Memetico
Archivo:        ford03.dat
Semilla:        53054673
----------------------------------------
Población:      100
kBest:          2
kWorst:         3
Elite:          1
Cruce:          OX2
----------------------------------------
PARAMETROS MEMÉTICO (BT):
Evaluaciones BT: 1000 evaluaciones
Iteraciones BT: 50 iteraciones (Profundidad)
----------------------------------------
RESULTADOS FINALES:
Evaluaciones Max: 10000
Generaciones:     8992
Tiempo (ms):    191
Costo Final:    12790
Solución:       [6, 1, 13, 3, 27, 22, 2, 16, 7, 17, 4, 25, 10, 7, 5, 8, 29, 20, 18, 15, 24, 11, 21, 23, 0, 3, 14, 14, 26, 22]
========================================
