========================================
 RESUMEN DE EJECUCIÓN 
========================================
Algoritmo:      Memetico
Archivo:        ford01.dat
Semilla:        53054673
----------------------------------------
Población:      100
kBest:          2
kWorst:         3
Elite:          1
Cruce:          OX2
----------------------------------------
PARAMETROS MEMÉTICO (BT):
Evaluaciones BT: 5000 evaluaciones
Iteraciones BT: 100 iteraciones (Profundidad)
----------------------------------------
RESULTADOS FINALES:
Evaluaciones Max: 10000
Generaciones:     9072
Tiempo (ms):    129
Costo Final:    3134
Solución:       [9, 3, 6, 13, 17, 1, 13, 18, 1, 15, 14, 13, 12, 11, 6, 1, 8, 7, 15, 4]
========================================
