========================================
 RESUMEN DE EJECUCIÓN 
========================================
Algoritmo:      Memetico
Archivo:        ford04.dat
Semilla:        5430765
----------------------------------------
Población:      100
kBest:          2
kWorst:         3
Elite:          1
Cruce:          OX2
----------------------------------------
PARAMETROS MEMÉTICO (BT):
Evaluaciones BT: 1000 evaluaciones
Iteraciones BT: 50 iteraciones (Profundidad)
----------------------------------------
RESULTADOS FINALES:
Evaluaciones Max: 10000
Generaciones:     8848
Tiempo (ms):    173
Costo Final:    175476
Solución:       [17, 16, 10, 29, 25, 8, 23, 13, 5, 27, 21, 1, 7, 2, 9, 18, 15, 20, 0, 11, 6, 19, 12, 24, 4, 14, 28, 26, 22, 3]
========================================
