========================================
 RESUMEN DE EJECUCIÓN 
========================================
Algoritmo:      Memetico
Archivo:        ford04.dat
Semilla:        35470364
----------------------------------------
Población:      100
kBest:          2
kWorst:         3
Elite:          1
Cruce:          OX2
----------------------------------------
PARAMETROS MEMÉTICO (BT):
Evaluaciones BT: 1000 evaluaciones
Iteraciones BT: 10 iteraciones (Profundidad)
----------------------------------------
RESULTADOS FINALES:
Evaluaciones Max: 10000
Generaciones:     9092
Tiempo (ms):    183
Costo Final:    173194
Solución:       [29, 28, 9, 3, 22, 20, 25, 7, 8, 4, 10, 13, 26, 14, 27, 3, 19, 2, 18, 16, 15, 11, 24, 19, 17, 6, 21, 12, 5, 1]
========================================
