Parámetros del algoritmo
------------------------
Algoritmo: BusquedaTabu
Dataset: ford03.dat
Semilla: 53054673

Solución inicial y su coste
---------------------------
[28, 25, 1, 23, 27, 29, 10, 19, 11, 21, 4, 0, 13, 3, 12, 15, 26, 6, 20, 18, 24, 7, 2, 8, 5, 17, 22, 9, 16, 14]
Coste: 13362

Evolución de la búsqueda
------------------------
Intercambio (2, 15) -> Nueva solución con coste 13716
Intercambio (0, 6) -> Nueva solución con coste 13648
Intercambio (17, 19) -> Nueva solución con coste 13592
Intercambio (7, 10) -> Nueva solución con coste 13560
Intercambio (13, 23) -> Nueva solución con coste 13528
Intercambio (18, 22) -> Nueva solución con coste 13504
Intercambio (11, 14) -> Nueva solución con coste 13484
Intercambio (23, 29) -> Nueva solución con coste 13464
Intercambio (3, 23) -> Nueva solución con coste 13456
Intercambio (15, 25) -> Nueva solución con coste 13438
Intercambio (10, 27) -> Nueva solución con coste 13430
Intercambio (16, 23) -> Nueva solución con coste 13426
Intercambio (1, 16) -> Nueva solución con coste 13424
Intercambio (1, 27) -> Nueva solución con coste 13414
Intercambio (2, 16) -> Nueva solución con coste 13404
Intercambio (7, 27) -> Nueva solución con coste 13400
Intercambio (7, 11) -> Nueva solución con coste 13392
Intercambio (3, 25) -> Nueva solución con coste 13390
Intercambio (0, 20) -> Nueva solución con coste 13386
Intercambio (5, 10) -> Nueva solución con coste 13384
Intercambio (4, 11) -> Nueva solución con coste 13374
Intercambio (4, 27) -> Nueva solución con coste 13370
Intercambio (20, 27) -> Nueva solución con coste 13368
Intercambio (20, 23) -> Nueva solución con coste 13364
Intercambio (0, 25) -> Peor solución (coste 13364) — no aceptada
Intercambio (5, 19) -> Peor solución (coste 13364) — no aceptada
Intercambio (5, 23) -> Peor solución (coste 13364) — no aceptada
Intercambio (7, 16) -> Peor solución (coste 13364) — no aceptada
Intercambio (0, 25) -> Peor solución (coste 13364) — no aceptada
Intercambio (5, 19) -> Peor solución (coste 13364) — no aceptada
Intercambio (5, 23) -> Peor solución (coste 13364) — no aceptada
Intercambio (7, 16) -> Peor solución (coste 13364) — no aceptada
Intercambio (0, 25) -> Peor solución (coste 13364) — no aceptada
Intercambio (5, 19) -> Peor solución (coste 13364) — no aceptada
Intercambio (5, 23) -> Peor solución (coste 13364) — no aceptada
Intercambio (7, 16) -> Peor solución (coste 13364) — no aceptada
Intercambio (0, 25) -> Peor solución (coste 13364) — no aceptada
Intercambio (5, 19) -> Peor solución (coste 13364) — no aceptada
Intercambio (5, 23) -> Peor solución (coste 13364) — no aceptada
Intercambio (7, 16) -> Peor solución (coste 13364) — no aceptada
Intercambio (0, 25) -> Peor solución (coste 13364) — no aceptada
Intercambio (5, 19) -> Peor solución (coste 13364) — no aceptada
Intercambio (5, 23) -> Peor solución (coste 13364) — no aceptada
Intercambio (7, 16) -> Peor solución (coste 13364) — no aceptada
Intercambio (0, 25) -> Peor solución (coste 13364) — no aceptada
Intercambio (5, 19) -> Peor solución (coste 13364) — no aceptada
Intercambio (5, 23) -> Peor solución (coste 13364) — no aceptada
Intercambio (7, 16) -> Peor solución (coste 13364) — no aceptada
Intercambio (0, 25) -> Peor solución (coste 13364) — no aceptada
Intercambio (5, 19) -> Peor solución (coste 13364) — no aceptada
Intercambio (5, 23) -> Peor solución (coste 13364) — no aceptada
Intercambio (7, 16) -> Peor solución (coste 13364) — no aceptada
Intercambio (0, 25) -> Peor solución (coste 13364) — no aceptada
Intercambio (5, 19) -> Peor solución (coste 13364) — no aceptada
Intercambio (5, 23) -> Peor solución (coste 13364) — no aceptada
Intercambio (7, 16) -> Peor solución (coste 13364) — no aceptada
Intercambio (0, 25) -> Peor solución (coste 13364) — no aceptada
Intercambio (5, 19) -> Peor solución (coste 13364) — no aceptada
Intercambio (5, 23) -> Peor solución (coste 13364) — no aceptada
Intercambio (7, 16) -> Peor solución (coste 13364) — no aceptada
Intercambio (0, 25) -> Peor solución (coste 13364) — no aceptada
Intercambio (5, 19) -> Peor solución (coste 13364) — no aceptada
Intercambio (5, 23) -> Peor solución (coste 13364) — no aceptada
Intercambio (7, 16) -> Peor solución (coste 13364) — no aceptada
Intercambio (0, 25) -> Peor solución (coste 13364) — no aceptada
Intercambio (5, 19) -> Peor solución (coste 13364) — no aceptada
Intercambio (5, 23) -> Peor solución (coste 13364) — no aceptada
Intercambio (7, 16) -> Peor solución (coste 13364) — no aceptada
Intercambio (0, 25) -> Peor solución (coste 13364) — no aceptada
Intercambio (5, 19) -> Peor solución (coste 13364) — no aceptada
Intercambio (5, 23) -> Peor solución (coste 13364) — no aceptada
Intercambio (7, 16) -> Peor solución (coste 13364) — no aceptada
Intercambio (0, 25) -> Peor solución (coste 13364) — no aceptada
Intercambio (5, 19) -> Peor solución (coste 13364) — no aceptada
Intercambio (5, 23) -> Peor solución (coste 13364) — no aceptada
Intercambio (7, 16) -> Peor solución (coste 13364) — no aceptada
Intercambio (0, 25) -> Peor solución (coste 13364) — no aceptada
Intercambio (5, 19) -> Peor solución (coste 13364) — no aceptada
Intercambio (5, 23) -> Peor solución (coste 13364) — no aceptada
Intercambio (7, 16) -> Peor solución (coste 13364) — no aceptada
Intercambio (0, 25) -> Peor solución (coste 13364) — no aceptada
Intercambio (5, 19) -> Peor solución (coste 13364) — no aceptada
Intercambio (5, 23) -> Peor solución (coste 13364) — no aceptada
Intercambio (7, 16) -> Peor solución (coste 13364) — no aceptada
Intercambio (0, 25) -> Peor solución (coste 13364) — no aceptada
Intercambio (5, 19) -> Peor solución (coste 13364) — no aceptada
Intercambio (5, 23) -> Peor solución (coste 13364) — no aceptada
Intercambio (7, 16) -> Peor solución (coste 13364) — no aceptada
Intercambio (0, 25) -> Peor solución (coste 13364) — no aceptada
Intercambio (5, 19) -> Peor solución (coste 13364) — no aceptada
Intercambio (5, 23) -> Peor solución (coste 13364) — no aceptada
Intercambio (7, 16) -> Peor solución (coste 13364) — no aceptada
Intercambio (0, 25) -> Peor solución (coste 13364) — no aceptada
Intercambio (5, 19) -> Peor solución (coste 13364) — no aceptada
Intercambio (5, 23) -> Peor solución (coste 13364) — no aceptada
Intercambio (7, 16) -> Peor solución (coste 13364) — no aceptada
Intercambio (0, 25) -> Peor solución (coste 13364) — no aceptada
Intercambio (5, 19) -> Peor solución (coste 13364) — no aceptada
Intercambio (5, 23) -> Peor solución (coste 13364) — no aceptada
Intercambio (7, 16) -> Peor solución (coste 13364) — no aceptada
Intercambio (0, 25) -> Peor solución (coste 13364) — no aceptada
Intercambio (5, 19) -> Peor solución (coste 13364) — no aceptada
Intercambio (5, 23) -> Peor solución (coste 13364) — no aceptada
Intercambio (7, 16) -> Peor solución (coste 13364) — no aceptada
Intercambio (0, 25) -> Peor solución (coste 13364) — no aceptada
Intercambio (5, 19) -> Peor solución (coste 13364) — no aceptada
Intercambio (5, 23) -> Peor solución (coste 13364) — no aceptada
Intercambio (7, 16) -> Peor solución (coste 13364) — no aceptada
Intercambio (0, 25) -> Peor solución (coste 13364) — no aceptada
Intercambio (5, 19) -> Peor solución (coste 13364) — no aceptada
Intercambio (5, 23) -> Peor solución (coste 13364) — no aceptada
Intercambio (7, 16) -> Peor solución (coste 13364) — no aceptada
Intercambio (0, 25) -> Peor solución (coste 13364) — no aceptada
Intercambio (5, 19) -> Peor solución (coste 13364) — no aceptada
Intercambio (5, 23) -> Peor solución (coste 13364) — no aceptada
Intercambio (7, 16) -> Peor solución (coste 13364) — no aceptada
Intercambio (0, 25) -> Peor solución (coste 13364) — no aceptada
Intercambio (5, 19) -> Peor solución (coste 13364) — no aceptada
Intercambio (5, 23) -> Peor solución (coste 13364) — no aceptada
Intercambio (7, 16) -> Peor solución (coste 13364) — no aceptada
Intercambio (0, 25) -> Peor solución (coste 13364) — no aceptada
Intercambio (5, 19) -> Peor solución (coste 13364) — no aceptada
Intercambio (5, 23) -> Peor solución (coste 13364) — no aceptada
Intercambio (7, 16) -> Peor solución (coste 13364) — no aceptada
Intercambio (0, 25) -> Peor solución (coste 13364) — no aceptada
Intercambio (5, 19) -> Peor solución (coste 13364) — no aceptada
Intercambio (5, 23) -> Peor solución (coste 13364) — no aceptada
Intercambio (7, 16) -> Peor solución (coste 13364) — no aceptada
Intercambio (0, 25) -> Peor solución (coste 13364) — no aceptada
Intercambio (5, 19) -> Peor solución (coste 13364) — no aceptada
Intercambio (5, 23) -> Peor solución (coste 13364) — no aceptada
Intercambio (7, 16) -> Peor solución (coste 13364) — no aceptada
Intercambio (0, 25) -> Peor solución (coste 13364) — no aceptada
Intercambio (5, 19) -> Peor solución (coste 13364) — no aceptada
Intercambio (5, 23) -> Peor solución (coste 13364) — no aceptada
Intercambio (7, 16) -> Peor solución (coste 13364) — no aceptada
Intercambio (0, 25) -> Peor solución (coste 13364) — no aceptada
Intercambio (5, 19) -> Peor solución (coste 13364) — no aceptada
Intercambio (5, 23) -> Peor solución (coste 13364) — no aceptada
Intercambio (7, 16) -> Peor solución (coste 13364) — no aceptada
Intercambio (0, 25) -> Peor solución (coste 13364) — no aceptada
Intercambio (5, 19) -> Peor solución (coste 13364) — no aceptada
Intercambio (5, 23) -> Peor solución (coste 13364) — no aceptada
Intercambio (7, 16) -> Peor solución (coste 13364) — no aceptada
Intercambio (0, 25) -> Peor solución (coste 13364) — no aceptada
Intercambio (5, 19) -> Peor solución (coste 13364) — no aceptada
Intercambio (5, 23) -> Peor solución (coste 13364) — no aceptada
Intercambio (7, 16) -> Peor solución (coste 13364) — no aceptada
Intercambio (0, 25) -> Peor solución (coste 13364) — no aceptada
Intercambio (5, 19) -> Peor solución (coste 13364) — no aceptada
Intercambio (5, 23) -> Peor solución (coste 13364) — no aceptada
Intercambio (7, 16) -> Peor solución (coste 13364) — no aceptada
Intercambio (0, 25) -> Peor solución (coste 13364) — no aceptada
Intercambio (5, 19) -> Peor solución (coste 13364) — no aceptada
Intercambio (5, 23) -> Peor solución (coste 13364) — no aceptada
Intercambio (7, 16) -> Peor solución (coste 13364) — no aceptada
Intercambio (0, 25) -> Peor solución (coste 13364) — no aceptada
Intercambio (5, 19) -> Peor solución (coste 13364) — no aceptada
Intercambio (5, 23) -> Peor solución (coste 13364) — no aceptada
Intercambio (7, 16) -> Peor solución (coste 13364) — no aceptada
Intercambio (0, 25) -> Peor solución (coste 13364) — no aceptada
Intercambio (5, 19) -> Peor solución (coste 13364) — no aceptada
Intercambio (5, 23) -> Peor solución (coste 13364) — no aceptada
Intercambio (7, 16) -> Peor solución (coste 13364) — no aceptada
Intercambio (0, 25) -> Peor solución (coste 13364) — no aceptada
Intercambio (5, 19) -> Peor solución (coste 13364) — no aceptada
Intercambio (5, 23) -> Peor solución (coste 13364) — no aceptada
Intercambio (7, 16) -> Peor solución (coste 13364) — no aceptada
Intercambio (0, 25) -> Peor solución (coste 13364) — no aceptada
Intercambio (5, 19) -> Peor solución (coste 13364) — no aceptada
Intercambio (5, 23) -> Peor solución (coste 13364) — no aceptada
Intercambio (7, 16) -> Peor solución (coste 13364) — no aceptada
Intercambio (0, 25) -> Peor solución (coste 13364) — no aceptada
Intercambio (5, 19) -> Peor solución (coste 13364) — no aceptada
Intercambio (5, 23) -> Peor solución (coste 13364) — no aceptada
Intercambio (7, 16) -> Peor solución (coste 13364) — no aceptada
Intercambio (0, 25) -> Peor solución (coste 13364) — no aceptada
Intercambio (5, 19) -> Peor solución (coste 13364) — no aceptada
Intercambio (5, 23) -> Peor solución (coste 13364) — no aceptada
Intercambio (7, 16) -> Peor solución (coste 13364) — no aceptada
Intercambio (0, 25) -> Peor solución (coste 13364) — no aceptada
Intercambio (5, 19) -> Peor solución (coste 13364) — no aceptada
Intercambio (5, 23) -> Peor solución (coste 13364) — no aceptada
Intercambio (7, 16) -> Peor solución (coste 13364) — no aceptada
Intercambio (0, 25) -> Peor solución (coste 13364) — no aceptada
Intercambio (5, 19) -> Peor solución (coste 13364) — no aceptada
Intercambio (5, 23) -> Peor solución (coste 13364) — no aceptada
Intercambio (7, 16) -> Peor solución (coste 13364) — no aceptada
Intercambio (0, 25) -> Peor solución (coste 13364) — no aceptada
Intercambio (5, 19) -> Peor solución (coste 13364) — no aceptada
Intercambio (5, 23) -> Peor solución (coste 13364) — no aceptada
Intercambio (7, 16) -> Peor solución (coste 13364) — no aceptada
Intercambio (0, 25) -> Peor solución (coste 13364) — no aceptada
Intercambio (5, 19) -> Peor solución (coste 13364) — no aceptada
Intercambio (5, 23) -> Peor solución (coste 13364) — no aceptada
Intercambio (7, 16) -> Peor solución (coste 13364) — no aceptada
Intercambio (0, 25) -> Peor solución (coste 13364) — no aceptada
Intercambio (5, 19) -> Peor solución (coste 13364) — no aceptada
Intercambio (5, 23) -> Peor solución (coste 13364) — no aceptada
Intercambio (7, 16) -> Peor solución (coste 13364) — no aceptada
Intercambio (0, 25) -> Peor solución (coste 13364) — no aceptada
Intercambio (5, 19) -> Peor solución (coste 13364) — no aceptada
Intercambio (5, 23) -> Peor solución (coste 13364) — no aceptada
Intercambio (7, 16) -> Peor solución (coste 13364) — no aceptada
Intercambio (0, 25) -> Peor solución (coste 13364) — no aceptada
Intercambio (5, 19) -> Peor solución (coste 13364) — no aceptada
Intercambio (5, 23) -> Peor solución (coste 13364) — no aceptada
Intercambio (7, 16) -> Peor solución (coste 13364) — no aceptada
Intercambio (0, 25) -> Peor solución (coste 13364) — no aceptada
Intercambio (5, 19) -> Peor solución (coste 13364) — no aceptada
Intercambio (5, 23) -> Peor solución (coste 13364) — no aceptada
Intercambio (7, 16) -> Peor solución (coste 13364) — no aceptada
Intercambio (0, 25) -> Peor solución (coste 13364) — no aceptada
Intercambio (5, 19) -> Peor solución (coste 13364) — no aceptada
Intercambio (5, 23) -> Peor solución (coste 13364) — no aceptada
Intercambio (7, 16) -> Peor solución (coste 13364) — no aceptada
Intercambio (0, 25) -> Peor solución (coste 13364) — no aceptada
Intercambio (5, 19) -> Peor solución (coste 13364) — no aceptada
Intercambio (5, 23) -> Peor solución (coste 13364) — no aceptada
Intercambio (7, 16) -> Peor solución (coste 13364) — no aceptada
Intercambio (0, 25) -> Peor solución (coste 13364) — no aceptada
Intercambio (5, 19) -> Peor solución (coste 13364) — no aceptada
Intercambio (5, 23) -> Peor solución (coste 13364) — no aceptada
Intercambio (7, 16) -> Peor solución (coste 13364) — no aceptada
Intercambio (0, 25) -> Peor solución (coste 13364) — no aceptada
Intercambio (5, 19) -> Peor solución (coste 13364) — no aceptada
Intercambio (5, 23) -> Peor solución (coste 13364) — no aceptada
Intercambio (7, 16) -> Peor solución (coste 13364) — no aceptada
Intercambio (0, 25) -> Peor solución (coste 13364) — no aceptada
Intercambio (5, 19) -> Peor solución (coste 13364) — no aceptada
Intercambio (5, 23) -> Peor solución (coste 13364) — no aceptada
Intercambio (7, 16) -> Peor solución (coste 13364) — no aceptada
Intercambio (0, 25) -> Peor solución (coste 13364) — no aceptada
Intercambio (5, 19) -> Peor solución (coste 13364) — no aceptada
Intercambio (5, 23) -> Peor solución (coste 13364) — no aceptada
Intercambio (7, 16) -> Peor solución (coste 13364) — no aceptada
Intercambio (0, 25) -> Peor solución (coste 13364) — no aceptada
Intercambio (5, 19) -> Peor solución (coste 13364) — no aceptada
Intercambio (5, 23) -> Peor solución (coste 13364) — no aceptada
Intercambio (7, 16) -> Peor solución (coste 13364) — no aceptada
Intercambio (0, 25) -> Peor solución (coste 13364) — no aceptada
Intercambio (5, 19) -> Peor solución (coste 13364) — no aceptada
Intercambio (5, 23) -> Peor solución (coste 13364) — no aceptada
Intercambio (7, 16) -> Peor solución (coste 13364) — no aceptada
Intercambio (0, 25) -> Peor solución (coste 13364) — no aceptada
Intercambio (5, 19) -> Peor solución (coste 13364) — no aceptada
Intercambio (5, 23) -> Peor solución (coste 13364) — no aceptada
Intercambio (7, 16) -> Peor solución (coste 13364) — no aceptada
Intercambio (0, 25) -> Peor solución (coste 13364) — no aceptada
Intercambio (5, 19) -> Peor solución (coste 13364) — no aceptada
Intercambio (5, 23) -> Peor solución (coste 13364) — no aceptada
Intercambio (7, 16) -> Peor solución (coste 13364) — no aceptada
Intercambio (0, 25) -> Peor solución (coste 13364) — no aceptada
Intercambio (5, 19) -> Peor solución (coste 13364) — no aceptada
Intercambio (5, 23) -> Peor solución (coste 13364) — no aceptada
Intercambio (7, 16) -> Peor solución (coste 13364) — no aceptada
Intercambio (0, 25) -> Peor solución (coste 13364) — no aceptada
Intercambio (5, 19) -> Peor solución (coste 13364) — no aceptada
Intercambio (5, 23) -> Peor solución (coste 13364) — no aceptada
Intercambio (7, 16) -> Peor solución (coste 13364) — no aceptada
Intercambio (0, 25) -> Peor solución (coste 13364) — no aceptada
Intercambio (5, 19) -> Peor solución (coste 13364) — no aceptada
Intercambio (5, 23) -> Peor solución (coste 13364) — no aceptada
Intercambio (7, 16) -> Peor solución (coste 13364) — no aceptada
Intercambio (0, 25) -> Peor solución (coste 13364) — no aceptada
Intercambio (5, 19) -> Peor solución (coste 13364) — no aceptada
Intercambio (5, 23) -> Peor solución (coste 13364) — no aceptada
Intercambio (7, 16) -> Peor solución (coste 13364) — no aceptada
Intercambio (0, 25) -> Peor solución (coste 13364) — no aceptada
Intercambio (5, 19) -> Peor solución (coste 13364) — no aceptada
Intercambio (5, 23) -> Peor solución (coste 13364) — no aceptada
Intercambio (7, 16) -> Peor solución (coste 13364) — no aceptada
Intercambio (0, 25) -> Peor solución (coste 13364) — no aceptada
Intercambio (5, 19) -> Peor solución (coste 13364) — no aceptada
Intercambio (5, 23) -> Peor solución (coste 13364) — no aceptada
Intercambio (7, 16) -> Peor solución (coste 13364) — no aceptada
Intercambio (0, 25) -> Peor solución (coste 13364) — no aceptada
Intercambio (5, 19) -> Peor solución (coste 13364) — no aceptada
Intercambio (5, 23) -> Peor solución (coste 13364) — no aceptada
Intercambio (8, 9) -> Peor solución (coste 13364) — no aceptada
Intercambio (0, 25) -> Peor solución (coste 13364) — no aceptada
Intercambio (5, 19) -> Peor solución (coste 13364) — no aceptada
Intercambio (5, 23) -> Peor solución (coste 13364) — no aceptada
Intercambio (7, 16) -> Peor solución (coste 13364) — no aceptada
Intercambio (0, 25) -> Peor solución (coste 13364) — no aceptada
Intercambio (5, 19) -> Peor solución (coste 13364) — no aceptada
Intercambio (5, 23) -> Peor solución (coste 13364) — no aceptada
Intercambio (7, 16) -> Peor solución (coste 13364) — no aceptada
Intercambio (0, 25) -> Peor solución (coste 13364) — no aceptada
Intercambio (5, 19) -> Peor solución (coste 13364) — no aceptada
Intercambio (5, 23) -> Peor solución (coste 13364) — no aceptada
Intercambio (7, 16) -> Peor solución (coste 13364) — no aceptada
Intercambio (0, 25) -> Peor solución (coste 13364) — no aceptada
Intercambio (5, 19) -> Peor solución (coste 13364) — no aceptada
Intercambio (5, 23) -> Peor solución (coste 13364) — no aceptada
Intercambio (7, 16) -> Peor solución (coste 13364) — no aceptada
Intercambio (0, 25) -> Peor solución (coste 13364) — no aceptada
Intercambio (5, 19) -> Peor solución (coste 13364) — no aceptada
Intercambio (5, 23) -> Peor solución (coste 13364) — no aceptada
Intercambio (7, 16) -> Peor solución (coste 13364) — no aceptada
Intercambio (0, 25) -> Peor solución (coste 13364) — no aceptada
Intercambio (5, 19) -> Peor solución (coste 13364) — no aceptada
Intercambio (5, 23) -> Peor solución (coste 13364) — no aceptada
Intercambio (7, 16) -> Peor solución (coste 13364) — no aceptada
Intercambio (0, 25) -> Peor solución (coste 13364) — no aceptada
Intercambio (5, 19) -> Peor solución (coste 13364) — no aceptada
Intercambio (5, 23) -> Peor solución (coste 13364) — no aceptada
Intercambio (7, 16) -> Peor solución (coste 13364) — no aceptada
Intercambio (0, 25) -> Peor solución (coste 13364) — no aceptada
Intercambio (5, 19) -> Peor solución (coste 13364) — no aceptada
Intercambio (5, 23) -> Peor solución (coste 13364) — no aceptada
Intercambio (7, 16) -> Peor solución (coste 13364) — no aceptada
Intercambio (0, 25) -> Peor solución (coste 13364) — no aceptada
Intercambio (5, 19) -> Peor solución (coste 13364) — no aceptada
Intercambio (5, 23) -> Peor solución (coste 13364) — no aceptada
Intercambio (7, 16) -> Peor solución (coste 13364) — no aceptada
Intercambio (0, 25) -> Peor solución (coste 13364) — no aceptada
Intercambio (5, 19) -> Peor solución (coste 13364) — no aceptada
Intercambio (5, 23) -> Peor solución (coste 13364) — no aceptada
Intercambio (7, 16) -> Peor solución (coste 13364) — no aceptada
Intercambio (0, 25) -> Peor solución (coste 13364) — no aceptada
Intercambio (5, 19) -> Peor solución (coste 13364) — no aceptada
Intercambio (5, 23) -> Peor solución (coste 13364) — no aceptada
Intercambio (7, 16) -> Peor solución (coste 13364) — no aceptada
Intercambio (0, 25) -> Peor solución (coste 13364) — no aceptada
Intercambio (5, 19) -> Peor solución (coste 13364) — no aceptada
Intercambio (5, 23) -> Peor solución (coste 13364) — no aceptada
Intercambio (7, 16) -> Peor solución (coste 13364) — no aceptada
Intercambio (0, 25) -> Peor solución (coste 13364) — no aceptada
Intercambio (5, 19) -> Peor solución (coste 13364) — no aceptada
Intercambio (5, 23) -> Peor solución (coste 13364) — no aceptada
Intercambio (7, 16) -> Peor solución (coste 13364) — no aceptada
Intercambio (0, 25) -> Peor solución (coste 13364) — no aceptada
Intercambio (5, 19) -> Peor solución (coste 13364) — no aceptada
Intercambio (5, 23) -> Peor solución (coste 13364) — no aceptada
Intercambio (7, 16) -> Peor solución (coste 13364) — no aceptada
Intercambio (0, 25) -> Peor solución (coste 13364) — no aceptada
Intercambio (5, 19) -> Peor solución (coste 13364) — no aceptada
Intercambio (5, 23) -> Peor solución (coste 13364) — no aceptada
Intercambio (7, 16) -> Peor solución (coste 13364) — no aceptada
Intercambio (0, 25) -> Peor solución (coste 13364) — no aceptada
Intercambio (5, 19) -> Peor solución (coste 13364) — no aceptada
Intercambio (5, 23) -> Peor solución (coste 13364) — no aceptada
Intercambio (7, 16) -> Peor solución (coste 13364) — no aceptada
Intercambio (0, 25) -> Peor solución (coste 13364) — no aceptada
Intercambio (5, 19) -> Peor solución (coste 13364) — no aceptada
Intercambio (5, 23) -> Peor solución (coste 13364) — no aceptada
Intercambio (7, 16) -> Peor solución (coste 13364) — no aceptada
Intercambio (0, 25) -> Peor solución (coste 13364) — no aceptada
Intercambio (5, 19) -> Peor solución (coste 13364) — no aceptada
Intercambio (5, 23) -> Peor solución (coste 13364) — no aceptada
Intercambio (7, 16) -> Peor solución (coste 13364) — no aceptada
Intercambio (0, 25) -> Peor solución (coste 13364) — no aceptada
Intercambio (5, 19) -> Peor solución (coste 13364) — no aceptada
Intercambio (5, 23) -> Peor solución (coste 13364) — no aceptada
Intercambio (7, 16) -> Peor solución (coste 13364) — no aceptada
Intercambio (0, 25) -> Peor solución (coste 13364) — no aceptada
Intercambio (5, 19) -> Peor solución (coste 13364) — no aceptada
Intercambio (5, 23) -> Peor solución (coste 13364) — no aceptada
Intercambio (7, 16) -> Peor solución (coste 13364) — no aceptada
Intercambio (0, 25) -> Peor solución (coste 13364) — no aceptada
Intercambio (5, 19) -> Peor solución (coste 13364) — no aceptada
Intercambio (5, 23) -> Peor solución (coste 13364) — no aceptada
Intercambio (7, 16) -> Peor solución (coste 13364) — no aceptada
Intercambio (0, 25) -> Peor solución (coste 13364) — no aceptada
Intercambio (5, 19) -> Peor solución (coste 13364) — no aceptada
Intercambio (5, 23) -> Peor solución (coste 13364) — no aceptada
Intercambio (7, 16) -> Peor solución (coste 13364) — no aceptada
Intercambio (0, 25) -> Peor solución (coste 13364) — no aceptada
Intercambio (5, 19) -> Peor solución (coste 13364) — no aceptada
Intercambio (5, 23) -> Peor solución (coste 13364) — no aceptada
Intercambio (7, 16) -> Peor solución (coste 13364) — no aceptada
Intercambio (0, 25) -> Peor solución (coste 13364) — no aceptada
Intercambio (5, 19) -> Peor solución (coste 13364) — no aceptada
Intercambio (5, 23) -> Peor solución (coste 13364) — no aceptada
Intercambio (7, 16) -> Peor solución (coste 13364) — no aceptada
Intercambio (0, 25) -> Peor solución (coste 13364) — no aceptada
Intercambio (5, 19) -> Peor solución (coste 13364) — no aceptada
Intercambio (5, 23) -> Peor solución (coste 13364) — no aceptada
Intercambio (7, 16) -> Peor solución (coste 13364) — no aceptada
Intercambio (0, 25) -> Peor solución (coste 13364) — no aceptada
Intercambio (8, 9) -> Peor solución (coste 13364) — no aceptada
Intercambio (5, 19) -> Peor solución (coste 13364) — no aceptada
Intercambio (5, 23) -> Peor solución (coste 13364) — no aceptada
Intercambio (0, 25) -> Peor solución (coste 13364) — no aceptada
Intercambio (7, 16) -> Peor solución (coste 13364) — no aceptada
Intercambio (5, 19) -> Peor solución (coste 13364) — no aceptada
Intercambio (5, 23) -> Peor solución (coste 13364) — no aceptada
Intercambio (0, 25) -> Peor solución (coste 13364) — no aceptada
Intercambio (7, 16) -> Peor solución (coste 13364) — no aceptada
Intercambio (5, 19) -> Peor solución (coste 13364) — no aceptada
Intercambio (5, 23) -> Peor solución (coste 13364) — no aceptada
Intercambio (0, 25) -> Peor solución (coste 13364) — no aceptada
Intercambio (7, 16) -> Peor solución (coste 13364) — no aceptada
Intercambio (5, 19) -> Peor solución (coste 13364) — no aceptada
Intercambio (5, 23) -> Peor solución (coste 13364) — no aceptada
Intercambio (0, 25) -> Peor solución (coste 13364) — no aceptada
Intercambio (7, 16) -> Peor solución (coste 13364) — no aceptada
Intercambio (5, 19) -> Peor solución (coste 13364) — no aceptada
Intercambio (5, 23) -> Peor solución (coste 13364) — no aceptada
Intercambio (0, 25) -> Peor solución (coste 13364) — no aceptada
Intercambio (7, 16) -> Peor solución (coste 13364) — no aceptada
Intercambio (5, 19) -> Peor solución (coste 13364) — no aceptada
Intercambio (5, 23) -> Peor solución (coste 13364) — no aceptada
Intercambio (0, 25) -> Peor solución (coste 13364) — no aceptada
Intercambio (7, 16) -> Peor solución (coste 13364) — no aceptada
Intercambio (5, 19) -> Peor solución (coste 13364) — no aceptada
Intercambio (5, 23) -> Peor solución (coste 13364) — no aceptada
Intercambio (0, 25) -> Peor solución (coste 13364) — no aceptada
Intercambio (7, 16) -> Peor solución (coste 13364) — no aceptada
Intercambio (5, 19) -> Peor solución (coste 13364) — no aceptada
Intercambio (5, 23) -> Peor solución (coste 13364) — no aceptada
Intercambio (0, 25) -> Peor solución (coste 13364) — no aceptada
Intercambio (7, 16) -> Peor solución (coste 13364) — no aceptada
Intercambio (5, 19) -> Peor solución (coste 13364) — no aceptada
Intercambio (5, 23) -> Peor solución (coste 13364) — no aceptada
Intercambio (0, 25) -> Peor solución (coste 13364) — no aceptada
Intercambio (7, 16) -> Peor solución (coste 13364) — no aceptada
Intercambio (5, 19) -> Peor solución (coste 13364) — no aceptada
Intercambio (5, 23) -> Peor solución (coste 13364) — no aceptada
Intercambio (0, 25) -> Peor solución (coste 13364) — no aceptada
Intercambio (7, 16) -> Peor solución (coste 13364) — no aceptada
Intercambio (5, 19) -> Peor solución (coste 13364) — no aceptada
Intercambio (5, 23) -> Peor solución (coste 13364) — no aceptada
Intercambio (0, 25) -> Peor solución (coste 13364) — no aceptada
Intercambio (7, 16) -> Peor solución (coste 13364) — no aceptada
Intercambio (5, 19) -> Peor solución (coste 13364) — no aceptada
Intercambio (5, 23) -> Peor solución (coste 13364) — no aceptada
Intercambio (0, 25) -> Peor solución (coste 13364) — no aceptada
Intercambio (7, 16) -> Peor solución (coste 13364) — no aceptada
Intercambio (5, 19) -> Peor solución (coste 13364) — no aceptada
Intercambio (5, 23) -> Peor solución (coste 13364) — no aceptada
Intercambio (8, 9) -> Peor solución (coste 13364) — no aceptada
Intercambio (0, 25) -> Peor solución (coste 13364) — no aceptada
Intercambio (5, 19) -> Peor solución (coste 13364) — no aceptada
Intercambio (5, 23) -> Peor solución (coste 13364) — no aceptada
Intercambio (7, 16) -> Peor solución (coste 13364) — no aceptada
Intercambio (0, 25) -> Peor solución (coste 13364) — no aceptada
Intercambio (5, 19) -> Peor solución (coste 13364) — no aceptada
Intercambio (5, 23) -> Peor solución (coste 13364) — no aceptada
Intercambio (7, 16) -> Peor solución (coste 13364) — no aceptada
Intercambio (0, 25) -> Peor solución (coste 13364) — no aceptada
Intercambio (5, 19) -> Peor solución (coste 13364) — no aceptada
Intercambio (5, 23) -> Peor solución (coste 13364) — no aceptada
Intercambio (7, 16) -> Peor solución (coste 13364) — no aceptada
Intercambio (0, 25) -> Peor solución (coste 13364) — no aceptada
Intercambio (5, 19) -> Peor solución (coste 13364) — no aceptada
Intercambio (5, 23) -> Peor solución (coste 13364) — no aceptada
Intercambio (7, 16) -> Peor solución (coste 13364) — no aceptada
Intercambio (0, 25) -> Peor solución (coste 13364) — no aceptada
Intercambio (5, 19) -> Peor solución (coste 13364) — no aceptada
Intercambio (5, 23) -> Peor solución (coste 13364) — no aceptada
Intercambio (7, 16) -> Peor solución (coste 13364) — no aceptada
Intercambio (0, 25) -> Peor solución (coste 13364) — no aceptada
Intercambio (5, 19) -> Peor solución (coste 13364) — no aceptada
Intercambio (5, 23) -> Peor solución (coste 13364) — no aceptada
Intercambio (7, 16) -> Peor solución (coste 13364) — no aceptada
Intercambio (0, 25) -> Peor solución (coste 13364) — no aceptada
Intercambio (5, 19) -> Peor solución (coste 13364) — no aceptada
Intercambio (5, 23) -> Peor solución (coste 13364) — no aceptada
Intercambio (7, 16) -> Peor solución (coste 13364) — no aceptada
Intercambio (0, 25) -> Peor solución (coste 13364) — no aceptada
Intercambio (5, 19) -> Peor solución (coste 13364) — no aceptada
Intercambio (5, 23) -> Peor solución (coste 13364) — no aceptada
Intercambio (7, 16) -> Peor solución (coste 13364) — no aceptada
Intercambio (0, 25) -> Peor solución (coste 13364) — no aceptada
Intercambio (5, 19) -> Peor solución (coste 13364) — no aceptada
Intercambio (5, 23) -> Peor solución (coste 13364) — no aceptada
Intercambio (7, 16) -> Peor solución (coste 13364) — no aceptada
Intercambio (0, 25) -> Peor solución (coste 13364) — no aceptada
Intercambio (5, 19) -> Peor solución (coste 13364) — no aceptada
Intercambio (5, 23) -> Peor solución (coste 13364) — no aceptada
Intercambio (7, 16) -> Peor solución (coste 13364) — no aceptada
Intercambio (0, 25) -> Peor solución (coste 13364) — no aceptada
Intercambio (5, 19) -> Peor solución (coste 13364) — no aceptada
Intercambio (5, 23) -> Peor solución (coste 13364) — no aceptada
Intercambio (7, 16) -> Peor solución (coste 13364) — no aceptada
Intercambio (0, 25) -> Peor solución (coste 13364) — no aceptada
Intercambio (5, 19) -> Peor solución (coste 13364) — no aceptada
Intercambio (5, 23) -> Peor solución (coste 13364) — no aceptada
Intercambio (7, 16) -> Peor solución (coste 13364) — no aceptada
Intercambio (0, 25) -> Peor solución (coste 13364) — no aceptada
Intercambio (5, 19) -> Peor solución (coste 13364) — no aceptada
Intercambio (5, 23) -> Peor solución (coste 13364) — no aceptada
Intercambio (7, 16) -> Peor solución (coste 13364) — no aceptada
Intercambio (0, 25) -> Peor solución (coste 13364) — no aceptada
Intercambio (5, 19) -> Peor solución (coste 13364) — no aceptada
Intercambio (5, 23) -> Peor solución (coste 13364) — no aceptada
Intercambio (7, 16) -> Peor solución (coste 13364) — no aceptada
Intercambio (0, 25) -> Peor solución (coste 13364) — no aceptada
Intercambio (5, 19) -> Peor solución (coste 13364) — no aceptada
Intercambio (5, 23) -> Peor solución (coste 13364) — no aceptada
Intercambio (7, 16) -> Peor solución (coste 13364) — no aceptada
Intercambio (0, 25) -> Peor solución (coste 13364) — no aceptada
Intercambio (5, 19) -> Peor solución (coste 13364) — no aceptada
Intercambio (5, 23) -> Peor solución (coste 13364) — no aceptada
Intercambio (7, 16) -> Peor solución (coste 13364) — no aceptada
Intercambio (0, 25) -> Peor solución (coste 13364) — no aceptada
Intercambio (5, 19) -> Peor solución (coste 13364) — no aceptada
Intercambio (5, 23) -> Peor solución (coste 13364) — no aceptada
Intercambio (7, 16) -> Peor solución (coste 13364) — no aceptada
Intercambio (0, 25) -> Peor solución (coste 13364) — no aceptada
Intercambio (5, 19) -> Peor solución (coste 13364) — no aceptada
Intercambio (5, 23) -> Peor solución (coste 13364) — no aceptada
Intercambio (7, 16) -> Peor solución (coste 13364) — no aceptada
Intercambio (0, 25) -> Peor solución (coste 13364) — no aceptada
Intercambio (5, 19) -> Peor solución (coste 13364) — no aceptada
Intercambio (5, 23) -> Peor solución (coste 13364) — no aceptada
Intercambio (7, 16) -> Peor solución (coste 13364) — no aceptada
Intercambio (0, 25) -> Peor solución (coste 13364) — no aceptada
Intercambio (5, 19) -> Peor solución (coste 13364) — no aceptada
Intercambio (5, 23) -> Peor solución (coste 13364) — no aceptada
Intercambio (7, 16) -> Peor solución (coste 13364) — no aceptada
Intercambio (0, 25) -> Peor solución (coste 13364) — no aceptada
Intercambio (5, 19) -> Peor solución (coste 13364) — no aceptada
Intercambio (5, 23) -> Peor solución (coste 13364) — no aceptada
Intercambio (7, 16) -> Peor solución (coste 13364) — no aceptada
Intercambio (0, 25) -> Peor solución (coste 13364) — no aceptada
Intercambio (5, 19) -> Peor solución (coste 13364) — no aceptada
Intercambio (5, 23) -> Peor solución (coste 13364) — no aceptada
Intercambio (7, 16) -> Peor solución (coste 13364) — no aceptada
Intercambio (0, 25) -> Peor solución (coste 13364) — no aceptada
Intercambio (5, 19) -> Peor solución (coste 13364) — no aceptada
Intercambio (5, 23) -> Peor solución (coste 13364) — no aceptada
Intercambio (7, 16) -> Peor solución (coste 13364) — no aceptada
Intercambio (0, 25) -> Peor solución (coste 13364) — no aceptada
Intercambio (5, 19) -> Peor solución (coste 13364) — no aceptada
Intercambio (5, 23) -> Peor solución (coste 13364) — no aceptada
Intercambio (7, 16) -> Peor solución (coste 13364) — no aceptada
Intercambio (0, 25) -> Peor solución (coste 13364) — no aceptada
Intercambio (5, 19) -> Peor solución (coste 13364) — no aceptada
Intercambio (5, 23) -> Peor solución (coste 13364) — no aceptada
Intercambio (7, 16) -> Peor solución (coste 13364) — no aceptada
Intercambio (0, 25) -> Peor solución (coste 13364) — no aceptada
Intercambio (8, 9) -> Peor solución (coste 13364) — no aceptada
Intercambio (5, 19) -> Peor solución (coste 13364) — no aceptada
Intercambio (5, 23) -> Peor solución (coste 13364) — no aceptada
Intercambio (0, 25) -> Peor solución (coste 13364) — no aceptada
Intercambio (7, 16) -> Peor solución (coste 13364) — no aceptada
Intercambio (5, 19) -> Peor solución (coste 13364) — no aceptada
Intercambio (5, 23) -> Peor solución (coste 13364) — no aceptada
Intercambio (0, 25) -> Peor solución (coste 13364) — no aceptada
Intercambio (7, 16) -> Peor solución (coste 13364) — no aceptada
Intercambio (5, 19) -> Peor solución (coste 13364) — no aceptada
Intercambio (5, 23) -> Peor solución (coste 13364) — no aceptada
Intercambio (0, 25) -> Peor solución (coste 13364) — no aceptada
Intercambio (7, 16) -> Peor solución (coste 13364) — no aceptada
Intercambio (5, 19) -> Peor solución (coste 13364) — no aceptada
Intercambio (5, 23) -> Peor solución (coste 13364) — no aceptada
Intercambio (0, 25) -> Peor solución (coste 13364) — no aceptada
Intercambio (7, 16) -> Peor solución (coste 13364) — no aceptada
Intercambio (5, 19) -> Peor solución (coste 13364) — no aceptada
Intercambio (5, 23) -> Peor solución (coste 13364) — no aceptada
Intercambio (0, 25) -> Peor solución (coste 13364) — no aceptada
Intercambio (7, 16) -> Peor solución (coste 13364) — no aceptada
Intercambio (5, 19) -> Peor solución (coste 13364) — no aceptada
Intercambio (5, 23) -> Peor solución (coste 13364) — no aceptada
Intercambio (0, 25) -> Peor solución (coste 13364) — no aceptada
Intercambio (7, 16) -> Peor solución (coste 13364) — no aceptada
Intercambio (5, 19) -> Peor solución (coste 13364) — no aceptada
Intercambio (5, 23) -> Peor solución (coste 13364) — no aceptada
Intercambio (0, 25) -> Peor solución (coste 13364) — no aceptada
Intercambio (7, 16) -> Peor solución (coste 13364) — no aceptada
Intercambio (5, 19) -> Peor solución (coste 13364) — no aceptada
Intercambio (5, 23) -> Peor solución (coste 13364) — no aceptada
Intercambio (0, 25) -> Peor solución (coste 13364) — no aceptada
Intercambio (7, 16) -> Peor solución (coste 13364) — no aceptada
Intercambio (5, 19) -> Peor solución (coste 13364) — no aceptada
Intercambio (5, 23) -> Peor solución (coste 13364) — no aceptada
Intercambio (0, 25) -> Peor solución (coste 13364) — no aceptada
Intercambio (7, 16) -> Peor solución (coste 13364) — no aceptada
Intercambio (5, 19) -> Peor solución (coste 13364) — no aceptada
Intercambio (5, 23) -> Peor solución (coste 13364) — no aceptada
Intercambio (0, 25) -> Peor solución (coste 13364) — no aceptada
Intercambio (7, 16) -> Peor solución (coste 13364) — no aceptada
Intercambio (5, 19) -> Peor solución (coste 13364) — no aceptada
Intercambio (5, 23) -> Peor solución (coste 13364) — no aceptada
Intercambio (0, 25) -> Peor solución (coste 13364) — no aceptada
Intercambio (7, 16) -> Peor solución (coste 13364) — no aceptada
Intercambio (5, 19) -> Peor solución (coste 13364) — no aceptada
Intercambio (5, 23) -> Peor solución (coste 13364) — no aceptada
Intercambio (0, 25) -> Peor solución (coste 13364) — no aceptada
Intercambio (7, 16) -> Peor solución (coste 13364) — no aceptada
Intercambio (5, 19) -> Peor solución (coste 13364) — no aceptada
Intercambio (5, 23) -> Peor solución (coste 13364) — no aceptada
Intercambio (8, 9) -> Peor solución (coste 13364) — no aceptada
Intercambio (0, 25) -> Peor solución (coste 13364) — no aceptada
Intercambio (5, 19) -> Peor solución (coste 13364) — no aceptada
Intercambio (5, 23) -> Peor solución (coste 13364) — no aceptada
Intercambio (7, 16) -> Peor solución (coste 13364) — no aceptada
Intercambio (0, 25) -> Peor solución (coste 13364) — no aceptada
Intercambio (5, 19) -> Peor solución (coste 13364) — no aceptada
Intercambio (5, 23) -> Peor solución (coste 13364) — no aceptada
Intercambio (7, 16) -> Peor solución (coste 13364) — no aceptada
Intercambio (0, 25) -> Peor solución (coste 13364) — no aceptada
Intercambio (5, 19) -> Peor solución (coste 13364) — no aceptada
Intercambio (5, 23) -> Peor solución (coste 13364) — no aceptada
Intercambio (7, 16) -> Peor solución (coste 13364) — no aceptada
Intercambio (0, 25) -> Peor solución (coste 13364) — no aceptada
Intercambio (5, 19) -> Peor solución (coste 13364) — no aceptada
Intercambio (5, 23) -> Peor solución (coste 13364) — no aceptada
Intercambio (7, 16) -> Peor solución (coste 13364) — no aceptada
Intercambio (0, 25) -> Peor solución (coste 13364) — no aceptada
Intercambio (5, 19) -> Peor solución (coste 13364) — no aceptada
Intercambio (5, 23) -> Peor solución (coste 13364) — no aceptada
Intercambio (7, 16) -> Peor solución (coste 13364) — no aceptada
Intercambio (0, 25) -> Peor solución (coste 13364) — no aceptada
Intercambio (5, 19) -> Peor solución (coste 13364) — no aceptada
Intercambio (5, 23) -> Peor solución (coste 13364) — no aceptada
Intercambio (7, 16) -> Peor solución (coste 13364) — no aceptada
Intercambio (0, 25) -> Peor solución (coste 13364) — no aceptada
Intercambio (5, 19) -> Peor solución (coste 13364) — no aceptada
Intercambio (5, 23) -> Peor solución (coste 13364) — no aceptada
Intercambio (7, 16) -> Peor solución (coste 13364) — no aceptada
Intercambio (0, 25) -> Peor solución (coste 13364) — no aceptada
Intercambio (5, 19) -> Peor solución (coste 13364) — no aceptada
Intercambio (5, 23) -> Peor solución (coste 13364) — no aceptada
Intercambio (7, 16) -> Peor solución (coste 13364) — no aceptada
Intercambio (0, 25) -> Peor solución (coste 13364) — no aceptada
Intercambio (5, 19) -> Peor solución (coste 13364) — no aceptada
Intercambio (5, 23) -> Peor solución (coste 13364) — no aceptada
Intercambio (7, 16) -> Peor solución (coste 13364) — no aceptada
Intercambio (0, 25) -> Peor solución (coste 13364) — no aceptada
Intercambio (5, 19) -> Peor solución (coste 13364) — no aceptada
Intercambio (5, 23) -> Peor solución (coste 13364) — no aceptada
Intercambio (7, 16) -> Peor solución (coste 13364) — no aceptada
Intercambio (0, 25) -> Peor solución (coste 13364) — no aceptada
Intercambio (5, 19) -> Peor solución (coste 13364) — no aceptada
Intercambio (5, 23) -> Peor solución (coste 13364) — no aceptada
Intercambio (7, 16) -> Peor solución (coste 13364) — no aceptada
Intercambio (0, 25) -> Peor solución (coste 13364) — no aceptada
Intercambio (5, 19) -> Peor solución (coste 13364) — no aceptada
Intercambio (5, 23) -> Peor solución (coste 13364) — no aceptada
Intercambio (7, 16) -> Peor solución (coste 13364) — no aceptada
Intercambio (0, 25) -> Peor solución (coste 13364) — no aceptada
Intercambio (5, 19) -> Peor solución (coste 13364) — no aceptada
Intercambio (5, 23) -> Peor solución (coste 13364) — no aceptada
Intercambio (7, 16) -> Peor solución (coste 13364) — no aceptada
Intercambio (0, 25) -> Peor solución (coste 13364) — no aceptada
Intercambio (5, 19) -> Peor solución (coste 13364) — no aceptada
Intercambio (5, 23) -> Peor solución (coste 13364) — no aceptada
Intercambio (7, 16) -> Peor solución (coste 13364) — no aceptada
Intercambio (0, 25) -> Peor solución (coste 13364) — no aceptada
Intercambio (5, 19) -> Peor solución (coste 13364) — no aceptada
Intercambio (5, 23) -> Peor solución (coste 13364) — no aceptada
Intercambio (7, 16) -> Peor solución (coste 13364) — no aceptada
Intercambio (0, 25) -> Peor solución (coste 13364) — no aceptada
Intercambio (5, 19) -> Peor solución (coste 13364) — no aceptada
Intercambio (5, 23) -> Peor solución (coste 13364) — no aceptada
Intercambio (7, 16) -> Peor solución (coste 13364) — no aceptada
Intercambio (0, 25) -> Peor solución (coste 13364) — no aceptada
Intercambio (5, 19) -> Peor solución (coste 13364) — no aceptada
Intercambio (5, 23) -> Peor solución (coste 13364) — no aceptada
Intercambio (7, 16) -> Peor solución (coste 13364) — no aceptada
Intercambio (0, 25) -> Peor solución (coste 13364) — no aceptada
Intercambio (5, 19) -> Peor solución (coste 13364) — no aceptada
Intercambio (5, 23) -> Peor solución (coste 13364) — no aceptada
Intercambio (7, 16) -> Peor solución (coste 13364) — no aceptada
Intercambio (0, 25) -> Peor solución (coste 13364) — no aceptada
Intercambio (5, 19) -> Peor solución (coste 13364) — no aceptada
Intercambio (5, 23) -> Peor solución (coste 13364) — no aceptada
Intercambio (7, 16) -> Peor solución (coste 13364) — no aceptada
Intercambio (0, 25) -> Peor solución (coste 13364) — no aceptada
Intercambio (5, 19) -> Peor solución (coste 13364) — no aceptada
Intercambio (5, 23) -> Peor solución (coste 13364) — no aceptada
Intercambio (7, 16) -> Peor solución (coste 13364) — no aceptada
Intercambio (0, 25) -> Peor solución (coste 13364) — no aceptada
Intercambio (5, 19) -> Peor solución (coste 13364) — no aceptada
Intercambio (5, 23) -> Peor solución (coste 13364) — no aceptada
Intercambio (7, 16) -> Peor solución (coste 13364) — no aceptada
Intercambio (0, 25) -> Peor solución (coste 13364) — no aceptada
Intercambio (5, 19) -> Peor solución (coste 13364) — no aceptada
Intercambio (5, 23) -> Peor solución (coste 13364) — no aceptada
Intercambio (7, 16) -> Peor solución (coste 13364) — no aceptada
Intercambio (0, 25) -> Peor solución (coste 13364) — no aceptada
Intercambio (5, 19) -> Peor solución (coste 13364) — no aceptada
Intercambio (5, 23) -> Peor solución (coste 13364) — no aceptada
Intercambio (7, 16) -> Peor solución (coste 13364) — no aceptada
Intercambio (0, 25) -> Peor solución (coste 13364) — no aceptada
Intercambio (5, 19) -> Peor solución (coste 13364) — no aceptada
Intercambio (5, 23) -> Peor solución (coste 13364) — no aceptada
Intercambio (7, 16) -> Peor solución (coste 13364) — no aceptada
Intercambio (0, 25) -> Peor solución (coste 13364) — no aceptada
Intercambio (5, 19) -> Peor solución (coste 13364) — no aceptada
Intercambio (5, 23) -> Peor solución (coste 13364) — no aceptada
Intercambio (7, 16) -> Peor solución (coste 13364) — no aceptada
Intercambio (0, 25) -> Peor solución (coste 13364) — no aceptada
Intercambio (5, 19) -> Peor solución (coste 13364) — no aceptada
Intercambio (5, 23) -> Peor solución (coste 13364) — no aceptada
Intercambio (7, 16) -> Peor solución (coste 13364) — no aceptada
Intercambio (0, 25) -> Peor solución (coste 13364) — no aceptada
Intercambio (5, 19) -> Peor solución (coste 13364) — no aceptada
Intercambio (5, 23) -> Peor solución (coste 13364) — no aceptada
Intercambio (7, 16) -> Peor solución (coste 13364) — no aceptada
Intercambio (0, 25) -> Peor solución (coste 13364) — no aceptada
Intercambio (5, 19) -> Peor solución (coste 13364) — no aceptada
Intercambio (5, 23) -> Peor solución (coste 13364) — no aceptada
Intercambio (7, 16) -> Peor solución (coste 13364) — no aceptada
Intercambio (0, 25) -> Peor solución (coste 13364) — no aceptada
Intercambio (5, 19) -> Peor solución (coste 13364) — no aceptada
Intercambio (5, 23) -> Peor solución (coste 13364) — no aceptada
Intercambio (7, 16) -> Peor solución (coste 13364) — no aceptada
Intercambio (0, 25) -> Peor solución (coste 13364) — no aceptada
Intercambio (5, 19) -> Peor solución (coste 13364) — no aceptada
Intercambio (5, 23) -> Peor solución (coste 13364) — no aceptada
Intercambio (7, 16) -> Peor solución (coste 13364) — no aceptada
Intercambio (0, 25) -> Peor solución (coste 13364) — no aceptada
Intercambio (5, 19) -> Peor solución (coste 13364) — no aceptada
Intercambio (5, 23) -> Peor solución (coste 13364) — no aceptada
Intercambio (7, 16) -> Peor solución (coste 13364) — no aceptada
Intercambio (0, 25) -> Peor solución (coste 13364) — no aceptada
Intercambio (5, 19) -> Peor solución (coste 13364) — no aceptada
Intercambio (5, 23) -> Peor solución (coste 13364) — no aceptada
Intercambio (7, 16) -> Peor solución (coste 13364) — no aceptada
Intercambio (0, 25) -> Peor solución (coste 13364) — no aceptada
Intercambio (5, 19) -> Peor solución (coste 13364) — no aceptada
Intercambio (5, 23) -> Peor solución (coste 13364) — no aceptada
Intercambio (7, 16) -> Peor solución (coste 13364) — no aceptada
Intercambio (0, 25) -> Peor solución (coste 13364) — no aceptada
Intercambio (5, 19) -> Peor solución (coste 13364) — no aceptada
Intercambio (5, 23) -> Peor solución (coste 13364) — no aceptada
Intercambio (7, 16) -> Peor solución (coste 13364) — no aceptada
Intercambio (0, 25) -> Peor solución (coste 13364) — no aceptada
Intercambio (5, 19) -> Peor solución (coste 13364) — no aceptada
Intercambio (5, 23) -> Peor solución (coste 13364) — no aceptada
Intercambio (7, 16) -> Peor solución (coste 13364) — no aceptada
Intercambio (0, 25) -> Peor solución (coste 13364) — no aceptada
Intercambio (5, 19) -> Peor solución (coste 13364) — no aceptada
Intercambio (5, 23) -> Peor solución (coste 13364) — no aceptada
Intercambio (7, 16) -> Peor solución (coste 13364) — no aceptada
Intercambio (0, 25) -> Peor solución (coste 13364) — no aceptada
Intercambio (5, 19) -> Peor solución (coste 13364) — no aceptada
Intercambio (5, 23) -> Peor solución (coste 13364) — no aceptada
Intercambio (7, 16) -> Peor solución (coste 13364) — no aceptada
Intercambio (0, 25) -> Peor solución (coste 13364) — no aceptada
Intercambio (5, 19) -> Peor solución (coste 13364) — no aceptada
Intercambio (5, 23) -> Peor solución (coste 13364) — no aceptada
Intercambio (7, 16) -> Peor solución (coste 13364) — no aceptada
Intercambio (8, 9) -> Peor solución (coste 13364) — no aceptada
Intercambio (0, 25) -> Peor solución (coste 13364) — no aceptada
Intercambio (5, 19) -> Peor solución (coste 13364) — no aceptada
Intercambio (5, 23) -> Peor solución (coste 13364) — no aceptada
Intercambio (7, 16) -> Peor solución (coste 13364) — no aceptada
Intercambio (0, 25) -> Peor solución (coste 13364) — no aceptada
Intercambio (5, 19) -> Peor solución (coste 13364) — no aceptada
Intercambio (5, 23) -> Peor solución (coste 13364) — no aceptada
Intercambio (7, 16) -> Peor solución (coste 13364) — no aceptada
Intercambio (0, 25) -> Peor solución (coste 13364) — no aceptada
Intercambio (5, 19) -> Peor solución (coste 13364) — no aceptada
Intercambio (5, 23) -> Peor solución (coste 13364) — no aceptada
Intercambio (7, 16) -> Peor solución (coste 13364) — no aceptada
Intercambio (0, 25) -> Peor solución (coste 13364) — no aceptada
Intercambio (5, 19) -> Peor solución (coste 13364) — no aceptada
Intercambio (5, 23) -> Peor solución (coste 13364) — no aceptada
Intercambio (7, 16) -> Peor solución (coste 13364) — no aceptada
Intercambio (0, 25) -> Peor solución (coste 13364) — no aceptada
Intercambio (5, 19) -> Peor solución (coste 13364) — no aceptada
Intercambio (5, 23) -> Peor solución (coste 13364) — no aceptada
Intercambio (7, 16) -> Peor solución (coste 13364) — no aceptada
Intercambio (0, 25) -> Peor solución (coste 13364) — no aceptada
Intercambio (5, 19) -> Peor solución (coste 13364) — no aceptada
Intercambio (5, 23) -> Peor solución (coste 13364) — no aceptada
Intercambio (7, 16) -> Peor solución (coste 13364) — no aceptada
Intercambio (0, 25) -> Peor solución (coste 13364) — no aceptada
Intercambio (5, 19) -> Peor solución (coste 13364) — no aceptada
Intercambio (5, 23) -> Peor solución (coste 13364) — no aceptada
Intercambio (7, 16) -> Peor solución (coste 13364) — no aceptada
Intercambio (0, 25) -> Peor solución (coste 13364) — no aceptada
Intercambio (5, 19) -> Peor solución (coste 13364) — no aceptada
Intercambio (5, 23) -> Peor solución (coste 13364) — no aceptada
Intercambio (7, 16) -> Peor solución (coste 13364) — no aceptada
Intercambio (0, 25) -> Peor solución (coste 13364) — no aceptada
Intercambio (5, 19) -> Peor solución (coste 13364) — no aceptada
Intercambio (5, 23) -> Peor solución (coste 13364) — no aceptada
Intercambio (7, 16) -> Peor solución (coste 13364) — no aceptada
Intercambio (0, 25) -> Peor solución (coste 13364) — no aceptada
Intercambio (5, 19) -> Peor solución (coste 13364) — no aceptada
Intercambio (5, 23) -> Peor solución (coste 13364) — no aceptada
Intercambio (7, 16) -> Peor solución (coste 13364) — no aceptada
Intercambio (0, 25) -> Peor solución (coste 13364) — no aceptada
Intercambio (5, 19) -> Peor solución (coste 13364) — no aceptada
Intercambio (5, 23) -> Peor solución (coste 13364) — no aceptada
Intercambio (7, 16) -> Peor solución (coste 13364) — no aceptada
Intercambio (0, 25) -> Peor solución (coste 13364) — no aceptada
Intercambio (5, 19) -> Peor solución (coste 13364) — no aceptada
Intercambio (5, 23) -> Peor solución (coste 13364) — no aceptada
Intercambio (7, 16) -> Peor solución (coste 13364) — no aceptada
Intercambio (0, 25) -> Peor solución (coste 13364) — no aceptada
Intercambio (5, 19) -> Peor solución (coste 13364) — no aceptada
Intercambio (5, 23) -> Peor solución (coste 13364) — no aceptada
Intercambio (7, 16) -> Peor solución (coste 13364) — no aceptada
Intercambio (0, 25) -> Peor solución (coste 13364) — no aceptada
Intercambio (5, 19) -> Peor solución (coste 13364) — no aceptada
Intercambio (5, 23) -> Peor solución (coste 13364) — no aceptada
Intercambio (7, 16) -> Peor solución (coste 13364) — no aceptada
Intercambio (0, 25) -> Peor solución (coste 13364) — no aceptada
Intercambio (5, 19) -> Peor solución (coste 13364) — no aceptada
Intercambio (5, 23) -> Peor solución (coste 13364) — no aceptada
Intercambio (7, 16) -> Peor solución (coste 13364) — no aceptada
Intercambio (0, 25) -> Peor solución (coste 13364) — no aceptada
Intercambio (5, 19) -> Peor solución (coste 13364) — no aceptada
Intercambio (5, 23) -> Peor solución (coste 13364) — no aceptada
Intercambio (7, 16) -> Peor solución (coste 13364) — no aceptada
Intercambio (0, 25) -> Peor solución (coste 13364) — no aceptada
Intercambio (5, 19) -> Peor solución (coste 13364) — no aceptada
Intercambio (5, 23) -> Peor solución (coste 13364) — no aceptada
Intercambio (7, 16) -> Peor solución (coste 13364) — no aceptada
Intercambio (0, 25) -> Peor solución (coste 13364) — no aceptada
Intercambio (5, 19) -> Peor solución (coste 13364) — no aceptada
Intercambio (5, 23) -> Peor solución (coste 13364) — no aceptada
Intercambio (7, 16) -> Peor solución (coste 13364) — no aceptada
Intercambio (0, 25) -> Peor solución (coste 13364) — no aceptada
Intercambio (5, 19) -> Peor solución (coste 13364) — no aceptada
Intercambio (5, 23) -> Peor solución (coste 13364) — no aceptada
Intercambio (7, 16) -> Peor solución (coste 13364) — no aceptada
Intercambio (0, 25) -> Peor solución (coste 13364) — no aceptada
Intercambio (5, 19) -> Peor solución (coste 13364) — no aceptada
Intercambio (5, 23) -> Peor solución (coste 13364) — no aceptada
Intercambio (7, 16) -> Peor solución (coste 13364) — no aceptada
Intercambio (0, 25) -> Peor solución (coste 13364) — no aceptada
Intercambio (5, 19) -> Peor solución (coste 13364) — no aceptada
Intercambio (5, 23) -> Peor solución (coste 13364) — no aceptada
Intercambio (7, 16) -> Peor solución (coste 13364) — no aceptada
Intercambio (0, 25) -> Peor solución (coste 13364) — no aceptada
Intercambio (5, 19) -> Peor solución (coste 13364) — no aceptada
Intercambio (5, 23) -> Peor solución (coste 13364) — no aceptada
Intercambio (7, 16) -> Peor solución (coste 13364) — no aceptada
Intercambio (0, 25) -> Peor solución (coste 13364) — no aceptada
Intercambio (5, 19) -> Peor solución (coste 13364) — no aceptada
Intercambio (5, 23) -> Peor solución (coste 13364) — no aceptada
Intercambio (7, 16) -> Peor solución (coste 13364) — no aceptada
Intercambio (0, 25) -> Peor solución (coste 13364) — no aceptada
Intercambio (5, 19) -> Peor solución (coste 13364) — no aceptada
Intercambio (5, 23) -> Peor solución (coste 13364) — no aceptada
Intercambio (7, 16) -> Peor solución (coste 13364) — no aceptada
Intercambio (0, 25) -> Peor solución (coste 13364) — no aceptada
Intercambio (5, 19) -> Peor solución (coste 13364) — no aceptada
Intercambio (5, 23) -> Peor solución (coste 13364) — no aceptada
Intercambio (7, 16) -> Peor solución (coste 13364) — no aceptada
Intercambio (0, 25) -> Peor solución (coste 13364) — no aceptada
Intercambio (8, 9) -> Peor solución (coste 13364) — no aceptada
Intercambio (5, 19) -> Peor solución (coste 13364) — no aceptada
Intercambio (5, 23) -> Peor solución (coste 13364) — no aceptada
Intercambio (0, 25) -> Peor solución (coste 13364) — no aceptada
Intercambio (7, 16) -> Peor solución (coste 13364) — no aceptada
Intercambio (5, 19) -> Peor solución (coste 13364) — no aceptada
Intercambio (5, 23) -> Peor solución (coste 13364) — no aceptada
Intercambio (0, 25) -> Peor solución (coste 13364) — no aceptada
Intercambio (7, 16) -> Peor solución (coste 13364) — no aceptada
Intercambio (5, 19) -> Peor solución (coste 13364) — no aceptada
Intercambio (5, 23) -> Peor solución (coste 13364) — no aceptada
Intercambio (0, 25) -> Peor solución (coste 13364) — no aceptada
Intercambio (7, 16) -> Peor solución (coste 13364) — no aceptada
Intercambio (5, 19) -> Peor solución (coste 13364) — no aceptada
Intercambio (5, 23) -> Peor solución (coste 13364) — no aceptada
Intercambio (0, 25) -> Peor solución (coste 13364) — no aceptada
Intercambio (7, 16) -> Peor solución (coste 13364) — no aceptada
Intercambio (5, 19) -> Peor solución (coste 13364) — no aceptada
Intercambio (5, 23) -> Peor solución (coste 13364) — no aceptada
Intercambio (0, 25) -> Peor solución (coste 13364) — no aceptada
Intercambio (7, 16) -> Peor solución (coste 13364) — no aceptada
Intercambio (5, 19) -> Peor solución (coste 13364) — no aceptada
Intercambio (5, 23) -> Peor solución (coste 13364) — no aceptada
Intercambio (0, 25) -> Peor solución (coste 13364) — no aceptada
Intercambio (7, 16) -> Peor solución (coste 13364) — no aceptada
Intercambio (5, 19) -> Peor solución (coste 13364) — no aceptada
Intercambio (5, 23) -> Peor solución (coste 13364) — no aceptada
Intercambio (0, 25) -> Peor solución (coste 13364) — no aceptada
Intercambio (7, 16) -> Peor solución (coste 13364) — no aceptada
Intercambio (5, 19) -> Peor solución (coste 13364) — no aceptada
Intercambio (5, 23) -> Peor solución (coste 13364) — no aceptada
Intercambio (0, 25) -> Peor solución (coste 13364) — no aceptada
Intercambio (7, 16) -> Peor solución (coste 13364) — no aceptada
Intercambio (5, 19) -> Peor solución (coste 13364) — no aceptada
Intercambio (5, 23) -> Peor solución (coste 13364) — no aceptada
Intercambio (0, 25) -> Peor solución (coste 13364) — no aceptada
Intercambio (7, 16) -> Peor solución (coste 13364) — no aceptada
Intercambio (5, 19) -> Peor solución (coste 13364) — no aceptada
Intercambio (5, 23) -> Peor solución (coste 13364) — no aceptada
Intercambio (0, 25) -> Peor solución (coste 13364) — no aceptada
Intercambio (7, 16) -> Peor solución (coste 13364) — no aceptada
Intercambio (5, 19) -> Peor solución (coste 13364) — no aceptada
Intercambio (5, 23) -> Peor solución (coste 13364) — no aceptada
Intercambio (0, 25) -> Peor solución (coste 13364) — no aceptada
Intercambio (7, 16) -> Peor solución (coste 13364) — no aceptada
Intercambio (5, 19) -> Peor solución (coste 13364) — no aceptada
Intercambio (5, 23) -> Peor solución (coste 13364) — no aceptada
Intercambio (0, 25) -> Peor solución (coste 13364) — no aceptada
Intercambio (7, 16) -> Peor solución (coste 13364) — no aceptada
Intercambio (5, 19) -> Peor solución (coste 13364) — no aceptada
Intercambio (5, 23) -> Peor solución (coste 13364) — no aceptada
Intercambio (8, 9) -> Peor solución (coste 13364) — no aceptada
Intercambio (0, 25) -> Peor solución (coste 13364) — no aceptada
Intercambio (5, 19) -> Peor solución (coste 13364) — no aceptada
Intercambio (5, 23) -> Peor solución (coste 13364) — no aceptada
Intercambio (7, 16) -> Peor solución (coste 13364) — no aceptada
Intercambio (0, 25) -> Peor solución (coste 13364) — no aceptada
Intercambio (5, 19) -> Peor solución (coste 13364) — no aceptada
Intercambio (5, 23) -> Peor solución (coste 13364) — no aceptada
Intercambio (7, 16) -> Peor solución (coste 13364) — no aceptada
Intercambio (0, 25) -> Peor solución (coste 13364) — no aceptada
Intercambio (5, 19) -> Peor solución (coste 13364) — no aceptada
Intercambio (5, 23) -> Peor solución (coste 13364) — no aceptada
Intercambio (7, 16) -> Peor solución (coste 13364) — no aceptada
Intercambio (0, 25) -> Peor solución (coste 13364) — no aceptada
Intercambio (5, 19) -> Peor solución (coste 13364) — no aceptada
Intercambio (5, 23) -> Peor solución (coste 13364) — no aceptada
Intercambio (7, 16) -> Peor solución (coste 13364) — no aceptada
Intercambio (0, 25) -> Peor solución (coste 13364) — no aceptada
Intercambio (5, 19) -> Peor solución (coste 13364) — no aceptada
Intercambio (5, 23) -> Peor solución (coste 13364) — no aceptada
Intercambio (7, 16) -> Peor solución (coste 13364) — no aceptada
Intercambio (0, 25) -> Peor solución (coste 13364) — no aceptada
Intercambio (5, 19) -> Peor solución (coste 13364) — no aceptada
Intercambio (5, 23) -> Peor solución (coste 13364) — no aceptada
Intercambio (7, 16) -> Peor solución (coste 13364) — no aceptada
Intercambio (0, 25) -> Peor solución (coste 13364) — no aceptada
Intercambio (5, 19) -> Peor solución (coste 13364) — no aceptada
Intercambio (5, 23) -> Peor solución (coste 13364) — no aceptada
Intercambio (7, 16) -> Peor solución (coste 13364) — no aceptada
Intercambio (0, 25) -> Peor solución (coste 13364) — no aceptada
Intercambio (5, 19) -> Peor solución (coste 13364) — no aceptada
Intercambio (5, 23) -> Peor solución (coste 13364) — no aceptada
Intercambio (7, 16) -> Peor solución (coste 13364) — no aceptada
Intercambio (0, 25) -> Peor solución (coste 13364) — no aceptada
Intercambio (5, 19) -> Peor solución (coste 13364) — no aceptada
Intercambio (5, 23) -> Peor solución (coste 13364) — no aceptada
Intercambio (7, 16) -> Peor solución (coste 13364) — no aceptada
Intercambio (0, 25) -> Peor solución (coste 13364) — no aceptada
Intercambio (5, 19) -> Peor solución (coste 13364) — no aceptada
Intercambio (5, 23) -> Peor solución (coste 13364) — no aceptada
Intercambio (7, 16) -> Peor solución (coste 13364) — no aceptada
Intercambio (0, 25) -> Peor solución (coste 13364) — no aceptada
Intercambio (5, 19) -> Peor solución (coste 13364) — no aceptada
Intercambio (5, 23) -> Peor solución (coste 13364) — no aceptada
Intercambio (7, 16) -> Peor solución (coste 13364) — no aceptada
Intercambio (0, 25) -> Peor solución (coste 13364) — no aceptada
Intercambio (5, 19) -> Peor solución (coste 13364) — no aceptada
Intercambio (5, 23) -> Peor solución (coste 13364) — no aceptada
Intercambio (7, 16) -> Peor solución (coste 13364) — no aceptada
Intercambio (0, 25) -> Peor solución (coste 13364) — no aceptada
Intercambio (5, 19) -> Peor solución (coste 13364) — no aceptada
Intercambio (8, 9) -> Peor solución (coste 13364) — no aceptada
Intercambio (5, 23) -> Peor solución (coste 13364) — no aceptada
Intercambio (0, 25) -> Peor solución (coste 13364) — no aceptada
Intercambio (5, 19) -> Peor solución (coste 13364) — no aceptada
Intercambio (7, 16) -> Peor solución (coste 13364) — no aceptada
Intercambio (5, 23) -> Peor solución (coste 13364) — no aceptada
Intercambio (0, 25) -> Peor solución (coste 13364) — no aceptada
Intercambio (5, 19) -> Peor solución (coste 13364) — no aceptada
Intercambio (7, 16) -> Peor solución (coste 13364) — no aceptada
Intercambio (5, 23) -> Peor solución (coste 13364) — no aceptada
Intercambio (0, 25) -> Peor solución (coste 13364) — no aceptada
Intercambio (5, 19) -> Peor solución (coste 13364) — no aceptada
Intercambio (7, 16) -> Peor solución (coste 13364) — no aceptada
Intercambio (5, 23) -> Peor solución (coste 13364) — no aceptada
Intercambio (0, 25) -> Peor solución (coste 13364) — no aceptada
Intercambio (5, 19) -> Peor solución (coste 13364) — no aceptada
Intercambio (7, 16) -> Peor solución (coste 13364) — no aceptada
Intercambio (5, 23) -> Peor solución (coste 13364) — no aceptada
Intercambio (0, 25) -> Peor solución (coste 13364) — no aceptada
Intercambio (5, 19) -> Peor solución (coste 13364) — no aceptada
Intercambio (7, 16) -> Peor solución (coste 13364) — no aceptada
Intercambio (5, 23) -> Peor solución (coste 13364) — no aceptada
Intercambio (0, 25) -> Peor solución (coste 13364) — no aceptada
Intercambio (5, 19) -> Peor solución (coste 13364) — no aceptada
Intercambio (7, 16) -> Peor solución (coste 13364) — no aceptada
Intercambio (5, 23) -> Peor solución (coste 13364) — no aceptada
Intercambio (0, 25) -> Peor solución (coste 13364) — no aceptada
Intercambio (5, 19) -> Peor solución (coste 13364) — no aceptada
Intercambio (7, 16) -> Peor solución (coste 13364) — no aceptada
Intercambio (5, 23) -> Peor solución (coste 13364) — no aceptada
Intercambio (0, 25) -> Peor solución (coste 13364) — no aceptada
Intercambio (5, 19) -> Peor solución (coste 13364) — no aceptada
Intercambio (7, 16) -> Peor solución (coste 13364) — no aceptada
Intercambio (5, 23) -> Peor solución (coste 13364) — no aceptada
Intercambio (0, 25) -> Peor solución (coste 13364) — no aceptada
Intercambio (5, 19) -> Peor solución (coste 13364) — no aceptada
Intercambio (7, 16) -> Peor solución (coste 13364) — no aceptada
Intercambio (5, 23) -> Peor solución (coste 13364) — no aceptada
Intercambio (0, 25) -> Peor solución (coste 13364) — no aceptada
Intercambio (5, 19) -> Peor solución (coste 13364) — no aceptada
Intercambio (7, 16) -> Peor solución (coste 13364) — no aceptada
Intercambio (5, 23) -> Peor solución (coste 13364) — no aceptada
Intercambio (0, 25) -> Peor solución (coste 13364) — no aceptada
Intercambio (5, 19) -> Peor solución (coste 13364) — no aceptada
Intercambio (7, 16) -> Peor solución (coste 13364) — no aceptada
Intercambio (5, 23) -> Peor solución (coste 13364) — no aceptada
Intercambio (0, 25) -> Peor solución (coste 13364) — no aceptada
Intercambio (5, 19) -> Peor solución (coste 13364) — no aceptada
Intercambio (7, 16) -> Peor solución (coste 13364) — no aceptada
Intercambio (5, 23) -> Peor solución (coste 13364) — no aceptada
Intercambio (0, 25) -> Peor solución (coste 13364) — no aceptada
Intercambio (5, 19) -> Peor solución (coste 13364) — no aceptada
Intercambio (7, 16) -> Peor solución (coste 13364) — no aceptada
Intercambio (5, 23) -> Peor solución (coste 13364) — no aceptada
Intercambio (0, 25) -> Peor solución (coste 13364) — no aceptada
Intercambio (5, 19) -> Peor solución (coste 13364) — no aceptada
Intercambio (7, 16) -> Peor solución (coste 13364) — no aceptada
Intercambio (5, 23) -> Peor solución (coste 13364) — no aceptada

Solución final
--------------
[24, 19, 25, 1, 4, 9, 28, 12, 11, 21, 29, 27, 13, 8, 0, 17, 15, 18, 2, 6, 26, 7, 20, 23, 5, 14, 22, 10, 16, 3]
Coste final: 13718
Duración: 0.38 segundos
