========================================
 RESUMEN DE EJECUCIÓN 
========================================
Algoritmo:      Memetico
Archivo:        ford02.dat
Semilla:        77645037
----------------------------------------
Población:      100
kBest:          2
kWorst:         3
Elite:          1
Cruce:          OX2
----------------------------------------
PARAMETROS MEMÉTICO (BT):
Evaluaciones BT: 2000 evaluaciones
Iteraciones BT: 10 iteraciones (Profundidad)
----------------------------------------
RESULTADOS FINALES:
Evaluaciones Max: 10000
Generaciones:     9034
Tiempo (ms):    135
Costo Final:    30284
Solución:       [5, 1, 2, 12, 9, 0, 9, 18, 0, 6, 16, 13, 3, 15, 14, 7, 19, 8, 4, 10]
========================================
