Parámetros del algoritmo
------------------------
Algoritmo: BusquedaTabu
Dataset: ford03.dat
Semilla: 77645037

Solución inicial y su coste
---------------------------
[10, 3, 14, 19, 12, 26, 24, 23, 0, 20, 6, 9, 1, 5, 18, 28, 4, 21, 11, 16, 13, 25, 17, 27, 8, 29, 22, 7, 15, 2]
Coste: 13360

Evolución de la búsqueda
------------------------
Intercambio (15, 20) -> Nueva solución con coste 13678
Intercambio (0, 25) -> Nueva solución con coste 13606
Intercambio (1, 19) -> Nueva solución con coste 13564
Intercambio (21, 29) -> Nueva solución con coste 13524
Intercambio (3, 12) -> Nueva solución con coste 13482
Intercambio (10, 24) -> Nueva solución con coste 13450
Intercambio (6, 20) -> Nueva solución con coste 13438
Intercambio (22, 24) -> Nueva solución con coste 13430
Intercambio (6, 22) -> Nueva solución con coste 13424
Intercambio (9, 29) -> Nueva solución con coste 13418
Intercambio (3, 16) -> Nueva solución con coste 13412
Intercambio (3, 13) -> Nueva solución con coste 13388
Intercambio (6, 20) -> Nueva solución con coste 13384
Intercambio (12, 29) -> Nueva solución con coste 13382
Intercambio (2, 6) -> Peor solución (coste 13382) — no aceptada
Intercambio (7, 11) -> Peor solución (coste 13382) — no aceptada
Intercambio (7, 20) -> Peor solución (coste 13382) — no aceptada
Intercambio (11, 20) -> Peor solución (coste 13382) — no aceptada
Intercambio (2, 6) -> Peor solución (coste 13382) — no aceptada
Intercambio (7, 11) -> Peor solución (coste 13382) — no aceptada
Intercambio (7, 20) -> Peor solución (coste 13382) — no aceptada
Intercambio (11, 20) -> Peor solución (coste 13382) — no aceptada
Intercambio (2, 6) -> Peor solución (coste 13382) — no aceptada
Intercambio (7, 11) -> Peor solución (coste 13382) — no aceptada
Intercambio (7, 20) -> Peor solución (coste 13382) — no aceptada
Intercambio (11, 20) -> Peor solución (coste 13382) — no aceptada
Intercambio (2, 6) -> Peor solución (coste 13382) — no aceptada
Intercambio (7, 11) -> Peor solución (coste 13382) — no aceptada
Intercambio (7, 20) -> Peor solución (coste 13382) — no aceptada
Intercambio (11, 20) -> Peor solución (coste 13382) — no aceptada
Intercambio (2, 6) -> Peor solución (coste 13382) — no aceptada
Intercambio (7, 11) -> Peor solución (coste 13382) — no aceptada
Intercambio (7, 20) -> Peor solución (coste 13382) — no aceptada
Intercambio (11, 20) -> Peor solución (coste 13382) — no aceptada
Intercambio (2, 6) -> Peor solución (coste 13382) — no aceptada
Intercambio (7, 11) -> Peor solución (coste 13382) — no aceptada
Intercambio (7, 20) -> Peor solución (coste 13382) — no aceptada
Intercambio (11, 20) -> Peor solución (coste 13382) — no aceptada
Intercambio (2, 6) -> Peor solución (coste 13382) — no aceptada
Intercambio (7, 11) -> Peor solución (coste 13382) — no aceptada
Intercambio (7, 20) -> Peor solución (coste 13382) — no aceptada
Intercambio (11, 20) -> Peor solución (coste 13382) — no aceptada
Intercambio (2, 6) -> Peor solución (coste 13382) — no aceptada
Intercambio (7, 11) -> Peor solución (coste 13382) — no aceptada
Intercambio (7, 20) -> Peor solución (coste 13382) — no aceptada
Intercambio (11, 20) -> Peor solución (coste 13382) — no aceptada
Intercambio (2, 6) -> Peor solución (coste 13382) — no aceptada
Intercambio (7, 11) -> Peor solución (coste 13382) — no aceptada
Intercambio (7, 20) -> Peor solución (coste 13382) — no aceptada
Intercambio (11, 20) -> Peor solución (coste 13382) — no aceptada
Intercambio (2, 6) -> Peor solución (coste 13382) — no aceptada
Intercambio (7, 11) -> Peor solución (coste 13382) — no aceptada
Intercambio (7, 20) -> Peor solución (coste 13382) — no aceptada
Intercambio (11, 20) -> Peor solución (coste 13382) — no aceptada
Intercambio (2, 6) -> Peor solución (coste 13382) — no aceptada
Intercambio (7, 11) -> Peor solución (coste 13382) — no aceptada
Intercambio (7, 20) -> Peor solución (coste 13382) — no aceptada
Intercambio (11, 20) -> Peor solución (coste 13382) — no aceptada
Intercambio (2, 6) -> Peor solución (coste 13382) — no aceptada
Intercambio (7, 11) -> Peor solución (coste 13382) — no aceptada
Intercambio (7, 20) -> Peor solución (coste 13382) — no aceptada
Intercambio (11, 20) -> Peor solución (coste 13382) — no aceptada
Intercambio (2, 6) -> Peor solución (coste 13382) — no aceptada
Intercambio (7, 11) -> Peor solución (coste 13382) — no aceptada
Intercambio (7, 20) -> Peor solución (coste 13382) — no aceptada
Intercambio (11, 20) -> Peor solución (coste 13382) — no aceptada
Intercambio (2, 6) -> Peor solución (coste 13382) — no aceptada
Intercambio (7, 11) -> Peor solución (coste 13382) — no aceptada
Intercambio (7, 20) -> Peor solución (coste 13382) — no aceptada
Intercambio (11, 20) -> Peor solución (coste 13382) — no aceptada
Intercambio (2, 6) -> Peor solución (coste 13382) — no aceptada
Intercambio (7, 11) -> Peor solución (coste 13382) — no aceptada
Intercambio (7, 20) -> Peor solución (coste 13382) — no aceptada
Intercambio (11, 20) -> Peor solución (coste 13382) — no aceptada
Intercambio (2, 6) -> Peor solución (coste 13382) — no aceptada
Intercambio (7, 11) -> Peor solución (coste 13382) — no aceptada
Intercambio (7, 20) -> Peor solución (coste 13382) — no aceptada
Intercambio (11, 20) -> Peor solución (coste 13382) — no aceptada
Intercambio (2, 6) -> Peor solución (coste 13382) — no aceptada
Intercambio (7, 11) -> Peor solución (coste 13382) — no aceptada
Intercambio (7, 20) -> Peor solución (coste 13382) — no aceptada
Intercambio (11, 20) -> Peor solución (coste 13382) — no aceptada
Intercambio (2, 6) -> Peor solución (coste 13382) — no aceptada
Intercambio (7, 11) -> Peor solución (coste 13382) — no aceptada
Intercambio (7, 20) -> Peor solución (coste 13382) — no aceptada
Intercambio (11, 20) -> Peor solución (coste 13382) — no aceptada
Intercambio (2, 6) -> Peor solución (coste 13382) — no aceptada
Intercambio (7, 11) -> Peor solución (coste 13382) — no aceptada
Intercambio (7, 20) -> Peor solución (coste 13382) — no aceptada
Intercambio (11, 20) -> Peor solución (coste 13382) — no aceptada
Intercambio (2, 6) -> Peor solución (coste 13382) — no aceptada
Intercambio (7, 11) -> Peor solución (coste 13382) — no aceptada
Intercambio (7, 20) -> Peor solución (coste 13382) — no aceptada
Intercambio (11, 20) -> Peor solución (coste 13382) — no aceptada
Intercambio (2, 6) -> Peor solución (coste 13382) — no aceptada
Intercambio (7, 11) -> Peor solución (coste 13382) — no aceptada
Intercambio (7, 20) -> Peor solución (coste 13382) — no aceptada
Intercambio (11, 20) -> Peor solución (coste 13382) — no aceptada
Intercambio (2, 6) -> Peor solución (coste 13382) — no aceptada
Intercambio (7, 11) -> Peor solución (coste 13382) — no aceptada
Intercambio (7, 20) -> Peor solución (coste 13382) — no aceptada
Intercambio (11, 20) -> Peor solución (coste 13382) — no aceptada
Intercambio (2, 6) -> Peor solución (coste 13382) — no aceptada
Intercambio (7, 11) -> Peor solución (coste 13382) — no aceptada
Intercambio (7, 20) -> Peor solución (coste 13382) — no aceptada
Intercambio (11, 20) -> Peor solución (coste 13382) — no aceptada
Intercambio (2, 6) -> Peor solución (coste 13382) — no aceptada
Intercambio (7, 11) -> Peor solución (coste 13382) — no aceptada
Intercambio (7, 20) -> Peor solución (coste 13382) — no aceptada
Intercambio (11, 20) -> Peor solución (coste 13382) — no aceptada
Intercambio (2, 6) -> Peor solución (coste 13382) — no aceptada
Intercambio (7, 11) -> Peor solución (coste 13382) — no aceptada
Intercambio (7, 20) -> Peor solución (coste 13382) — no aceptada
Intercambio (11, 20) -> Peor solución (coste 13382) — no aceptada
Intercambio (2, 6) -> Peor solución (coste 13382) — no aceptada
Intercambio (7, 11) -> Peor solución (coste 13382) — no aceptada
Intercambio (4, 5) -> Peor solución (coste 13382) — no aceptada
Intercambio (7, 20) -> Peor solución (coste 13382) — no aceptada
Intercambio (2, 6) -> Peor solución (coste 13382) — no aceptada
Intercambio (7, 11) -> Peor solución (coste 13382) — no aceptada
Intercambio (11, 20) -> Peor solución (coste 13382) — no aceptada
Intercambio (7, 20) -> Peor solución (coste 13382) — no aceptada
Intercambio (2, 6) -> Peor solución (coste 13382) — no aceptada
Intercambio (7, 11) -> Peor solución (coste 13382) — no aceptada
Intercambio (11, 20) -> Peor solución (coste 13382) — no aceptada
Intercambio (7, 20) -> Peor solución (coste 13382) — no aceptada
Intercambio (2, 6) -> Peor solución (coste 13382) — no aceptada
Intercambio (7, 11) -> Peor solución (coste 13382) — no aceptada
Intercambio (11, 20) -> Peor solución (coste 13382) — no aceptada
Intercambio (7, 20) -> Peor solución (coste 13382) — no aceptada
Intercambio (2, 6) -> Peor solución (coste 13382) — no aceptada
Intercambio (7, 11) -> Peor solución (coste 13382) — no aceptada
Intercambio (11, 20) -> Peor solución (coste 13382) — no aceptada
Intercambio (7, 20) -> Peor solución (coste 13382) — no aceptada
Intercambio (2, 6) -> Peor solución (coste 13382) — no aceptada
Intercambio (7, 11) -> Peor solución (coste 13382) — no aceptada
Intercambio (11, 20) -> Peor solución (coste 13382) — no aceptada
Intercambio (7, 20) -> Peor solución (coste 13382) — no aceptada
Intercambio (2, 6) -> Peor solución (coste 13382) — no aceptada
Intercambio (7, 11) -> Peor solución (coste 13382) — no aceptada
Intercambio (11, 20) -> Peor solución (coste 13382) — no aceptada
Intercambio (7, 20) -> Peor solución (coste 13382) — no aceptada
Intercambio (2, 6) -> Peor solución (coste 13382) — no aceptada
Intercambio (7, 11) -> Peor solución (coste 13382) — no aceptada
Intercambio (11, 20) -> Peor solución (coste 13382) — no aceptada
Intercambio (7, 20) -> Peor solución (coste 13382) — no aceptada
Intercambio (2, 6) -> Peor solución (coste 13382) — no aceptada
Intercambio (7, 11) -> Peor solución (coste 13382) — no aceptada
Intercambio (11, 20) -> Peor solución (coste 13382) — no aceptada
Intercambio (7, 20) -> Peor solución (coste 13382) — no aceptada
Intercambio (2, 6) -> Peor solución (coste 13382) — no aceptada
Intercambio (7, 11) -> Peor solución (coste 13382) — no aceptada
Intercambio (11, 20) -> Peor solución (coste 13382) — no aceptada
Intercambio (7, 20) -> Peor solución (coste 13382) — no aceptada
Intercambio (2, 6) -> Peor solución (coste 13382) — no aceptada
Intercambio (7, 11) -> Peor solución (coste 13382) — no aceptada
Intercambio (11, 20) -> Peor solución (coste 13382) — no aceptada
Intercambio (7, 20) -> Peor solución (coste 13382) — no aceptada
Intercambio (2, 6) -> Peor solución (coste 13382) — no aceptada
Intercambio (7, 11) -> Peor solución (coste 13382) — no aceptada
Intercambio (11, 20) -> Peor solución (coste 13382) — no aceptada
Intercambio (7, 20) -> Peor solución (coste 13382) — no aceptada
Intercambio (2, 6) -> Peor solución (coste 13382) — no aceptada
Intercambio (7, 11) -> Peor solución (coste 13382) — no aceptada
Intercambio (11, 20) -> Peor solución (coste 13382) — no aceptada
Intercambio (7, 20) -> Peor solución (coste 13382) — no aceptada
Intercambio (2, 6) -> Peor solución (coste 13382) — no aceptada
Intercambio (4, 5) -> Peor solución (coste 13382) — no aceptada
Intercambio (7, 11) -> Peor solución (coste 13382) — no aceptada
Intercambio (7, 20) -> Peor solución (coste 13382) — no aceptada
Intercambio (2, 6) -> Peor solución (coste 13382) — no aceptada
Intercambio (11, 20) -> Peor solución (coste 13382) — no aceptada
Intercambio (7, 11) -> Peor solución (coste 13382) — no aceptada
Intercambio (7, 20) -> Peor solución (coste 13382) — no aceptada
Intercambio (2, 6) -> Peor solución (coste 13382) — no aceptada
Intercambio (11, 20) -> Peor solución (coste 13382) — no aceptada
Intercambio (7, 11) -> Peor solución (coste 13382) — no aceptada
Intercambio (7, 20) -> Peor solución (coste 13382) — no aceptada
Intercambio (2, 6) -> Peor solución (coste 13382) — no aceptada
Intercambio (11, 20) -> Peor solución (coste 13382) — no aceptada
Intercambio (7, 11) -> Peor solución (coste 13382) — no aceptada
Intercambio (7, 20) -> Peor solución (coste 13382) — no aceptada
Intercambio (2, 6) -> Peor solución (coste 13382) — no aceptada
Intercambio (11, 20) -> Peor solución (coste 13382) — no aceptada
Intercambio (7, 11) -> Peor solución (coste 13382) — no aceptada
Intercambio (7, 20) -> Peor solución (coste 13382) — no aceptada
Intercambio (2, 6) -> Peor solución (coste 13382) — no aceptada
Intercambio (11, 20) -> Peor solución (coste 13382) — no aceptada
Intercambio (7, 11) -> Peor solución (coste 13382) — no aceptada
Intercambio (7, 20) -> Peor solución (coste 13382) — no aceptada
Intercambio (2, 6) -> Peor solución (coste 13382) — no aceptada
Intercambio (11, 20) -> Peor solución (coste 13382) — no aceptada
Intercambio (7, 11) -> Peor solución (coste 13382) — no aceptada
Intercambio (7, 20) -> Peor solución (coste 13382) — no aceptada
Intercambio (2, 6) -> Peor solución (coste 13382) — no aceptada
Intercambio (11, 20) -> Peor solución (coste 13382) — no aceptada
Intercambio (7, 11) -> Peor solución (coste 13382) — no aceptada
Intercambio (7, 20) -> Peor solución (coste 13382) — no aceptada
Intercambio (2, 6) -> Peor solución (coste 13382) — no aceptada
Intercambio (11, 20) -> Peor solución (coste 13382) — no aceptada
Intercambio (7, 11) -> Peor solución (coste 13382) — no aceptada
Intercambio (7, 20) -> Peor solución (coste 13382) — no aceptada
Intercambio (2, 6) -> Peor solución (coste 13382) — no aceptada
Intercambio (11, 20) -> Peor solución (coste 13382) — no aceptada
Intercambio (7, 11) -> Peor solución (coste 13382) — no aceptada
Intercambio (7, 20) -> Peor solución (coste 13382) — no aceptada
Intercambio (2, 6) -> Peor solución (coste 13382) — no aceptada
Intercambio (11, 20) -> Peor solución (coste 13382) — no aceptada
Intercambio (7, 11) -> Peor solución (coste 13382) — no aceptada
Intercambio (7, 20) -> Peor solución (coste 13382) — no aceptada
Intercambio (2, 6) -> Peor solución (coste 13382) — no aceptada
Intercambio (11, 20) -> Peor solución (coste 13382) — no aceptada
Intercambio (7, 11) -> Peor solución (coste 13382) — no aceptada
Intercambio (7, 20) -> Peor solución (coste 13382) — no aceptada
Intercambio (2, 6) -> Peor solución (coste 13382) — no aceptada
Intercambio (11, 20) -> Peor solución (coste 13382) — no aceptada
Intercambio (7, 11) -> Peor solución (coste 13382) — no aceptada
Intercambio (7, 20) -> Peor solución (coste 13382) — no aceptada
Intercambio (2, 6) -> Peor solución (coste 13382) — no aceptada
Intercambio (11, 20) -> Peor solución (coste 13382) — no aceptada
Intercambio (7, 11) -> Peor solución (coste 13382) — no aceptada
Intercambio (7, 20) -> Peor solución (coste 13382) — no aceptada
Intercambio (2, 6) -> Peor solución (coste 13382) — no aceptada
Intercambio (11, 20) -> Peor solución (coste 13382) — no aceptada
Intercambio (7, 11) -> Peor solución (coste 13382) — no aceptada
Intercambio (7, 20) -> Peor solución (coste 13382) — no aceptada
Intercambio (2, 6) -> Peor solución (coste 13382) — no aceptada
Intercambio (11, 20) -> Peor solución (coste 13382) — no aceptada
Intercambio (7, 11) -> Peor solución (coste 13382) — no aceptada
Intercambio (7, 20) -> Peor solución (coste 13382) — no aceptada
Intercambio (2, 6) -> Peor solución (coste 13382) — no aceptada
Intercambio (11, 20) -> Peor solución (coste 13382) — no aceptada
Intercambio (7, 11) -> Peor solución (coste 13382) — no aceptada
Intercambio (7, 20) -> Peor solución (coste 13382) — no aceptada
Intercambio (2, 6) -> Peor solución (coste 13382) — no aceptada
Intercambio (11, 20) -> Peor solución (coste 13382) — no aceptada
Intercambio (7, 11) -> Peor solución (coste 13382) — no aceptada
Intercambio (7, 20) -> Peor solución (coste 13382) — no aceptada
Intercambio (2, 6) -> Peor solución (coste 13382) — no aceptada
Intercambio (11, 20) -> Peor solución (coste 13382) — no aceptada
Intercambio (7, 11) -> Peor solución (coste 13382) — no aceptada
Intercambio (7, 20) -> Peor solución (coste 13382) — no aceptada
Intercambio (2, 6) -> Peor solución (coste 13382) — no aceptada
Intercambio (11, 20) -> Peor solución (coste 13382) — no aceptada
Intercambio (7, 11) -> Peor solución (coste 13382) — no aceptada
Intercambio (7, 20) -> Peor solución (coste 13382) — no aceptada
Intercambio (2, 6) -> Peor solución (coste 13382) — no aceptada
Intercambio (11, 20) -> Peor solución (coste 13382) — no aceptada
Intercambio (7, 11) -> Peor solución (coste 13382) — no aceptada
Intercambio (7, 20) -> Peor solución (coste 13382) — no aceptada
Intercambio (2, 6) -> Peor solución (coste 13382) — no aceptada
Intercambio (11, 20) -> Peor solución (coste 13382) — no aceptada
Intercambio (7, 11) -> Peor solución (coste 13382) — no aceptada
Intercambio (7, 20) -> Peor solución (coste 13382) — no aceptada
Intercambio (2, 6) -> Peor solución (coste 13382) — no aceptada
Intercambio (11, 20) -> Peor solución (coste 13382) — no aceptada
Intercambio (7, 11) -> Peor solución (coste 13382) — no aceptada
Intercambio (7, 20) -> Peor solución (coste 13382) — no aceptada
Intercambio (2, 6) -> Peor solución (coste 13382) — no aceptada
Intercambio (11, 20) -> Peor solución (coste 13382) — no aceptada
Intercambio (7, 11) -> Peor solución (coste 13382) — no aceptada
Intercambio (7, 20) -> Peor solución (coste 13382) — no aceptada
Intercambio (2, 6) -> Peor solución (coste 13382) — no aceptada
Intercambio (11, 20) -> Peor solución (coste 13382) — no aceptada
Intercambio (7, 11) -> Peor solución (coste 13382) — no aceptada
Intercambio (7, 20) -> Peor solución (coste 13382) — no aceptada
Intercambio (2, 6) -> Peor solución (coste 13382) — no aceptada
Intercambio (11, 20) -> Peor solución (coste 13382) — no aceptada
Intercambio (7, 11) -> Peor solución (coste 13382) — no aceptada
Intercambio (7, 20) -> Peor solución (coste 13382) — no aceptada
Intercambio (2, 6) -> Peor solución (coste 13382) — no aceptada
Intercambio (11, 20) -> Peor solución (coste 13382) — no aceptada
Intercambio (7, 11) -> Peor solución (coste 13382) — no aceptada
Intercambio (7, 20) -> Peor solución (coste 13382) — no aceptada
Intercambio (2, 6) -> Peor solución (coste 13382) — no aceptada
Intercambio (11, 20) -> Peor solución (coste 13382) — no aceptada
Intercambio (7, 11) -> Peor solución (coste 13382) — no aceptada
Intercambio (7, 20) -> Peor solución (coste 13382) — no aceptada
Intercambio (2, 6) -> Peor solución (coste 13382) — no aceptada
Intercambio (11, 20) -> Peor solución (coste 13382) — no aceptada
Intercambio (7, 11) -> Peor solución (coste 13382) — no aceptada
Intercambio (7, 20) -> Peor solución (coste 13382) — no aceptada
Intercambio (2, 6) -> Peor solución (coste 13382) — no aceptada
Intercambio (11, 20) -> Peor solución (coste 13382) — no aceptada
Intercambio (7, 11) -> Peor solución (coste 13382) — no aceptada
Intercambio (7, 20) -> Peor solución (coste 13382) — no aceptada
Intercambio (2, 6) -> Peor solución (coste 13382) — no aceptada
Intercambio (11, 20) -> Peor solución (coste 13382) — no aceptada
Intercambio (7, 11) -> Peor solución (coste 13382) — no aceptada
Intercambio (7, 20) -> Peor solución (coste 13382) — no aceptada
Intercambio (2, 6) -> Peor solución (coste 13382) — no aceptada
Intercambio (11, 20) -> Peor solución (coste 13382) — no aceptada
Intercambio (7, 11) -> Peor solución (coste 13382) — no aceptada
Intercambio (7, 20) -> Peor solución (coste 13382) — no aceptada
Intercambio (2, 6) -> Peor solución (coste 13382) — no aceptada
Intercambio (11, 20) -> Peor solución (coste 13382) — no aceptada
Intercambio (7, 11) -> Peor solución (coste 13382) — no aceptada
Intercambio (7, 20) -> Peor solución (coste 13382) — no aceptada
Intercambio (2, 6) -> Peor solución (coste 13382) — no aceptada
Intercambio (11, 20) -> Peor solución (coste 13382) — no aceptada
Intercambio (7, 11) -> Peor solución (coste 13382) — no aceptada
Intercambio (7, 20) -> Peor solución (coste 13382) — no aceptada
Intercambio (2, 6) -> Peor solución (coste 13382) — no aceptada
Intercambio (11, 20) -> Peor solución (coste 13382) — no aceptada
Intercambio (7, 11) -> Peor solución (coste 13382) — no aceptada
Intercambio (7, 20) -> Peor solución (coste 13382) — no aceptada
Intercambio (2, 6) -> Peor solución (coste 13382) — no aceptada
Intercambio (11, 20) -> Peor solución (coste 13382) — no aceptada
Intercambio (7, 11) -> Peor solución (coste 13382) — no aceptada
Intercambio (7, 20) -> Peor solución (coste 13382) — no aceptada
Intercambio (2, 6) -> Peor solución (coste 13382) — no aceptada
Intercambio (11, 20) -> Peor solución (coste 13382) — no aceptada
Intercambio (7, 11) -> Peor solución (coste 13382) — no aceptada
Intercambio (7, 20) -> Peor solución (coste 13382) — no aceptada
Intercambio (2, 6) -> Peor solución (coste 13382) — no aceptada
Intercambio (11, 20) -> Peor solución (coste 13382) — no aceptada
Intercambio (7, 11) -> Peor solución (coste 13382) — no aceptada
Intercambio (7, 20) -> Peor solución (coste 13382) — no aceptada
Intercambio (2, 6) -> Peor solución (coste 13382) — no aceptada
Intercambio (11, 20) -> Peor solución (coste 13382) — no aceptada
Intercambio (7, 11) -> Peor solución (coste 13382) — no aceptada
Intercambio (7, 20) -> Peor solución (coste 13382) — no aceptada
Intercambio (2, 6) -> Peor solución (coste 13382) — no aceptada
Intercambio (11, 20) -> Peor solución (coste 13382) — no aceptada
Intercambio (7, 11) -> Peor solución (coste 13382) — no aceptada
Intercambio (7, 20) -> Peor solución (coste 13382) — no aceptada
Intercambio (2, 6) -> Peor solución (coste 13382) — no aceptada
Intercambio (11, 20) -> Peor solución (coste 13382) — no aceptada
Intercambio (7, 11) -> Peor solución (coste 13382) — no aceptada
Intercambio (7, 20) -> Peor solución (coste 13382) — no aceptada
Intercambio (2, 6) -> Peor solución (coste 13382) — no aceptada
Intercambio (11, 20) -> Peor solución (coste 13382) — no aceptada
Intercambio (7, 11) -> Peor solución (coste 13382) — no aceptada
Intercambio (7, 20) -> Peor solución (coste 13382) — no aceptada
Intercambio (2, 6) -> Peor solución (coste 13382) — no aceptada
Intercambio (11, 20) -> Peor solución (coste 13382) — no aceptada
Intercambio (7, 11) -> Peor solución (coste 13382) — no aceptada
Intercambio (7, 20) -> Peor solución (coste 13382) — no aceptada
Intercambio (2, 6) -> Peor solución (coste 13382) — no aceptada
Intercambio (11, 20) -> Peor solución (coste 13382) — no aceptada
Intercambio (7, 11) -> Peor solución (coste 13382) — no aceptada
Intercambio (7, 20) -> Peor solución (coste 13382) — no aceptada
Intercambio (2, 6) -> Peor solución (coste 13382) — no aceptada
Intercambio (11, 20) -> Peor solución (coste 13382) — no aceptada
Intercambio (7, 11) -> Peor solución (coste 13382) — no aceptada
Intercambio (7, 20) -> Peor solución (coste 13382) — no aceptada
Intercambio (2, 6) -> Peor solución (coste 13382) — no aceptada
Intercambio (11, 20) -> Peor solución (coste 13382) — no aceptada
Intercambio (7, 11) -> Peor solución (coste 13382) — no aceptada
Intercambio (7, 20) -> Peor solución (coste 13382) — no aceptada
Intercambio (2, 6) -> Peor solución (coste 13382) — no aceptada
Intercambio (11, 20) -> Peor solución (coste 13382) — no aceptada
Intercambio (7, 11) -> Peor solución (coste 13382) — no aceptada
Intercambio (7, 20) -> Peor solución (coste 13382) — no aceptada
Intercambio (2, 6) -> Peor solución (coste 13382) — no aceptada
Intercambio (11, 20) -> Peor solución (coste 13382) — no aceptada
Intercambio (7, 11) -> Peor solución (coste 13382) — no aceptada
Intercambio (7, 20) -> Peor solución (coste 13382) — no aceptada
Intercambio (2, 6) -> Peor solución (coste 13382) — no aceptada
Intercambio (11, 20) -> Peor solución (coste 13382) — no aceptada
Intercambio (7, 11) -> Peor solución (coste 13382) — no aceptada
Intercambio (7, 20) -> Peor solución (coste 13382) — no aceptada
Intercambio (2, 6) -> Peor solución (coste 13382) — no aceptada
Intercambio (11, 20) -> Peor solución (coste 13382) — no aceptada
Intercambio (7, 11) -> Peor solución (coste 13382) — no aceptada
Intercambio (7, 20) -> Peor solución (coste 13382) — no aceptada
Intercambio (2, 6) -> Peor solución (coste 13382) — no aceptada
Intercambio (11, 20) -> Peor solución (coste 13382) — no aceptada
Intercambio (7, 11) -> Peor solución (coste 13382) — no aceptada
Intercambio (7, 20) -> Peor solución (coste 13382) — no aceptada
Intercambio (2, 6) -> Peor solución (coste 13382) — no aceptada
Intercambio (4, 5) -> Peor solución (coste 13382) — no aceptada
Intercambio (7, 11) -> Peor solución (coste 13382) — no aceptada
Intercambio (7, 20) -> Peor solución (coste 13382) — no aceptada
Intercambio (2, 6) -> Peor solución (coste 13382) — no aceptada
Intercambio (11, 20) -> Peor solución (coste 13382) — no aceptada
Intercambio (7, 11) -> Peor solución (coste 13382) — no aceptada
Intercambio (7, 20) -> Peor solución (coste 13382) — no aceptada
Intercambio (2, 6) -> Peor solución (coste 13382) — no aceptada
Intercambio (11, 20) -> Peor solución (coste 13382) — no aceptada
Intercambio (7, 11) -> Peor solución (coste 13382) — no aceptada
Intercambio (7, 20) -> Peor solución (coste 13382) — no aceptada
Intercambio (2, 6) -> Peor solución (coste 13382) — no aceptada
Intercambio (11, 20) -> Peor solución (coste 13382) — no aceptada
Intercambio (7, 11) -> Peor solución (coste 13382) — no aceptada
Intercambio (7, 20) -> Peor solución (coste 13382) — no aceptada
Intercambio (2, 6) -> Peor solución (coste 13382) — no aceptada
Intercambio (11, 20) -> Peor solución (coste 13382) — no aceptada
Intercambio (7, 11) -> Peor solución (coste 13382) — no aceptada
Intercambio (7, 20) -> Peor solución (coste 13382) — no aceptada
Intercambio (2, 6) -> Peor solución (coste 13382) — no aceptada
Intercambio (11, 20) -> Peor solución (coste 13382) — no aceptada
Intercambio (7, 11) -> Peor solución (coste 13382) — no aceptada
Intercambio (7, 20) -> Peor solución (coste 13382) — no aceptada
Intercambio (2, 6) -> Peor solución (coste 13382) — no aceptada
Intercambio (11, 20) -> Peor solución (coste 13382) — no aceptada
Intercambio (7, 11) -> Peor solución (coste 13382) — no aceptada
Intercambio (7, 20) -> Peor solución (coste 13382) — no aceptada
Intercambio (2, 6) -> Peor solución (coste 13382) — no aceptada
Intercambio (11, 20) -> Peor solución (coste 13382) — no aceptada
Intercambio (7, 11) -> Peor solución (coste 13382) — no aceptada
Intercambio (7, 20) -> Peor solución (coste 13382) — no aceptada
Intercambio (2, 6) -> Peor solución (coste 13382) — no aceptada
Intercambio (11, 20) -> Peor solución (coste 13382) — no aceptada
Intercambio (7, 11) -> Peor solución (coste 13382) — no aceptada
Intercambio (7, 20) -> Peor solución (coste 13382) — no aceptada
Intercambio (2, 6) -> Peor solución (coste 13382) — no aceptada
Intercambio (11, 20) -> Peor solución (coste 13382) — no aceptada
Intercambio (7, 11) -> Peor solución (coste 13382) — no aceptada
Intercambio (7, 20) -> Peor solución (coste 13382) — no aceptada
Intercambio (2, 6) -> Peor solución (coste 13382) — no aceptada
Intercambio (11, 20) -> Peor solución (coste 13382) — no aceptada
Intercambio (7, 11) -> Peor solución (coste 13382) — no aceptada
Intercambio (7, 20) -> Peor solución (coste 13382) — no aceptada
Intercambio (2, 6) -> Peor solución (coste 13382) — no aceptada
Intercambio (11, 20) -> Peor solución (coste 13382) — no aceptada
Intercambio (7, 11) -> Peor solución (coste 13382) — no aceptada
Intercambio (7, 20) -> Peor solución (coste 13382) — no aceptada
Intercambio (2, 6) -> Peor solución (coste 13382) — no aceptada
Intercambio (11, 20) -> Peor solución (coste 13382) — no aceptada
Intercambio (7, 11) -> Peor solución (coste 13382) — no aceptada
Intercambio (7, 20) -> Peor solución (coste 13382) — no aceptada
Intercambio (2, 6) -> Peor solución (coste 13382) — no aceptada
Intercambio (11, 20) -> Peor solución (coste 13382) — no aceptada
Intercambio (7, 11) -> Peor solución (coste 13382) — no aceptada
Intercambio (7, 20) -> Peor solución (coste 13382) — no aceptada
Intercambio (2, 6) -> Peor solución (coste 13382) — no aceptada
Intercambio (11, 20) -> Peor solución (coste 13382) — no aceptada
Intercambio (7, 11) -> Peor solución (coste 13382) — no aceptada
Intercambio (7, 20) -> Peor solución (coste 13382) — no aceptada
Intercambio (2, 6) -> Peor solución (coste 13382) — no aceptada
Intercambio (11, 20) -> Peor solución (coste 13382) — no aceptada
Intercambio (7, 11) -> Peor solución (coste 13382) — no aceptada
Intercambio (7, 20) -> Peor solución (coste 13382) — no aceptada
Intercambio (2, 6) -> Peor solución (coste 13382) — no aceptada
Intercambio (11, 20) -> Peor solución (coste 13382) — no aceptada
Intercambio (7, 11) -> Peor solución (coste 13382) — no aceptada
Intercambio (7, 20) -> Peor solución (coste 13382) — no aceptada
Intercambio (2, 6) -> Peor solución (coste 13382) — no aceptada
Intercambio (11, 20) -> Peor solución (coste 13382) — no aceptada
Intercambio (7, 11) -> Peor solución (coste 13382) — no aceptada
Intercambio (7, 20) -> Peor solución (coste 13382) — no aceptada
Intercambio (2, 6) -> Peor solución (coste 13382) — no aceptada
Intercambio (11, 20) -> Peor solución (coste 13382) — no aceptada
Intercambio (7, 11) -> Peor solución (coste 13382) — no aceptada
Intercambio (7, 20) -> Peor solución (coste 13382) — no aceptada
Intercambio (2, 6) -> Peor solución (coste 13382) — no aceptada
Intercambio (11, 20) -> Peor solución (coste 13382) — no aceptada
Intercambio (7, 11) -> Peor solución (coste 13382) — no aceptada
Intercambio (7, 20) -> Peor solución (coste 13382) — no aceptada
Intercambio (2, 6) -> Peor solución (coste 13382) — no aceptada
Intercambio (11, 20) -> Peor solución (coste 13382) — no aceptada
Intercambio (7, 11) -> Peor solución (coste 13382) — no aceptada
Intercambio (7, 20) -> Peor solución (coste 13382) — no aceptada
Intercambio (2, 6) -> Peor solución (coste 13382) — no aceptada
Intercambio (11, 20) -> Peor solución (coste 13382) — no aceptada
Intercambio (7, 11) -> Peor solución (coste 13382) — no aceptada
Intercambio (7, 20) -> Peor solución (coste 13382) — no aceptada
Intercambio (2, 6) -> Peor solución (coste 13382) — no aceptada
Intercambio (11, 20) -> Peor solución (coste 13382) — no aceptada
Intercambio (7, 11) -> Peor solución (coste 13382) — no aceptada
Intercambio (7, 20) -> Peor solución (coste 13382) — no aceptada
Intercambio (2, 6) -> Peor solución (coste 13382) — no aceptada
Intercambio (11, 20) -> Peor solución (coste 13382) — no aceptada
Intercambio (7, 11) -> Peor solución (coste 13382) — no aceptada
Intercambio (7, 20) -> Peor solución (coste 13382) — no aceptada
Intercambio (2, 6) -> Peor solución (coste 13382) — no aceptada
Intercambio (11, 20) -> Peor solución (coste 13382) — no aceptada
Intercambio (7, 11) -> Peor solución (coste 13382) — no aceptada
Intercambio (7, 20) -> Peor solución (coste 13382) — no aceptada
Intercambio (2, 6) -> Peor solución (coste 13382) — no aceptada
Intercambio (11, 20) -> Peor solución (coste 13382) — no aceptada
Intercambio (7, 11) -> Peor solución (coste 13382) — no aceptada
Intercambio (4, 5) -> Peor solución (coste 13382) — no aceptada
Intercambio (2, 6) -> Peor solución (coste 13382) — no aceptada
Intercambio (7, 20) -> Peor solución (coste 13382) — no aceptada
Intercambio (7, 11) -> Peor solución (coste 13382) — no aceptada
Intercambio (11, 20) -> Peor solución (coste 13382) — no aceptada
Intercambio (2, 6) -> Peor solución (coste 13382) — no aceptada
Intercambio (7, 20) -> Peor solución (coste 13382) — no aceptada
Intercambio (7, 11) -> Peor solución (coste 13382) — no aceptada
Intercambio (11, 20) -> Peor solución (coste 13382) — no aceptada
Intercambio (2, 6) -> Peor solución (coste 13382) — no aceptada
Intercambio (7, 20) -> Peor solución (coste 13382) — no aceptada
Intercambio (7, 11) -> Peor solución (coste 13382) — no aceptada
Intercambio (11, 20) -> Peor solución (coste 13382) — no aceptada
Intercambio (2, 6) -> Peor solución (coste 13382) — no aceptada
Intercambio (7, 20) -> Peor solución (coste 13382) — no aceptada
Intercambio (7, 11) -> Peor solución (coste 13382) — no aceptada
Intercambio (11, 20) -> Peor solución (coste 13382) — no aceptada
Intercambio (2, 6) -> Peor solución (coste 13382) — no aceptada
Intercambio (7, 20) -> Peor solución (coste 13382) — no aceptada
Intercambio (7, 11) -> Peor solución (coste 13382) — no aceptada
Intercambio (11, 20) -> Peor solución (coste 13382) — no aceptada
Intercambio (2, 6) -> Peor solución (coste 13382) — no aceptada
Intercambio (7, 20) -> Peor solución (coste 13382) — no aceptada
Intercambio (7, 11) -> Peor solución (coste 13382) — no aceptada
Intercambio (11, 20) -> Peor solución (coste 13382) — no aceptada
Intercambio (2, 6) -> Peor solución (coste 13382) — no aceptada
Intercambio (7, 20) -> Peor solución (coste 13382) — no aceptada
Intercambio (7, 11) -> Peor solución (coste 13382) — no aceptada
Intercambio (11, 20) -> Peor solución (coste 13382) — no aceptada
Intercambio (2, 6) -> Peor solución (coste 13382) — no aceptada
Intercambio (7, 20) -> Peor solución (coste 13382) — no aceptada
Intercambio (7, 11) -> Peor solución (coste 13382) — no aceptada
Intercambio (11, 20) -> Peor solución (coste 13382) — no aceptada
Intercambio (2, 6) -> Peor solución (coste 13382) — no aceptada
Intercambio (7, 20) -> Peor solución (coste 13382) — no aceptada
Intercambio (7, 11) -> Peor solución (coste 13382) — no aceptada
Intercambio (11, 20) -> Peor solución (coste 13382) — no aceptada
Intercambio (2, 6) -> Peor solución (coste 13382) — no aceptada
Intercambio (7, 20) -> Peor solución (coste 13382) — no aceptada
Intercambio (7, 11) -> Peor solución (coste 13382) — no aceptada
Intercambio (11, 20) -> Peor solución (coste 13382) — no aceptada
Intercambio (2, 6) -> Peor solución (coste 13382) — no aceptada
Intercambio (7, 20) -> Peor solución (coste 13382) — no aceptada
Intercambio (7, 11) -> Peor solución (coste 13382) — no aceptada
Intercambio (11, 20) -> Peor solución (coste 13382) — no aceptada
Intercambio (2, 6) -> Peor solución (coste 13382) — no aceptada
Intercambio (7, 20) -> Peor solución (coste 13382) — no aceptada
Intercambio (7, 11) -> Peor solución (coste 13382) — no aceptada
Intercambio (11, 20) -> Peor solución (coste 13382) — no aceptada
Intercambio (2, 6) -> Peor solución (coste 13382) — no aceptada
Intercambio (7, 20) -> Peor solución (coste 13382) — no aceptada
Intercambio (4, 5) -> Peor solución (coste 13382) — no aceptada
Intercambio (7, 11) -> Peor solución (coste 13382) — no aceptada
Intercambio (2, 6) -> Peor solución (coste 13382) — no aceptada
Intercambio (7, 20) -> Peor solución (coste 13382) — no aceptada
Intercambio (11, 20) -> Peor solución (coste 13382) — no aceptada
Intercambio (7, 11) -> Peor solución (coste 13382) — no aceptada
Intercambio (2, 6) -> Peor solución (coste 13382) — no aceptada
Intercambio (7, 20) -> Peor solución (coste 13382) — no aceptada
Intercambio (11, 20) -> Peor solución (coste 13382) — no aceptada
Intercambio (7, 11) -> Peor solución (coste 13382) — no aceptada
Intercambio (2, 6) -> Peor solución (coste 13382) — no aceptada
Intercambio (7, 20) -> Peor solución (coste 13382) — no aceptada
Intercambio (11, 20) -> Peor solución (coste 13382) — no aceptada
Intercambio (7, 11) -> Peor solución (coste 13382) — no aceptada
Intercambio (2, 6) -> Peor solución (coste 13382) — no aceptada
Intercambio (7, 20) -> Peor solución (coste 13382) — no aceptada
Intercambio (11, 20) -> Peor solución (coste 13382) — no aceptada
Intercambio (7, 11) -> Peor solución (coste 13382) — no aceptada
Intercambio (2, 6) -> Peor solución (coste 13382) — no aceptada
Intercambio (7, 20) -> Peor solución (coste 13382) — no aceptada
Intercambio (11, 20) -> Peor solución (coste 13382) — no aceptada
Intercambio (7, 11) -> Peor solución (coste 13382) — no aceptada
Intercambio (2, 6) -> Peor solución (coste 13382) — no aceptada
Intercambio (7, 20) -> Peor solución (coste 13382) — no aceptada
Intercambio (11, 20) -> Peor solución (coste 13382) — no aceptada
Intercambio (7, 11) -> Peor solución (coste 13382) — no aceptada
Intercambio (2, 6) -> Peor solución (coste 13382) — no aceptada
Intercambio (7, 20) -> Peor solución (coste 13382) — no aceptada
Intercambio (11, 20) -> Peor solución (coste 13382) — no aceptada
Intercambio (7, 11) -> Peor solución (coste 13382) — no aceptada
Intercambio (2, 6) -> Peor solución (coste 13382) — no aceptada
Intercambio (7, 20) -> Peor solución (coste 13382) — no aceptada
Intercambio (11, 20) -> Peor solución (coste 13382) — no aceptada
Intercambio (7, 11) -> Peor solución (coste 13382) — no aceptada
Intercambio (2, 6) -> Peor solución (coste 13382) — no aceptada
Intercambio (7, 20) -> Peor solución (coste 13382) — no aceptada
Intercambio (11, 20) -> Peor solución (coste 13382) — no aceptada
Intercambio (7, 11) -> Peor solución (coste 13382) — no aceptada
Intercambio (2, 6) -> Peor solución (coste 13382) — no aceptada
Intercambio (7, 20) -> Peor solución (coste 13382) — no aceptada
Intercambio (11, 20) -> Peor solución (coste 13382) — no aceptada
Intercambio (7, 11) -> Peor solución (coste 13382) — no aceptada
Intercambio (2, 6) -> Peor solución (coste 13382) — no aceptada
Intercambio (7, 20) -> Peor solución (coste 13382) — no aceptada
Intercambio (11, 20) -> Peor solución (coste 13382) — no aceptada
Intercambio (7, 11) -> Peor solución (coste 13382) — no aceptada
Intercambio (2, 6) -> Peor solución (coste 13382) — no aceptada
Intercambio (7, 20) -> Peor solución (coste 13382) — no aceptada
Intercambio (11, 20) -> Peor solución (coste 13382) — no aceptada
Intercambio (7, 11) -> Peor solución (coste 13382) — no aceptada
Intercambio (2, 6) -> Peor solución (coste 13382) — no aceptada
Intercambio (4, 5) -> Peor solución (coste 13382) — no aceptada
Intercambio (7, 20) -> Peor solución (coste 13382) — no aceptada
Intercambio (7, 11) -> Peor solución (coste 13382) — no aceptada
Intercambio (2, 6) -> Peor solución (coste 13382) — no aceptada
Intercambio (11, 20) -> Peor solución (coste 13382) — no aceptada
Intercambio (7, 20) -> Peor solución (coste 13382) — no aceptada
Intercambio (7, 11) -> Peor solución (coste 13382) — no aceptada
Intercambio (2, 6) -> Peor solución (coste 13382) — no aceptada
Intercambio (11, 20) -> Peor solución (coste 13382) — no aceptada
Intercambio (7, 20) -> Peor solución (coste 13382) — no aceptada
Intercambio (7, 11) -> Peor solución (coste 13382) — no aceptada
Intercambio (2, 6) -> Peor solución (coste 13382) — no aceptada
Intercambio (11, 20) -> Peor solución (coste 13382) — no aceptada
Intercambio (7, 20) -> Peor solución (coste 13382) — no aceptada
Intercambio (7, 11) -> Peor solución (coste 13382) — no aceptada
Intercambio (2, 6) -> Peor solución (coste 13382) — no aceptada
Intercambio (11, 20) -> Peor solución (coste 13382) — no aceptada
Intercambio (7, 20) -> Peor solución (coste 13382) — no aceptada
Intercambio (7, 11) -> Peor solución (coste 13382) — no aceptada
Intercambio (2, 6) -> Peor solución (coste 13382) — no aceptada
Intercambio (11, 20) -> Peor solución (coste 13382) — no aceptada
Intercambio (7, 20) -> Peor solución (coste 13382) — no aceptada
Intercambio (7, 11) -> Peor solución (coste 13382) — no aceptada
Intercambio (2, 6) -> Peor solución (coste 13382) — no aceptada
Intercambio (11, 20) -> Peor solución (coste 13382) — no aceptada
Intercambio (7, 20) -> Peor solución (coste 13382) — no aceptada
Intercambio (7, 11) -> Peor solución (coste 13382) — no aceptada
Intercambio (2, 6) -> Peor solución (coste 13382) — no aceptada
Intercambio (11, 20) -> Peor solución (coste 13382) — no aceptada
Intercambio (7, 20) -> Peor solución (coste 13382) — no aceptada
Intercambio (7, 11) -> Peor solución (coste 13382) — no aceptada
Intercambio (2, 6) -> Peor solución (coste 13382) — no aceptada
Intercambio (11, 20) -> Peor solución (coste 13382) — no aceptada
Intercambio (7, 20) -> Peor solución (coste 13382) — no aceptada
Intercambio (7, 11) -> Peor solución (coste 13382) — no aceptada
Intercambio (2, 6) -> Peor solución (coste 13382) — no aceptada
Intercambio (11, 20) -> Peor solución (coste 13382) — no aceptada
Intercambio (7, 20) -> Peor solución (coste 13382) — no aceptada
Intercambio (7, 11) -> Peor solución (coste 13382) — no aceptada
Intercambio (2, 6) -> Peor solución (coste 13382) — no aceptada
Intercambio (11, 20) -> Peor solución (coste 13382) — no aceptada
Intercambio (7, 20) -> Peor solución (coste 13382) — no aceptada
Intercambio (7, 11) -> Peor solución (coste 13382) — no aceptada
Intercambio (2, 6) -> Peor solución (coste 13382) — no aceptada
Intercambio (11, 20) -> Peor solución (coste 13382) — no aceptada
Intercambio (7, 20) -> Peor solución (coste 13382) — no aceptada
Intercambio (7, 11) -> Peor solución (coste 13382) — no aceptada
Intercambio (2, 6) -> Peor solución (coste 13382) — no aceptada
Intercambio (11, 20) -> Peor solución (coste 13382) — no aceptada
Intercambio (7, 20) -> Peor solución (coste 13382) — no aceptada
Intercambio (7, 11) -> Peor solución (coste 13382) — no aceptada
Intercambio (4, 5) -> Peor solución (coste 13382) — no aceptada
Intercambio (2, 6) -> Peor solución (coste 13382) — no aceptada
Intercambio (7, 20) -> Peor solución (coste 13382) — no aceptada
Intercambio (7, 11) -> Peor solución (coste 13382) — no aceptada
Intercambio (11, 20) -> Peor solución (coste 13382) — no aceptada
Intercambio (2, 6) -> Peor solución (coste 13382) — no aceptada
Intercambio (7, 20) -> Peor solución (coste 13382) — no aceptada
Intercambio (7, 11) -> Peor solución (coste 13382) — no aceptada
Intercambio (11, 20) -> Peor solución (coste 13382) — no aceptada
Intercambio (2, 6) -> Peor solución (coste 13382) — no aceptada
Intercambio (7, 20) -> Peor solución (coste 13382) — no aceptada
Intercambio (7, 11) -> Peor solución (coste 13382) — no aceptada
Intercambio (11, 20) -> Peor solución (coste 13382) — no aceptada
Intercambio (2, 6) -> Peor solución (coste 13382) — no aceptada
Intercambio (7, 20) -> Peor solución (coste 13382) — no aceptada
Intercambio (7, 11) -> Peor solución (coste 13382) — no aceptada
Intercambio (11, 20) -> Peor solución (coste 13382) — no aceptada
Intercambio (2, 6) -> Peor solución (coste 13382) — no aceptada
Intercambio (7, 20) -> Peor solución (coste 13382) — no aceptada
Intercambio (7, 11) -> Peor solución (coste 13382) — no aceptada
Intercambio (11, 20) -> Peor solución (coste 13382) — no aceptada
Intercambio (2, 6) -> Peor solución (coste 13382) — no aceptada
Intercambio (7, 20) -> Peor solución (coste 13382) — no aceptada
Intercambio (7, 11) -> Peor solución (coste 13382) — no aceptada
Intercambio (11, 20) -> Peor solución (coste 13382) — no aceptada
Intercambio (2, 6) -> Peor solución (coste 13382) — no aceptada
Intercambio (7, 20) -> Peor solución (coste 13382) — no aceptada
Intercambio (7, 11) -> Peor solución (coste 13382) — no aceptada
Intercambio (11, 20) -> Peor solución (coste 13382) — no aceptada
Intercambio (2, 6) -> Peor solución (coste 13382) — no aceptada
Intercambio (7, 20) -> Peor solución (coste 13382) — no aceptada
Intercambio (7, 11) -> Peor solución (coste 13382) — no aceptada
Intercambio (11, 20) -> Peor solución (coste 13382) — no aceptada
Intercambio (2, 6) -> Peor solución (coste 13382) — no aceptada
Intercambio (7, 20) -> Peor solución (coste 13382) — no aceptada
Intercambio (7, 11) -> Peor solución (coste 13382) — no aceptada
Intercambio (11, 20) -> Peor solución (coste 13382) — no aceptada
Intercambio (2, 6) -> Peor solución (coste 13382) — no aceptada
Intercambio (7, 20) -> Peor solución (coste 13382) — no aceptada
Intercambio (7, 11) -> Peor solución (coste 13382) — no aceptada
Intercambio (11, 20) -> Peor solución (coste 13382) — no aceptada
Intercambio (2, 6) -> Peor solución (coste 13382) — no aceptada
Intercambio (7, 20) -> Peor solución (coste 13382) — no aceptada
Intercambio (7, 11) -> Peor solución (coste 13382) — no aceptada
Intercambio (11, 20) -> Peor solución (coste 13382) — no aceptada
Intercambio (2, 6) -> Peor solución (coste 13382) — no aceptada
Intercambio (7, 20) -> Peor solución (coste 13382) — no aceptada
Intercambio (7, 11) -> Peor solución (coste 13382) — no aceptada
Intercambio (11, 20) -> Peor solución (coste 13382) — no aceptada
Intercambio (2, 6) -> Peor solución (coste 13382) — no aceptada
Intercambio (7, 20) -> Peor solución (coste 13382) — no aceptada
Intercambio (7, 11) -> Peor solución (coste 13382) — no aceptada
Intercambio (11, 20) -> Peor solución (coste 13382) — no aceptada
Intercambio (2, 6) -> Peor solución (coste 13382) — no aceptada
Intercambio (7, 20) -> Peor solución (coste 13382) — no aceptada
Intercambio (7, 11) -> Peor solución (coste 13382) — no aceptada
Intercambio (11, 20) -> Peor solución (coste 13382) — no aceptada
Intercambio (2, 6) -> Peor solución (coste 13382) — no aceptada
Intercambio (7, 20) -> Peor solución (coste 13382) — no aceptada
Intercambio (7, 11) -> Peor solución (coste 13382) — no aceptada
Intercambio (11, 20) -> Peor solución (coste 13382) — no aceptada
Intercambio (2, 6) -> Peor solución (coste 13382) — no aceptada
Intercambio (7, 20) -> Peor solución (coste 13382) — no aceptada
Intercambio (7, 11) -> Peor solución (coste 13382) — no aceptada
Intercambio (11, 20) -> Peor solución (coste 13382) — no aceptada
Intercambio (2, 6) -> Peor solución (coste 13382) — no aceptada
Intercambio (7, 20) -> Peor solución (coste 13382) — no aceptada
Intercambio (7, 11) -> Peor solución (coste 13382) — no aceptada
Intercambio (11, 20) -> Peor solución (coste 13382) — no aceptada
Intercambio (2, 6) -> Peor solución (coste 13382) — no aceptada
Intercambio (7, 20) -> Peor solución (coste 13382) — no aceptada
Intercambio (7, 11) -> Peor solución (coste 13382) — no aceptada
Intercambio (11, 20) -> Peor solución (coste 13382) — no aceptada
Intercambio (2, 6) -> Peor solución (coste 13382) — no aceptada
Intercambio (7, 20) -> Peor solución (coste 13382) — no aceptada
Intercambio (7, 11) -> Peor solución (coste 13382) — no aceptada
Intercambio (11, 20) -> Peor solución (coste 13382) — no aceptada
Intercambio (2, 6) -> Peor solución (coste 13382) — no aceptada
Intercambio (7, 20) -> Peor solución (coste 13382) — no aceptada
Intercambio (7, 11) -> Peor solución (coste 13382) — no aceptada
Intercambio (11, 20) -> Peor solución (coste 13382) — no aceptada
Intercambio (2, 6) -> Peor solución (coste 13382) — no aceptada
Intercambio (7, 20) -> Peor solución (coste 13382) — no aceptada
Intercambio (7, 11) -> Peor solución (coste 13382) — no aceptada
Intercambio (11, 20) -> Peor solución (coste 13382) — no aceptada
Intercambio (2, 6) -> Peor solución (coste 13382) — no aceptada
Intercambio (7, 20) -> Peor solución (coste 13382) — no aceptada
Intercambio (7, 11) -> Peor solución (coste 13382) — no aceptada
Intercambio (11, 20) -> Peor solución (coste 13382) — no aceptada
Intercambio (2, 6) -> Peor solución (coste 13382) — no aceptada
Intercambio (7, 20) -> Peor solución (coste 13382) — no aceptada
Intercambio (7, 11) -> Peor solución (coste 13382) — no aceptada
Intercambio (11, 20) -> Peor solución (coste 13382) — no aceptada
Intercambio (2, 6) -> Peor solución (coste 13382) — no aceptada
Intercambio (7, 20) -> Peor solución (coste 13382) — no aceptada
Intercambio (7, 11) -> Peor solución (coste 13382) — no aceptada
Intercambio (11, 20) -> Peor solución (coste 13382) — no aceptada
Intercambio (2, 6) -> Peor solución (coste 13382) — no aceptada
Intercambio (7, 20) -> Peor solución (coste 13382) — no aceptada
Intercambio (7, 11) -> Peor solución (coste 13382) — no aceptada
Intercambio (11, 20) -> Peor solución (coste 13382) — no aceptada
Intercambio (2, 6) -> Peor solución (coste 13382) — no aceptada
Intercambio (7, 20) -> Peor solución (coste 13382) — no aceptada
Intercambio (7, 11) -> Peor solución (coste 13382) — no aceptada
Intercambio (11, 20) -> Peor solución (coste 13382) — no aceptada
Intercambio (2, 6) -> Peor solución (coste 13382) — no aceptada
Intercambio (7, 20) -> Peor solución (coste 13382) — no aceptada
Intercambio (7, 11) -> Peor solución (coste 13382) — no aceptada
Intercambio (11, 20) -> Peor solución (coste 13382) — no aceptada
Intercambio (2, 6) -> Peor solución (coste 13382) — no aceptada
Intercambio (7, 20) -> Peor solución (coste 13382) — no aceptada
Intercambio (7, 11) -> Peor solución (coste 13382) — no aceptada
Intercambio (11, 20) -> Peor solución (coste 13382) — no aceptada
Intercambio (2, 6) -> Peor solución (coste 13382) — no aceptada
Intercambio (7, 20) -> Peor solución (coste 13382) — no aceptada
Intercambio (7, 11) -> Peor solución (coste 13382) — no aceptada
Intercambio (11, 20) -> Peor solución (coste 13382) — no aceptada
Intercambio (2, 6) -> Peor solución (coste 13382) — no aceptada
Intercambio (7, 20) -> Peor solución (coste 13382) — no aceptada
Intercambio (7, 11) -> Peor solución (coste 13382) — no aceptada
Intercambio (11, 20) -> Peor solución (coste 13382) — no aceptada
Intercambio (2, 6) -> Peor solución (coste 13382) — no aceptada
Intercambio (7, 20) -> Peor solución (coste 13382) — no aceptada
Intercambio (7, 11) -> Peor solución (coste 13382) — no aceptada
Intercambio (11, 20) -> Peor solución (coste 13382) — no aceptada
Intercambio (2, 6) -> Peor solución (coste 13382) — no aceptada
Intercambio (7, 20) -> Peor solución (coste 13382) — no aceptada
Intercambio (7, 11) -> Peor solución (coste 13382) — no aceptada
Intercambio (11, 20) -> Peor solución (coste 13382) — no aceptada
Intercambio (2, 6) -> Peor solución (coste 13382) — no aceptada
Intercambio (7, 20) -> Peor solución (coste 13382) — no aceptada
Intercambio (7, 11) -> Peor solución (coste 13382) — no aceptada
Intercambio (11, 20) -> Peor solución (coste 13382) — no aceptada
Intercambio (2, 6) -> Peor solución (coste 13382) — no aceptada
Intercambio (7, 20) -> Peor solución (coste 13382) — no aceptada
Intercambio (7, 11) -> Peor solución (coste 13382) — no aceptada
Intercambio (11, 20) -> Peor solución (coste 13382) — no aceptada
Intercambio (2, 6) -> Peor solución (coste 13382) — no aceptada
Intercambio (7, 20) -> Peor solución (coste 13382) — no aceptada
Intercambio (7, 11) -> Peor solución (coste 13382) — no aceptada
Intercambio (11, 20) -> Peor solución (coste 13382) — no aceptada
Intercambio (2, 6) -> Peor solución (coste 13382) — no aceptada
Intercambio (7, 20) -> Peor solución (coste 13382) — no aceptada
Intercambio (7, 11) -> Peor solución (coste 13382) — no aceptada
Intercambio (11, 20) -> Peor solución (coste 13382) — no aceptada
Intercambio (2, 6) -> Peor solución (coste 13382) — no aceptada
Intercambio (7, 20) -> Peor solución (coste 13382) — no aceptada
Intercambio (7, 11) -> Peor solución (coste 13382) — no aceptada
Intercambio (11, 20) -> Peor solución (coste 13382) — no aceptada
Intercambio (2, 6) -> Peor solución (coste 13382) — no aceptada
Intercambio (7, 20) -> Peor solución (coste 13382) — no aceptada
Intercambio (7, 11) -> Peor solución (coste 13382) — no aceptada
Intercambio (11, 20) -> Peor solución (coste 13382) — no aceptada
Intercambio (2, 6) -> Peor solución (coste 13382) — no aceptada
Intercambio (7, 20) -> Peor solución (coste 13382) — no aceptada
Intercambio (7, 11) -> Peor solución (coste 13382) — no aceptada
Intercambio (11, 20) -> Peor solución (coste 13382) — no aceptada
Intercambio (2, 6) -> Peor solución (coste 13382) — no aceptada
Intercambio (7, 20) -> Peor solución (coste 13382) — no aceptada
Intercambio (7, 11) -> Peor solución (coste 13382) — no aceptada
Intercambio (11, 20) -> Peor solución (coste 13382) — no aceptada
Intercambio (2, 6) -> Peor solución (coste 13382) — no aceptada
Intercambio (7, 20) -> Peor solución (coste 13382) — no aceptada
Intercambio (7, 11) -> Peor solución (coste 13382) — no aceptada
Intercambio (11, 20) -> Peor solución (coste 13382) — no aceptada
Intercambio (2, 6) -> Peor solución (coste 13382) — no aceptada
Intercambio (7, 20) -> Peor solución (coste 13382) — no aceptada
Intercambio (7, 11) -> Peor solución (coste 13382) — no aceptada
Intercambio (11, 20) -> Peor solución (coste 13382) — no aceptada
Intercambio (2, 6) -> Peor solución (coste 13382) — no aceptada
Intercambio (7, 20) -> Peor solución (coste 13382) — no aceptada
Intercambio (7, 11) -> Peor solución (coste 13382) — no aceptada
Intercambio (11, 20) -> Peor solución (coste 13382) — no aceptada
Intercambio (2, 6) -> Peor solución (coste 13382) — no aceptada
Intercambio (7, 20) -> Peor solución (coste 13382) — no aceptada
Intercambio (7, 11) -> Peor solución (coste 13382) — no aceptada
Intercambio (11, 20) -> Peor solución (coste 13382) — no aceptada
Intercambio (2, 6) -> Peor solución (coste 13382) — no aceptada
Intercambio (7, 20) -> Peor solución (coste 13382) — no aceptada
Intercambio (7, 11) -> Peor solución (coste 13382) — no aceptada
Intercambio (11, 20) -> Peor solución (coste 13382) — no aceptada
Intercambio (2, 6) -> Peor solución (coste 13382) — no aceptada
Intercambio (7, 20) -> Peor solución (coste 13382) — no aceptada
Intercambio (7, 11) -> Peor solución (coste 13382) — no aceptada
Intercambio (11, 20) -> Peor solución (coste 13382) — no aceptada
Intercambio (2, 6) -> Peor solución (coste 13382) — no aceptada
Intercambio (7, 20) -> Peor solución (coste 13382) — no aceptada
Intercambio (7, 11) -> Peor solución (coste 13382) — no aceptada
Intercambio (11, 20) -> Peor solución (coste 13382) — no aceptada
Intercambio (2, 6) -> Peor solución (coste 13382) — no aceptada
Intercambio (7, 20) -> Peor solución (coste 13382) — no aceptada
Intercambio (7, 11) -> Peor solución (coste 13382) — no aceptada
Intercambio (11, 20) -> Peor solución (coste 13382) — no aceptada
Intercambio (2, 6) -> Peor solución (coste 13382) — no aceptada
Intercambio (7, 20) -> Peor solución (coste 13382) — no aceptada
Intercambio (7, 11) -> Peor solución (coste 13382) — no aceptada
Intercambio (11, 20) -> Peor solución (coste 13382) — no aceptada
Intercambio (2, 6) -> Peor solución (coste 13382) — no aceptada
Intercambio (7, 20) -> Peor solución (coste 13382) — no aceptada
Intercambio (7, 11) -> Peor solución (coste 13382) — no aceptada
Intercambio (11, 20) -> Peor solución (coste 13382) — no aceptada
Intercambio (2, 6) -> Peor solución (coste 13382) — no aceptada
Intercambio (7, 20) -> Peor solución (coste 13382) — no aceptada
Intercambio (7, 11) -> Peor solución (coste 13382) — no aceptada
Intercambio (11, 20) -> Peor solución (coste 13382) — no aceptada
Intercambio (2, 6) -> Peor solución (coste 13382) — no aceptada
Intercambio (7, 20) -> Peor solución (coste 13382) — no aceptada
Intercambio (7, 11) -> Peor solución (coste 13382) — no aceptada
Intercambio (11, 20) -> Peor solución (coste 13382) — no aceptada
Intercambio (2, 6) -> Peor solución (coste 13382) — no aceptada
Intercambio (7, 20) -> Peor solución (coste 13382) — no aceptada
Intercambio (7, 11) -> Peor solución (coste 13382) — no aceptada
Intercambio (11, 20) -> Peor solución (coste 13382) — no aceptada
Intercambio (2, 6) -> Peor solución (coste 13382) — no aceptada
Intercambio (7, 20) -> Peor solución (coste 13382) — no aceptada
Intercambio (7, 11) -> Peor solución (coste 13382) — no aceptada
Intercambio (11, 20) -> Peor solución (coste 13382) — no aceptada
Intercambio (2, 6) -> Peor solución (coste 13382) — no aceptada
Intercambio (7, 20) -> Peor solución (coste 13382) — no aceptada
Intercambio (7, 11) -> Peor solución (coste 13382) — no aceptada
Intercambio (11, 20) -> Peor solución (coste 13382) — no aceptada
Intercambio (2, 6) -> Peor solución (coste 13382) — no aceptada
Intercambio (7, 20) -> Peor solución (coste 13382) — no aceptada
Intercambio (7, 11) -> Peor solución (coste 13382) — no aceptada
Intercambio (11, 20) -> Peor solución (coste 13382) — no aceptada
Intercambio (2, 6) -> Peor solución (coste 13382) — no aceptada
Intercambio (7, 20) -> Peor solución (coste 13382) — no aceptada
Intercambio (7, 11) -> Peor solución (coste 13382) — no aceptada
Intercambio (11, 20) -> Peor solución (coste 13382) — no aceptada
Intercambio (2, 6) -> Peor solución (coste 13382) — no aceptada
Intercambio (7, 20) -> Peor solución (coste 13382) — no aceptada
Intercambio (7, 11) -> Peor solución (coste 13382) — no aceptada
Intercambio (11, 20) -> Peor solución (coste 13382) — no aceptada
Intercambio (2, 6) -> Peor solución (coste 13382) — no aceptada
Intercambio (7, 20) -> Peor solución (coste 13382) — no aceptada
Intercambio (7, 11) -> Peor solución (coste 13382) — no aceptada
Intercambio (11, 20) -> Peor solución (coste 13382) — no aceptada
Intercambio (2, 6) -> Peor solución (coste 13382) — no aceptada
Intercambio (7, 20) -> Peor solución (coste 13382) — no aceptada
Intercambio (7, 11) -> Peor solución (coste 13382) — no aceptada
Intercambio (11, 20) -> Peor solución (coste 13382) — no aceptada
Intercambio (2, 6) -> Peor solución (coste 13382) — no aceptada
Intercambio (7, 20) -> Peor solución (coste 13382) — no aceptada
Intercambio (7, 11) -> Peor solución (coste 13382) — no aceptada
Intercambio (11, 20) -> Peor solución (coste 13382) — no aceptada
Intercambio (2, 6) -> Peor solución (coste 13382) — no aceptada
Intercambio (7, 20) -> Peor solución (coste 13382) — no aceptada
Intercambio (7, 11) -> Peor solución (coste 13382) — no aceptada
Intercambio (11, 20) -> Peor solución (coste 13382) — no aceptada
Intercambio (2, 6) -> Peor solución (coste 13382) — no aceptada
Intercambio (7, 20) -> Peor solución (coste 13382) — no aceptada
Intercambio (7, 11) -> Peor solución (coste 13382) — no aceptada
Intercambio (11, 20) -> Peor solución (coste 13382) — no aceptada
Intercambio (2, 6) -> Peor solución (coste 13382) — no aceptada
Intercambio (7, 20) -> Peor solución (coste 13382) — no aceptada
Intercambio (4, 5) -> Peor solución (coste 13382) — no aceptada
Intercambio (7, 11) -> Peor solución (coste 13382) — no aceptada
Intercambio (2, 6) -> Peor solución (coste 13382) — no aceptada
Intercambio (7, 20) -> Peor solución (coste 13382) — no aceptada
Intercambio (11, 20) -> Peor solución (coste 13382) — no aceptada
Intercambio (7, 11) -> Peor solución (coste 13382) — no aceptada
Intercambio (2, 6) -> Peor solución (coste 13382) — no aceptada
Intercambio (7, 20) -> Peor solución (coste 13382) — no aceptada
Intercambio (11, 20) -> Peor solución (coste 13382) — no aceptada
Intercambio (7, 11) -> Peor solución (coste 13382) — no aceptada
Intercambio (2, 6) -> Peor solución (coste 13382) — no aceptada
Intercambio (7, 20) -> Peor solución (coste 13382) — no aceptada
Intercambio (11, 20) -> Peor solución (coste 13382) — no aceptada
Intercambio (7, 11) -> Peor solución (coste 13382) — no aceptada
Intercambio (2, 6) -> Peor solución (coste 13382) — no aceptada
Intercambio (7, 20) -> Peor solución (coste 13382) — no aceptada
Intercambio (11, 20) -> Peor solución (coste 13382) — no aceptada
Intercambio (7, 11) -> Peor solución (coste 13382) — no aceptada
Intercambio (2, 6) -> Peor solución (coste 13382) — no aceptada
Intercambio (7, 20) -> Peor solución (coste 13382) — no aceptada
Intercambio (11, 20) -> Peor solución (coste 13382) — no aceptada
Intercambio (7, 11) -> Peor solución (coste 13382) — no aceptada
Intercambio (2, 6) -> Peor solución (coste 13382) — no aceptada
Intercambio (7, 20) -> Peor solución (coste 13382) — no aceptada
Intercambio (11, 20) -> Peor solución (coste 13382) — no aceptada
Intercambio (7, 11) -> Peor solución (coste 13382) — no aceptada
Intercambio (2, 6) -> Peor solución (coste 13382) — no aceptada
Intercambio (7, 20) -> Peor solución (coste 13382) — no aceptada
Intercambio (11, 20) -> Peor solución (coste 13382) — no aceptada
Intercambio (7, 11) -> Peor solución (coste 13382) — no aceptada
Intercambio (2, 6) -> Peor solución (coste 13382) — no aceptada
Intercambio (7, 20) -> Peor solución (coste 13382) — no aceptada
Intercambio (11, 20) -> Peor solución (coste 13382) — no aceptada
Intercambio (7, 11) -> Peor solución (coste 13382) — no aceptada
Intercambio (2, 6) -> Peor solución (coste 13382) — no aceptada
Intercambio (7, 20) -> Peor solución (coste 13382) — no aceptada
Intercambio (11, 20) -> Peor solución (coste 13382) — no aceptada
Intercambio (7, 11) -> Peor solución (coste 13382) — no aceptada
Intercambio (2, 6) -> Peor solución (coste 13382) — no aceptada
Intercambio (7, 20) -> Peor solución (coste 13382) — no aceptada
Intercambio (11, 20) -> Peor solución (coste 13382) — no aceptada
Intercambio (7, 11) -> Peor solución (coste 13382) — no aceptada
Intercambio (2, 6) -> Peor solución (coste 13382) — no aceptada
Intercambio (7, 20) -> Peor solución (coste 13382) — no aceptada
Intercambio (11, 20) -> Peor solución (coste 13382) — no aceptada
Intercambio (7, 11) -> Peor solución (coste 13382) — no aceptada
Intercambio (2, 6) -> Peor solución (coste 13382) — no aceptada
Intercambio (7, 20) -> Peor solución (coste 13382) — no aceptada
Intercambio (11, 20) -> Peor solución (coste 13382) — no aceptada
Intercambio (7, 11) -> Peor solución (coste 13382) — no aceptada
Intercambio (2, 6) -> Peor solución (coste 13382) — no aceptada
Intercambio (4, 5) -> Peor solución (coste 13382) — no aceptada
Intercambio (7, 20) -> Peor solución (coste 13382) — no aceptada
Intercambio (7, 11) -> Peor solución (coste 13382) — no aceptada
Intercambio (2, 6) -> Peor solución (coste 13382) — no aceptada
Intercambio (11, 20) -> Peor solución (coste 13382) — no aceptada
Intercambio (7, 20) -> Peor solución (coste 13382) — no aceptada
Intercambio (7, 11) -> Peor solución (coste 13382) — no aceptada
Intercambio (2, 6) -> Peor solución (coste 13382) — no aceptada
Intercambio (11, 20) -> Peor solución (coste 13382) — no aceptada
Intercambio (7, 20) -> Peor solución (coste 13382) — no aceptada
Intercambio (7, 11) -> Peor solución (coste 13382) — no aceptada
Intercambio (2, 6) -> Peor solución (coste 13382) — no aceptada
Intercambio (11, 20) -> Peor solución (coste 13382) — no aceptada
Intercambio (7, 20) -> Peor solución (coste 13382) — no aceptada
Intercambio (7, 11) -> Peor solución (coste 13382) — no aceptada
Intercambio (2, 6) -> Peor solución (coste 13382) — no aceptada
Intercambio (11, 20) -> Peor solución (coste 13382) — no aceptada
Intercambio (7, 20) -> Peor solución (coste 13382) — no aceptada
Intercambio (7, 11) -> Peor solución (coste 13382) — no aceptada
Intercambio (2, 6) -> Peor solución (coste 13382) — no aceptada
Intercambio (11, 20) -> Peor solución (coste 13382) — no aceptada
Intercambio (7, 20) -> Peor solución (coste 13382) — no aceptada
Intercambio (7, 11) -> Peor solución (coste 13382) — no aceptada
Intercambio (2, 6) -> Peor solución (coste 13382) — no aceptada
Intercambio (11, 20) -> Peor solución (coste 13382) — no aceptada
Intercambio (7, 20) -> Peor solución (coste 13382) — no aceptada
Intercambio (7, 11) -> Peor solución (coste 13382) — no aceptada
Intercambio (2, 6) -> Peor solución (coste 13382) — no aceptada
Intercambio (11, 20) -> Peor solución (coste 13382) — no aceptada
Intercambio (7, 20) -> Peor solución (coste 13382) — no aceptada
Intercambio (7, 11) -> Peor solución (coste 13382) — no aceptada
Intercambio (2, 6) -> Peor solución (coste 13382) — no aceptada
Intercambio (11, 20) -> Peor solución (coste 13382) — no aceptada
Intercambio (7, 20) -> Peor solución (coste 13382) — no aceptada
Intercambio (7, 11) -> Peor solución (coste 13382) — no aceptada
Intercambio (2, 6) -> Peor solución (coste 13382) — no aceptada
Intercambio (11, 20) -> Peor solución (coste 13382) — no aceptada
Intercambio (7, 20) -> Peor solución (coste 13382) — no aceptada
Intercambio (7, 11) -> Peor solución (coste 13382) — no aceptada
Intercambio (2, 6) -> Peor solución (coste 13382) — no aceptada
Intercambio (11, 20) -> Peor solución (coste 13382) — no aceptada
Intercambio (7, 20) -> Peor solución (coste 13382) — no aceptada
Intercambio (7, 11) -> Peor solución (coste 13382) — no aceptada
Intercambio (2, 6) -> Peor solución (coste 13382) — no aceptada
Intercambio (11, 20) -> Peor solución (coste 13382) — no aceptada
Intercambio (7, 20) -> Peor solución (coste 13382) — no aceptada
Intercambio (7, 11) -> Peor solución (coste 13382) — no aceptada
Intercambio (2, 6) -> Peor solución (coste 13382) — no aceptada
Intercambio (11, 20) -> Peor solución (coste 13382) — no aceptada
Intercambio (7, 20) -> Peor solución (coste 13382) — no aceptada
Intercambio (7, 11) -> Peor solución (coste 13382) — no aceptada
Intercambio (4, 5) -> Peor solución (coste 13382) — no aceptada
Intercambio (2, 6) -> Peor solución (coste 13382) — no aceptada
Intercambio (7, 20) -> Peor solución (coste 13382) — no aceptada
Intercambio (7, 11) -> Peor solución (coste 13382) — no aceptada
Intercambio (11, 20) -> Peor solución (coste 13382) — no aceptada
Intercambio (2, 6) -> Peor solución (coste 13382) — no aceptada
Intercambio (7, 20) -> Peor solución (coste 13382) — no aceptada
Intercambio (7, 11) -> Peor solución (coste 13382) — no aceptada
Intercambio (11, 20) -> Peor solución (coste 13382) — no aceptada
Intercambio (2, 6) -> Peor solución (coste 13382) — no aceptada
Intercambio (7, 20) -> Peor solución (coste 13382) — no aceptada
Intercambio (7, 11) -> Peor solución (coste 13382) — no aceptada
Intercambio (11, 20) -> Peor solución (coste 13382) — no aceptada
Intercambio (2, 6) -> Peor solución (coste 13382) — no aceptada
Intercambio (7, 20) -> Peor solución (coste 13382) — no aceptada
Intercambio (7, 11) -> Peor solución (coste 13382) — no aceptada
Intercambio (11, 20) -> Peor solución (coste 13382) — no aceptada

Solución final
--------------
[29, 16, 14, 5, 12, 26, 24, 23, 0, 25, 8, 9, 20, 4, 18, 13, 1, 21, 11, 3, 6, 2, 28, 27, 17, 10, 22, 7, 15, 19]
Coste final: 13774
Duración: 0.396 segundos
