Parámetros del algoritmo
------------------------
Algoritmo: BusquedaLocal
Dataset: ford03.dat
Semilla: 35470364

Solución inicial y su coste
---------------------------
[22, 20, 2, 16, 0, 17, 29, 15, 19, 4, 26, 12, 21, 24, 7, 23, 11, 1, 13, 28, 25, 10, 5, 8, 3, 14, 27, 9, 18, 6]
Coste: 13754

Evolución de la búsqueda
------------------------
Intercambio (0, 1) -> Nueva solución con coste 13738
Intercambio (1, 2) -> Nueva solución con coste 13714
Intercambio (2, 5) -> Nueva solución con coste 13682
Intercambio (3, 7) -> Nueva solución con coste 13672
Intercambio (4, 6) -> Nueva solución con coste 13668
Intercambio (5, 9) -> Nueva solución con coste 13660
Intercambio (6, 15) -> Nueva solución con coste 13652
Intercambio (7, 16) -> Nueva solución con coste 13634
Intercambio (8, 25) -> Nueva solución con coste 13602
Intercambio (9, 10) -> Nueva solución con coste 13600
Intercambio (10, 21) -> Nueva solución con coste 13596
Intercambio (11, 27) -> Nueva solución con coste 13592
Intercambio (12, 15) -> Nueva solución con coste 13588
Intercambio (13, 16) -> Nueva solución con coste 13576
Intercambio (14, 18) -> Nueva solución con coste 13574
Intercambio (17, 28) -> Nueva solución con coste 13554
Intercambio (18, 29) -> Nueva solución con coste 13524
Intercambio (19, 20) -> Nueva solución con coste 13508
Intercambio (20, 2) -> Nueva solución con coste 13482
Intercambio (21, 17) -> Nueva solución con coste 13476
Intercambio (23, 13) -> Nueva solución con coste 13470
Intercambio (25, 26) -> Nueva solución con coste 13462
Intercambio (26, 27) -> Nueva solución con coste 13452
Intercambio (27, 7) -> Nueva solución con coste 13442
Intercambio (1, 19) -> Nueva solución con coste 13438
Intercambio (3, 4) -> Nueva solución con coste 13436
Intercambio (6, 13) -> Nueva solución con coste 13430
Intercambio (7, 6) -> Nueva solución con coste 13420
Intercambio (9, 10) -> Nueva solución con coste 13412
Intercambio (12, 26) -> Nueva solución con coste 13404
Intercambio (17, 19) -> Nueva solución con coste 13400
Intercambio (18, 23) -> Nueva solución con coste 13398
Intercambio (19, 10) -> Nueva solución con coste 13394
Intercambio (27, 9) -> Nueva solución con coste 13392

Solución final
--------------
[20, 25, 28, 29, 15, 4, 19, 8, 14, 11, 22, 9, 12, 23, 13, 21, 24, 2, 16, 26, 17, 18, 5, 6, 3, 27, 0, 10, 1, 7]
Coste final: 13392
Duración: 0.0 segundos
