Parámetros del algoritmo
------------------------
Algoritmo: BusquedaTabu
Dataset: ford02.dat
Semilla: 35470364

Solución inicial y su coste
---------------------------
[3, 1, 11, 2, 18, 17, 0, 16, 13, 6, 9, 12, 19, 7, 5, 15, 10, 4, 14, 8]
Coste: 31360

Evolución de la búsqueda
------------------------
Intercambio (0, 15) -> Nueva solución con coste 31448
Intercambio (5, 15) -> Nueva solución con coste 31268
Intercambio (2, 14) -> Nueva solución con coste 31224
Intercambio (4, 14) -> Nueva solución con coste 31100
Intercambio (10, 11) -> Peor solución (coste 31228) — no aceptada
Intercambio (6, 17) -> Nueva solución con coste 31052
Intercambio (2, 6) -> Nueva solución con coste 30862
Intercambio (6, 18) -> Peor solución (coste 30990) — no aceptada
Intercambio (6, 18) -> Nueva solución con coste 30862
Intercambio (6, 11) -> Peor solución (coste 31012) — no aceptada
Intercambio (18, 19) -> Nueva solución con coste 30842
Intercambio (10, 18) -> Peor solución (coste 30850) — no aceptada
Intercambio (10, 18) -> Nueva solución con coste 30842
Intercambio (0, 18) -> Peor solución (coste 30918) — no aceptada
Intercambio (0, 18) -> Nueva solución con coste 30842
Intercambio (10, 18) -> Peor solución (coste 30850) — no aceptada
Intercambio (10, 18) -> Nueva solución con coste 30842
Intercambio (0, 18) -> Peor solución (coste 30918) — no aceptada
Intercambio (0, 18) -> Nueva solución con coste 30842
Intercambio (10, 18) -> Peor solución (coste 30850) — no aceptada
Intercambio (10, 18) -> Nueva solución con coste 30842
Intercambio (0, 18) -> Peor solución (coste 30918) — no aceptada
Intercambio (0, 18) -> Nueva solución con coste 30842
Intercambio (10, 18) -> Peor solución (coste 30850) — no aceptada
Intercambio (10, 18) -> Nueva solución con coste 30842
Intercambio (0, 18) -> Peor solución (coste 30918) — no aceptada
Intercambio (0, 18) -> Nueva solución con coste 30842
Intercambio (10, 18) -> Peor solución (coste 30850) — no aceptada
Intercambio (10, 18) -> Nueva solución con coste 30842
Intercambio (0, 18) -> Peor solución (coste 30918) — no aceptada
Intercambio (0, 18) -> Nueva solución con coste 30842
Intercambio (10, 18) -> Peor solución (coste 30850) — no aceptada
Intercambio (10, 18) -> Nueva solución con coste 30842
Intercambio (0, 18) -> Peor solución (coste 30918) — no aceptada
Intercambio (0, 18) -> Nueva solución con coste 30842
Intercambio (10, 18) -> Peor solución (coste 30850) — no aceptada
Intercambio (10, 18) -> Nueva solución con coste 30842
Intercambio (0, 18) -> Peor solución (coste 30918) — no aceptada
Intercambio (0, 18) -> Nueva solución con coste 30842
Intercambio (10, 18) -> Peor solución (coste 30850) — no aceptada
Intercambio (10, 18) -> Nueva solución con coste 30842
Intercambio (0, 18) -> Peor solución (coste 30918) — no aceptada
Intercambio (0, 18) -> Nueva solución con coste 30842
Intercambio (10, 18) -> Peor solución (coste 30850) — no aceptada
Intercambio (10, 18) -> Nueva solución con coste 30842
Intercambio (0, 18) -> Peor solución (coste 30918) — no aceptada
Intercambio (0, 18) -> Nueva solución con coste 30842
Intercambio (10, 18) -> Peor solución (coste 30850) — no aceptada
Intercambio (10, 18) -> Nueva solución con coste 30842
Intercambio (0, 18) -> Peor solución (coste 30918) — no aceptada
Intercambio (0, 18) -> Nueva solución con coste 30842
Intercambio (10, 18) -> Peor solución (coste 30850) — no aceptada
Intercambio (10, 18) -> Nueva solución con coste 30842
Intercambio (0, 18) -> Peor solución (coste 30918) — no aceptada
Intercambio (0, 18) -> Nueva solución con coste 30842
Intercambio (10, 18) -> Peor solución (coste 30850) — no aceptada
Intercambio (10, 18) -> Nueva solución con coste 30842
Intercambio (0, 18) -> Peor solución (coste 30918) — no aceptada
Intercambio (0, 18) -> Nueva solución con coste 30842
Intercambio (10, 18) -> Peor solución (coste 30850) — no aceptada
Intercambio (10, 18) -> Nueva solución con coste 30842
Intercambio (0, 18) -> Peor solución (coste 30918) — no aceptada
Intercambio (0, 18) -> Nueva solución con coste 30842
Intercambio (10, 18) -> Peor solución (coste 30850) — no aceptada
Intercambio (10, 18) -> Nueva solución con coste 30842
Intercambio (0, 18) -> Peor solución (coste 30918) — no aceptada
Intercambio (0, 18) -> Nueva solución con coste 30842
Intercambio (10, 18) -> Peor solución (coste 30850) — no aceptada
Intercambio (10, 18) -> Nueva solución con coste 30842
Intercambio (0, 18) -> Peor solución (coste 30918) — no aceptada
Intercambio (0, 18) -> Nueva solución con coste 30842
Intercambio (10, 18) -> Peor solución (coste 30850) — no aceptada
Intercambio (10, 18) -> Nueva solución con coste 30842
Intercambio (0, 18) -> Peor solución (coste 30918) — no aceptada
Intercambio (0, 18) -> Nueva solución con coste 30842
Intercambio (10, 18) -> Peor solución (coste 30850) — no aceptada
Intercambio (10, 18) -> Nueva solución con coste 30842
Intercambio (0, 18) -> Peor solución (coste 30918) — no aceptada
Intercambio (0, 18) -> Nueva solución con coste 30842
Intercambio (10, 18) -> Peor solución (coste 30850) — no aceptada
Intercambio (10, 18) -> Nueva solución con coste 30842
Intercambio (0, 18) -> Peor solución (coste 30918) — no aceptada
Intercambio (0, 18) -> Nueva solución con coste 30842
Intercambio (10, 18) -> Peor solución (coste 30850) — no aceptada
Intercambio (10, 18) -> Nueva solución con coste 30842
Intercambio (0, 18) -> Peor solución (coste 30918) — no aceptada
Intercambio (0, 18) -> Nueva solución con coste 30842
Intercambio (10, 18) -> Peor solución (coste 30850) — no aceptada
Intercambio (10, 18) -> Nueva solución con coste 30842
Intercambio (0, 18) -> Peor solución (coste 30918) — no aceptada
Intercambio (0, 18) -> Nueva solución con coste 30842
Intercambio (10, 18) -> Peor solución (coste 30850) — no aceptada
Intercambio (10, 18) -> Nueva solución con coste 30842
Intercambio (0, 18) -> Peor solución (coste 30918) — no aceptada
Intercambio (0, 18) -> Nueva solución con coste 30842
Intercambio (10, 18) -> Peor solución (coste 30850) — no aceptada
Intercambio (10, 18) -> Nueva solución con coste 30842
Intercambio (0, 18) -> Peor solución (coste 30918) — no aceptada
Intercambio (0, 18) -> Nueva solución con coste 30842
Intercambio (10, 18) -> Peor solución (coste 30850) — no aceptada
Intercambio (10, 18) -> Nueva solución con coste 30842
Intercambio (0, 18) -> Peor solución (coste 30918) — no aceptada
Intercambio (0, 18) -> Nueva solución con coste 30842
Intercambio (10, 18) -> Peor solución (coste 30850) — no aceptada
Intercambio (10, 18) -> Nueva solución con coste 30842
Intercambio (0, 18) -> Peor solución (coste 30918) — no aceptada
Intercambio (0, 18) -> Nueva solución con coste 30842
Intercambio (10, 18) -> Peor solución (coste 30850) — no aceptada
Intercambio (10, 18) -> Nueva solución con coste 30842
Intercambio (0, 18) -> Peor solución (coste 30918) — no aceptada
Intercambio (0, 18) -> Nueva solución con coste 30842
Intercambio (10, 18) -> Peor solución (coste 30850) — no aceptada
Intercambio (10, 18) -> Nueva solución con coste 30842
Intercambio (0, 18) -> Peor solución (coste 30918) — no aceptada
Intercambio (0, 18) -> Nueva solución con coste 30842
Intercambio (10, 18) -> Peor solución (coste 30850) — no aceptada
Intercambio (10, 18) -> Nueva solución con coste 30842
Intercambio (0, 18) -> Peor solución (coste 30918) — no aceptada
Intercambio (0, 18) -> Nueva solución con coste 30842
Intercambio (10, 18) -> Peor solución (coste 30850) — no aceptada
Intercambio (10, 18) -> Nueva solución con coste 30842
Intercambio (0, 18) -> Peor solución (coste 30918) — no aceptada
Intercambio (0, 18) -> Nueva solución con coste 30842
Intercambio (10, 18) -> Peor solución (coste 30850) — no aceptada
Intercambio (10, 18) -> Nueva solución con coste 30842
Intercambio (0, 18) -> Peor solución (coste 30918) — no aceptada
Intercambio (0, 18) -> Nueva solución con coste 30842
Intercambio (10, 18) -> Peor solución (coste 30850) — no aceptada
Intercambio (10, 18) -> Nueva solución con coste 30842
Intercambio (0, 18) -> Peor solución (coste 30918) — no aceptada
Intercambio (0, 18) -> Nueva solución con coste 30842
Intercambio (10, 18) -> Peor solución (coste 30850) — no aceptada
Intercambio (10, 18) -> Nueva solución con coste 30842
Intercambio (0, 18) -> Peor solución (coste 30918) — no aceptada
Intercambio (0, 18) -> Nueva solución con coste 30842
Intercambio (10, 18) -> Peor solución (coste 30850) — no aceptada
Intercambio (10, 18) -> Nueva solución con coste 30842
Intercambio (0, 18) -> Peor solución (coste 30918) — no aceptada
Intercambio (0, 18) -> Nueva solución con coste 30842
Intercambio (10, 18) -> Peor solución (coste 30850) — no aceptada
Intercambio (10, 18) -> Nueva solución con coste 30842
Intercambio (0, 18) -> Peor solución (coste 30918) — no aceptada
Intercambio (0, 18) -> Nueva solución con coste 30842
Intercambio (10, 18) -> Peor solución (coste 30850) — no aceptada
Intercambio (10, 18) -> Nueva solución con coste 30842
Intercambio (0, 18) -> Peor solución (coste 30918) — no aceptada
Intercambio (0, 18) -> Nueva solución con coste 30842
Intercambio (10, 18) -> Peor solución (coste 30850) — no aceptada
Intercambio (10, 18) -> Nueva solución con coste 30842
Intercambio (0, 18) -> Peor solución (coste 30918) — no aceptada
Intercambio (0, 18) -> Nueva solución con coste 30842
Intercambio (10, 18) -> Peor solución (coste 30850) — no aceptada
Intercambio (10, 18) -> Nueva solución con coste 30842
Intercambio (0, 18) -> Peor solución (coste 30918) — no aceptada
Intercambio (0, 18) -> Nueva solución con coste 30842
Intercambio (10, 18) -> Peor solución (coste 30850) — no aceptada
Intercambio (10, 18) -> Nueva solución con coste 30842
Intercambio (0, 18) -> Peor solución (coste 30918) — no aceptada
Intercambio (0, 18) -> Nueva solución con coste 30842
Intercambio (10, 18) -> Peor solución (coste 30850) — no aceptada
Intercambio (10, 18) -> Nueva solución con coste 30842
Intercambio (0, 18) -> Peor solución (coste 30918) — no aceptada
Intercambio (0, 18) -> Nueva solución con coste 30842
Intercambio (10, 18) -> Peor solución (coste 30850) — no aceptada
Intercambio (10, 18) -> Nueva solución con coste 30842
Intercambio (0, 18) -> Peor solución (coste 30918) — no aceptada
Intercambio (0, 18) -> Nueva solución con coste 30842
Intercambio (10, 18) -> Peor solución (coste 30850) — no aceptada
Intercambio (10, 18) -> Nueva solución con coste 30842
Intercambio (0, 18) -> Peor solución (coste 30918) — no aceptada
Intercambio (0, 18) -> Nueva solución con coste 30842
Intercambio (10, 18) -> Peor solución (coste 30850) — no aceptada
Intercambio (10, 18) -> Nueva solución con coste 30842
Intercambio (0, 18) -> Peor solución (coste 30918) — no aceptada
Intercambio (0, 18) -> Nueva solución con coste 30842
Intercambio (10, 18) -> Peor solución (coste 30850) — no aceptada
Intercambio (10, 18) -> Nueva solución con coste 30842
Intercambio (0, 18) -> Peor solución (coste 30918) — no aceptada
Intercambio (0, 18) -> Nueva solución con coste 30842
Intercambio (10, 18) -> Peor solución (coste 30850) — no aceptada
Intercambio (10, 18) -> Nueva solución con coste 30842
Intercambio (0, 18) -> Peor solución (coste 30918) — no aceptada
Intercambio (0, 18) -> Nueva solución con coste 30842
Intercambio (10, 18) -> Peor solución (coste 30850) — no aceptada
Intercambio (10, 18) -> Nueva solución con coste 30842
Intercambio (0, 18) -> Peor solución (coste 30918) — no aceptada
Intercambio (0, 18) -> Nueva solución con coste 30842
Intercambio (10, 18) -> Peor solución (coste 30850) — no aceptada
Intercambio (10, 18) -> Nueva solución con coste 30842
Intercambio (0, 18) -> Peor solución (coste 30918) — no aceptada
Intercambio (0, 18) -> Nueva solución con coste 30842
Intercambio (10, 18) -> Peor solución (coste 30850) — no aceptada
Intercambio (10, 18) -> Nueva solución con coste 30842
Intercambio (0, 18) -> Peor solución (coste 30918) — no aceptada
Intercambio (0, 18) -> Nueva solución con coste 30842
Intercambio (10, 18) -> Peor solución (coste 30850) — no aceptada
Intercambio (10, 18) -> Nueva solución con coste 30842
Intercambio (0, 18) -> Peor solución (coste 30918) — no aceptada
Intercambio (0, 18) -> Nueva solución con coste 30842
Intercambio (10, 18) -> Peor solución (coste 30850) — no aceptada
Intercambio (10, 18) -> Nueva solución con coste 30842
Intercambio (0, 18) -> Peor solución (coste 30918) — no aceptada
Intercambio (0, 18) -> Nueva solución con coste 30842
Intercambio (10, 18) -> Peor solución (coste 30850) — no aceptada
Intercambio (10, 18) -> Nueva solución con coste 30842
Intercambio (0, 18) -> Peor solución (coste 30918) — no aceptada
Intercambio (0, 18) -> Nueva solución con coste 30842
Intercambio (10, 18) -> Peor solución (coste 30850) — no aceptada
Intercambio (10, 18) -> Nueva solución con coste 30842
Intercambio (0, 18) -> Peor solución (coste 30918) — no aceptada
Intercambio (0, 18) -> Nueva solución con coste 30842
Intercambio (10, 18) -> Peor solución (coste 30850) — no aceptada
Intercambio (10, 18) -> Nueva solución con coste 30842
Intercambio (0, 18) -> Peor solución (coste 30918) — no aceptada
Intercambio (0, 18) -> Nueva solución con coste 30842
Intercambio (10, 18) -> Peor solución (coste 30850) — no aceptada
Intercambio (10, 18) -> Nueva solución con coste 30842
Intercambio (0, 18) -> Peor solución (coste 30918) — no aceptada
Intercambio (0, 18) -> Nueva solución con coste 30842
Intercambio (10, 18) -> Peor solución (coste 30850) — no aceptada
Intercambio (10, 18) -> Nueva solución con coste 30842
Intercambio (0, 18) -> Peor solución (coste 30918) — no aceptada
Intercambio (0, 18) -> Nueva solución con coste 30842
Intercambio (10, 18) -> Peor solución (coste 30850) — no aceptada
Intercambio (10, 18) -> Nueva solución con coste 30842
Intercambio (0, 18) -> Peor solución (coste 30918) — no aceptada
Intercambio (0, 18) -> Nueva solución con coste 30842
Intercambio (10, 18) -> Peor solución (coste 30850) — no aceptada
Intercambio (10, 18) -> Nueva solución con coste 30842
Intercambio (0, 18) -> Peor solución (coste 30918) — no aceptada
Intercambio (0, 18) -> Nueva solución con coste 30842
Intercambio (10, 18) -> Peor solución (coste 30850) — no aceptada
Intercambio (10, 18) -> Nueva solución con coste 30842
Intercambio (0, 18) -> Peor solución (coste 30918) — no aceptada
Intercambio (0, 18) -> Nueva solución con coste 30842
Intercambio (10, 18) -> Peor solución (coste 30850) — no aceptada
Intercambio (10, 18) -> Nueva solución con coste 30842
Intercambio (0, 18) -> Peor solución (coste 30918) — no aceptada
Intercambio (0, 18) -> Nueva solución con coste 30842
Intercambio (10, 18) -> Peor solución (coste 30850) — no aceptada
Intercambio (10, 18) -> Nueva solución con coste 30842
Intercambio (0, 18) -> Peor solución (coste 30918) — no aceptada
Intercambio (0, 18) -> Nueva solución con coste 30842
Intercambio (10, 18) -> Peor solución (coste 30850) — no aceptada
Intercambio (10, 18) -> Nueva solución con coste 30842
Intercambio (0, 18) -> Peor solución (coste 30918) — no aceptada
Intercambio (0, 18) -> Nueva solución con coste 30842
Intercambio (10, 18) -> Peor solución (coste 30850) — no aceptada
Intercambio (10, 18) -> Nueva solución con coste 30842
Intercambio (0, 18) -> Peor solución (coste 30918) — no aceptada
Intercambio (0, 18) -> Nueva solución con coste 30842
Intercambio (10, 18) -> Peor solución (coste 30850) — no aceptada
Intercambio (10, 18) -> Nueva solución con coste 30842
Intercambio (0, 18) -> Peor solución (coste 30918) — no aceptada
Intercambio (0, 18) -> Nueva solución con coste 30842
Intercambio (10, 18) -> Peor solución (coste 30850) — no aceptada
Intercambio (10, 18) -> Nueva solución con coste 30842
Intercambio (0, 18) -> Peor solución (coste 30918) — no aceptada
Intercambio (0, 18) -> Nueva solución con coste 30842
Intercambio (10, 18) -> Peor solución (coste 30850) — no aceptada
Intercambio (10, 18) -> Nueva solución con coste 30842
Intercambio (0, 18) -> Peor solución (coste 30918) — no aceptada
Intercambio (0, 18) -> Nueva solución con coste 30842
Intercambio (10, 18) -> Peor solución (coste 30850) — no aceptada
Intercambio (10, 18) -> Nueva solución con coste 30842
Intercambio (0, 18) -> Peor solución (coste 30918) — no aceptada
Intercambio (0, 18) -> Nueva solución con coste 30842
Intercambio (10, 18) -> Peor solución (coste 30850) — no aceptada
Intercambio (10, 18) -> Nueva solución con coste 30842
Intercambio (0, 18) -> Peor solución (coste 30918) — no aceptada
Intercambio (0, 18) -> Nueva solución con coste 30842
Intercambio (10, 18) -> Peor solución (coste 30850) — no aceptada
Intercambio (10, 18) -> Nueva solución con coste 30842
Intercambio (0, 18) -> Peor solución (coste 30918) — no aceptada
Intercambio (0, 18) -> Nueva solución con coste 30842
Intercambio (10, 18) -> Peor solución (coste 30850) — no aceptada
Intercambio (10, 18) -> Nueva solución con coste 30842
Intercambio (0, 18) -> Peor solución (coste 30918) — no aceptada
Intercambio (0, 18) -> Nueva solución con coste 30842
Intercambio (10, 18) -> Peor solución (coste 30850) — no aceptada
Intercambio (10, 18) -> Nueva solución con coste 30842
Intercambio (0, 18) -> Peor solución (coste 30918) — no aceptada
Intercambio (0, 18) -> Nueva solución con coste 30842
Intercambio (10, 18) -> Peor solución (coste 30850) — no aceptada
Intercambio (10, 18) -> Nueva solución con coste 30842
Intercambio (0, 18) -> Peor solución (coste 30918) — no aceptada
Intercambio (0, 18) -> Nueva solución con coste 30842
Intercambio (10, 18) -> Peor solución (coste 30850) — no aceptada
Intercambio (10, 18) -> Nueva solución con coste 30842
Intercambio (0, 18) -> Peor solución (coste 30918) — no aceptada
Intercambio (0, 18) -> Nueva solución con coste 30842
Intercambio (10, 18) -> Peor solución (coste 30850) — no aceptada
Intercambio (10, 18) -> Nueva solución con coste 30842
Intercambio (0, 18) -> Peor solución (coste 30918) — no aceptada
Intercambio (0, 18) -> Nueva solución con coste 30842
Intercambio (10, 18) -> Peor solución (coste 30850) — no aceptada
Intercambio (10, 18) -> Nueva solución con coste 30842
Intercambio (0, 18) -> Peor solución (coste 30918) — no aceptada
Intercambio (0, 18) -> Nueva solución con coste 30842
Intercambio (10, 18) -> Peor solución (coste 30850) — no aceptada
Intercambio (10, 18) -> Nueva solución con coste 30842
Intercambio (0, 18) -> Peor solución (coste 30918) — no aceptada
Intercambio (0, 18) -> Nueva solución con coste 30842
Intercambio (10, 18) -> Peor solución (coste 30850) — no aceptada
Intercambio (10, 18) -> Nueva solución con coste 30842
Intercambio (0, 18) -> Peor solución (coste 30918) — no aceptada
Intercambio (0, 18) -> Nueva solución con coste 30842
Intercambio (10, 18) -> Peor solución (coste 30850) — no aceptada
Intercambio (10, 18) -> Nueva solución con coste 30842
Intercambio (0, 18) -> Peor solución (coste 30918) — no aceptada
Intercambio (0, 18) -> Nueva solución con coste 30842
Intercambio (10, 18) -> Peor solución (coste 30850) — no aceptada
Intercambio (10, 18) -> Nueva solución con coste 30842
Intercambio (0, 18) -> Peor solución (coste 30918) — no aceptada
Intercambio (0, 18) -> Nueva solución con coste 30842
Intercambio (10, 18) -> Peor solución (coste 30850) — no aceptada
Intercambio (10, 18) -> Nueva solución con coste 30842
Intercambio (0, 18) -> Peor solución (coste 30918) — no aceptada
Intercambio (0, 18) -> Nueva solución con coste 30842
Intercambio (10, 18) -> Peor solución (coste 30850) — no aceptada
Intercambio (10, 18) -> Nueva solución con coste 30842
Intercambio (0, 18) -> Peor solución (coste 30918) — no aceptada
Intercambio (0, 18) -> Nueva solución con coste 30842
Intercambio (10, 18) -> Peor solución (coste 30850) — no aceptada
Intercambio (10, 18) -> Nueva solución con coste 30842
Intercambio (0, 18) -> Peor solución (coste 30918) — no aceptada
Intercambio (0, 18) -> Nueva solución con coste 30842
Intercambio (10, 18) -> Peor solución (coste 30850) — no aceptada
Intercambio (10, 18) -> Nueva solución con coste 30842
Intercambio (0, 18) -> Peor solución (coste 30918) — no aceptada
Intercambio (0, 18) -> Nueva solución con coste 30842
Intercambio (10, 18) -> Peor solución (coste 30850) — no aceptada
Intercambio (10, 18) -> Nueva solución con coste 30842
Intercambio (0, 18) -> Peor solución (coste 30918) — no aceptada
Intercambio (0, 18) -> Nueva solución con coste 30842
Intercambio (10, 18) -> Peor solución (coste 30850) — no aceptada
Intercambio (10, 18) -> Nueva solución con coste 30842
Intercambio (0, 18) -> Peor solución (coste 30918) — no aceptada
Intercambio (0, 18) -> Nueva solución con coste 30842
Intercambio (10, 18) -> Peor solución (coste 30850) — no aceptada
Intercambio (10, 18) -> Nueva solución con coste 30842
Intercambio (0, 18) -> Peor solución (coste 30918) — no aceptada
Intercambio (0, 18) -> Nueva solución con coste 30842
Intercambio (10, 18) -> Peor solución (coste 30850) — no aceptada
Intercambio (10, 18) -> Nueva solución con coste 30842
Intercambio (0, 18) -> Peor solución (coste 30918) — no aceptada
Intercambio (0, 18) -> Nueva solución con coste 30842
Intercambio (10, 18) -> Peor solución (coste 30850) — no aceptada
Intercambio (10, 18) -> Nueva solución con coste 30842
Intercambio (0, 18) -> Peor solución (coste 30918) — no aceptada
Intercambio (0, 18) -> Nueva solución con coste 30842
Intercambio (10, 18) -> Peor solución (coste 30850) — no aceptada
Intercambio (10, 18) -> Nueva solución con coste 30842
Intercambio (0, 18) -> Peor solución (coste 30918) — no aceptada
Intercambio (0, 18) -> Nueva solución con coste 30842
Intercambio (10, 18) -> Peor solución (coste 30850) — no aceptada
Intercambio (10, 18) -> Nueva solución con coste 30842
Intercambio (0, 18) -> Peor solución (coste 30918) — no aceptada
Intercambio (0, 18) -> Nueva solución con coste 30842
Intercambio (10, 18) -> Peor solución (coste 30850) — no aceptada
Intercambio (10, 18) -> Nueva solución con coste 30842
Intercambio (0, 18) -> Peor solución (coste 30918) — no aceptada
Intercambio (0, 18) -> Nueva solución con coste 30842
Intercambio (10, 18) -> Peor solución (coste 30850) — no aceptada
Intercambio (10, 18) -> Nueva solución con coste 30842
Intercambio (0, 18) -> Peor solución (coste 30918) — no aceptada
Intercambio (0, 18) -> Nueva solución con coste 30842
Intercambio (10, 18) -> Peor solución (coste 30850) — no aceptada
Intercambio (10, 18) -> Nueva solución con coste 30842
Intercambio (0, 18) -> Peor solución (coste 30918) — no aceptada
Intercambio (0, 18) -> Nueva solución con coste 30842
Intercambio (10, 18) -> Peor solución (coste 30850) — no aceptada
Intercambio (10, 18) -> Nueva solución con coste 30842
Intercambio (0, 18) -> Peor solución (coste 30918) — no aceptada
Intercambio (0, 18) -> Nueva solución con coste 30842
Intercambio (10, 18) -> Peor solución (coste 30850) — no aceptada
Intercambio (10, 18) -> Nueva solución con coste 30842
Intercambio (0, 18) -> Peor solución (coste 30918) — no aceptada
Intercambio (0, 18) -> Nueva solución con coste 30842
Intercambio (10, 18) -> Peor solución (coste 30850) — no aceptada
Intercambio (10, 18) -> Nueva solución con coste 30842
Intercambio (0, 18) -> Peor solución (coste 30918) — no aceptada
Intercambio (0, 18) -> Nueva solución con coste 30842
Intercambio (10, 18) -> Peor solución (coste 30850) — no aceptada
Intercambio (10, 18) -> Nueva solución con coste 30842
Intercambio (0, 18) -> Peor solución (coste 30918) — no aceptada
Intercambio (0, 18) -> Nueva solución con coste 30842
Intercambio (10, 18) -> Peor solución (coste 30850) — no aceptada
Intercambio (10, 18) -> Nueva solución con coste 30842
Intercambio (0, 18) -> Peor solución (coste 30918) — no aceptada
Intercambio (0, 18) -> Nueva solución con coste 30842
Intercambio (10, 18) -> Peor solución (coste 30850) — no aceptada
Intercambio (10, 18) -> Nueva solución con coste 30842
Intercambio (0, 18) -> Peor solución (coste 30918) — no aceptada
Intercambio (0, 18) -> Nueva solución con coste 30842
Intercambio (10, 18) -> Peor solución (coste 30850) — no aceptada
Intercambio (10, 18) -> Nueva solución con coste 30842
Intercambio (0, 18) -> Peor solución (coste 30918) — no aceptada
Intercambio (0, 18) -> Nueva solución con coste 30842
Intercambio (10, 18) -> Peor solución (coste 30850) — no aceptada
Intercambio (10, 18) -> Nueva solución con coste 30842
Intercambio (0, 18) -> Peor solución (coste 30918) — no aceptada
Intercambio (0, 18) -> Nueva solución con coste 30842
Intercambio (10, 18) -> Peor solución (coste 30850) — no aceptada
Intercambio (10, 18) -> Nueva solución con coste 30842
Intercambio (0, 18) -> Peor solución (coste 30918) — no aceptada
Intercambio (0, 18) -> Nueva solución con coste 30842
Intercambio (10, 18) -> Peor solución (coste 30850) — no aceptada
Intercambio (10, 18) -> Nueva solución con coste 30842
Intercambio (0, 18) -> Peor solución (coste 30918) — no aceptada
Intercambio (0, 18) -> Nueva solución con coste 30842
Intercambio (10, 18) -> Peor solución (coste 30850) — no aceptada
Intercambio (10, 18) -> Nueva solución con coste 30842
Intercambio (0, 18) -> Peor solución (coste 30918) — no aceptada
Intercambio (0, 18) -> Nueva solución con coste 30842
Intercambio (10, 18) -> Peor solución (coste 30850) — no aceptada
Intercambio (10, 18) -> Nueva solución con coste 30842
Intercambio (0, 18) -> Peor solución (coste 30918) — no aceptada
Intercambio (0, 18) -> Nueva solución con coste 30842
Intercambio (10, 18) -> Peor solución (coste 30850) — no aceptada
Intercambio (10, 18) -> Nueva solución con coste 30842
Intercambio (0, 18) -> Peor solución (coste 30918) — no aceptada
Intercambio (0, 18) -> Nueva solución con coste 30842
Intercambio (10, 18) -> Peor solución (coste 30850) — no aceptada
Intercambio (10, 18) -> Nueva solución con coste 30842
Intercambio (0, 18) -> Peor solución (coste 30918) — no aceptada
Intercambio (0, 18) -> Nueva solución con coste 30842
Intercambio (10, 18) -> Peor solución (coste 30850) — no aceptada
Intercambio (10, 18) -> Nueva solución con coste 30842
Intercambio (0, 18) -> Peor solución (coste 30918) — no aceptada
Intercambio (0, 18) -> Nueva solución con coste 30842
Intercambio (10, 18) -> Peor solución (coste 30850) — no aceptada
Intercambio (10, 18) -> Nueva solución con coste 30842
Intercambio (0, 18) -> Peor solución (coste 30918) — no aceptada
Intercambio (0, 18) -> Nueva solución con coste 30842
Intercambio (10, 18) -> Peor solución (coste 30850) — no aceptada
Intercambio (10, 18) -> Nueva solución con coste 30842
Intercambio (0, 18) -> Peor solución (coste 30918) — no aceptada
Intercambio (0, 18) -> Nueva solución con coste 30842
Intercambio (10, 18) -> Peor solución (coste 30850) — no aceptada
Intercambio (10, 18) -> Nueva solución con coste 30842
Intercambio (0, 18) -> Peor solución (coste 30918) — no aceptada
Intercambio (0, 18) -> Nueva solución con coste 30842
Intercambio (10, 18) -> Peor solución (coste 30850) — no aceptada
Intercambio (10, 18) -> Nueva solución con coste 30842
Intercambio (0, 18) -> Peor solución (coste 30918) — no aceptada
Intercambio (0, 18) -> Nueva solución con coste 30842
Intercambio (10, 18) -> Peor solución (coste 30850) — no aceptada
Intercambio (10, 18) -> Nueva solución con coste 30842
Intercambio (0, 18) -> Peor solución (coste 30918) — no aceptada
Intercambio (0, 18) -> Nueva solución con coste 30842
Intercambio (10, 18) -> Peor solución (coste 30850) — no aceptada
Intercambio (10, 18) -> Nueva solución con coste 30842
Intercambio (0, 18) -> Peor solución (coste 30918) — no aceptada
Intercambio (0, 18) -> Nueva solución con coste 30842
Intercambio (10, 18) -> Peor solución (coste 30850) — no aceptada
Intercambio (10, 18) -> Nueva solución con coste 30842
Intercambio (0, 18) -> Peor solución (coste 30918) — no aceptada
Intercambio (0, 18) -> Nueva solución con coste 30842
Intercambio (10, 18) -> Peor solución (coste 30850) — no aceptada
Intercambio (10, 18) -> Nueva solución con coste 30842
Intercambio (0, 18) -> Peor solución (coste 30918) — no aceptada
Intercambio (0, 18) -> Nueva solución con coste 30842
Intercambio (10, 18) -> Peor solución (coste 30850) — no aceptada
Intercambio (10, 18) -> Nueva solución con coste 30842
Intercambio (0, 18) -> Peor solución (coste 30918) — no aceptada
Intercambio (0, 18) -> Nueva solución con coste 30842
Intercambio (10, 18) -> Peor solución (coste 30850) — no aceptada
Intercambio (10, 18) -> Nueva solución con coste 30842
Intercambio (0, 18) -> Peor solución (coste 30918) — no aceptada
Intercambio (0, 18) -> Nueva solución con coste 30842
Intercambio (10, 18) -> Peor solución (coste 30850) — no aceptada
Intercambio (10, 18) -> Nueva solución con coste 30842
Intercambio (0, 18) -> Peor solución (coste 30918) — no aceptada
Intercambio (0, 18) -> Nueva solución con coste 30842
Intercambio (10, 18) -> Peor solución (coste 30850) — no aceptada
Intercambio (10, 18) -> Nueva solución con coste 30842
Intercambio (0, 18) -> Peor solución (coste 30918) — no aceptada
Intercambio (0, 18) -> Nueva solución con coste 30842
Intercambio (10, 18) -> Peor solución (coste 30850) — no aceptada
Intercambio (10, 18) -> Nueva solución con coste 30842
Intercambio (0, 18) -> Peor solución (coste 30918) — no aceptada
Intercambio (0, 18) -> Nueva solución con coste 30842
Intercambio (10, 18) -> Peor solución (coste 30850) — no aceptada
Intercambio (10, 18) -> Nueva solución con coste 30842
Intercambio (0, 18) -> Peor solución (coste 30918) — no aceptada
Intercambio (0, 18) -> Nueva solución con coste 30842
Intercambio (10, 18) -> Peor solución (coste 30850) — no aceptada
Intercambio (10, 18) -> Nueva solución con coste 30842
Intercambio (0, 18) -> Peor solución (coste 30918) — no aceptada
Intercambio (0, 18) -> Nueva solución con coste 30842
Intercambio (10, 18) -> Peor solución (coste 30850) — no aceptada
Intercambio (10, 18) -> Nueva solución con coste 30842
Intercambio (0, 18) -> Peor solución (coste 30918) — no aceptada
Intercambio (0, 18) -> Nueva solución con coste 30842
Intercambio (10, 18) -> Peor solución (coste 30850) — no aceptada
Intercambio (10, 18) -> Nueva solución con coste 30842
Intercambio (0, 18) -> Peor solución (coste 30918) — no aceptada
Intercambio (0, 18) -> Nueva solución con coste 30842
Intercambio (10, 18) -> Peor solución (coste 30850) — no aceptada
Intercambio (10, 18) -> Nueva solución con coste 30842
Intercambio (0, 18) -> Peor solución (coste 30918) — no aceptada
Intercambio (0, 18) -> Nueva solución con coste 30842
Intercambio (10, 18) -> Peor solución (coste 30850) — no aceptada
Intercambio (10, 18) -> Nueva solución con coste 30842
Intercambio (0, 18) -> Peor solución (coste 30918) — no aceptada
Intercambio (0, 18) -> Nueva solución con coste 30842
Intercambio (10, 18) -> Peor solución (coste 30850) — no aceptada
Intercambio (10, 18) -> Nueva solución con coste 30842
Intercambio (0, 18) -> Peor solución (coste 30918) — no aceptada
Intercambio (0, 18) -> Nueva solución con coste 30842
Intercambio (10, 18) -> Peor solución (coste 30850) — no aceptada
Intercambio (10, 18) -> Nueva solución con coste 30842
Intercambio (0, 18) -> Peor solución (coste 30918) — no aceptada
Intercambio (0, 18) -> Nueva solución con coste 30842
Intercambio (10, 18) -> Peor solución (coste 30850) — no aceptada
Intercambio (10, 18) -> Nueva solución con coste 30842
Intercambio (0, 18) -> Peor solución (coste 30918) — no aceptada
Intercambio (0, 18) -> Nueva solución con coste 30842
Intercambio (10, 18) -> Peor solución (coste 30850) — no aceptada
Intercambio (10, 18) -> Nueva solución con coste 30842
Intercambio (0, 18) -> Peor solución (coste 30918) — no aceptada
Intercambio (0, 18) -> Nueva solución con coste 30842
Intercambio (10, 18) -> Peor solución (coste 30850) — no aceptada
Intercambio (10, 18) -> Nueva solución con coste 30842
Intercambio (0, 18) -> Peor solución (coste 30918) — no aceptada
Intercambio (0, 18) -> Nueva solución con coste 30842
Intercambio (10, 18) -> Peor solución (coste 30850) — no aceptada
Intercambio (10, 18) -> Nueva solución con coste 30842
Intercambio (0, 18) -> Peor solución (coste 30918) — no aceptada
Intercambio (0, 18) -> Nueva solución con coste 30842
Intercambio (10, 18) -> Peor solución (coste 30850) — no aceptada
Intercambio (10, 18) -> Nueva solución con coste 30842
Intercambio (0, 18) -> Peor solución (coste 30918) — no aceptada
Intercambio (0, 18) -> Nueva solución con coste 30842
Intercambio (10, 18) -> Peor solución (coste 30850) — no aceptada
Intercambio (10, 18) -> Nueva solución con coste 30842
Intercambio (0, 18) -> Peor solución (coste 30918) — no aceptada
Intercambio (0, 18) -> Nueva solución con coste 30842
Intercambio (10, 18) -> Peor solución (coste 30850) — no aceptada
Intercambio (10, 18) -> Nueva solución con coste 30842
Intercambio (0, 18) -> Peor solución (coste 30918) — no aceptada
Intercambio (0, 18) -> Nueva solución con coste 30842
Intercambio (10, 18) -> Peor solución (coste 30850) — no aceptada
Intercambio (10, 18) -> Nueva solución con coste 30842
Intercambio (0, 18) -> Peor solución (coste 30918) — no aceptada
Intercambio (0, 18) -> Nueva solución con coste 30842
Intercambio (10, 18) -> Peor solución (coste 30850) — no aceptada
Intercambio (10, 18) -> Nueva solución con coste 30842
Intercambio (0, 18) -> Peor solución (coste 30918) — no aceptada
Intercambio (0, 18) -> Nueva solución con coste 30842
Intercambio (10, 18) -> Peor solución (coste 30850) — no aceptada
Intercambio (10, 18) -> Nueva solución con coste 30842
Intercambio (0, 18) -> Peor solución (coste 30918) — no aceptada
Intercambio (0, 18) -> Nueva solución con coste 30842
Intercambio (10, 18) -> Peor solución (coste 30850) — no aceptada
Intercambio (10, 18) -> Nueva solución con coste 30842
Intercambio (0, 18) -> Peor solución (coste 30918) — no aceptada
Intercambio (0, 18) -> Nueva solución con coste 30842
Intercambio (10, 18) -> Peor solución (coste 30850) — no aceptada
Intercambio (10, 18) -> Nueva solución con coste 30842
Intercambio (0, 18) -> Peor solución (coste 30918) — no aceptada
Intercambio (0, 18) -> Nueva solución con coste 30842
Intercambio (10, 18) -> Peor solución (coste 30850) — no aceptada
Intercambio (10, 18) -> Nueva solución con coste 30842
Intercambio (0, 18) -> Peor solución (coste 30918) — no aceptada
Intercambio (0, 18) -> Nueva solución con coste 30842
Intercambio (10, 18) -> Peor solución (coste 30850) — no aceptada
Intercambio (10, 18) -> Nueva solución con coste 30842
Intercambio (0, 18) -> Peor solución (coste 30918) — no aceptada
Intercambio (0, 18) -> Nueva solución con coste 30842
Intercambio (10, 18) -> Peor solución (coste 30850) — no aceptada
Intercambio (10, 18) -> Nueva solución con coste 30842
Intercambio (0, 18) -> Peor solución (coste 30918) — no aceptada
Intercambio (0, 18) -> Nueva solución con coste 30842
Intercambio (10, 18) -> Peor solución (coste 30850) — no aceptada
Intercambio (10, 18) -> Nueva solución con coste 30842
Intercambio (0, 18) -> Peor solución (coste 30918) — no aceptada
Intercambio (0, 18) -> Nueva solución con coste 30842
Intercambio (10, 18) -> Peor solución (coste 30850) — no aceptada
Intercambio (10, 18) -> Nueva solución con coste 30842
Intercambio (0, 18) -> Peor solución (coste 30918) — no aceptada
Intercambio (0, 18) -> Nueva solución con coste 30842
Intercambio (10, 18) -> Peor solución (coste 30850) — no aceptada
Intercambio (10, 18) -> Nueva solución con coste 30842
Intercambio (0, 18) -> Peor solución (coste 30918) — no aceptada
Intercambio (0, 18) -> Nueva solución con coste 30842
Intercambio (10, 18) -> Peor solución (coste 30850) — no aceptada
Intercambio (10, 18) -> Nueva solución con coste 30842
Intercambio (0, 18) -> Peor solución (coste 30918) — no aceptada
Intercambio (0, 18) -> Nueva solución con coste 30842
Intercambio (10, 18) -> Peor solución (coste 30850) — no aceptada
Intercambio (10, 18) -> Nueva solución con coste 30842
Intercambio (0, 18) -> Peor solución (coste 30918) — no aceptada
Intercambio (0, 18) -> Nueva solución con coste 30842
Intercambio (10, 18) -> Peor solución (coste 30850) — no aceptada
Intercambio (10, 18) -> Nueva solución con coste 30842
Intercambio (0, 18) -> Peor solución (coste 30918) — no aceptada
Intercambio (0, 18) -> Nueva solución con coste 30842
Intercambio (10, 18) -> Peor solución (coste 30850) — no aceptada
Intercambio (10, 18) -> Nueva solución con coste 30842
Intercambio (0, 18) -> Peor solución (coste 30918) — no aceptada
Intercambio (0, 18) -> Nueva solución con coste 30842
Intercambio (10, 18) -> Peor solución (coste 30850) — no aceptada
Intercambio (10, 18) -> Nueva solución con coste 30842
Intercambio (0, 18) -> Peor solución (coste 30918) — no aceptada
Intercambio (0, 18) -> Nueva solución con coste 30842
Intercambio (10, 18) -> Peor solución (coste 30850) — no aceptada
Intercambio (10, 18) -> Nueva solución con coste 30842
Intercambio (0, 18) -> Peor solución (coste 30918) — no aceptada
Intercambio (0, 18) -> Nueva solución con coste 30842
Intercambio (10, 18) -> Peor solución (coste 30850) — no aceptada
Intercambio (10, 18) -> Nueva solución con coste 30842
Intercambio (0, 18) -> Peor solución (coste 30918) — no aceptada
Intercambio (0, 18) -> Nueva solución con coste 30842
Intercambio (10, 18) -> Peor solución (coste 30850) — no aceptada
Intercambio (10, 18) -> Nueva solución con coste 30842
Intercambio (0, 18) -> Peor solución (coste 30918) — no aceptada
Intercambio (0, 18) -> Nueva solución con coste 30842
Intercambio (10, 18) -> Peor solución (coste 30850) — no aceptada
Intercambio (10, 18) -> Nueva solución con coste 30842
Intercambio (0, 18) -> Peor solución (coste 30918) — no aceptada
Intercambio (0, 18) -> Nueva solución con coste 30842
Intercambio (10, 18) -> Peor solución (coste 30850) — no aceptada
Intercambio (10, 18) -> Nueva solución con coste 30842
Intercambio (0, 18) -> Peor solución (coste 30918) — no aceptada
Intercambio (0, 18) -> Nueva solución con coste 30842
Intercambio (10, 18) -> Peor solución (coste 30850) — no aceptada
Intercambio (10, 18) -> Nueva solución con coste 30842
Intercambio (0, 18) -> Peor solución (coste 30918) — no aceptada
Intercambio (0, 18) -> Nueva solución con coste 30842
Intercambio (10, 18) -> Peor solución (coste 30850) — no aceptada
Intercambio (10, 18) -> Nueva solución con coste 30842
Intercambio (0, 18) -> Peor solución (coste 30918) — no aceptada
Intercambio (0, 18) -> Nueva solución con coste 30842
Intercambio (10, 18) -> Peor solución (coste 30850) — no aceptada
Intercambio (10, 18) -> Nueva solución con coste 30842
Intercambio (0, 18) -> Peor solución (coste 30918) — no aceptada
Intercambio (0, 18) -> Nueva solución con coste 30842
Intercambio (10, 18) -> Peor solución (coste 30850) — no aceptada
Intercambio (10, 18) -> Nueva solución con coste 30842
Intercambio (0, 18) -> Peor solución (coste 30918) — no aceptada
Intercambio (0, 18) -> Nueva solución con coste 30842
Intercambio (10, 18) -> Peor solución (coste 30850) — no aceptada
Intercambio (10, 18) -> Nueva solución con coste 30842
Intercambio (0, 18) -> Peor solución (coste 30918) — no aceptada
Intercambio (0, 18) -> Nueva solución con coste 30842
Intercambio (10, 18) -> Peor solución (coste 30850) — no aceptada
Intercambio (10, 18) -> Nueva solución con coste 30842
Intercambio (0, 18) -> Peor solución (coste 30918) — no aceptada
Intercambio (0, 18) -> Nueva solución con coste 30842
Intercambio (10, 18) -> Peor solución (coste 30850) — no aceptada
Intercambio (10, 18) -> Nueva solución con coste 30842
Intercambio (0, 18) -> Peor solución (coste 30918) — no aceptada
Intercambio (0, 18) -> Nueva solución con coste 30842
Intercambio (10, 18) -> Peor solución (coste 30850) — no aceptada
Intercambio (10, 18) -> Nueva solución con coste 30842
Intercambio (0, 18) -> Peor solución (coste 30918) — no aceptada
Intercambio (0, 18) -> Nueva solución con coste 30842
Intercambio (10, 18) -> Peor solución (coste 30850) — no aceptada
Intercambio (10, 18) -> Nueva solución con coste 30842
Intercambio (0, 18) -> Peor solución (coste 30918) — no aceptada
Intercambio (0, 18) -> Nueva solución con coste 30842
Intercambio (10, 18) -> Peor solución (coste 30850) — no aceptada
Intercambio (10, 18) -> Nueva solución con coste 30842
Intercambio (0, 18) -> Peor solución (coste 30918) — no aceptada
Intercambio (0, 18) -> Nueva solución con coste 30842
Intercambio (10, 18) -> Peor solución (coste 30850) — no aceptada
Intercambio (10, 18) -> Nueva solución con coste 30842
Intercambio (0, 18) -> Peor solución (coste 30918) — no aceptada
Intercambio (0, 18) -> Nueva solución con coste 30842
Intercambio (10, 18) -> Peor solución (coste 30850) — no aceptada
Intercambio (10, 18) -> Nueva solución con coste 30842
Intercambio (0, 18) -> Peor solución (coste 30918) — no aceptada
Intercambio (0, 18) -> Nueva solución con coste 30842
Intercambio (10, 18) -> Peor solución (coste 30850) — no aceptada
Intercambio (10, 18) -> Nueva solución con coste 30842
Intercambio (0, 18) -> Peor solución (coste 30918) — no aceptada
Intercambio (0, 18) -> Nueva solución con coste 30842
Intercambio (10, 18) -> Peor solución (coste 30850) — no aceptada
Intercambio (10, 18) -> Nueva solución con coste 30842
Intercambio (0, 18) -> Peor solución (coste 30918) — no aceptada
Intercambio (0, 18) -> Nueva solución con coste 30842
Intercambio (10, 18) -> Peor solución (coste 30850) — no aceptada
Intercambio (10, 18) -> Nueva solución con coste 30842
Intercambio (0, 18) -> Peor solución (coste 30918) — no aceptada
Intercambio (0, 18) -> Nueva solución con coste 30842
Intercambio (10, 18) -> Peor solución (coste 30850) — no aceptada
Intercambio (10, 18) -> Nueva solución con coste 30842
Intercambio (0, 18) -> Peor solución (coste 30918) — no aceptada
Intercambio (0, 18) -> Nueva solución con coste 30842
Intercambio (10, 18) -> Peor solución (coste 30850) — no aceptada
Intercambio (10, 18) -> Nueva solución con coste 30842
Intercambio (0, 18) -> Peor solución (coste 30918) — no aceptada
Intercambio (0, 18) -> Nueva solución con coste 30842
Intercambio (10, 18) -> Peor solución (coste 30850) — no aceptada
Intercambio (10, 18) -> Nueva solución con coste 30842
Intercambio (0, 18) -> Peor solución (coste 30918) — no aceptada
Intercambio (0, 18) -> Nueva solución con coste 30842
Intercambio (10, 18) -> Peor solución (coste 30850) — no aceptada
Intercambio (10, 18) -> Nueva solución con coste 30842
Intercambio (0, 18) -> Peor solución (coste 30918) — no aceptada
Intercambio (0, 18) -> Nueva solución con coste 30842
Intercambio (10, 18) -> Peor solución (coste 30850) — no aceptada
Intercambio (10, 18) -> Nueva solución con coste 30842
Intercambio (0, 18) -> Peor solución (coste 30918) — no aceptada
Intercambio (0, 18) -> Nueva solución con coste 30842
Intercambio (10, 18) -> Peor solución (coste 30850) — no aceptada
Intercambio (10, 18) -> Nueva solución con coste 30842
Intercambio (0, 18) -> Peor solución (coste 30918) — no aceptada
Intercambio (0, 18) -> Nueva solución con coste 30842
Intercambio (10, 18) -> Peor solución (coste 30850) — no aceptada
Intercambio (10, 18) -> Nueva solución con coste 30842
Intercambio (0, 18) -> Peor solución (coste 30918) — no aceptada
Intercambio (0, 18) -> Nueva solución con coste 30842
Intercambio (10, 18) -> Peor solución (coste 30850) — no aceptada
Intercambio (10, 18) -> Nueva solución con coste 30842
Intercambio (0, 18) -> Peor solución (coste 30918) — no aceptada
Intercambio (0, 18) -> Nueva solución con coste 30842
Intercambio (10, 18) -> Peor solución (coste 30850) — no aceptada
Intercambio (10, 18) -> Nueva solución con coste 30842
Intercambio (0, 18) -> Peor solución (coste 30918) — no aceptada
Intercambio (0, 18) -> Nueva solución con coste 30842
Intercambio (10, 18) -> Peor solución (coste 30850) — no aceptada
Intercambio (10, 18) -> Nueva solución con coste 30842
Intercambio (0, 18) -> Peor solución (coste 30918) — no aceptada
Intercambio (0, 18) -> Nueva solución con coste 30842
Intercambio (10, 18) -> Peor solución (coste 30850) — no aceptada
Intercambio (10, 18) -> Nueva solución con coste 30842
Intercambio (0, 18) -> Peor solución (coste 30918) — no aceptada
Intercambio (0, 18) -> Nueva solución con coste 30842
Intercambio (10, 18) -> Peor solución (coste 30850) — no aceptada
Intercambio (10, 18) -> Nueva solución con coste 30842
Intercambio (0, 18) -> Peor solución (coste 30918) — no aceptada
Intercambio (0, 18) -> Nueva solución con coste 30842
Intercambio (10, 18) -> Peor solución (coste 30850) — no aceptada
Intercambio (10, 18) -> Nueva solución con coste 30842
Intercambio (0, 18) -> Peor solución (coste 30918) — no aceptada
Intercambio (0, 18) -> Nueva solución con coste 30842
Intercambio (10, 18) -> Peor solución (coste 30850) — no aceptada
Intercambio (10, 18) -> Nueva solución con coste 30842
Intercambio (0, 18) -> Peor solución (coste 30918) — no aceptada
Intercambio (0, 18) -> Nueva solución con coste 30842
Intercambio (10, 18) -> Peor solución (coste 30850) — no aceptada
Intercambio (10, 18) -> Nueva solución con coste 30842
Intercambio (0, 18) -> Peor solución (coste 30918) — no aceptada
Intercambio (0, 18) -> Nueva solución con coste 30842
Intercambio (10, 18) -> Peor solución (coste 30850) — no aceptada
Intercambio (10, 18) -> Nueva solución con coste 30842
Intercambio (0, 18) -> Peor solución (coste 30918) — no aceptada
Intercambio (0, 18) -> Nueva solución con coste 30842
Intercambio (10, 18) -> Peor solución (coste 30850) — no aceptada
Intercambio (10, 18) -> Nueva solución con coste 30842
Intercambio (0, 18) -> Peor solución (coste 30918) — no aceptada
Intercambio (0, 18) -> Nueva solución con coste 30842
Intercambio (10, 18) -> Peor solución (coste 30850) — no aceptada
Intercambio (10, 18) -> Nueva solución con coste 30842
Intercambio (0, 18) -> Peor solución (coste 30918) — no aceptada
Intercambio (0, 18) -> Nueva solución con coste 30842
Intercambio (10, 18) -> Peor solución (coste 30850) — no aceptada
Intercambio (10, 18) -> Nueva solución con coste 30842
Intercambio (0, 18) -> Peor solución (coste 30918) — no aceptada
Intercambio (0, 18) -> Nueva solución con coste 30842
Intercambio (10, 18) -> Peor solución (coste 30850) — no aceptada
Intercambio (10, 18) -> Nueva solución con coste 30842
Intercambio (0, 18) -> Peor solución (coste 30918) — no aceptada
Intercambio (0, 18) -> Nueva solución con coste 30842
Intercambio (10, 18) -> Peor solución (coste 30850) — no aceptada
Intercambio (10, 18) -> Nueva solución con coste 30842
Intercambio (0, 18) -> Peor solución (coste 30918) — no aceptada
Intercambio (0, 18) -> Nueva solución con coste 30842
Intercambio (10, 18) -> Peor solución (coste 30850) — no aceptada
Intercambio (10, 18) -> Nueva solución con coste 30842
Intercambio (0, 18) -> Peor solución (coste 30918) — no aceptada
Intercambio (0, 18) -> Nueva solución con coste 30842
Intercambio (10, 18) -> Peor solución (coste 30850) — no aceptada
Intercambio (10, 18) -> Nueva solución con coste 30842
Intercambio (0, 18) -> Peor solución (coste 30918) — no aceptada
Intercambio (0, 18) -> Nueva solución con coste 30842
Intercambio (10, 18) -> Peor solución (coste 30850) — no aceptada
Intercambio (10, 18) -> Nueva solución con coste 30842
Intercambio (0, 18) -> Peor solución (coste 30918) — no aceptada
Intercambio (0, 18) -> Nueva solución con coste 30842
Intercambio (10, 18) -> Peor solución (coste 30850) — no aceptada
Intercambio (10, 18) -> Nueva solución con coste 30842
Intercambio (0, 18) -> Peor solución (coste 30918) — no aceptada
Intercambio (0, 18) -> Nueva solución con coste 30842
Intercambio (10, 18) -> Peor solución (coste 30850) — no aceptada
Intercambio (10, 18) -> Nueva solución con coste 30842
Intercambio (0, 18) -> Peor solución (coste 30918) — no aceptada
Intercambio (0, 18) -> Nueva solución con coste 30842
Intercambio (10, 18) -> Peor solución (coste 30850) — no aceptada
Intercambio (10, 18) -> Nueva solución con coste 30842
Intercambio (0, 18) -> Peor solución (coste 30918) — no aceptada
Intercambio (0, 18) -> Nueva solución con coste 30842
Intercambio (10, 18) -> Peor solución (coste 30850) — no aceptada
Intercambio (10, 18) -> Nueva solución con coste 30842
Intercambio (0, 18) -> Peor solución (coste 30918) — no aceptada
Intercambio (0, 18) -> Nueva solución con coste 30842
Intercambio (10, 18) -> Peor solución (coste 30850) — no aceptada
Intercambio (10, 18) -> Nueva solución con coste 30842
Intercambio (0, 18) -> Peor solución (coste 30918) — no aceptada
Intercambio (0, 18) -> Nueva solución con coste 30842
Intercambio (10, 18) -> Peor solución (coste 30850) — no aceptada
Intercambio (10, 18) -> Nueva solución con coste 30842
Intercambio (0, 18) -> Peor solución (coste 30918) — no aceptada
Intercambio (0, 18) -> Nueva solución con coste 30842
Intercambio (10, 18) -> Peor solución (coste 30850) — no aceptada
Intercambio (10, 18) -> Nueva solución con coste 30842
Intercambio (0, 18) -> Peor solución (coste 30918) — no aceptada
Intercambio (0, 18) -> Nueva solución con coste 30842
Intercambio (10, 18) -> Peor solución (coste 30850) — no aceptada
Intercambio (10, 18) -> Nueva solución con coste 30842
Intercambio (0, 18) -> Peor solución (coste 30918) — no aceptada
Intercambio (0, 18) -> Nueva solución con coste 30842
Intercambio (10, 18) -> Peor solución (coste 30850) — no aceptada
Intercambio (10, 18) -> Nueva solución con coste 30842
Intercambio (0, 18) -> Peor solución (coste 30918) — no aceptada
Intercambio (0, 18) -> Nueva solución con coste 30842
Intercambio (10, 18) -> Peor solución (coste 30850) — no aceptada
Intercambio (10, 18) -> Nueva solución con coste 30842
Intercambio (0, 18) -> Peor solución (coste 30918) — no aceptada
Intercambio (0, 18) -> Nueva solución con coste 30842
Intercambio (10, 18) -> Peor solución (coste 30850) — no aceptada
Intercambio (10, 18) -> Nueva solución con coste 30842
Intercambio (0, 18) -> Peor solución (coste 30918) — no aceptada
Intercambio (0, 18) -> Nueva solución con coste 30842
Intercambio (10, 18) -> Peor solución (coste 30850) — no aceptada
Intercambio (10, 18) -> Nueva solución con coste 30842
Intercambio (0, 18) -> Peor solución (coste 30918) — no aceptada
Intercambio (0, 18) -> Nueva solución con coste 30842
Intercambio (10, 18) -> Peor solución (coste 30850) — no aceptada
Intercambio (10, 18) -> Nueva solución con coste 30842
Intercambio (0, 18) -> Peor solución (coste 30918) — no aceptada
Intercambio (0, 18) -> Nueva solución con coste 30842
Intercambio (10, 18) -> Peor solución (coste 30850) — no aceptada
Intercambio (10, 18) -> Nueva solución con coste 30842
Intercambio (0, 18) -> Peor solución (coste 30918) — no aceptada
Intercambio (0, 18) -> Nueva solución con coste 30842
Intercambio (10, 18) -> Peor solución (coste 30850) — no aceptada
Intercambio (10, 18) -> Nueva solución con coste 30842
Intercambio (0, 18) -> Peor solución (coste 30918) — no aceptada
Intercambio (0, 18) -> Nueva solución con coste 30842
Intercambio (10, 18) -> Peor solución (coste 30850) — no aceptada
Intercambio (10, 18) -> Nueva solución con coste 30842
Intercambio (0, 18) -> Peor solución (coste 30918) — no aceptada
Intercambio (0, 18) -> Nueva solución con coste 30842
Intercambio (10, 18) -> Peor solución (coste 30850) — no aceptada
Intercambio (10, 18) -> Nueva solución con coste 30842
Intercambio (0, 18) -> Peor solución (coste 30918) — no aceptada
Intercambio (0, 18) -> Nueva solución con coste 30842
Intercambio (10, 18) -> Peor solución (coste 30850) — no aceptada
Intercambio (10, 18) -> Nueva solución con coste 30842
Intercambio (0, 18) -> Peor solución (coste 30918) — no aceptada
Intercambio (0, 18) -> Nueva solución con coste 30842
Intercambio (10, 18) -> Peor solución (coste 30850) — no aceptada
Intercambio (10, 18) -> Nueva solución con coste 30842
Intercambio (0, 18) -> Peor solución (coste 30918) — no aceptada
Intercambio (0, 18) -> Nueva solución con coste 30842
Intercambio (10, 18) -> Peor solución (coste 30850) — no aceptada
Intercambio (10, 18) -> Nueva solución con coste 30842
Intercambio (0, 18) -> Peor solución (coste 30918) — no aceptada
Intercambio (0, 18) -> Nueva solución con coste 30842
Intercambio (10, 18) -> Peor solución (coste 30850) — no aceptada
Intercambio (10, 18) -> Nueva solución con coste 30842
Intercambio (0, 18) -> Peor solución (coste 30918) — no aceptada
Intercambio (0, 18) -> Nueva solución con coste 30842
Intercambio (10, 18) -> Peor solución (coste 30850) — no aceptada
Intercambio (10, 18) -> Nueva solución con coste 30842
Intercambio (0, 18) -> Peor solución (coste 30918) — no aceptada
Intercambio (0, 18) -> Nueva solución con coste 30842
Intercambio (10, 18) -> Peor solución (coste 30850) — no aceptada
Intercambio (10, 18) -> Nueva solución con coste 30842
Intercambio (0, 18) -> Peor solución (coste 30918) — no aceptada
Intercambio (0, 18) -> Nueva solución con coste 30842
Intercambio (10, 18) -> Peor solución (coste 30850) — no aceptada
Intercambio (10, 18) -> Nueva solución con coste 30842
Intercambio (0, 18) -> Peor solución (coste 30918) — no aceptada
Intercambio (0, 18) -> Nueva solución con coste 30842
Intercambio (10, 18) -> Peor solución (coste 30850) — no aceptada
Intercambio (10, 18) -> Nueva solución con coste 30842
Intercambio (0, 18) -> Peor solución (coste 30918) — no aceptada
Intercambio (0, 18) -> Nueva solución con coste 30842
Intercambio (10, 18) -> Peor solución (coste 30850) — no aceptada
Intercambio (10, 18) -> Nueva solución con coste 30842
Intercambio (0, 18) -> Peor solución (coste 30918) — no aceptada
Intercambio (0, 18) -> Nueva solución con coste 30842
Intercambio (10, 18) -> Peor solución (coste 30850) — no aceptada
Intercambio (10, 18) -> Nueva solución con coste 30842
Intercambio (0, 18) -> Peor solución (coste 30918) — no aceptada
Intercambio (0, 18) -> Nueva solución con coste 30842
Intercambio (10, 18) -> Peor solución (coste 30850) — no aceptada
Intercambio (10, 18) -> Nueva solución con coste 30842
Intercambio (0, 18) -> Peor solución (coste 30918) — no aceptada
Intercambio (0, 18) -> Nueva solución con coste 30842
Intercambio (10, 18) -> Peor solución (coste 30850) — no aceptada
Intercambio (10, 18) -> Nueva solución con coste 30842
Intercambio (0, 18) -> Peor solución (coste 30918) — no aceptada
Intercambio (0, 18) -> Nueva solución con coste 30842
Intercambio (10, 18) -> Peor solución (coste 30850) — no aceptada
Intercambio (10, 18) -> Nueva solución con coste 30842
Intercambio (0, 18) -> Peor solución (coste 30918) — no aceptada
Intercambio (0, 18) -> Nueva solución con coste 30842
Intercambio (10, 18) -> Peor solución (coste 30850) — no aceptada
Intercambio (10, 18) -> Nueva solución con coste 30842
Intercambio (0, 18) -> Peor solución (coste 30918) — no aceptada
Intercambio (0, 18) -> Nueva solución con coste 30842
Intercambio (10, 18) -> Peor solución (coste 30850) — no aceptada
Intercambio (10, 18) -> Nueva solución con coste 30842
Intercambio (0, 18) -> Peor solución (coste 30918) — no aceptada
Intercambio (0, 18) -> Nueva solución con coste 30842
Intercambio (10, 18) -> Peor solución (coste 30850) — no aceptada
Intercambio (10, 18) -> Nueva solución con coste 30842
Intercambio (0, 18) -> Peor solución (coste 30918) — no aceptada
Intercambio (0, 18) -> Nueva solución con coste 30842
Intercambio (10, 18) -> Peor solución (coste 30850) — no aceptada
Intercambio (10, 18) -> Nueva solución con coste 30842
Intercambio (0, 18) -> Peor solución (coste 30918) — no aceptada
Intercambio (0, 18) -> Nueva solución con coste 30842
Intercambio (10, 18) -> Peor solución (coste 30850) — no aceptada
Intercambio (10, 18) -> Nueva solución con coste 30842
Intercambio (0, 18) -> Peor solución (coste 30918) — no aceptada
Intercambio (0, 18) -> Nueva solución con coste 30842
Intercambio (10, 18) -> Peor solución (coste 30850) — no aceptada
Intercambio (10, 18) -> Nueva solución con coste 30842
Intercambio (0, 18) -> Peor solución (coste 30918) — no aceptada
Intercambio (0, 18) -> Nueva solución con coste 30842
Intercambio (10, 18) -> Peor solución (coste 30850) — no aceptada
Intercambio (10, 18) -> Nueva solución con coste 30842
Intercambio (0, 18) -> Peor solución (coste 30918) — no aceptada
Intercambio (0, 18) -> Nueva solución con coste 30842
Intercambio (10, 18) -> Peor solución (coste 30850) — no aceptada
Intercambio (10, 18) -> Nueva solución con coste 30842
Intercambio (0, 18) -> Peor solución (coste 30918) — no aceptada
Intercambio (0, 18) -> Nueva solución con coste 30842
Intercambio (10, 18) -> Peor solución (coste 30850) — no aceptada
Intercambio (10, 18) -> Nueva solución con coste 30842
Intercambio (0, 18) -> Peor solución (coste 30918) — no aceptada
Intercambio (0, 18) -> Nueva solución con coste 30842
Intercambio (10, 18) -> Peor solución (coste 30850) — no aceptada
Intercambio (10, 18) -> Nueva solución con coste 30842
Intercambio (0, 18) -> Peor solución (coste 30918) — no aceptada
Intercambio (0, 18) -> Nueva solución con coste 30842
Intercambio (10, 18) -> Peor solución (coste 30850) — no aceptada
Intercambio (10, 18) -> Nueva solución con coste 30842
Intercambio (0, 18) -> Peor solución (coste 30918) — no aceptada
Intercambio (0, 18) -> Nueva solución con coste 30842
Intercambio (10, 18) -> Peor solución (coste 30850) — no aceptada
Intercambio (10, 18) -> Nueva solución con coste 30842
Intercambio (0, 18) -> Peor solución (coste 30918) — no aceptada
Intercambio (0, 18) -> Nueva solución con coste 30842
Intercambio (10, 18) -> Peor solución (coste 30850) — no aceptada
Intercambio (10, 18) -> Nueva solución con coste 30842
Intercambio (0, 18) -> Peor solución (coste 30918) — no aceptada
Intercambio (0, 18) -> Nueva solución con coste 30842
Intercambio (10, 18) -> Peor solución (coste 30850) — no aceptada
Intercambio (10, 18) -> Nueva solución con coste 30842
Intercambio (0, 18) -> Peor solución (coste 30918) — no aceptada
Intercambio (0, 18) -> Nueva solución con coste 30842
Intercambio (10, 18) -> Peor solución (coste 30850) — no aceptada
Intercambio (10, 18) -> Nueva solución con coste 30842
Intercambio (0, 18) -> Peor solución (coste 30918) — no aceptada
Intercambio (0, 18) -> Nueva solución con coste 30842
Intercambio (10, 18) -> Peor solución (coste 30850) — no aceptada
Intercambio (10, 18) -> Nueva solución con coste 30842
Intercambio (0, 18) -> Peor solución (coste 30918) — no aceptada
Intercambio (0, 18) -> Nueva solución con coste 30842
Intercambio (10, 18) -> Peor solución (coste 30850) — no aceptada
Intercambio (10, 18) -> Nueva solución con coste 30842
Intercambio (0, 18) -> Peor solución (coste 30918) — no aceptada
Intercambio (0, 18) -> Nueva solución con coste 30842
Intercambio (10, 18) -> Peor solución (coste 30850) — no aceptada
Intercambio (10, 18) -> Nueva solución con coste 30842
Intercambio (0, 18) -> Peor solución (coste 30918) — no aceptada
Intercambio (0, 18) -> Nueva solución con coste 30842
Intercambio (10, 18) -> Peor solución (coste 30850) — no aceptada
Intercambio (10, 18) -> Nueva solución con coste 30842
Intercambio (0, 18) -> Peor solución (coste 30918) — no aceptada
Intercambio (0, 18) -> Nueva solución con coste 30842
Intercambio (10, 18) -> Peor solución (coste 30850) — no aceptada
Intercambio (10, 18) -> Nueva solución con coste 30842
Intercambio (0, 18) -> Peor solución (coste 30918) — no aceptada
Intercambio (0, 18) -> Nueva solución con coste 30842
Intercambio (10, 18) -> Peor solución (coste 30850) — no aceptada
Intercambio (10, 18) -> Nueva solución con coste 30842
Intercambio (0, 18) -> Peor solución (coste 30918) — no aceptada
Intercambio (0, 18) -> Nueva solución con coste 30842
Intercambio (10, 18) -> Peor solución (coste 30850) — no aceptada
Intercambio (10, 18) -> Nueva solución con coste 30842
Intercambio (0, 18) -> Peor solución (coste 30918) — no aceptada
Intercambio (0, 18) -> Nueva solución con coste 30842
Intercambio (10, 18) -> Peor solución (coste 30850) — no aceptada
Intercambio (10, 18) -> Nueva solución con coste 30842
Intercambio (0, 18) -> Peor solución (coste 30918) — no aceptada
Intercambio (0, 18) -> Nueva solución con coste 30842
Intercambio (10, 18) -> Peor solución (coste 30850) — no aceptada
Intercambio (10, 18) -> Nueva solución con coste 30842
Intercambio (0, 18) -> Peor solución (coste 30918) — no aceptada
Intercambio (0, 18) -> Nueva solución con coste 30842
Intercambio (10, 18) -> Peor solución (coste 30850) — no aceptada

Solución final
--------------
[15, 1, 4, 2, 11, 3, 9, 16, 13, 6, 12, 5, 19, 7, 18, 17, 10, 0, 8, 14]
Coste final: 31020
Duración: 0.077 segundos
