========================================
 RESUMEN DE EJECUCIÓN 
========================================
Algoritmo:      Memetico
Archivo:        ford03.dat
Semilla:        35470364
----------------------------------------
Población:      100
kBest:          2
kWorst:         3
Elite:          1
Cruce:          OX2
----------------------------------------
PARAMETROS MEMÉTICO (BT):
Evaluaciones BT: 1000 evaluaciones
Iteraciones BT: 10 iteraciones (Profundidad)
----------------------------------------
RESULTADOS FINALES:
Evaluaciones Max: 10000
Generaciones:     9070
Tiempo (ms):    160
Costo Final:    12250
Solución:       [9, 0, 14, 10, 3, 26, 26, 1, 15, 26, 26, 7, 17, 18, 22, 5, 25, 29, 28, 27, 3, 8, 26, 19, 23, 4, 14, 12, 26, 13]
========================================
